11:21:22 INFO  : Registering command handlers for SDK TCF services
11:21:23 INFO  : Launching XSCT server: xsct -n -interactive /home/sebastian/Desktop/Git/EmbeddedSystems/IndividualProject/IndividualProject.sdk/temp_xsdb_launch_script.tcl
11:21:26 INFO  : XSCT server has started successfully.
11:21:26 INFO  : Successfully done setting XSCT server connection channel  
11:21:26 INFO  : Successfully done setting SDK workspace  
11:21:26 INFO  : Processing command line option -hwspec /home/sebastian/Desktop/Git/EmbeddedSystems/IndividualProject/IndividualProject.sdk/top.hdf.
11:53:42 INFO  : 'targets -set -filter {jtag_cable_name =~ "Digilent Zybo 210279785819A" && level==0} -index 1' command is executed.
11:53:42 INFO  : 'fpga -state' command is executed.
11:53:42 INFO  : Connected to target on host '127.0.0.1' and port '3121'.
11:53:42 INFO  : Jtag cable 'Digilent Zybo 210279785819A' is selected.
11:53:42 INFO  : 'jtag frequency' command is executed.
11:53:42 INFO  : Sourcing of '/home/sebastian/Desktop/Git/EmbeddedSystems/IndividualProject/IndividualProject.sdk/top_hw_platform_0/ps7_init.tcl' is done.
11:53:42 INFO  : Context for 'APU' is selected.
11:53:42 INFO  : Hardware design information is loaded from '/home/sebastian/Desktop/Git/EmbeddedSystems/IndividualProject/IndividualProject.sdk/top_hw_platform_0/system.hdf'.
11:53:42 INFO  : 'configparams force-mem-access 1' command is executed.
11:53:42 INFO  : Context for 'APU' is selected.
11:53:42 INFO  : 'stop' command is executed.
11:53:43 INFO  : 'ps7_init' command is executed.
11:53:43 INFO  : 'ps7_post_config' command is executed.
11:53:43 INFO  : Context for processor 'ps7_cortexa9_0' is selected.
11:53:43 INFO  : Processor reset is completed for 'ps7_cortexa9_0'.
11:53:43 INFO  : Context for processor 'ps7_cortexa9_0' is selected.
11:53:43 INFO  : The application '/home/sebastian/Desktop/Git/EmbeddedSystems/IndividualProject/IndividualProject.sdk/IndividualProject/Debug/IndividualProject.elf' is downloaded to processor 'ps7_cortexa9_0'.
11:53:43 INFO  : 'configparams force-mem-access 0' command is executed.
11:53:43 INFO  : ----------------XSDB Script----------------
connect -url tcp:127.0.0.1:3121
source /home/sebastian/Desktop/Git/EmbeddedSystems/IndividualProject/IndividualProject.sdk/top_hw_platform_0/ps7_init.tcl
targets -set -nocase -filter {name =~"APU*" && jtag_cable_name =~ "Digilent Zybo 210279785819A"} -index 0
loadhw -hw /home/sebastian/Desktop/Git/EmbeddedSystems/IndividualProject/IndividualProject.sdk/top_hw_platform_0/system.hdf -mem-ranges [list {0x40000000 0xbfffffff}]
configparams force-mem-access 1
targets -set -nocase -filter {name =~"APU*" && jtag_cable_name =~ "Digilent Zybo 210279785819A"} -index 0
stop
ps7_init
ps7_post_config
targets -set -nocase -filter {name =~ "ARM*#0" && jtag_cable_name =~ "Digilent Zybo 210279785819A"} -index 0
rst -processor
targets -set -nocase -filter {name =~ "ARM*#0" && jtag_cable_name =~ "Digilent Zybo 210279785819A"} -index 0
dow /home/sebastian/Desktop/Git/EmbeddedSystems/IndividualProject/IndividualProject.sdk/IndividualProject/Debug/IndividualProject.elf
configparams force-mem-access 0
----------------End of Script----------------

11:53:43 INFO  : Memory regions updated for context APU
11:53:43 INFO  : Context for processor 'ps7_cortexa9_0' is selected.
11:53:43 INFO  : 'con' command is executed.
11:53:43 INFO  : ----------------XSDB Script (After Launch)----------------
targets -set -nocase -filter {name =~ "ARM*#0" && jtag_cable_name =~ "Digilent Zybo 210279785819A"} -index 0
con
----------------End of Script----------------

11:53:43 INFO  : Launch script is exported to file '/home/sebastian/Desktop/Git/EmbeddedSystems/IndividualProject/IndividualProject.sdk/.sdk/launch_scripts/xilinx_c-c++_application_(system_debugger)/system_debugger_using_debug_individualproject.elf_on_local.tcl'
11:54:02 INFO  : Disconnected from the channel tcfchan#1.
11:54:03 INFO  : Connected to target on host '127.0.0.1' and port '3121'.
11:54:03 INFO  : Jtag cable 'Digilent Zybo 210279785819A' is selected.
11:54:03 INFO  : 'jtag frequency' command is executed.
11:54:03 INFO  : Sourcing of '/home/sebastian/Desktop/Git/EmbeddedSystems/IndividualProject/IndividualProject.sdk/top_hw_platform_0/ps7_init.tcl' is done.
11:54:03 INFO  : Context for 'APU' is selected.
11:54:03 INFO  : System reset is completed.
11:54:06 INFO  : 'after 3000' command is executed.
11:54:06 INFO  : 'targets -set -filter {jtag_cable_name =~ "Digilent Zybo 210279785819A" && level==0} -index 1' command is executed.
11:54:07 INFO  : FPGA configured successfully with bitstream "/home/sebastian/Desktop/Git/EmbeddedSystems/IndividualProject/IndividualProject.sdk/top_hw_platform_0/top.bit"
11:54:07 INFO  : Context for 'APU' is selected.
11:54:09 INFO  : Hardware design information is loaded from '/home/sebastian/Desktop/Git/EmbeddedSystems/IndividualProject/IndividualProject.sdk/top_hw_platform_0/system.hdf'.
11:54:09 INFO  : 'configparams force-mem-access 1' command is executed.
11:54:09 INFO  : Context for 'APU' is selected.
11:54:09 INFO  : 'ps7_init' command is executed.
11:54:09 INFO  : 'ps7_post_config' command is executed.
11:54:09 INFO  : Context for processor 'ps7_cortexa9_0' is selected.
11:54:09 INFO  : The application '/home/sebastian/Desktop/Git/EmbeddedSystems/IndividualProject/IndividualProject.sdk/IndividualProject/Debug/IndividualProject.elf' is downloaded to processor 'ps7_cortexa9_0'.
11:54:09 INFO  : 'configparams force-mem-access 0' command is executed.
11:54:09 INFO  : ----------------XSDB Script----------------
connect -url tcp:127.0.0.1:3121
source /home/sebastian/Desktop/Git/EmbeddedSystems/IndividualProject/IndividualProject.sdk/top_hw_platform_0/ps7_init.tcl
targets -set -nocase -filter {name =~"APU*" && jtag_cable_name =~ "Digilent Zybo 210279785819A"} -index 0
rst -system
after 3000
targets -set -filter {jtag_cable_name =~ "Digilent Zybo 210279785819A" && level==0} -index 1
fpga -file /home/sebastian/Desktop/Git/EmbeddedSystems/IndividualProject/IndividualProject.sdk/top_hw_platform_0/top.bit
targets -set -nocase -filter {name =~"APU*" && jtag_cable_name =~ "Digilent Zybo 210279785819A"} -index 0
loadhw -hw /home/sebastian/Desktop/Git/EmbeddedSystems/IndividualProject/IndividualProject.sdk/top_hw_platform_0/system.hdf -mem-ranges [list {0x40000000 0xbfffffff}]
configparams force-mem-access 1
targets -set -nocase -filter {name =~"APU*" && jtag_cable_name =~ "Digilent Zybo 210279785819A"} -index 0
ps7_init
ps7_post_config
targets -set -nocase -filter {name =~ "ARM*#0" && jtag_cable_name =~ "Digilent Zybo 210279785819A"} -index 0
dow /home/sebastian/Desktop/Git/EmbeddedSystems/IndividualProject/IndividualProject.sdk/IndividualProject/Debug/IndividualProject.elf
configparams force-mem-access 0
----------------End of Script----------------

11:54:09 INFO  : Memory regions updated for context APU
11:54:09 INFO  : Context for processor 'ps7_cortexa9_0' is selected.
11:54:09 INFO  : 'con' command is executed.
11:54:09 INFO  : ----------------XSDB Script (After Launch)----------------
targets -set -nocase -filter {name =~ "ARM*#0" && jtag_cable_name =~ "Digilent Zybo 210279785819A"} -index 0
con
----------------End of Script----------------

11:54:09 INFO  : Launch script is exported to file '/home/sebastian/Desktop/Git/EmbeddedSystems/IndividualProject/IndividualProject.sdk/.sdk/launch_scripts/xilinx_c-c++_application_(system_debugger)/system_debugger_using_debug_individualproject.elf_on_local.tcl'
11:55:37 INFO  : Disconnected from the channel tcfchan#2.
11:55:38 INFO  : Connected to target on host '127.0.0.1' and port '3121'.
11:55:38 INFO  : Jtag cable 'Digilent Zybo 210279785819A' is selected.
11:55:38 INFO  : 'jtag frequency' command is executed.
11:55:38 INFO  : Sourcing of '/home/sebastian/Desktop/Git/EmbeddedSystems/IndividualProject/IndividualProject.sdk/top_hw_platform_0/ps7_init.tcl' is done.
11:55:38 INFO  : Context for 'APU' is selected.
11:55:38 INFO  : System reset is completed.
11:55:41 INFO  : 'after 3000' command is executed.
11:55:41 INFO  : 'targets -set -filter {jtag_cable_name =~ "Digilent Zybo 210279785819A" && level==0} -index 1' command is executed.
11:55:42 INFO  : FPGA configured successfully with bitstream "/home/sebastian/Desktop/Git/EmbeddedSystems/IndividualProject/IndividualProject.sdk/top_hw_platform_0/top.bit"
11:55:42 INFO  : Context for 'APU' is selected.
11:55:44 INFO  : Hardware design information is loaded from '/home/sebastian/Desktop/Git/EmbeddedSystems/IndividualProject/IndividualProject.sdk/top_hw_platform_0/system.hdf'.
11:55:44 INFO  : 'configparams force-mem-access 1' command is executed.
11:55:44 INFO  : Context for 'APU' is selected.
11:55:44 INFO  : 'ps7_init' command is executed.
11:55:44 INFO  : 'ps7_post_config' command is executed.
11:55:44 INFO  : Context for processor 'ps7_cortexa9_0' is selected.
11:55:44 INFO  : The application '/home/sebastian/Desktop/Git/EmbeddedSystems/IndividualProject/IndividualProject.sdk/IndividualProject/Debug/IndividualProject.elf' is downloaded to processor 'ps7_cortexa9_0'.
11:55:44 INFO  : 'configparams force-mem-access 0' command is executed.
11:55:44 INFO  : ----------------XSDB Script----------------
connect -url tcp:127.0.0.1:3121
source /home/sebastian/Desktop/Git/EmbeddedSystems/IndividualProject/IndividualProject.sdk/top_hw_platform_0/ps7_init.tcl
targets -set -nocase -filter {name =~"APU*" && jtag_cable_name =~ "Digilent Zybo 210279785819A"} -index 0
rst -system
after 3000
targets -set -filter {jtag_cable_name =~ "Digilent Zybo 210279785819A" && level==0} -index 1
fpga -file /home/sebastian/Desktop/Git/EmbeddedSystems/IndividualProject/IndividualProject.sdk/top_hw_platform_0/top.bit
targets -set -nocase -filter {name =~"APU*" && jtag_cable_name =~ "Digilent Zybo 210279785819A"} -index 0
loadhw -hw /home/sebastian/Desktop/Git/EmbeddedSystems/IndividualProject/IndividualProject.sdk/top_hw_platform_0/system.hdf -mem-ranges [list {0x40000000 0xbfffffff}]
configparams force-mem-access 1
targets -set -nocase -filter {name =~"APU*" && jtag_cable_name =~ "Digilent Zybo 210279785819A"} -index 0
ps7_init
ps7_post_config
targets -set -nocase -filter {name =~ "ARM*#0" && jtag_cable_name =~ "Digilent Zybo 210279785819A"} -index 0
dow /home/sebastian/Desktop/Git/EmbeddedSystems/IndividualProject/IndividualProject.sdk/IndividualProject/Debug/IndividualProject.elf
configparams force-mem-access 0
----------------End of Script----------------

11:55:44 INFO  : Memory regions updated for context APU
11:55:44 INFO  : Context for processor 'ps7_cortexa9_0' is selected.
11:55:44 INFO  : 'con' command is executed.
11:55:44 INFO  : ----------------XSDB Script (After Launch)----------------
targets -set -nocase -filter {name =~ "ARM*#0" && jtag_cable_name =~ "Digilent Zybo 210279785819A"} -index 0
con
----------------End of Script----------------

11:55:44 INFO  : Launch script is exported to file '/home/sebastian/Desktop/Git/EmbeddedSystems/IndividualProject/IndividualProject.sdk/.sdk/launch_scripts/xilinx_c-c++_application_(system_debugger)/system_debugger_using_debug_individualproject.elf_on_local.tcl'
11:59:52 INFO  : SDK has detected change in the last modified timestamps for source hardware specification file Source:1617789579000,  Project:1617787222000
11:59:52 INFO  : Project top_hw_platform_0's source hardware specification located at /home/sebastian/Desktop/Git/EmbeddedSystems/IndividualProject/IndividualProject.sdk/top.hdf is now different from the local copy.
		 The local copy will be replaced with the source specification and your workspace will be updated.
11:59:54 INFO  : Copied contents of /home/sebastian/Desktop/Git/EmbeddedSystems/IndividualProject/IndividualProject.sdk/top.hdf into /top_hw_platform_0/system.hdf.
11:59:56 INFO  : Synchronizing projects in the workspace with the hardware platform specification changes.
11:59:57 INFO  : 
11:59:58 INFO  : Updating hardware inferred compiler options for IndividualProject.
11:59:58 INFO  : Clearing existing target manager status.
11:59:58 INFO  : Closing and re-opening the MSS file of ther project IndividualProject_bsp
11:59:59 INFO  : Workspace synchronized with the new hardware specification file. Cleaning dependent projects...
12:00:00 WARN  : Linker script will not be updated automatically. Users need to update it manually.
12:00:30 INFO  : Disconnected from the channel tcfchan#3.
12:00:31 INFO  : Connected to target on host '127.0.0.1' and port '3121'.
12:00:40 INFO  : ----------------XSDB Script----------------
connect -url tcp:127.0.0.1:3121
----------------End of Script----------------

12:00:48 INFO  : Connected to target on host '127.0.0.1' and port '3121'.
12:00:48 INFO  : Jtag cable 'Digilent Zybo 210279785819A' is selected.
12:00:48 INFO  : 'jtag frequency' command is executed.
12:00:48 INFO  : Sourcing of '/home/sebastian/Desktop/Git/EmbeddedSystems/IndividualProject/IndividualProject.sdk/top_hw_platform_0/ps7_init.tcl' is done.
12:00:48 INFO  : Context for 'APU' is selected.
12:00:48 INFO  : System reset is completed.
12:00:51 INFO  : 'after 3000' command is executed.
12:00:51 INFO  : 'targets -set -filter {jtag_cable_name =~ "Digilent Zybo 210279785819A" && level==0} -index 1' command is executed.
12:00:52 INFO  : FPGA configured successfully with bitstream "/home/sebastian/Desktop/Git/EmbeddedSystems/IndividualProject/IndividualProject.sdk/top_hw_platform_0/top.bit"
12:00:52 INFO  : Context for 'APU' is selected.
12:00:52 INFO  : Hardware design information is loaded from '/home/sebastian/Desktop/Git/EmbeddedSystems/IndividualProject/IndividualProject.sdk/top_hw_platform_0/system.hdf'.
12:00:52 INFO  : 'configparams force-mem-access 1' command is executed.
12:00:52 INFO  : Context for 'APU' is selected.
12:00:52 INFO  : 'ps7_init' command is executed.
12:00:52 INFO  : 'ps7_post_config' command is executed.
12:00:52 INFO  : Context for processor 'ps7_cortexa9_0' is selected.
12:00:53 INFO  : The application '/home/sebastian/Desktop/Git/EmbeddedSystems/IndividualProject/IndividualProject.sdk/IndividualProject/Debug/IndividualProject.elf' is downloaded to processor 'ps7_cortexa9_0'.
12:00:53 INFO  : 'configparams force-mem-access 0' command is executed.
12:00:53 INFO  : ----------------XSDB Script----------------
connect -url tcp:127.0.0.1:3121
source /home/sebastian/Desktop/Git/EmbeddedSystems/IndividualProject/IndividualProject.sdk/top_hw_platform_0/ps7_init.tcl
targets -set -nocase -filter {name =~"APU*" && jtag_cable_name =~ "Digilent Zybo 210279785819A"} -index 0
rst -system
after 3000
targets -set -filter {jtag_cable_name =~ "Digilent Zybo 210279785819A" && level==0} -index 1
fpga -file /home/sebastian/Desktop/Git/EmbeddedSystems/IndividualProject/IndividualProject.sdk/top_hw_platform_0/top.bit
targets -set -nocase -filter {name =~"APU*" && jtag_cable_name =~ "Digilent Zybo 210279785819A"} -index 0
loadhw -hw /home/sebastian/Desktop/Git/EmbeddedSystems/IndividualProject/IndividualProject.sdk/top_hw_platform_0/system.hdf -mem-ranges [list {0x40000000 0xbfffffff}]
configparams force-mem-access 1
targets -set -nocase -filter {name =~"APU*" && jtag_cable_name =~ "Digilent Zybo 210279785819A"} -index 0
ps7_init
ps7_post_config
targets -set -nocase -filter {name =~ "ARM*#0" && jtag_cable_name =~ "Digilent Zybo 210279785819A"} -index 0
dow /home/sebastian/Desktop/Git/EmbeddedSystems/IndividualProject/IndividualProject.sdk/IndividualProject/Debug/IndividualProject.elf
configparams force-mem-access 0
----------------End of Script----------------

12:00:53 INFO  : Memory regions updated for context APU
12:00:53 INFO  : Context for processor 'ps7_cortexa9_0' is selected.
12:00:53 INFO  : 'con' command is executed.
12:00:53 INFO  : ----------------XSDB Script (After Launch)----------------
targets -set -nocase -filter {name =~ "ARM*#0" && jtag_cable_name =~ "Digilent Zybo 210279785819A"} -index 0
con
----------------End of Script----------------

12:00:53 INFO  : Launch script is exported to file '/home/sebastian/Desktop/Git/EmbeddedSystems/IndividualProject/IndividualProject.sdk/.sdk/launch_scripts/xilinx_c-c++_application_(system_debugger)/system_debugger_using_debug_individualproject.elf_on_local.tcl'
12:02:39 INFO  : Disconnected from the channel tcfchan#4.
