#-----------------------------------------------------------
# Webtalk v2018.3 (64-bit)
# SW Build 2405991 on Thu Dec  6 23:36:41 MST 2018
# 
# Start of session at: Thu Jun  3 17:56:19 2021
# Process ID: 27007
# Current directory: /home/sebastian/Desktop/Git/EmbeddedSystems/SpaceInvaders/SpaceInvaders.sdk/webtalk
# Command line: wbtcv -mode batch -source sdk_webtalk.tcl
# Log file: /home/sebastian/Desktop/Git/EmbeddedSystems/SpaceInvaders/SpaceInvaders.sdk/webtalk/webtalk.log
# Journal file: /home/sebastian/Desktop/Git/EmbeddedSystems/SpaceInvaders/SpaceInvaders.sdk/webtalk/webtalk.jou
#-----------------------------------------------------------
source sdk_webtalk.tcl
# webtalk_init -webtalk_dir /home/sebastian/Desktop/Git/EmbeddedSystems/SpaceInvaders/SpaceInvaders.sdk/webtalk
# webtalk_register_client -client project
# webtalk_add_data -client project -key date_generated -value "2021-06-03 17:56:17" -context "software_version_and_target_device"
# webtalk_add_data -client project -key product_version -value "SDK v2018.3" -context "software_version_and_target_device"
# webtalk_add_data -client project -key build_version -value "2018.3" -context "software_version_and_target_device"
# webtalk_add_data -client project -key os_platform -value "amd64" -context "software_version_and_target_device"
# webtalk_add_data -client project -key registration_id -value "" -context "software_version_and_target_device"
# webtalk_add_data -client project -key tool_flow -value "SDK" -context "software_version_and_target_device"
# webtalk_add_data -client project -key beta -value "false" -context "software_version_and_target_device"
# webtalk_add_data -client project -key route_design -value "NA" -context "software_version_and_target_device"
# webtalk_add_data -client project -key target_family -value "NA" -context "software_version_and_target_device"
# webtalk_add_data -client project -key target_device -value "NA" -context "software_version_and_target_device"
# webtalk_add_data -client project -key target_package -value "NA" -context "software_version_and_target_device"
# webtalk_add_data -client project -key target_speed -value "NA" -context "software_version_and_target_device"
# webtalk_add_data -client project -key random_id -value "gs69a9sadvgj5fomtvv14hcuqr" -context "software_version_and_target_device"
# webtalk_add_data -client project -key project_id -value "2018.3_5" -context "software_version_and_target_device"
# webtalk_add_data -client project -key project_iteration -value "5" -context "software_version_and_target_device"
# webtalk_add_data -client project -key os_name -value "Ubuntu" -context "user_environment"
# webtalk_add_data -client project -key os_release -value "Ubuntu 18.04.5 LTS" -context "user_environment"
# webtalk_add_data -client project -key cpu_name -value "Intel(R) Core(TM) i7-2640M CPU @ 2.80GHz" -context "user_environment"
# webtalk_add_data -client project -key cpu_speed -value "919.681 MHz" -context "user_environment"
# webtalk_add_data -client project -key total_processors -value "1" -context "user_environment"
# webtalk_add_data -client project -key system_ram -value "8.225 GB" -context "user_environment"
# webtalk_register_client -client sdk
# webtalk_add_data -client sdk -key uid -value "1622717249000" -context "sdk\\\\bsp/1622717249000"
# webtalk_add_data -client sdk -key hwid -value "1618986733000" -context "sdk\\\\bsp/1622717249000"
# webtalk_add_data -client sdk -key os -value "standalone" -context "sdk\\\\bsp/1622717249000"
# webtalk_add_data -client sdk -key apptemplate -value "zynq_fsbl" -context "sdk\\\\bsp/1622717249000"
# webtalk_add_data -client sdk -key RecordType -value "BSPCreation" -context "sdk\\\\bsp/1622717249000"
# webtalk_add_data -client sdk -key uid -value "1622717257000" -context "sdk\\\\application/1622717257000"
# webtalk_add_data -client sdk -key hwid -value "1618986733000" -context "sdk\\\\application/1622717257000"
# webtalk_add_data -client sdk -key bspid -value "1622717249000" -context "sdk\\\\application/1622717257000"
# webtalk_add_data -client sdk -key newbsp -value "true" -context "sdk\\\\application/1622717257000"
# webtalk_add_data -client sdk -key os -value "standalone" -context "sdk\\\\application/1622717257000"
# webtalk_add_data -client sdk -key apptemplate -value "zynq_fsbl" -context "sdk\\\\application/1622717257000"
# webtalk_add_data -client sdk -key RecordType -value "APPCreation" -context "sdk\\\\application/1622717257000"
# webtalk_add_data -client sdk -key LangUsed -value "C" -context "sdk\\\\application/1622717257000"
# webtalk_add_data -client sdk -key Procused -value "ps7_cortexa9" -context "sdk\\\\application/1622717257000"
# webtalk_add_data -client sdk -key projSize -value "453.171875" -context "sdk\\\\application/1622717257000"
# webtalk_add_data -client sdk -key uid -value "1622717492000" -context "sdk\\\\bsp/1622717492000"
# webtalk_add_data -client sdk -key hwid -value "1618986733000" -context "sdk\\\\bsp/1622717492000"
# webtalk_add_data -client sdk -key os -value "device_tree" -context "sdk\\\\bsp/1622717492000"
# webtalk_add_data -client sdk -key apptemplate -value "null" -context "sdk\\\\bsp/1622717492000"
# webtalk_add_data -client sdk -key RecordType -value "BSPCreation" -context "sdk\\\\bsp/1622717492000"
# webtalk_add_data -client sdk -key uid -value "1622717961000" -context "sdk\\\\bsp/1622717961000"
# webtalk_add_data -client sdk -key hwid -value "1618986733000" -context "sdk\\\\bsp/1622717961000"
# webtalk_add_data -client sdk -key os -value "standalone" -context "sdk\\\\bsp/1622717961000"
# webtalk_add_data -client sdk -key apptemplate -value "hello_world" -context "sdk\\\\bsp/1622717961000"
# webtalk_add_data -client sdk -key RecordType -value "BSPCreation" -context "sdk\\\\bsp/1622717961000"
# webtalk_add_data -client sdk -key uid -value "1622717963000" -context "sdk\\\\application/1622717963000"
# webtalk_add_data -client sdk -key hwid -value "1618986733000" -context "sdk\\\\application/1622717963000"
# webtalk_add_data -client sdk -key bspid -value "1622717961000" -context "sdk\\\\application/1622717963000"
# webtalk_add_data -client sdk -key newbsp -value "true" -context "sdk\\\\application/1622717963000"
# webtalk_add_data -client sdk -key os -value "standalone" -context "sdk\\\\application/1622717963000"
# webtalk_add_data -client sdk -key apptemplate -value "hello_world" -context "sdk\\\\application/1622717963000"
# webtalk_add_data -client sdk -key RecordType -value "APPCreation" -context "sdk\\\\application/1622717963000"
# webtalk_add_data -client sdk -key LangUsed -value "C" -context "sdk\\\\application/1622717963000"
# webtalk_add_data -client sdk -key Procused -value "ps7_cortexa9" -context "sdk\\\\application/1622717963000"
# webtalk_add_data -client sdk -key uid -value "NA" -context "sdk\\\\bsp/1622735777490"
# webtalk_add_data -client sdk -key RecordType -value "ToolUsage" -context "sdk\\\\bsp/1622735777490"
# webtalk_add_data -client sdk -key BootgenCount -value "4" -context "sdk\\\\bsp/1622735777490"
# webtalk_add_data -client sdk -key DebugCount -value "8" -context "sdk\\\\bsp/1622735777490"
# webtalk_add_data -client sdk -key PerfCount -value "0" -context "sdk\\\\bsp/1622735777490"
# webtalk_add_data -client sdk -key FlashCount -value "0" -context "sdk\\\\bsp/1622735777490"
# webtalk_add_data -client sdk -key CrossTriggCount -value "0" -context "sdk\\\\bsp/1622735777490"
# webtalk_add_data -client sdk -key QemuDebugCount -value "0" -context "sdk\\\\bsp/1622735777490"
# webtalk_transmit -clientid 2279116524 -regid "" -xml /home/sebastian/Desktop/Git/EmbeddedSystems/SpaceInvaders/SpaceInvaders.sdk/webtalk/usage_statistics_ext_sdk.xml -html /home/sebastian/Desktop/Git/EmbeddedSystems/SpaceInvaders/SpaceInvaders.sdk/webtalk/usage_statistics_ext_sdk.html -wdm /home/sebastian/Desktop/Git/EmbeddedSystems/SpaceInvaders/SpaceInvaders.sdk/webtalk/sdk_webtalk.wdm -intro "<H3>SDK Usage Report</H3><BR>"
# webtalk_terminate
INFO: [Common 17-206] Exiting Webtalk at Thu Jun  3 17:56:20 2021...
