#-----------------------------------------------------------
# Webtalk v2018.3 (64-bit)
# SW Build 2405991 on Thu Dec  6 23:36:41 MST 2018
# 
# Start of session at: Wed Apr 21 08:36:59 2021
# Process ID: 97276
# Current directory: /home/sebastian/Desktop/Git/EmbeddedSystems/SpaceInvaders/SpaceInvaders.sdk/webtalk
# Command line: wbtcv -mode batch -source sdk_webtalk.tcl
# Log file: /home/sebastian/Desktop/Git/EmbeddedSystems/SpaceInvaders/SpaceInvaders.sdk/webtalk/webtalk.log
# Journal file: /home/sebastian/Desktop/Git/EmbeddedSystems/SpaceInvaders/SpaceInvaders.sdk/webtalk/webtalk.jou
#-----------------------------------------------------------
source sdk_webtalk.tcl
# webtalk_init -webtalk_dir /home/sebastian/Desktop/Git/EmbeddedSystems/SpaceInvaders/SpaceInvaders.sdk/webtalk
# webtalk_register_client -client project
# webtalk_add_data -client project -key date_generated -value "2021-04-21 08:36:58" -context "software_version_and_target_device"
# webtalk_add_data -client project -key product_version -value "SDK v2018.3" -context "software_version_and_target_device"
# webtalk_add_data -client project -key build_version -value "2018.3" -context "software_version_and_target_device"
# webtalk_add_data -client project -key os_platform -value "amd64" -context "software_version_and_target_device"
# webtalk_add_data -client project -key registration_id -value "" -context "software_version_and_target_device"
# webtalk_add_data -client project -key tool_flow -value "SDK" -context "software_version_and_target_device"
# webtalk_add_data -client project -key beta -value "false" -context "software_version_and_target_device"
# webtalk_add_data -client project -key route_design -value "NA" -context "software_version_and_target_device"
# webtalk_add_data -client project -key target_family -value "NA" -context "software_version_and_target_device"
# webtalk_add_data -client project -key target_device -value "NA" -context "software_version_and_target_device"
# webtalk_add_data -client project -key target_package -value "NA" -context "software_version_and_target_device"
# webtalk_add_data -client project -key target_speed -value "NA" -context "software_version_and_target_device"
# webtalk_add_data -client project -key random_id -value "flhqps8sjer3m22teec4kr9f8v" -context "software_version_and_target_device"
# webtalk_add_data -client project -key project_id -value "2018.3_6" -context "software_version_and_target_device"
# webtalk_add_data -client project -key project_iteration -value "6" -context "software_version_and_target_device"
# webtalk_add_data -client project -key os_name -value "Linuxmint" -context "user_environment"
# webtalk_add_data -client project -key os_release -value "Linux Mint 20" -context "user_environment"
# webtalk_add_data -client project -key cpu_name -value "Intel(R) Core(TM) i7-4710MQ CPU @ 2.50GHz" -context "user_environment"
# webtalk_add_data -client project -key cpu_speed -value "3282.237 MHz" -context "user_environment"
# webtalk_add_data -client project -key total_processors -value "1" -context "user_environment"
# webtalk_add_data -client project -key system_ram -value "16.702 GB" -context "user_environment"
# webtalk_register_client -client sdk
# webtalk_add_data -client sdk -key uid -value "1618986733000" -context "sdk\\\\hardware/1618986733000"
# webtalk_add_data -client sdk -key isZynq -value "true" -context "sdk\\\\hardware/1618986733000"
# webtalk_add_data -client sdk -key isZynqMP -value "false" -context "sdk\\\\hardware/1618986733000"
# webtalk_add_data -client sdk -key Processors -value "3" -context "sdk\\\\hardware/1618986733000"
# webtalk_add_data -client sdk -key VivadoVersion -value "2018.3" -context "sdk\\\\hardware/1618986733000"
# webtalk_add_data -client sdk -key Arch -value "zynq" -context "sdk\\\\hardware/1618986733000"
# webtalk_add_data -client sdk -key Device -value "7z010" -context "sdk\\\\hardware/1618986733000"
# webtalk_add_data -client sdk -key IsHandoff -value "true" -context "sdk\\\\hardware/1618986733000"
# webtalk_add_data -client sdk -key os -value "NA" -context "sdk\\\\hardware/1618986733000"
# webtalk_add_data -client sdk -key apptemplate -value "NA" -context "sdk\\\\hardware/1618986733000"
# webtalk_add_data -client sdk -key RecordType -value "HWCreation" -context "sdk\\\\hardware/1618986733000"
# webtalk_add_data -client sdk -key uid -value "1618986996000" -context "sdk\\\\bsp/1618986996000"
# webtalk_add_data -client sdk -key hwid -value "1618986733000" -context "sdk\\\\bsp/1618986996000"
# webtalk_add_data -client sdk -key os -value "standalone" -context "sdk\\\\bsp/1618986996000"
# webtalk_add_data -client sdk -key apptemplate -value "empty_application" -context "sdk\\\\bsp/1618986996000"
# webtalk_add_data -client sdk -key RecordType -value "BSPCreation" -context "sdk\\\\bsp/1618986996000"
# webtalk_add_data -client sdk -key uid -value "1618987001000" -context "sdk\\\\application/1618987001000"
# webtalk_add_data -client sdk -key hwid -value "1618986733000" -context "sdk\\\\application/1618987001000"
# webtalk_add_data -client sdk -key bspid -value "1618986996000" -context "sdk\\\\application/1618987001000"
# webtalk_add_data -client sdk -key newbsp -value "true" -context "sdk\\\\application/1618987001000"
# webtalk_add_data -client sdk -key os -value "standalone" -context "sdk\\\\application/1618987001000"
# webtalk_add_data -client sdk -key apptemplate -value "empty_application" -context "sdk\\\\application/1618987001000"
# webtalk_add_data -client sdk -key RecordType -value "APPCreation" -context "sdk\\\\application/1618987001000"
# webtalk_add_data -client sdk -key LangUsed -value "C" -context "sdk\\\\application/1618987001000"
# webtalk_add_data -client sdk -key Procused -value "microblaze" -context "sdk\\\\application/1618987001000"
# webtalk_add_data -client sdk -key uid -value "NA" -context "sdk\\\\bsp/1618987018482"
# webtalk_add_data -client sdk -key RecordType -value "ToolUsage" -context "sdk\\\\bsp/1618987018482"
# webtalk_add_data -client sdk -key BootgenCount -value "0" -context "sdk\\\\bsp/1618987018482"
# webtalk_add_data -client sdk -key DebugCount -value "0" -context "sdk\\\\bsp/1618987018482"
# webtalk_add_data -client sdk -key PerfCount -value "0" -context "sdk\\\\bsp/1618987018482"
# webtalk_add_data -client sdk -key FlashCount -value "0" -context "sdk\\\\bsp/1618987018482"
# webtalk_add_data -client sdk -key CrossTriggCount -value "0" -context "sdk\\\\bsp/1618987018482"
# webtalk_add_data -client sdk -key QemuDebugCount -value "0" -context "sdk\\\\bsp/1618987018482"
# webtalk_transmit -clientid 168616327 -regid "" -xml /home/sebastian/Desktop/Git/EmbeddedSystems/SpaceInvaders/SpaceInvaders.sdk/webtalk/usage_statistics_ext_sdk.xml -html /home/sebastian/Desktop/Git/EmbeddedSystems/SpaceInvaders/SpaceInvaders.sdk/webtalk/usage_statistics_ext_sdk.html -wdm /home/sebastian/Desktop/Git/EmbeddedSystems/SpaceInvaders/SpaceInvaders.sdk/webtalk/sdk_webtalk.wdm -intro "<H3>SDK Usage Report</H3><BR>"
# webtalk_terminate
INFO: [Common 17-206] Exiting Webtalk at Wed Apr 21 08:37:00 2021...
