
*** Running vivado
    with args -log top.vds -m64 -product Vivado -mode batch -messageDb vivado.pb -notrace -source top.tcl


****** Vivado v2018.3 (64-bit)
  **** SW Build 2405991 on Thu Dec  6 23:36:41 MST 2018
  **** IP Build 2404404 on Fri Dec  7 01:43:56 MST 2018
    ** Copyright 1986-2018 Xilinx, Inc. All Rights Reserved.

source top.tcl -notrace
INFO: [IP_Flow 19-234] Refreshing IP repositories
INFO: [IP_Flow 19-1704] No user IP repositories specified
INFO: [IP_Flow 19-2313] Loaded Vivado IP repository '/opt/Xilinx/Vivado/2018.3/data/ip'.
WARNING: [IP_Flow 19-3664] IP 'SpaceInvaders_microblaze_0_axi_intc_2' generated file not found '/home/sebastian/Desktop/Git/EmbeddedSystems/SpaceInvaders/SpaceInvaders.srcs/sources_1/bd/SpaceInvaders/ipshared/31e4/hdl/axi_intc_v4_1_vh_rfs.vhd'. Please regenerate to continue.
WARNING: [IP_Flow 19-3664] IP 'SpaceInvaders_microblaze_0_axi_intc_2' generated file not found '/home/sebastian/Desktop/Git/EmbeddedSystems/SpaceInvaders/SpaceInvaders.srcs/sources_1/bd/SpaceInvaders/ipshared/31e4/hdl/axi_intc_v4_1_vh_rfs.vhd'. Please regenerate to continue.
Command: synth_design -top top -part xc7z010clg400-1
Starting synth_design
Attempting to get a license for feature 'Synthesis' and/or device 'xc7z010'
INFO: [Common 17-349] Got license for feature 'Synthesis' and/or device 'xc7z010'
INFO: Launching helper process for spawning children vivado processes
INFO: Helper process launched with PID 52038 
---------------------------------------------------------------------------------
Starting RTL Elaboration : Time (s): cpu = 00:00:02 ; elapsed = 00:00:02 . Memory (MB): peak = 1466.105 ; gain = 89.895 ; free physical = 8239 ; free virtual = 12910
---------------------------------------------------------------------------------
INFO: [Synth 8-638] synthesizing module 'top' [/home/sebastian/Desktop/Git/EmbeddedSystems/SpaceInvaders/SpaceInvaders.srcs/sources_1/imports/new/top.vhd:21]
INFO: [Synth 8-3491] module 'timer' declared at '/home/sebastian/Desktop/Git/EmbeddedSystems/SpaceInvaders/SpaceInvaders.srcs/sources_1/imports/new/timer.vhd:6' bound to instance 'timer1' of component 'timer' [/home/sebastian/Desktop/Git/EmbeddedSystems/SpaceInvaders/SpaceInvaders.srcs/sources_1/imports/new/top.vhd:100]
INFO: [Synth 8-638] synthesizing module 'timer' [/home/sebastian/Desktop/Git/EmbeddedSystems/SpaceInvaders/SpaceInvaders.srcs/sources_1/imports/new/timer.vhd:11]
INFO: [Synth 8-256] done synthesizing module 'timer' (1#1) [/home/sebastian/Desktop/Git/EmbeddedSystems/SpaceInvaders/SpaceInvaders.srcs/sources_1/imports/new/timer.vhd:11]
WARNING: [Synth 8-5640] Port 'ddr_addr' is missing in component declaration [/home/sebastian/Desktop/Git/EmbeddedSystems/SpaceInvaders/SpaceInvaders.srcs/sources_1/imports/new/top.vhd:28]
WARNING: [Synth 8-5640] Port 'ddr_ba' is missing in component declaration [/home/sebastian/Desktop/Git/EmbeddedSystems/SpaceInvaders/SpaceInvaders.srcs/sources_1/imports/new/top.vhd:28]
WARNING: [Synth 8-5640] Port 'ddr_cas_n' is missing in component declaration [/home/sebastian/Desktop/Git/EmbeddedSystems/SpaceInvaders/SpaceInvaders.srcs/sources_1/imports/new/top.vhd:28]
WARNING: [Synth 8-5640] Port 'ddr_ck_n' is missing in component declaration [/home/sebastian/Desktop/Git/EmbeddedSystems/SpaceInvaders/SpaceInvaders.srcs/sources_1/imports/new/top.vhd:28]
WARNING: [Synth 8-5640] Port 'ddr_ck_p' is missing in component declaration [/home/sebastian/Desktop/Git/EmbeddedSystems/SpaceInvaders/SpaceInvaders.srcs/sources_1/imports/new/top.vhd:28]
WARNING: [Synth 8-5640] Port 'ddr_cke' is missing in component declaration [/home/sebastian/Desktop/Git/EmbeddedSystems/SpaceInvaders/SpaceInvaders.srcs/sources_1/imports/new/top.vhd:28]
WARNING: [Synth 8-5640] Port 'ddr_cs_n' is missing in component declaration [/home/sebastian/Desktop/Git/EmbeddedSystems/SpaceInvaders/SpaceInvaders.srcs/sources_1/imports/new/top.vhd:28]
WARNING: [Synth 8-5640] Port 'ddr_dm' is missing in component declaration [/home/sebastian/Desktop/Git/EmbeddedSystems/SpaceInvaders/SpaceInvaders.srcs/sources_1/imports/new/top.vhd:28]
WARNING: [Synth 8-5640] Port 'ddr_dq' is missing in component declaration [/home/sebastian/Desktop/Git/EmbeddedSystems/SpaceInvaders/SpaceInvaders.srcs/sources_1/imports/new/top.vhd:28]
WARNING: [Synth 8-5640] Port 'ddr_dqs_n' is missing in component declaration [/home/sebastian/Desktop/Git/EmbeddedSystems/SpaceInvaders/SpaceInvaders.srcs/sources_1/imports/new/top.vhd:28]
WARNING: [Synth 8-5640] Port 'ddr_dqs_p' is missing in component declaration [/home/sebastian/Desktop/Git/EmbeddedSystems/SpaceInvaders/SpaceInvaders.srcs/sources_1/imports/new/top.vhd:28]
WARNING: [Synth 8-5640] Port 'ddr_odt' is missing in component declaration [/home/sebastian/Desktop/Git/EmbeddedSystems/SpaceInvaders/SpaceInvaders.srcs/sources_1/imports/new/top.vhd:28]
WARNING: [Synth 8-5640] Port 'ddr_ras_n' is missing in component declaration [/home/sebastian/Desktop/Git/EmbeddedSystems/SpaceInvaders/SpaceInvaders.srcs/sources_1/imports/new/top.vhd:28]
WARNING: [Synth 8-5640] Port 'ddr_reset_n' is missing in component declaration [/home/sebastian/Desktop/Git/EmbeddedSystems/SpaceInvaders/SpaceInvaders.srcs/sources_1/imports/new/top.vhd:28]
WARNING: [Synth 8-5640] Port 'ddr_we_n' is missing in component declaration [/home/sebastian/Desktop/Git/EmbeddedSystems/SpaceInvaders/SpaceInvaders.srcs/sources_1/imports/new/top.vhd:28]
WARNING: [Synth 8-5640] Port 'fixed_io_ddr_vrn' is missing in component declaration [/home/sebastian/Desktop/Git/EmbeddedSystems/SpaceInvaders/SpaceInvaders.srcs/sources_1/imports/new/top.vhd:28]
WARNING: [Synth 8-5640] Port 'fixed_io_ddr_vrp' is missing in component declaration [/home/sebastian/Desktop/Git/EmbeddedSystems/SpaceInvaders/SpaceInvaders.srcs/sources_1/imports/new/top.vhd:28]
WARNING: [Synth 8-5640] Port 'fixed_io_mio' is missing in component declaration [/home/sebastian/Desktop/Git/EmbeddedSystems/SpaceInvaders/SpaceInvaders.srcs/sources_1/imports/new/top.vhd:28]
WARNING: [Synth 8-5640] Port 'fixed_io_ps_clk' is missing in component declaration [/home/sebastian/Desktop/Git/EmbeddedSystems/SpaceInvaders/SpaceInvaders.srcs/sources_1/imports/new/top.vhd:28]
WARNING: [Synth 8-5640] Port 'fixed_io_ps_porb' is missing in component declaration [/home/sebastian/Desktop/Git/EmbeddedSystems/SpaceInvaders/SpaceInvaders.srcs/sources_1/imports/new/top.vhd:28]
WARNING: [Synth 8-5640] Port 'fixed_io_ps_srstb' is missing in component declaration [/home/sebastian/Desktop/Git/EmbeddedSystems/SpaceInvaders/SpaceInvaders.srcs/sources_1/imports/new/top.vhd:28]
INFO: [Synth 8-3491] module 'SpaceInvaders_wrapper' declared at '/home/sebastian/Desktop/Git/EmbeddedSystems/SpaceInvaders/SpaceInvaders.srcs/sources_1/bd/SpaceInvaders/hdl/SpaceInvaders_wrapper.vhd:14' bound to instance 'mem1' of component 'SpaceInvaders_wrapper' [/home/sebastian/Desktop/Git/EmbeddedSystems/SpaceInvaders/SpaceInvaders.srcs/sources_1/imports/new/top.vhd:103]
INFO: [Synth 8-638] synthesizing module 'SpaceInvaders_wrapper' [/home/sebastian/Desktop/Git/EmbeddedSystems/SpaceInvaders/SpaceInvaders.srcs/sources_1/bd/SpaceInvaders/hdl/SpaceInvaders_wrapper.vhd:55]
INFO: [Synth 8-3491] module 'SpaceInvaders' declared at '/home/sebastian/Desktop/Git/EmbeddedSystems/SpaceInvaders/SpaceInvaders.srcs/sources_1/bd/SpaceInvaders/synth/SpaceInvaders.vhd:3066' bound to instance 'SpaceInvaders_i' of component 'SpaceInvaders' [/home/sebastian/Desktop/Git/EmbeddedSystems/SpaceInvaders/SpaceInvaders.srcs/sources_1/bd/SpaceInvaders/hdl/SpaceInvaders_wrapper.vhd:97]
INFO: [Synth 8-638] synthesizing module 'SpaceInvaders' [/home/sebastian/Desktop/Git/EmbeddedSystems/SpaceInvaders/SpaceInvaders.srcs/sources_1/bd/SpaceInvaders/synth/SpaceInvaders.vhd:3111]
INFO: [Synth 8-3491] module 'SpaceInvaders_axi_bram_ctrl_0_0' declared at '/home/sebastian/Desktop/Git/EmbeddedSystems/SpaceInvaders/SpaceInvaders.runs/synth_1/.Xil/Vivado-52018-sebastian-ZBook/realtime/SpaceInvaders_axi_bram_ctrl_0_0_stub.vhdl:5' bound to instance 'axi_bram_ctrl_0' of component 'SpaceInvaders_axi_bram_ctrl_0_0' [/home/sebastian/Desktop/Git/EmbeddedSystems/SpaceInvaders/SpaceInvaders.srcs/sources_1/bd/SpaceInvaders/synth/SpaceInvaders.vhd:4046]
INFO: [Synth 8-638] synthesizing module 'SpaceInvaders_axi_bram_ctrl_0_0' [/home/sebastian/Desktop/Git/EmbeddedSystems/SpaceInvaders/SpaceInvaders.runs/synth_1/.Xil/Vivado-52018-sebastian-ZBook/realtime/SpaceInvaders_axi_bram_ctrl_0_0_stub.vhdl:51]
INFO: [Synth 8-3491] module 'SpaceInvaders_axi_bram_ctrl_0_1' declared at '/home/sebastian/Desktop/Git/EmbeddedSystems/SpaceInvaders/SpaceInvaders.runs/synth_1/.Xil/Vivado-52018-sebastian-ZBook/realtime/SpaceInvaders_axi_bram_ctrl_0_1_stub.vhdl:5' bound to instance 'axi_bram_ctrl_1' of component 'SpaceInvaders_axi_bram_ctrl_0_1' [/home/sebastian/Desktop/Git/EmbeddedSystems/SpaceInvaders/SpaceInvaders.srcs/sources_1/bd/SpaceInvaders/synth/SpaceInvaders.vhd:4089]
INFO: [Synth 8-638] synthesizing module 'SpaceInvaders_axi_bram_ctrl_0_1' [/home/sebastian/Desktop/Git/EmbeddedSystems/SpaceInvaders/SpaceInvaders.runs/synth_1/.Xil/Vivado-52018-sebastian-ZBook/realtime/SpaceInvaders_axi_bram_ctrl_0_1_stub.vhdl:51]
INFO: [Synth 8-3491] module 'SpaceInvaders_axi_bram_ctrl_2_1' declared at '/home/sebastian/Desktop/Git/EmbeddedSystems/SpaceInvaders/SpaceInvaders.runs/synth_1/.Xil/Vivado-52018-sebastian-ZBook/realtime/SpaceInvaders_axi_bram_ctrl_2_1_stub.vhdl:5' bound to instance 'axi_bram_ctrl_2' of component 'SpaceInvaders_axi_bram_ctrl_2_1' [/home/sebastian/Desktop/Git/EmbeddedSystems/SpaceInvaders/SpaceInvaders.srcs/sources_1/bd/SpaceInvaders/synth/SpaceInvaders.vhd:4132]
INFO: [Synth 8-638] synthesizing module 'SpaceInvaders_axi_bram_ctrl_2_1' [/home/sebastian/Desktop/Git/EmbeddedSystems/SpaceInvaders/SpaceInvaders.runs/synth_1/.Xil/Vivado-52018-sebastian-ZBook/realtime/SpaceInvaders_axi_bram_ctrl_2_1_stub.vhdl:51]
INFO: [Synth 8-3491] module 'SpaceInvaders_axi_gpio_0_0' declared at '/home/sebastian/Desktop/Git/EmbeddedSystems/SpaceInvaders/SpaceInvaders.runs/synth_1/.Xil/Vivado-52018-sebastian-ZBook/realtime/SpaceInvaders_axi_gpio_0_0_stub.vhdl:5' bound to instance 'axi_gpio_0' of component 'SpaceInvaders_axi_gpio_0_0' [/home/sebastian/Desktop/Git/EmbeddedSystems/SpaceInvaders/SpaceInvaders.srcs/sources_1/bd/SpaceInvaders/synth/SpaceInvaders.vhd:4175]
INFO: [Synth 8-638] synthesizing module 'SpaceInvaders_axi_gpio_0_0' [/home/sebastian/Desktop/Git/EmbeddedSystems/SpaceInvaders/SpaceInvaders.runs/synth_1/.Xil/Vivado-52018-sebastian-ZBook/realtime/SpaceInvaders_axi_gpio_0_0_stub.vhdl:31]
INFO: [Synth 8-3491] module 'SpaceInvaders_axi_gpio_0_1' declared at '/home/sebastian/Desktop/Git/EmbeddedSystems/SpaceInvaders/SpaceInvaders.runs/synth_1/.Xil/Vivado-52018-sebastian-ZBook/realtime/SpaceInvaders_axi_gpio_0_1_stub.vhdl:5' bound to instance 'axi_gpio_1' of component 'SpaceInvaders_axi_gpio_0_1' [/home/sebastian/Desktop/Git/EmbeddedSystems/SpaceInvaders/SpaceInvaders.srcs/sources_1/bd/SpaceInvaders/synth/SpaceInvaders.vhd:4198]
INFO: [Synth 8-638] synthesizing module 'SpaceInvaders_axi_gpio_0_1' [/home/sebastian/Desktop/Git/EmbeddedSystems/SpaceInvaders/SpaceInvaders.runs/synth_1/.Xil/Vivado-52018-sebastian-ZBook/realtime/SpaceInvaders_axi_gpio_0_1_stub.vhdl:31]
INFO: [Synth 8-3491] module 'SpaceInvaders_axi_smc_1' declared at '/home/sebastian/Desktop/Git/EmbeddedSystems/SpaceInvaders/SpaceInvaders.runs/synth_1/.Xil/Vivado-52018-sebastian-ZBook/realtime/SpaceInvaders_axi_smc_1_stub.vhdl:5' bound to instance 'axi_smc' of component 'SpaceInvaders_axi_smc_1' [/home/sebastian/Desktop/Git/EmbeddedSystems/SpaceInvaders/SpaceInvaders.srcs/sources_1/bd/SpaceInvaders/synth/SpaceInvaders.vhd:4221]
INFO: [Synth 8-638] synthesizing module 'SpaceInvaders_axi_smc_1' [/home/sebastian/Desktop/Git/EmbeddedSystems/SpaceInvaders/SpaceInvaders.runs/synth_1/.Xil/Vivado-52018-sebastian-ZBook/realtime/SpaceInvaders_axi_smc_1_stub.vhdl:84]
INFO: [Synth 8-3491] module 'SpaceInvaders_blk_mem_gen_0_0' declared at '/home/sebastian/Desktop/Git/EmbeddedSystems/SpaceInvaders/SpaceInvaders.runs/synth_1/.Xil/Vivado-52018-sebastian-ZBook/realtime/SpaceInvaders_blk_mem_gen_0_0_stub.vhdl:5' bound to instance 'blk_mem_gen_0' of component 'SpaceInvaders_blk_mem_gen_0_0' [/home/sebastian/Desktop/Git/EmbeddedSystems/SpaceInvaders/SpaceInvaders.srcs/sources_1/bd/SpaceInvaders/synth/SpaceInvaders.vhd:4297]
INFO: [Synth 8-638] synthesizing module 'SpaceInvaders_blk_mem_gen_0_0' [/home/sebastian/Desktop/Git/EmbeddedSystems/SpaceInvaders/SpaceInvaders.runs/synth_1/.Xil/Vivado-52018-sebastian-ZBook/realtime/SpaceInvaders_blk_mem_gen_0_0_stub.vhdl:27]
INFO: [Synth 8-3491] module 'SpaceInvaders_blk_mem_gen_0_1' declared at '/home/sebastian/Desktop/Git/EmbeddedSystems/SpaceInvaders/SpaceInvaders.runs/synth_1/.Xil/Vivado-52018-sebastian-ZBook/realtime/SpaceInvaders_blk_mem_gen_0_1_stub.vhdl:5' bound to instance 'blk_mem_gen_1' of component 'SpaceInvaders_blk_mem_gen_0_1' [/home/sebastian/Desktop/Git/EmbeddedSystems/SpaceInvaders/SpaceInvaders.srcs/sources_1/bd/SpaceInvaders/synth/SpaceInvaders.vhd:4317]
INFO: [Synth 8-638] synthesizing module 'SpaceInvaders_blk_mem_gen_0_1' [/home/sebastian/Desktop/Git/EmbeddedSystems/SpaceInvaders/SpaceInvaders.runs/synth_1/.Xil/Vivado-52018-sebastian-ZBook/realtime/SpaceInvaders_blk_mem_gen_0_1_stub.vhdl:27]
INFO: [Synth 8-3491] module 'SpaceInvaders_mdm_1_2' declared at '/home/sebastian/Desktop/Git/EmbeddedSystems/SpaceInvaders/SpaceInvaders.runs/synth_1/.Xil/Vivado-52018-sebastian-ZBook/realtime/SpaceInvaders_mdm_1_2_stub.vhdl:5' bound to instance 'mdm_1' of component 'SpaceInvaders_mdm_1_2' [/home/sebastian/Desktop/Git/EmbeddedSystems/SpaceInvaders/SpaceInvaders.srcs/sources_1/bd/SpaceInvaders/synth/SpaceInvaders.vhd:4338]
INFO: [Synth 8-638] synthesizing module 'SpaceInvaders_mdm_1_2' [/home/sebastian/Desktop/Git/EmbeddedSystems/SpaceInvaders/SpaceInvaders.runs/synth_1/.Xil/Vivado-52018-sebastian-ZBook/realtime/SpaceInvaders_mdm_1_2_stub.vhdl:21]
INFO: [Synth 8-3491] module 'SpaceInvaders_microblaze_0_0' declared at '/home/sebastian/Desktop/Git/EmbeddedSystems/SpaceInvaders/SpaceInvaders.runs/synth_1/.Xil/Vivado-52018-sebastian-ZBook/realtime/SpaceInvaders_microblaze_0_0_stub.vhdl:5' bound to instance 'microblaze_0' of component 'SpaceInvaders_microblaze_0_0' [/home/sebastian/Desktop/Git/EmbeddedSystems/SpaceInvaders/SpaceInvaders.srcs/sources_1/bd/SpaceInvaders/synth/SpaceInvaders.vhd:4351]
INFO: [Synth 8-638] synthesizing module 'SpaceInvaders_microblaze_0_0' [/home/sebastian/Desktop/Git/EmbeddedSystems/SpaceInvaders/SpaceInvaders.runs/synth_1/.Xil/Vivado-52018-sebastian-ZBook/realtime/SpaceInvaders_microblaze_0_0_stub.vhdl:63]
INFO: [Synth 8-3491] module 'SpaceInvaders_microblaze_0_axi_intc_2' declared at '/home/sebastian/Desktop/Git/EmbeddedSystems/SpaceInvaders/SpaceInvaders.runs/synth_1/.Xil/Vivado-52018-sebastian-ZBook/realtime/SpaceInvaders_microblaze_0_axi_intc_2_stub.vhdl:5' bound to instance 'microblaze_0_axi_intc' of component 'SpaceInvaders_microblaze_0_axi_intc_2' [/home/sebastian/Desktop/Git/EmbeddedSystems/SpaceInvaders/SpaceInvaders.srcs/sources_1/bd/SpaceInvaders/synth/SpaceInvaders.vhd:4437]
INFO: [Synth 8-638] synthesizing module 'SpaceInvaders_microblaze_0_axi_intc_2' [/home/sebastian/Desktop/Git/EmbeddedSystems/SpaceInvaders/SpaceInvaders.runs/synth_1/.Xil/Vivado-52018-sebastian-ZBook/realtime/SpaceInvaders_microblaze_0_axi_intc_2_stub.vhdl:36]
INFO: [Synth 8-638] synthesizing module 'SpaceInvaders_microblaze_0_axi_periph_2' [/home/sebastian/Desktop/Git/EmbeddedSystems/SpaceInvaders/SpaceInvaders.srcs/sources_1/bd/SpaceInvaders/synth/SpaceInvaders.vhd:1975]
INFO: [Synth 8-638] synthesizing module 'm00_couplers_imp_1EDE9M7' [/home/sebastian/Desktop/Git/EmbeddedSystems/SpaceInvaders/SpaceInvaders.srcs/sources_1/bd/SpaceInvaders/synth/SpaceInvaders.vhd:57]
INFO: [Synth 8-256] done synthesizing module 'm00_couplers_imp_1EDE9M7' (2#1) [/home/sebastian/Desktop/Git/EmbeddedSystems/SpaceInvaders/SpaceInvaders.srcs/sources_1/bd/SpaceInvaders/synth/SpaceInvaders.vhd:57]
INFO: [Synth 8-638] synthesizing module 'm01_couplers_imp_D16OSB' [/home/sebastian/Desktop/Git/EmbeddedSystems/SpaceInvaders/SpaceInvaders.srcs/sources_1/bd/SpaceInvaders/synth/SpaceInvaders.vhd:158]
INFO: [Synth 8-256] done synthesizing module 'm01_couplers_imp_D16OSB' (3#1) [/home/sebastian/Desktop/Git/EmbeddedSystems/SpaceInvaders/SpaceInvaders.srcs/sources_1/bd/SpaceInvaders/synth/SpaceInvaders.vhd:158]
INFO: [Synth 8-638] synthesizing module 'm02_couplers_imp_OG5SCM' [/home/sebastian/Desktop/Git/EmbeddedSystems/SpaceInvaders/SpaceInvaders.srcs/sources_1/bd/SpaceInvaders/synth/SpaceInvaders.vhd:275]
INFO: [Synth 8-3491] module 'SpaceInvaders_auto_pc_0' declared at '/home/sebastian/Desktop/Git/EmbeddedSystems/SpaceInvaders/SpaceInvaders.runs/synth_1/.Xil/Vivado-52018-sebastian-ZBook/realtime/SpaceInvaders_auto_pc_0_stub.vhdl:5' bound to instance 'auto_pc' of component 'SpaceInvaders_auto_pc_0' [/home/sebastian/Desktop/Git/EmbeddedSystems/SpaceInvaders/SpaceInvaders.srcs/sources_1/bd/SpaceInvaders/synth/SpaceInvaders.vhd:445]
INFO: [Synth 8-638] synthesizing module 'SpaceInvaders_auto_pc_0' [/home/sebastian/Desktop/Git/EmbeddedSystems/SpaceInvaders/SpaceInvaders.runs/synth_1/.Xil/Vivado-52018-sebastian-ZBook/realtime/SpaceInvaders_auto_pc_0_stub.vhdl:67]
INFO: [Synth 8-256] done synthesizing module 'm02_couplers_imp_OG5SCM' (4#1) [/home/sebastian/Desktop/Git/EmbeddedSystems/SpaceInvaders/SpaceInvaders.srcs/sources_1/bd/SpaceInvaders/synth/SpaceInvaders.vhd:275]
INFO: [Synth 8-638] synthesizing module 'm03_couplers_imp_1I83VV6' [/home/sebastian/Desktop/Git/EmbeddedSystems/SpaceInvaders/SpaceInvaders.srcs/sources_1/bd/SpaceInvaders/synth/SpaceInvaders.vhd:568]
INFO: [Synth 8-3491] module 'SpaceInvaders_auto_pc_1' declared at '/home/sebastian/Desktop/Git/EmbeddedSystems/SpaceInvaders/SpaceInvaders.runs/synth_1/.Xil/Vivado-52018-sebastian-ZBook/realtime/SpaceInvaders_auto_pc_1_stub.vhdl:5' bound to instance 'auto_pc' of component 'SpaceInvaders_auto_pc_1' [/home/sebastian/Desktop/Git/EmbeddedSystems/SpaceInvaders/SpaceInvaders.srcs/sources_1/bd/SpaceInvaders/synth/SpaceInvaders.vhd:738]
INFO: [Synth 8-638] synthesizing module 'SpaceInvaders_auto_pc_1' [/home/sebastian/Desktop/Git/EmbeddedSystems/SpaceInvaders/SpaceInvaders.runs/synth_1/.Xil/Vivado-52018-sebastian-ZBook/realtime/SpaceInvaders_auto_pc_1_stub.vhdl:67]
INFO: [Synth 8-256] done synthesizing module 'm03_couplers_imp_1I83VV6' (5#1) [/home/sebastian/Desktop/Git/EmbeddedSystems/SpaceInvaders/SpaceInvaders.srcs/sources_1/bd/SpaceInvaders/synth/SpaceInvaders.vhd:568]
INFO: [Synth 8-638] synthesizing module 'm04_couplers_imp_1EGDWAK' [/home/sebastian/Desktop/Git/EmbeddedSystems/SpaceInvaders/SpaceInvaders.srcs/sources_1/bd/SpaceInvaders/synth/SpaceInvaders.vhd:845]
INFO: [Synth 8-256] done synthesizing module 'm04_couplers_imp_1EGDWAK' (6#1) [/home/sebastian/Desktop/Git/EmbeddedSystems/SpaceInvaders/SpaceInvaders.srcs/sources_1/bd/SpaceInvaders/synth/SpaceInvaders.vhd:845]
INFO: [Synth 8-638] synthesizing module 'm05_couplers_imp_CXVT60' [/home/sebastian/Desktop/Git/EmbeddedSystems/SpaceInvaders/SpaceInvaders.srcs/sources_1/bd/SpaceInvaders/synth/SpaceInvaders.vhd:946]
INFO: [Synth 8-256] done synthesizing module 'm05_couplers_imp_CXVT60' (7#1) [/home/sebastian/Desktop/Git/EmbeddedSystems/SpaceInvaders/SpaceInvaders.srcs/sources_1/bd/SpaceInvaders/synth/SpaceInvaders.vhd:946]
INFO: [Synth 8-638] synthesizing module 'm06_couplers_imp_OHJTXX' [/home/sebastian/Desktop/Git/EmbeddedSystems/SpaceInvaders/SpaceInvaders.srcs/sources_1/bd/SpaceInvaders/synth/SpaceInvaders.vhd:1051]
INFO: [Synth 8-256] done synthesizing module 'm06_couplers_imp_OHJTXX' (8#1) [/home/sebastian/Desktop/Git/EmbeddedSystems/SpaceInvaders/SpaceInvaders.srcs/sources_1/bd/SpaceInvaders/synth/SpaceInvaders.vhd:1051]
INFO: [Synth 8-638] synthesizing module 's00_couplers_imp_1B92GK0' [/home/sebastian/Desktop/Git/EmbeddedSystems/SpaceInvaders/SpaceInvaders.srcs/sources_1/bd/SpaceInvaders/synth/SpaceInvaders.vhd:1720]
INFO: [Synth 8-256] done synthesizing module 's00_couplers_imp_1B92GK0' (9#1) [/home/sebastian/Desktop/Git/EmbeddedSystems/SpaceInvaders/SpaceInvaders.srcs/sources_1/bd/SpaceInvaders/synth/SpaceInvaders.vhd:1720]
INFO: [Synth 8-3491] module 'SpaceInvaders_xbar_2' declared at '/home/sebastian/Desktop/Git/EmbeddedSystems/SpaceInvaders/SpaceInvaders.runs/synth_1/.Xil/Vivado-52018-sebastian-ZBook/realtime/SpaceInvaders_xbar_2_stub.vhdl:5' bound to instance 'xbar' of component 'SpaceInvaders_xbar_2' [/home/sebastian/Desktop/Git/EmbeddedSystems/SpaceInvaders/SpaceInvaders.srcs/sources_1/bd/SpaceInvaders/synth/SpaceInvaders.vhd:2875]
INFO: [Synth 8-638] synthesizing module 'SpaceInvaders_xbar_2' [/home/sebastian/Desktop/Git/EmbeddedSystems/SpaceInvaders/SpaceInvaders.runs/synth_1/.Xil/Vivado-52018-sebastian-ZBook/realtime/SpaceInvaders_xbar_2_stub.vhdl:51]
INFO: [Synth 8-256] done synthesizing module 'SpaceInvaders_microblaze_0_axi_periph_2' (10#1) [/home/sebastian/Desktop/Git/EmbeddedSystems/SpaceInvaders/SpaceInvaders.srcs/sources_1/bd/SpaceInvaders/synth/SpaceInvaders.vhd:1975]
INFO: [Synth 8-638] synthesizing module 'microblaze_0_local_memory_imp_SZH1PG' [/home/sebastian/Desktop/Git/EmbeddedSystems/SpaceInvaders/SpaceInvaders.srcs/sources_1/bd/SpaceInvaders/synth/SpaceInvaders.vhd:1141]
INFO: [Synth 8-3491] module 'SpaceInvaders_dlmb_bram_if_cntlr_0' declared at '/home/sebastian/Desktop/Git/EmbeddedSystems/SpaceInvaders/SpaceInvaders.runs/synth_1/.Xil/Vivado-52018-sebastian-ZBook/realtime/SpaceInvaders_dlmb_bram_if_cntlr_0_stub.vhdl:5' bound to instance 'dlmb_bram_if_cntlr' of component 'SpaceInvaders_dlmb_bram_if_cntlr_0' [/home/sebastian/Desktop/Git/EmbeddedSystems/SpaceInvaders/SpaceInvaders.srcs/sources_1/bd/SpaceInvaders/synth/SpaceInvaders.vhd:1355]
INFO: [Synth 8-638] synthesizing module 'SpaceInvaders_dlmb_bram_if_cntlr_0' [/home/sebastian/Desktop/Git/EmbeddedSystems/SpaceInvaders/SpaceInvaders.runs/synth_1/.Xil/Vivado-52018-sebastian-ZBook/realtime/SpaceInvaders_dlmb_bram_if_cntlr_0_stub.vhdl:31]
INFO: [Synth 8-3491] module 'SpaceInvaders_dlmb_v10_0' declared at '/home/sebastian/Desktop/Git/EmbeddedSystems/SpaceInvaders/SpaceInvaders.runs/synth_1/.Xil/Vivado-52018-sebastian-ZBook/realtime/SpaceInvaders_dlmb_v10_0_stub.vhdl:5' bound to instance 'dlmb_v10' of component 'SpaceInvaders_dlmb_v10_0' [/home/sebastian/Desktop/Git/EmbeddedSystems/SpaceInvaders/SpaceInvaders.srcs/sources_1/bd/SpaceInvaders/synth/SpaceInvaders.vhd:1409]
INFO: [Synth 8-638] synthesizing module 'SpaceInvaders_dlmb_v10_0' [/home/sebastian/Desktop/Git/EmbeddedSystems/SpaceInvaders/SpaceInvaders.runs/synth_1/.Xil/Vivado-52018-sebastian-ZBook/realtime/SpaceInvaders_dlmb_v10_0_stub.vhdl:36]
INFO: [Synth 8-3491] module 'SpaceInvaders_ilmb_bram_if_cntlr_0' declared at '/home/sebastian/Desktop/Git/EmbeddedSystems/SpaceInvaders/SpaceInvaders.runs/synth_1/.Xil/Vivado-52018-sebastian-ZBook/realtime/SpaceInvaders_ilmb_bram_if_cntlr_0_stub.vhdl:5' bound to instance 'ilmb_bram_if_cntlr' of component 'SpaceInvaders_ilmb_bram_if_cntlr_0' [/home/sebastian/Desktop/Git/EmbeddedSystems/SpaceInvaders/SpaceInvaders.srcs/sources_1/bd/SpaceInvaders/synth/SpaceInvaders.vhd:1437]
INFO: [Synth 8-638] synthesizing module 'SpaceInvaders_ilmb_bram_if_cntlr_0' [/home/sebastian/Desktop/Git/EmbeddedSystems/SpaceInvaders/SpaceInvaders.runs/synth_1/.Xil/Vivado-52018-sebastian-ZBook/realtime/SpaceInvaders_ilmb_bram_if_cntlr_0_stub.vhdl:31]
INFO: [Synth 8-3491] module 'SpaceInvaders_ilmb_v10_0' declared at '/home/sebastian/Desktop/Git/EmbeddedSystems/SpaceInvaders/SpaceInvaders.runs/synth_1/.Xil/Vivado-52018-sebastian-ZBook/realtime/SpaceInvaders_ilmb_v10_0_stub.vhdl:5' bound to instance 'ilmb_v10' of component 'SpaceInvaders_ilmb_v10_0' [/home/sebastian/Desktop/Git/EmbeddedSystems/SpaceInvaders/SpaceInvaders.srcs/sources_1/bd/SpaceInvaders/synth/SpaceInvaders.vhd:1491]
INFO: [Synth 8-638] synthesizing module 'SpaceInvaders_ilmb_v10_0' [/home/sebastian/Desktop/Git/EmbeddedSystems/SpaceInvaders/SpaceInvaders.runs/synth_1/.Xil/Vivado-52018-sebastian-ZBook/realtime/SpaceInvaders_ilmb_v10_0_stub.vhdl:36]
INFO: [Synth 8-3491] module 'SpaceInvaders_lmb_bram_0' declared at '/home/sebastian/Desktop/Git/EmbeddedSystems/SpaceInvaders/SpaceInvaders.runs/synth_1/.Xil/Vivado-52018-sebastian-ZBook/realtime/SpaceInvaders_lmb_bram_0_stub.vhdl:5' bound to instance 'lmb_bram' of component 'SpaceInvaders_lmb_bram_0' [/home/sebastian/Desktop/Git/EmbeddedSystems/SpaceInvaders/SpaceInvaders.srcs/sources_1/bd/SpaceInvaders/synth/SpaceInvaders.vhd:1519]
INFO: [Synth 8-638] synthesizing module 'SpaceInvaders_lmb_bram_0' [/home/sebastian/Desktop/Git/EmbeddedSystems/SpaceInvaders/SpaceInvaders.runs/synth_1/.Xil/Vivado-52018-sebastian-ZBook/realtime/SpaceInvaders_lmb_bram_0_stub.vhdl:27]
INFO: [Synth 8-256] done synthesizing module 'microblaze_0_local_memory_imp_SZH1PG' (11#1) [/home/sebastian/Desktop/Git/EmbeddedSystems/SpaceInvaders/SpaceInvaders.srcs/sources_1/bd/SpaceInvaders/synth/SpaceInvaders.vhd:1141]
INFO: [Synth 8-3491] module 'SpaceInvaders_microblaze_0_xlconcat_2' declared at '/home/sebastian/Desktop/Git/EmbeddedSystems/SpaceInvaders/SpaceInvaders.srcs/sources_1/bd/SpaceInvaders/ip/SpaceInvaders_microblaze_0_xlconcat_2/synth/SpaceInvaders_microblaze_0_xlconcat_2.v:58' bound to instance 'microblaze_0_xlconcat' of component 'SpaceInvaders_microblaze_0_xlconcat_2' [/home/sebastian/Desktop/Git/EmbeddedSystems/SpaceInvaders/SpaceInvaders.srcs/sources_1/bd/SpaceInvaders/synth/SpaceInvaders.vhd:4679]
INFO: [Synth 8-6157] synthesizing module 'SpaceInvaders_microblaze_0_xlconcat_2' [/home/sebastian/Desktop/Git/EmbeddedSystems/SpaceInvaders/SpaceInvaders.srcs/sources_1/bd/SpaceInvaders/ip/SpaceInvaders_microblaze_0_xlconcat_2/synth/SpaceInvaders_microblaze_0_xlconcat_2.v:58]
INFO: [Synth 8-6157] synthesizing module 'xlconcat_v2_1_1_xlconcat' [/home/sebastian/Desktop/Git/EmbeddedSystems/SpaceInvaders/SpaceInvaders.srcs/sources_1/bd/SpaceInvaders/ipshared/2f66/hdl/xlconcat_v2_1_vl_rfs.v:14]
	Parameter IN0_WIDTH bound to: 1 - type: integer 
	Parameter IN1_WIDTH bound to: 1 - type: integer 
	Parameter IN2_WIDTH bound to: 1 - type: integer 
	Parameter IN3_WIDTH bound to: 1 - type: integer 
	Parameter IN4_WIDTH bound to: 1 - type: integer 
	Parameter IN5_WIDTH bound to: 1 - type: integer 
	Parameter IN6_WIDTH bound to: 1 - type: integer 
	Parameter IN7_WIDTH bound to: 1 - type: integer 
	Parameter IN8_WIDTH bound to: 1 - type: integer 
	Parameter IN9_WIDTH bound to: 1 - type: integer 
	Parameter IN10_WIDTH bound to: 1 - type: integer 
	Parameter IN11_WIDTH bound to: 1 - type: integer 
	Parameter IN12_WIDTH bound to: 1 - type: integer 
	Parameter IN13_WIDTH bound to: 1 - type: integer 
	Parameter IN14_WIDTH bound to: 1 - type: integer 
	Parameter IN15_WIDTH bound to: 1 - type: integer 
	Parameter IN16_WIDTH bound to: 1 - type: integer 
	Parameter IN17_WIDTH bound to: 1 - type: integer 
	Parameter IN18_WIDTH bound to: 1 - type: integer 
	Parameter IN19_WIDTH bound to: 1 - type: integer 
	Parameter IN20_WIDTH bound to: 1 - type: integer 
	Parameter IN21_WIDTH bound to: 1 - type: integer 
	Parameter IN22_WIDTH bound to: 1 - type: integer 
	Parameter IN23_WIDTH bound to: 1 - type: integer 
	Parameter IN24_WIDTH bound to: 1 - type: integer 
	Parameter IN25_WIDTH bound to: 1 - type: integer 
	Parameter IN26_WIDTH bound to: 1 - type: integer 
	Parameter IN27_WIDTH bound to: 1 - type: integer 
	Parameter IN28_WIDTH bound to: 1 - type: integer 
	Parameter IN29_WIDTH bound to: 1 - type: integer 
	Parameter IN30_WIDTH bound to: 1 - type: integer 
	Parameter IN31_WIDTH bound to: 1 - type: integer 
	Parameter dout_width bound to: 2 - type: integer 
	Parameter NUM_PORTS bound to: 2 - type: integer 
INFO: [Synth 8-6155] done synthesizing module 'xlconcat_v2_1_1_xlconcat' (12#1) [/home/sebastian/Desktop/Git/EmbeddedSystems/SpaceInvaders/SpaceInvaders.srcs/sources_1/bd/SpaceInvaders/ipshared/2f66/hdl/xlconcat_v2_1_vl_rfs.v:14]
INFO: [Synth 8-6155] done synthesizing module 'SpaceInvaders_microblaze_0_xlconcat_2' (13#1) [/home/sebastian/Desktop/Git/EmbeddedSystems/SpaceInvaders/SpaceInvaders.srcs/sources_1/bd/SpaceInvaders/ip/SpaceInvaders_microblaze_0_xlconcat_2/synth/SpaceInvaders_microblaze_0_xlconcat_2.v:58]
INFO: [Synth 8-3491] module 'SpaceInvaders_processing_system7_0_0' declared at '/home/sebastian/Desktop/Git/EmbeddedSystems/SpaceInvaders/SpaceInvaders.runs/synth_1/.Xil/Vivado-52018-sebastian-ZBook/realtime/SpaceInvaders_processing_system7_0_0_stub.vhdl:5' bound to instance 'processing_system7_0' of component 'SpaceInvaders_processing_system7_0_0' [/home/sebastian/Desktop/Git/EmbeddedSystems/SpaceInvaders/SpaceInvaders.srcs/sources_1/bd/SpaceInvaders/synth/SpaceInvaders.vhd:4685]
INFO: [Synth 8-638] synthesizing module 'SpaceInvaders_processing_system7_0_0' [/home/sebastian/Desktop/Git/EmbeddedSystems/SpaceInvaders/SpaceInvaders.runs/synth_1/.Xil/Vivado-52018-sebastian-ZBook/realtime/SpaceInvaders_processing_system7_0_0_stub.vhdl:76]
INFO: [Synth 8-3491] module 'SpaceInvaders_rst_ps7_0_100M_0' declared at '/home/sebastian/Desktop/Git/EmbeddedSystems/SpaceInvaders/SpaceInvaders.runs/synth_1/.Xil/Vivado-52018-sebastian-ZBook/realtime/SpaceInvaders_rst_ps7_0_100M_0_stub.vhdl:5' bound to instance 'rst_ps7_0_100M' of component 'SpaceInvaders_rst_ps7_0_100M_0' [/home/sebastian/Desktop/Git/EmbeddedSystems/SpaceInvaders/SpaceInvaders.srcs/sources_1/bd/SpaceInvaders/synth/SpaceInvaders.vhd:4753]
INFO: [Synth 8-638] synthesizing module 'SpaceInvaders_rst_ps7_0_100M_0' [/home/sebastian/Desktop/Git/EmbeddedSystems/SpaceInvaders/SpaceInvaders.runs/synth_1/.Xil/Vivado-52018-sebastian-ZBook/realtime/SpaceInvaders_rst_ps7_0_100M_0_stub.vhdl:21]
INFO: [Synth 8-3491] module 'SpaceInvaders_xadc_wiz_0_0' declared at '/home/sebastian/Desktop/Git/EmbeddedSystems/SpaceInvaders/SpaceInvaders.runs/synth_1/.Xil/Vivado-52018-sebastian-ZBook/realtime/SpaceInvaders_xadc_wiz_0_0_stub.vhdl:5' bound to instance 'xadc_wiz_0' of component 'SpaceInvaders_xadc_wiz_0_0' [/home/sebastian/Desktop/Git/EmbeddedSystems/SpaceInvaders/SpaceInvaders.srcs/sources_1/bd/SpaceInvaders/synth/SpaceInvaders.vhd:4766]
INFO: [Synth 8-638] synthesizing module 'SpaceInvaders_xadc_wiz_0_0' [/home/sebastian/Desktop/Git/EmbeddedSystems/SpaceInvaders/SpaceInvaders.runs/synth_1/.Xil/Vivado-52018-sebastian-ZBook/realtime/SpaceInvaders_xadc_wiz_0_0_stub.vhdl:44]
INFO: [Synth 8-256] done synthesizing module 'SpaceInvaders' (14#1) [/home/sebastian/Desktop/Git/EmbeddedSystems/SpaceInvaders/SpaceInvaders.srcs/sources_1/bd/SpaceInvaders/synth/SpaceInvaders.vhd:3111]
INFO: [Synth 8-256] done synthesizing module 'SpaceInvaders_wrapper' (15#1) [/home/sebastian/Desktop/Git/EmbeddedSystems/SpaceInvaders/SpaceInvaders.srcs/sources_1/bd/SpaceInvaders/hdl/SpaceInvaders_wrapper.vhd:55]
INFO: [Synth 8-3491] module 'rows' declared at '/home/sebastian/Desktop/Git/EmbeddedSystems/SpaceInvaders/SpaceInvaders.srcs/sources_1/imports/new/row.vhd:5' bound to instance 'row1' of component 'rows' [/home/sebastian/Desktop/Git/EmbeddedSystems/SpaceInvaders/SpaceInvaders.srcs/sources_1/imports/new/top.vhd:120]
INFO: [Synth 8-638] synthesizing module 'rows' [/home/sebastian/Desktop/Git/EmbeddedSystems/SpaceInvaders/SpaceInvaders.srcs/sources_1/imports/new/row.vhd:15]
INFO: [Synth 8-3491] module 'color_channel' declared at '/home/sebastian/Desktop/Git/EmbeddedSystems/SpaceInvaders/SpaceInvaders.srcs/sources_1/imports/new/color_channel.vhd:6' bound to instance 'COLORS' of component 'color_channel' [/home/sebastian/Desktop/Git/EmbeddedSystems/SpaceInvaders/SpaceInvaders.srcs/sources_1/imports/new/row.vhd:30]
INFO: [Synth 8-638] synthesizing module 'color_channel' [/home/sebastian/Desktop/Git/EmbeddedSystems/SpaceInvaders/SpaceInvaders.srcs/sources_1/imports/new/color_channel.vhd:16]
INFO: [Synth 8-3491] module 'pwm_generator' declared at '/home/sebastian/Desktop/Git/EmbeddedSystems/SpaceInvaders/SpaceInvaders.srcs/sources_1/imports/new/pwm_generator.vhd:4' bound to instance 'pwm_red' of component 'pwm_generator' [/home/sebastian/Desktop/Git/EmbeddedSystems/SpaceInvaders/SpaceInvaders.srcs/sources_1/imports/new/color_channel.vhd:25]
INFO: [Synth 8-638] synthesizing module 'pwm_generator' [/home/sebastian/Desktop/Git/EmbeddedSystems/SpaceInvaders/SpaceInvaders.srcs/sources_1/imports/new/pwm_generator.vhd:10]
INFO: [Synth 8-256] done synthesizing module 'pwm_generator' (16#1) [/home/sebastian/Desktop/Git/EmbeddedSystems/SpaceInvaders/SpaceInvaders.srcs/sources_1/imports/new/pwm_generator.vhd:10]
INFO: [Synth 8-3491] module 'pwm_generator' declared at '/home/sebastian/Desktop/Git/EmbeddedSystems/SpaceInvaders/SpaceInvaders.srcs/sources_1/imports/new/pwm_generator.vhd:4' bound to instance 'pwm_green' of component 'pwm_generator' [/home/sebastian/Desktop/Git/EmbeddedSystems/SpaceInvaders/SpaceInvaders.srcs/sources_1/imports/new/color_channel.vhd:29]
INFO: [Synth 8-3491] module 'pwm_generator' declared at '/home/sebastian/Desktop/Git/EmbeddedSystems/SpaceInvaders/SpaceInvaders.srcs/sources_1/imports/new/pwm_generator.vhd:4' bound to instance 'pwm_blue' of component 'pwm_generator' [/home/sebastian/Desktop/Git/EmbeddedSystems/SpaceInvaders/SpaceInvaders.srcs/sources_1/imports/new/color_channel.vhd:33]
INFO: [Synth 8-256] done synthesizing module 'color_channel' (17#1) [/home/sebastian/Desktop/Git/EmbeddedSystems/SpaceInvaders/SpaceInvaders.srcs/sources_1/imports/new/color_channel.vhd:16]
INFO: [Synth 8-3491] module 'color_channel' declared at '/home/sebastian/Desktop/Git/EmbeddedSystems/SpaceInvaders/SpaceInvaders.srcs/sources_1/imports/new/color_channel.vhd:6' bound to instance 'COLORS' of component 'color_channel' [/home/sebastian/Desktop/Git/EmbeddedSystems/SpaceInvaders/SpaceInvaders.srcs/sources_1/imports/new/row.vhd:30]
INFO: [Synth 8-3491] module 'color_channel' declared at '/home/sebastian/Desktop/Git/EmbeddedSystems/SpaceInvaders/SpaceInvaders.srcs/sources_1/imports/new/color_channel.vhd:6' bound to instance 'COLORS' of component 'color_channel' [/home/sebastian/Desktop/Git/EmbeddedSystems/SpaceInvaders/SpaceInvaders.srcs/sources_1/imports/new/row.vhd:30]
INFO: [Synth 8-3491] module 'color_channel' declared at '/home/sebastian/Desktop/Git/EmbeddedSystems/SpaceInvaders/SpaceInvaders.srcs/sources_1/imports/new/color_channel.vhd:6' bound to instance 'COLORS' of component 'color_channel' [/home/sebastian/Desktop/Git/EmbeddedSystems/SpaceInvaders/SpaceInvaders.srcs/sources_1/imports/new/row.vhd:30]
INFO: [Synth 8-3491] module 'color_channel' declared at '/home/sebastian/Desktop/Git/EmbeddedSystems/SpaceInvaders/SpaceInvaders.srcs/sources_1/imports/new/color_channel.vhd:6' bound to instance 'COLORS' of component 'color_channel' [/home/sebastian/Desktop/Git/EmbeddedSystems/SpaceInvaders/SpaceInvaders.srcs/sources_1/imports/new/row.vhd:30]
INFO: [Synth 8-3491] module 'color_channel' declared at '/home/sebastian/Desktop/Git/EmbeddedSystems/SpaceInvaders/SpaceInvaders.srcs/sources_1/imports/new/color_channel.vhd:6' bound to instance 'COLORS' of component 'color_channel' [/home/sebastian/Desktop/Git/EmbeddedSystems/SpaceInvaders/SpaceInvaders.srcs/sources_1/imports/new/row.vhd:30]
INFO: [Synth 8-3491] module 'color_channel' declared at '/home/sebastian/Desktop/Git/EmbeddedSystems/SpaceInvaders/SpaceInvaders.srcs/sources_1/imports/new/color_channel.vhd:6' bound to instance 'COLORS' of component 'color_channel' [/home/sebastian/Desktop/Git/EmbeddedSystems/SpaceInvaders/SpaceInvaders.srcs/sources_1/imports/new/row.vhd:30]
INFO: [Synth 8-3491] module 'color_channel' declared at '/home/sebastian/Desktop/Git/EmbeddedSystems/SpaceInvaders/SpaceInvaders.srcs/sources_1/imports/new/color_channel.vhd:6' bound to instance 'COLORS' of component 'color_channel' [/home/sebastian/Desktop/Git/EmbeddedSystems/SpaceInvaders/SpaceInvaders.srcs/sources_1/imports/new/row.vhd:30]
INFO: [Synth 8-256] done synthesizing module 'rows' (18#1) [/home/sebastian/Desktop/Git/EmbeddedSystems/SpaceInvaders/SpaceInvaders.srcs/sources_1/imports/new/row.vhd:15]
INFO: [Synth 8-226] default block is never used [/home/sebastian/Desktop/Git/EmbeddedSystems/SpaceInvaders/SpaceInvaders.srcs/sources_1/imports/new/top.vhd:156]
INFO: [Synth 8-256] done synthesizing module 'top' (19#1) [/home/sebastian/Desktop/Git/EmbeddedSystems/SpaceInvaders/SpaceInvaders.srcs/sources_1/imports/new/top.vhd:21]
WARNING: [Synth 8-3331] design xlconcat_v2_1_1_xlconcat has unconnected port In2[0]
WARNING: [Synth 8-3331] design xlconcat_v2_1_1_xlconcat has unconnected port In3[0]
WARNING: [Synth 8-3331] design xlconcat_v2_1_1_xlconcat has unconnected port In4[0]
WARNING: [Synth 8-3331] design xlconcat_v2_1_1_xlconcat has unconnected port In5[0]
WARNING: [Synth 8-3331] design xlconcat_v2_1_1_xlconcat has unconnected port In6[0]
WARNING: [Synth 8-3331] design xlconcat_v2_1_1_xlconcat has unconnected port In7[0]
WARNING: [Synth 8-3331] design xlconcat_v2_1_1_xlconcat has unconnected port In8[0]
WARNING: [Synth 8-3331] design xlconcat_v2_1_1_xlconcat has unconnected port In9[0]
WARNING: [Synth 8-3331] design xlconcat_v2_1_1_xlconcat has unconnected port In10[0]
WARNING: [Synth 8-3331] design xlconcat_v2_1_1_xlconcat has unconnected port In11[0]
WARNING: [Synth 8-3331] design xlconcat_v2_1_1_xlconcat has unconnected port In12[0]
WARNING: [Synth 8-3331] design xlconcat_v2_1_1_xlconcat has unconnected port In13[0]
WARNING: [Synth 8-3331] design xlconcat_v2_1_1_xlconcat has unconnected port In14[0]
WARNING: [Synth 8-3331] design xlconcat_v2_1_1_xlconcat has unconnected port In15[0]
WARNING: [Synth 8-3331] design xlconcat_v2_1_1_xlconcat has unconnected port In16[0]
WARNING: [Synth 8-3331] design xlconcat_v2_1_1_xlconcat has unconnected port In17[0]
WARNING: [Synth 8-3331] design xlconcat_v2_1_1_xlconcat has unconnected port In18[0]
WARNING: [Synth 8-3331] design xlconcat_v2_1_1_xlconcat has unconnected port In19[0]
WARNING: [Synth 8-3331] design xlconcat_v2_1_1_xlconcat has unconnected port In20[0]
WARNING: [Synth 8-3331] design xlconcat_v2_1_1_xlconcat has unconnected port In21[0]
WARNING: [Synth 8-3331] design xlconcat_v2_1_1_xlconcat has unconnected port In22[0]
WARNING: [Synth 8-3331] design xlconcat_v2_1_1_xlconcat has unconnected port In23[0]
WARNING: [Synth 8-3331] design xlconcat_v2_1_1_xlconcat has unconnected port In24[0]
WARNING: [Synth 8-3331] design xlconcat_v2_1_1_xlconcat has unconnected port In25[0]
WARNING: [Synth 8-3331] design xlconcat_v2_1_1_xlconcat has unconnected port In26[0]
WARNING: [Synth 8-3331] design xlconcat_v2_1_1_xlconcat has unconnected port In27[0]
WARNING: [Synth 8-3331] design xlconcat_v2_1_1_xlconcat has unconnected port In28[0]
WARNING: [Synth 8-3331] design xlconcat_v2_1_1_xlconcat has unconnected port In29[0]
WARNING: [Synth 8-3331] design xlconcat_v2_1_1_xlconcat has unconnected port In30[0]
WARNING: [Synth 8-3331] design xlconcat_v2_1_1_xlconcat has unconnected port In31[0]
WARNING: [Synth 8-3331] design s00_couplers_imp_1B92GK0 has unconnected port M_ACLK
WARNING: [Synth 8-3331] design s00_couplers_imp_1B92GK0 has unconnected port M_ARESETN
WARNING: [Synth 8-3331] design s00_couplers_imp_1B92GK0 has unconnected port S_ACLK
WARNING: [Synth 8-3331] design s00_couplers_imp_1B92GK0 has unconnected port S_ARESETN
WARNING: [Synth 8-3331] design m06_couplers_imp_OHJTXX has unconnected port M_ACLK
WARNING: [Synth 8-3331] design m06_couplers_imp_OHJTXX has unconnected port M_ARESETN
WARNING: [Synth 8-3331] design m06_couplers_imp_OHJTXX has unconnected port S_ACLK
WARNING: [Synth 8-3331] design m06_couplers_imp_OHJTXX has unconnected port S_ARESETN
WARNING: [Synth 8-3331] design m05_couplers_imp_CXVT60 has unconnected port M_ACLK
WARNING: [Synth 8-3331] design m05_couplers_imp_CXVT60 has unconnected port M_ARESETN
WARNING: [Synth 8-3331] design m05_couplers_imp_CXVT60 has unconnected port S_ACLK
WARNING: [Synth 8-3331] design m05_couplers_imp_CXVT60 has unconnected port S_ARESETN
WARNING: [Synth 8-3331] design m04_couplers_imp_1EGDWAK has unconnected port M_ACLK
WARNING: [Synth 8-3331] design m04_couplers_imp_1EGDWAK has unconnected port M_ARESETN
WARNING: [Synth 8-3331] design m04_couplers_imp_1EGDWAK has unconnected port S_ACLK
WARNING: [Synth 8-3331] design m04_couplers_imp_1EGDWAK has unconnected port S_ARESETN
WARNING: [Synth 8-3331] design m03_couplers_imp_1I83VV6 has unconnected port M_ACLK
WARNING: [Synth 8-3331] design m03_couplers_imp_1I83VV6 has unconnected port M_ARESETN
WARNING: [Synth 8-3331] design m03_couplers_imp_1I83VV6 has unconnected port S_AXI_araddr[31]
WARNING: [Synth 8-3331] design m03_couplers_imp_1I83VV6 has unconnected port S_AXI_araddr[30]
WARNING: [Synth 8-3331] design m03_couplers_imp_1I83VV6 has unconnected port S_AXI_araddr[29]
WARNING: [Synth 8-3331] design m03_couplers_imp_1I83VV6 has unconnected port S_AXI_araddr[28]
WARNING: [Synth 8-3331] design m03_couplers_imp_1I83VV6 has unconnected port S_AXI_araddr[27]
WARNING: [Synth 8-3331] design m03_couplers_imp_1I83VV6 has unconnected port S_AXI_araddr[26]
WARNING: [Synth 8-3331] design m03_couplers_imp_1I83VV6 has unconnected port S_AXI_araddr[25]
WARNING: [Synth 8-3331] design m03_couplers_imp_1I83VV6 has unconnected port S_AXI_araddr[24]
WARNING: [Synth 8-3331] design m03_couplers_imp_1I83VV6 has unconnected port S_AXI_araddr[23]
WARNING: [Synth 8-3331] design m03_couplers_imp_1I83VV6 has unconnected port S_AXI_araddr[22]
WARNING: [Synth 8-3331] design m03_couplers_imp_1I83VV6 has unconnected port S_AXI_araddr[21]
WARNING: [Synth 8-3331] design m03_couplers_imp_1I83VV6 has unconnected port S_AXI_araddr[20]
WARNING: [Synth 8-3331] design m03_couplers_imp_1I83VV6 has unconnected port S_AXI_araddr[19]
WARNING: [Synth 8-3331] design m03_couplers_imp_1I83VV6 has unconnected port S_AXI_araddr[18]
WARNING: [Synth 8-3331] design m03_couplers_imp_1I83VV6 has unconnected port S_AXI_araddr[17]
WARNING: [Synth 8-3331] design m03_couplers_imp_1I83VV6 has unconnected port S_AXI_araddr[16]
WARNING: [Synth 8-3331] design m03_couplers_imp_1I83VV6 has unconnected port S_AXI_araddr[15]
WARNING: [Synth 8-3331] design m03_couplers_imp_1I83VV6 has unconnected port S_AXI_araddr[14]
WARNING: [Synth 8-3331] design m03_couplers_imp_1I83VV6 has unconnected port S_AXI_araddr[13]
WARNING: [Synth 8-3331] design m03_couplers_imp_1I83VV6 has unconnected port S_AXI_awaddr[31]
WARNING: [Synth 8-3331] design m03_couplers_imp_1I83VV6 has unconnected port S_AXI_awaddr[30]
WARNING: [Synth 8-3331] design m03_couplers_imp_1I83VV6 has unconnected port S_AXI_awaddr[29]
WARNING: [Synth 8-3331] design m03_couplers_imp_1I83VV6 has unconnected port S_AXI_awaddr[28]
WARNING: [Synth 8-3331] design m03_couplers_imp_1I83VV6 has unconnected port S_AXI_awaddr[27]
WARNING: [Synth 8-3331] design m03_couplers_imp_1I83VV6 has unconnected port S_AXI_awaddr[26]
WARNING: [Synth 8-3331] design m03_couplers_imp_1I83VV6 has unconnected port S_AXI_awaddr[25]
WARNING: [Synth 8-3331] design m03_couplers_imp_1I83VV6 has unconnected port S_AXI_awaddr[24]
WARNING: [Synth 8-3331] design m03_couplers_imp_1I83VV6 has unconnected port S_AXI_awaddr[23]
WARNING: [Synth 8-3331] design m03_couplers_imp_1I83VV6 has unconnected port S_AXI_awaddr[22]
WARNING: [Synth 8-3331] design m03_couplers_imp_1I83VV6 has unconnected port S_AXI_awaddr[21]
WARNING: [Synth 8-3331] design m03_couplers_imp_1I83VV6 has unconnected port S_AXI_awaddr[20]
WARNING: [Synth 8-3331] design m03_couplers_imp_1I83VV6 has unconnected port S_AXI_awaddr[19]
WARNING: [Synth 8-3331] design m03_couplers_imp_1I83VV6 has unconnected port S_AXI_awaddr[18]
WARNING: [Synth 8-3331] design m03_couplers_imp_1I83VV6 has unconnected port S_AXI_awaddr[17]
WARNING: [Synth 8-3331] design m03_couplers_imp_1I83VV6 has unconnected port S_AXI_awaddr[16]
WARNING: [Synth 8-3331] design m03_couplers_imp_1I83VV6 has unconnected port S_AXI_awaddr[15]
WARNING: [Synth 8-3331] design m03_couplers_imp_1I83VV6 has unconnected port S_AXI_awaddr[14]
WARNING: [Synth 8-3331] design m03_couplers_imp_1I83VV6 has unconnected port S_AXI_awaddr[13]
WARNING: [Synth 8-3331] design m02_couplers_imp_OG5SCM has unconnected port M_ACLK
WARNING: [Synth 8-3331] design m02_couplers_imp_OG5SCM has unconnected port M_ARESETN
WARNING: [Synth 8-3331] design m02_couplers_imp_OG5SCM has unconnected port S_AXI_araddr[31]
WARNING: [Synth 8-3331] design m02_couplers_imp_OG5SCM has unconnected port S_AXI_araddr[30]
WARNING: [Synth 8-3331] design m02_couplers_imp_OG5SCM has unconnected port S_AXI_araddr[29]
WARNING: [Synth 8-3331] design m02_couplers_imp_OG5SCM has unconnected port S_AXI_araddr[28]
WARNING: [Synth 8-3331] design m02_couplers_imp_OG5SCM has unconnected port S_AXI_araddr[27]
WARNING: [Synth 8-3331] design m02_couplers_imp_OG5SCM has unconnected port S_AXI_araddr[26]
WARNING: [Synth 8-3331] design m02_couplers_imp_OG5SCM has unconnected port S_AXI_araddr[25]
WARNING: [Synth 8-3331] design m02_couplers_imp_OG5SCM has unconnected port S_AXI_araddr[24]
WARNING: [Synth 8-3331] design m02_couplers_imp_OG5SCM has unconnected port S_AXI_araddr[23]
WARNING: [Synth 8-3331] design m02_couplers_imp_OG5SCM has unconnected port S_AXI_araddr[22]
WARNING: [Synth 8-3331] design m02_couplers_imp_OG5SCM has unconnected port S_AXI_araddr[21]
WARNING: [Synth 8-3331] design m02_couplers_imp_OG5SCM has unconnected port S_AXI_araddr[20]
INFO: [Common 17-14] Message 'Synth 8-3331' appears 100 times and further instances of the messages will be disabled. Use the Tcl command set_msg_config to change the current settings.
---------------------------------------------------------------------------------
Finished RTL Elaboration : Time (s): cpu = 00:00:02 ; elapsed = 00:00:03 . Memory (MB): peak = 1517.855 ; gain = 141.645 ; free physical = 8243 ; free virtual = 12915
---------------------------------------------------------------------------------

Report Check Netlist: 
+------+------------------+-------+---------+-------+------------------+
|      |Item              |Errors |Warnings |Status |Description       |
+------+------------------+-------+---------+-------+------------------+
|1     |multi_driven_nets |      0|        0|Passed |Multi driven nets |
+------+------------------+-------+---------+-------+------------------+
---------------------------------------------------------------------------------
Start Handling Custom Attributes
---------------------------------------------------------------------------------
---------------------------------------------------------------------------------
Finished Handling Custom Attributes : Time (s): cpu = 00:00:03 ; elapsed = 00:00:03 . Memory (MB): peak = 1517.855 ; gain = 141.645 ; free physical = 8249 ; free virtual = 12921
---------------------------------------------------------------------------------
---------------------------------------------------------------------------------
Finished RTL Optimization Phase 1 : Time (s): cpu = 00:00:03 ; elapsed = 00:00:03 . Memory (MB): peak = 1517.855 ; gain = 141.645 ; free physical = 8249 ; free virtual = 12921
---------------------------------------------------------------------------------
INFO: [Device 21-403] Loading part xc7z010clg400-1
INFO: [Project 1-570] Preparing netlist for logic optimization

Processing XDC Constraints
Initializing timing engine
Parsing XDC File [/home/sebastian/Desktop/Git/EmbeddedSystems/SpaceInvaders/SpaceInvaders.srcs/sources_1/bd/SpaceInvaders/ip/SpaceInvaders_xadc_wiz_0_0/SpaceInvaders_xadc_wiz_0_0/SpaceInvaders_xadc_wiz_0_0_in_context.xdc] for cell 'mem1/SpaceInvaders_i/xadc_wiz_0'
Finished Parsing XDC File [/home/sebastian/Desktop/Git/EmbeddedSystems/SpaceInvaders/SpaceInvaders.srcs/sources_1/bd/SpaceInvaders/ip/SpaceInvaders_xadc_wiz_0_0/SpaceInvaders_xadc_wiz_0_0/SpaceInvaders_xadc_wiz_0_0_in_context.xdc] for cell 'mem1/SpaceInvaders_i/xadc_wiz_0'
Parsing XDC File [/home/sebastian/Desktop/Git/EmbeddedSystems/SpaceInvaders/SpaceInvaders.srcs/sources_1/bd/SpaceInvaders/ip/SpaceInvaders_blk_mem_gen_0_0/SpaceInvaders_blk_mem_gen_0_0/SpaceInvaders_blk_mem_gen_0_0_in_context.xdc] for cell 'mem1/SpaceInvaders_i/blk_mem_gen_0'
Finished Parsing XDC File [/home/sebastian/Desktop/Git/EmbeddedSystems/SpaceInvaders/SpaceInvaders.srcs/sources_1/bd/SpaceInvaders/ip/SpaceInvaders_blk_mem_gen_0_0/SpaceInvaders_blk_mem_gen_0_0/SpaceInvaders_blk_mem_gen_0_0_in_context.xdc] for cell 'mem1/SpaceInvaders_i/blk_mem_gen_0'
Parsing XDC File [/home/sebastian/Desktop/Git/EmbeddedSystems/SpaceInvaders/SpaceInvaders.srcs/sources_1/bd/SpaceInvaders/ip/SpaceInvaders_blk_mem_gen_0_1/SpaceInvaders_blk_mem_gen_0_1/SpaceInvaders_blk_mem_gen_0_1_in_context.xdc] for cell 'mem1/SpaceInvaders_i/blk_mem_gen_1'
Finished Parsing XDC File [/home/sebastian/Desktop/Git/EmbeddedSystems/SpaceInvaders/SpaceInvaders.srcs/sources_1/bd/SpaceInvaders/ip/SpaceInvaders_blk_mem_gen_0_1/SpaceInvaders_blk_mem_gen_0_1/SpaceInvaders_blk_mem_gen_0_1_in_context.xdc] for cell 'mem1/SpaceInvaders_i/blk_mem_gen_1'
Parsing XDC File [/home/sebastian/Desktop/Git/EmbeddedSystems/SpaceInvaders/SpaceInvaders.srcs/sources_1/bd/SpaceInvaders/ip/SpaceInvaders_axi_bram_ctrl_0_0/SpaceInvaders_axi_bram_ctrl_0_0/SpaceInvaders_axi_bram_ctrl_0_0_in_context.xdc] for cell 'mem1/SpaceInvaders_i/axi_bram_ctrl_0'
Finished Parsing XDC File [/home/sebastian/Desktop/Git/EmbeddedSystems/SpaceInvaders/SpaceInvaders.srcs/sources_1/bd/SpaceInvaders/ip/SpaceInvaders_axi_bram_ctrl_0_0/SpaceInvaders_axi_bram_ctrl_0_0/SpaceInvaders_axi_bram_ctrl_0_0_in_context.xdc] for cell 'mem1/SpaceInvaders_i/axi_bram_ctrl_0'
Parsing XDC File [/home/sebastian/Desktop/Git/EmbeddedSystems/SpaceInvaders/SpaceInvaders.srcs/sources_1/bd/SpaceInvaders/ip/SpaceInvaders_axi_bram_ctrl_0_1/SpaceInvaders_axi_bram_ctrl_0_1/SpaceInvaders_axi_bram_ctrl_0_0_in_context.xdc] for cell 'mem1/SpaceInvaders_i/axi_bram_ctrl_1'
Finished Parsing XDC File [/home/sebastian/Desktop/Git/EmbeddedSystems/SpaceInvaders/SpaceInvaders.srcs/sources_1/bd/SpaceInvaders/ip/SpaceInvaders_axi_bram_ctrl_0_1/SpaceInvaders_axi_bram_ctrl_0_1/SpaceInvaders_axi_bram_ctrl_0_0_in_context.xdc] for cell 'mem1/SpaceInvaders_i/axi_bram_ctrl_1'
Parsing XDC File [/home/sebastian/Desktop/Git/EmbeddedSystems/SpaceInvaders/SpaceInvaders.srcs/sources_1/bd/SpaceInvaders/ip/SpaceInvaders_axi_gpio_0_0/SpaceInvaders_axi_gpio_0_0/SpaceInvaders_axi_gpio_0_0_in_context.xdc] for cell 'mem1/SpaceInvaders_i/axi_gpio_0'
Finished Parsing XDC File [/home/sebastian/Desktop/Git/EmbeddedSystems/SpaceInvaders/SpaceInvaders.srcs/sources_1/bd/SpaceInvaders/ip/SpaceInvaders_axi_gpio_0_0/SpaceInvaders_axi_gpio_0_0/SpaceInvaders_axi_gpio_0_0_in_context.xdc] for cell 'mem1/SpaceInvaders_i/axi_gpio_0'
Parsing XDC File [/home/sebastian/Desktop/Git/EmbeddedSystems/SpaceInvaders/SpaceInvaders.srcs/sources_1/bd/SpaceInvaders/ip/SpaceInvaders_axi_gpio_0_1/SpaceInvaders_axi_gpio_0_1/SpaceInvaders_axi_gpio_0_1_in_context.xdc] for cell 'mem1/SpaceInvaders_i/axi_gpio_1'
Finished Parsing XDC File [/home/sebastian/Desktop/Git/EmbeddedSystems/SpaceInvaders/SpaceInvaders.srcs/sources_1/bd/SpaceInvaders/ip/SpaceInvaders_axi_gpio_0_1/SpaceInvaders_axi_gpio_0_1/SpaceInvaders_axi_gpio_0_1_in_context.xdc] for cell 'mem1/SpaceInvaders_i/axi_gpio_1'
Parsing XDC File [/home/sebastian/Desktop/Git/EmbeddedSystems/SpaceInvaders/SpaceInvaders.srcs/sources_1/bd/SpaceInvaders/ip/SpaceInvaders_processing_system7_0_0/SpaceInvaders_processing_system7_0_0/SpaceInvaders_processing_system7_0_0_in_context.xdc] for cell 'mem1/SpaceInvaders_i/processing_system7_0'
Finished Parsing XDC File [/home/sebastian/Desktop/Git/EmbeddedSystems/SpaceInvaders/SpaceInvaders.srcs/sources_1/bd/SpaceInvaders/ip/SpaceInvaders_processing_system7_0_0/SpaceInvaders_processing_system7_0_0/SpaceInvaders_processing_system7_0_0_in_context.xdc] for cell 'mem1/SpaceInvaders_i/processing_system7_0'
Parsing XDC File [/home/sebastian/Desktop/Git/EmbeddedSystems/SpaceInvaders/SpaceInvaders.srcs/sources_1/bd/SpaceInvaders/ip/SpaceInvaders_xbar_2/SpaceInvaders_xbar_2/SpaceInvaders_xbar_2_in_context.xdc] for cell 'mem1/SpaceInvaders_i/microblaze_0_axi_periph/xbar'
Finished Parsing XDC File [/home/sebastian/Desktop/Git/EmbeddedSystems/SpaceInvaders/SpaceInvaders.srcs/sources_1/bd/SpaceInvaders/ip/SpaceInvaders_xbar_2/SpaceInvaders_xbar_2/SpaceInvaders_xbar_2_in_context.xdc] for cell 'mem1/SpaceInvaders_i/microblaze_0_axi_periph/xbar'
Parsing XDC File [/home/sebastian/Desktop/Git/EmbeddedSystems/SpaceInvaders/SpaceInvaders.srcs/sources_1/bd/SpaceInvaders/ip/SpaceInvaders_microblaze_0_axi_intc_2/SpaceInvaders_microblaze_0_axi_intc_2/SpaceInvaders_microblaze_0_axi_intc_2_in_context.xdc] for cell 'mem1/SpaceInvaders_i/microblaze_0_axi_intc'
Finished Parsing XDC File [/home/sebastian/Desktop/Git/EmbeddedSystems/SpaceInvaders/SpaceInvaders.srcs/sources_1/bd/SpaceInvaders/ip/SpaceInvaders_microblaze_0_axi_intc_2/SpaceInvaders_microblaze_0_axi_intc_2/SpaceInvaders_microblaze_0_axi_intc_2_in_context.xdc] for cell 'mem1/SpaceInvaders_i/microblaze_0_axi_intc'
Parsing XDC File [/home/sebastian/Desktop/Git/EmbeddedSystems/SpaceInvaders/SpaceInvaders.srcs/sources_1/bd/SpaceInvaders/ip/SpaceInvaders_mdm_1_2/SpaceInvaders_mdm_1_2/SpaceInvaders_mdm_1_2_in_context.xdc] for cell 'mem1/SpaceInvaders_i/mdm_1'
Finished Parsing XDC File [/home/sebastian/Desktop/Git/EmbeddedSystems/SpaceInvaders/SpaceInvaders.srcs/sources_1/bd/SpaceInvaders/ip/SpaceInvaders_mdm_1_2/SpaceInvaders_mdm_1_2/SpaceInvaders_mdm_1_2_in_context.xdc] for cell 'mem1/SpaceInvaders_i/mdm_1'
Parsing XDC File [/home/sebastian/Desktop/Git/EmbeddedSystems/SpaceInvaders/SpaceInvaders.srcs/sources_1/bd/SpaceInvaders/ip/SpaceInvaders_rst_ps7_0_100M_0/SpaceInvaders_rst_ps7_0_100M_0/SpaceInvaders_rst_ps7_0_100M_0_in_context.xdc] for cell 'mem1/SpaceInvaders_i/rst_ps7_0_100M'
Finished Parsing XDC File [/home/sebastian/Desktop/Git/EmbeddedSystems/SpaceInvaders/SpaceInvaders.srcs/sources_1/bd/SpaceInvaders/ip/SpaceInvaders_rst_ps7_0_100M_0/SpaceInvaders_rst_ps7_0_100M_0/SpaceInvaders_rst_ps7_0_100M_0_in_context.xdc] for cell 'mem1/SpaceInvaders_i/rst_ps7_0_100M'
Parsing XDC File [/home/sebastian/Desktop/Git/EmbeddedSystems/SpaceInvaders/SpaceInvaders.srcs/sources_1/bd/SpaceInvaders/ip/SpaceInvaders_axi_bram_ctrl_2_1/SpaceInvaders_axi_bram_ctrl_2_1/SpaceInvaders_axi_bram_ctrl_0_0_in_context.xdc] for cell 'mem1/SpaceInvaders_i/axi_bram_ctrl_2'
Finished Parsing XDC File [/home/sebastian/Desktop/Git/EmbeddedSystems/SpaceInvaders/SpaceInvaders.srcs/sources_1/bd/SpaceInvaders/ip/SpaceInvaders_axi_bram_ctrl_2_1/SpaceInvaders_axi_bram_ctrl_2_1/SpaceInvaders_axi_bram_ctrl_0_0_in_context.xdc] for cell 'mem1/SpaceInvaders_i/axi_bram_ctrl_2'
Parsing XDC File [/home/sebastian/Desktop/Git/EmbeddedSystems/SpaceInvaders/SpaceInvaders.srcs/sources_1/bd/SpaceInvaders/ip/SpaceInvaders_axi_smc_1/SpaceInvaders_axi_smc_1/SpaceInvaders_axi_smc_1_in_context.xdc] for cell 'mem1/SpaceInvaders_i/axi_smc'
Finished Parsing XDC File [/home/sebastian/Desktop/Git/EmbeddedSystems/SpaceInvaders/SpaceInvaders.srcs/sources_1/bd/SpaceInvaders/ip/SpaceInvaders_axi_smc_1/SpaceInvaders_axi_smc_1/SpaceInvaders_axi_smc_1_in_context.xdc] for cell 'mem1/SpaceInvaders_i/axi_smc'
Parsing XDC File [/home/sebastian/Desktop/Git/EmbeddedSystems/SpaceInvaders/SpaceInvaders.srcs/sources_1/bd/SpaceInvaders/ip/SpaceInvaders_microblaze_0_0/SpaceInvaders_microblaze_0_0/SpaceInvaders_microblaze_0_0_in_context.xdc] for cell 'mem1/SpaceInvaders_i/microblaze_0'
Finished Parsing XDC File [/home/sebastian/Desktop/Git/EmbeddedSystems/SpaceInvaders/SpaceInvaders.srcs/sources_1/bd/SpaceInvaders/ip/SpaceInvaders_microblaze_0_0/SpaceInvaders_microblaze_0_0/SpaceInvaders_microblaze_0_0_in_context.xdc] for cell 'mem1/SpaceInvaders_i/microblaze_0'
Parsing XDC File [/home/sebastian/Desktop/Git/EmbeddedSystems/SpaceInvaders/SpaceInvaders.srcs/sources_1/bd/SpaceInvaders/ip/SpaceInvaders_dlmb_v10_0/SpaceInvaders_dlmb_v10_0/SpaceInvaders_ilmb_v10_2_in_context.xdc] for cell 'mem1/SpaceInvaders_i/microblaze_0_local_memory/dlmb_v10'
Finished Parsing XDC File [/home/sebastian/Desktop/Git/EmbeddedSystems/SpaceInvaders/SpaceInvaders.srcs/sources_1/bd/SpaceInvaders/ip/SpaceInvaders_dlmb_v10_0/SpaceInvaders_dlmb_v10_0/SpaceInvaders_ilmb_v10_2_in_context.xdc] for cell 'mem1/SpaceInvaders_i/microblaze_0_local_memory/dlmb_v10'
Parsing XDC File [/home/sebastian/Desktop/Git/EmbeddedSystems/SpaceInvaders/SpaceInvaders.srcs/sources_1/bd/SpaceInvaders/ip/SpaceInvaders_ilmb_v10_0/SpaceInvaders_ilmb_v10_0/SpaceInvaders_ilmb_v10_2_in_context.xdc] for cell 'mem1/SpaceInvaders_i/microblaze_0_local_memory/ilmb_v10'
Finished Parsing XDC File [/home/sebastian/Desktop/Git/EmbeddedSystems/SpaceInvaders/SpaceInvaders.srcs/sources_1/bd/SpaceInvaders/ip/SpaceInvaders_ilmb_v10_0/SpaceInvaders_ilmb_v10_0/SpaceInvaders_ilmb_v10_2_in_context.xdc] for cell 'mem1/SpaceInvaders_i/microblaze_0_local_memory/ilmb_v10'
Parsing XDC File [/home/sebastian/Desktop/Git/EmbeddedSystems/SpaceInvaders/SpaceInvaders.srcs/sources_1/bd/SpaceInvaders/ip/SpaceInvaders_dlmb_bram_if_cntlr_0/SpaceInvaders_dlmb_bram_if_cntlr_0/SpaceInvaders_dlmb_bram_if_cntlr_2_in_context.xdc] for cell 'mem1/SpaceInvaders_i/microblaze_0_local_memory/dlmb_bram_if_cntlr'
Finished Parsing XDC File [/home/sebastian/Desktop/Git/EmbeddedSystems/SpaceInvaders/SpaceInvaders.srcs/sources_1/bd/SpaceInvaders/ip/SpaceInvaders_dlmb_bram_if_cntlr_0/SpaceInvaders_dlmb_bram_if_cntlr_0/SpaceInvaders_dlmb_bram_if_cntlr_2_in_context.xdc] for cell 'mem1/SpaceInvaders_i/microblaze_0_local_memory/dlmb_bram_if_cntlr'
Parsing XDC File [/home/sebastian/Desktop/Git/EmbeddedSystems/SpaceInvaders/SpaceInvaders.srcs/sources_1/bd/SpaceInvaders/ip/SpaceInvaders_ilmb_bram_if_cntlr_0/SpaceInvaders_ilmb_bram_if_cntlr_0/SpaceInvaders_ilmb_bram_if_cntlr_2_in_context.xdc] for cell 'mem1/SpaceInvaders_i/microblaze_0_local_memory/ilmb_bram_if_cntlr'
Finished Parsing XDC File [/home/sebastian/Desktop/Git/EmbeddedSystems/SpaceInvaders/SpaceInvaders.srcs/sources_1/bd/SpaceInvaders/ip/SpaceInvaders_ilmb_bram_if_cntlr_0/SpaceInvaders_ilmb_bram_if_cntlr_0/SpaceInvaders_ilmb_bram_if_cntlr_2_in_context.xdc] for cell 'mem1/SpaceInvaders_i/microblaze_0_local_memory/ilmb_bram_if_cntlr'
Parsing XDC File [/home/sebastian/Desktop/Git/EmbeddedSystems/SpaceInvaders/SpaceInvaders.srcs/sources_1/bd/SpaceInvaders/ip/SpaceInvaders_lmb_bram_0/SpaceInvaders_lmb_bram_0/SpaceInvaders_lmb_bram_0_in_context.xdc] for cell 'mem1/SpaceInvaders_i/microblaze_0_local_memory/lmb_bram'
Finished Parsing XDC File [/home/sebastian/Desktop/Git/EmbeddedSystems/SpaceInvaders/SpaceInvaders.srcs/sources_1/bd/SpaceInvaders/ip/SpaceInvaders_lmb_bram_0/SpaceInvaders_lmb_bram_0/SpaceInvaders_lmb_bram_0_in_context.xdc] for cell 'mem1/SpaceInvaders_i/microblaze_0_local_memory/lmb_bram'
Parsing XDC File [/home/sebastian/Desktop/Git/EmbeddedSystems/SpaceInvaders/SpaceInvaders.srcs/sources_1/bd/SpaceInvaders/ip/SpaceInvaders_auto_pc_0/SpaceInvaders_auto_pc_0/SpaceInvaders_auto_pc_1_in_context.xdc] for cell 'mem1/SpaceInvaders_i/microblaze_0_axi_periph/m02_couplers/auto_pc'
Finished Parsing XDC File [/home/sebastian/Desktop/Git/EmbeddedSystems/SpaceInvaders/SpaceInvaders.srcs/sources_1/bd/SpaceInvaders/ip/SpaceInvaders_auto_pc_0/SpaceInvaders_auto_pc_0/SpaceInvaders_auto_pc_1_in_context.xdc] for cell 'mem1/SpaceInvaders_i/microblaze_0_axi_periph/m02_couplers/auto_pc'
Parsing XDC File [/home/sebastian/Desktop/Git/EmbeddedSystems/SpaceInvaders/SpaceInvaders.srcs/sources_1/bd/SpaceInvaders/ip/SpaceInvaders_auto_pc_1/SpaceInvaders_auto_pc_1/SpaceInvaders_auto_pc_1_in_context.xdc] for cell 'mem1/SpaceInvaders_i/microblaze_0_axi_periph/m03_couplers/auto_pc'
Finished Parsing XDC File [/home/sebastian/Desktop/Git/EmbeddedSystems/SpaceInvaders/SpaceInvaders.srcs/sources_1/bd/SpaceInvaders/ip/SpaceInvaders_auto_pc_1/SpaceInvaders_auto_pc_1/SpaceInvaders_auto_pc_1_in_context.xdc] for cell 'mem1/SpaceInvaders_i/microblaze_0_axi_periph/m03_couplers/auto_pc'
Parsing XDC File [/home/sebastian/Desktop/Git/EmbeddedSystems/SpaceInvaders/SpaceInvaders.srcs/constrs_1/imports/new/RGB_Matrix.xdc]
Finished Parsing XDC File [/home/sebastian/Desktop/Git/EmbeddedSystems/SpaceInvaders/SpaceInvaders.srcs/constrs_1/imports/new/RGB_Matrix.xdc]
INFO: [Project 1-236] Implementation specific constraints were found while reading constraint file [/home/sebastian/Desktop/Git/EmbeddedSystems/SpaceInvaders/SpaceInvaders.srcs/constrs_1/imports/new/RGB_Matrix.xdc]. These constraints will be ignored for synthesis but will be used in implementation. Impacted constraints are listed in the file [.Xil/top_propImpl.xdc].
Resolution: To avoid this warning, move constraints listed in [.Xil/top_propImpl.xdc] to another XDC file and exclude this new file from synthesis with the used_in_synthesis property (File Properties dialog in GUI) and re-run elaboration/synthesis.
Parsing XDC File [/home/sebastian/Desktop/Git/EmbeddedSystems/SpaceInvaders/SpaceInvaders.runs/synth_1/dont_touch.xdc]
Finished Parsing XDC File [/home/sebastian/Desktop/Git/EmbeddedSystems/SpaceInvaders/SpaceInvaders.runs/synth_1/dont_touch.xdc]
Netlist sorting complete. Time (s): cpu = 00:00:00 ; elapsed = 00:00:00 . Memory (MB): peak = 1884.527 ; gain = 0.000 ; free physical = 7987 ; free virtual = 12659
Completed Processing XDC Constraints

Netlist sorting complete. Time (s): cpu = 00:00:00 ; elapsed = 00:00:00 . Memory (MB): peak = 1884.527 ; gain = 0.000 ; free physical = 7987 ; free virtual = 12659
INFO: [Project 1-111] Unisim Transformation Summary:
No Unisim elements were transformed.

Netlist sorting complete. Time (s): cpu = 00:00:00 ; elapsed = 00:00:00 . Memory (MB): peak = 1884.527 ; gain = 0.000 ; free physical = 7987 ; free virtual = 12659
Constraint Validation Runtime : Time (s): cpu = 00:00:00 ; elapsed = 00:00:00.01 . Memory (MB): peak = 1884.527 ; gain = 0.000 ; free physical = 7987 ; free virtual = 12659
WARNING: [Timing 38-316] Clock period '20.000' specified during out-of-context synthesis of instance 'mem1/SpaceInvaders_i/blk_mem_gen_0' at clock pin 'clka' is different from the actual clock period '10.000', this can lead to different synthesis results.
WARNING: [Timing 38-316] Clock period '20.000' specified during out-of-context synthesis of instance 'mem1/SpaceInvaders_i/blk_mem_gen_1' at clock pin 'clka' is different from the actual clock period '10.000', this can lead to different synthesis results.
WARNING: [Timing 38-316] Clock period '20.000' specified during out-of-context synthesis of instance 'mem1/SpaceInvaders_i/microblaze_0_local_memory/lmb_bram' at clock pin 'clka' is different from the actual clock period '10.000', this can lead to different synthesis results.
---------------------------------------------------------------------------------
Finished Constraint Validation : Time (s): cpu = 00:00:08 ; elapsed = 00:00:10 . Memory (MB): peak = 1884.527 ; gain = 508.316 ; free physical = 8073 ; free virtual = 12746
---------------------------------------------------------------------------------
---------------------------------------------------------------------------------
Start Loading Part and Timing Information
---------------------------------------------------------------------------------
Loading part: xc7z010clg400-1
---------------------------------------------------------------------------------
Finished Loading Part and Timing Information : Time (s): cpu = 00:00:08 ; elapsed = 00:00:10 . Memory (MB): peak = 1884.527 ; gain = 508.316 ; free physical = 8073 ; free virtual = 12746
---------------------------------------------------------------------------------
---------------------------------------------------------------------------------
Start Applying 'set_property' XDC Constraints
---------------------------------------------------------------------------------
Applied set_property DONT_TOUCH = true for mem1/SpaceInvaders_i. (constraint file  auto generated constraint, line ).
Applied set_property DONT_TOUCH = true for mem1/SpaceInvaders_i/xadc_wiz_0. (constraint file  auto generated constraint, line ).
Applied set_property DONT_TOUCH = true for mem1/SpaceInvaders_i/blk_mem_gen_0. (constraint file  auto generated constraint, line ).
Applied set_property DONT_TOUCH = true for mem1/SpaceInvaders_i/blk_mem_gen_1. (constraint file  auto generated constraint, line ).
Applied set_property DONT_TOUCH = true for mem1/SpaceInvaders_i/axi_bram_ctrl_0. (constraint file  auto generated constraint, line ).
Applied set_property DONT_TOUCH = true for mem1/SpaceInvaders_i/axi_bram_ctrl_1. (constraint file  auto generated constraint, line ).
Applied set_property DONT_TOUCH = true for mem1/SpaceInvaders_i/axi_gpio_0. (constraint file  auto generated constraint, line ).
Applied set_property DONT_TOUCH = true for mem1/SpaceInvaders_i/axi_gpio_1. (constraint file  auto generated constraint, line ).
Applied set_property DONT_TOUCH = true for mem1/SpaceInvaders_i/processing_system7_0. (constraint file  auto generated constraint, line ).
Applied set_property DONT_TOUCH = true for mem1/SpaceInvaders_i/microblaze_0_axi_periph/xbar. (constraint file  auto generated constraint, line ).
Applied set_property DONT_TOUCH = true for mem1/SpaceInvaders_i/microblaze_0_axi_periph. (constraint file  auto generated constraint, line ).
Applied set_property DONT_TOUCH = true for mem1/SpaceInvaders_i/microblaze_0_axi_intc. (constraint file  auto generated constraint, line ).
Applied set_property DONT_TOUCH = true for mem1/SpaceInvaders_i/microblaze_0_xlconcat. (constraint file  auto generated constraint, line ).
Applied set_property DONT_TOUCH = true for mem1/SpaceInvaders_i/mdm_1. (constraint file  auto generated constraint, line ).
Applied set_property DONT_TOUCH = true for mem1/SpaceInvaders_i/rst_ps7_0_100M. (constraint file  auto generated constraint, line ).
Applied set_property DONT_TOUCH = true for mem1/SpaceInvaders_i/axi_bram_ctrl_2. (constraint file  auto generated constraint, line ).
Applied set_property DONT_TOUCH = true for mem1/SpaceInvaders_i/axi_smc. (constraint file  auto generated constraint, line ).
Applied set_property DONT_TOUCH = true for mem1/SpaceInvaders_i/microblaze_0. (constraint file  auto generated constraint, line ).
Applied set_property DONT_TOUCH = true for mem1/SpaceInvaders_i/microblaze_0_local_memory/dlmb_v10. (constraint file  auto generated constraint, line ).
Applied set_property DONT_TOUCH = true for mem1/SpaceInvaders_i/microblaze_0_local_memory/ilmb_v10. (constraint file  auto generated constraint, line ).
Applied set_property DONT_TOUCH = true for mem1/SpaceInvaders_i/microblaze_0_local_memory/dlmb_bram_if_cntlr. (constraint file  auto generated constraint, line ).
Applied set_property DONT_TOUCH = true for mem1/SpaceInvaders_i/microblaze_0_local_memory/ilmb_bram_if_cntlr. (constraint file  auto generated constraint, line ).
Applied set_property DONT_TOUCH = true for mem1/SpaceInvaders_i/microblaze_0_local_memory/lmb_bram. (constraint file  auto generated constraint, line ).
Applied set_property DONT_TOUCH = true for mem1/SpaceInvaders_i/microblaze_0_axi_periph/m02_couplers/auto_pc. (constraint file  auto generated constraint, line ).
Applied set_property DONT_TOUCH = true for mem1/SpaceInvaders_i/microblaze_0_axi_periph/m03_couplers/auto_pc. (constraint file  auto generated constraint, line ).
---------------------------------------------------------------------------------
Finished applying 'set_property' XDC Constraints : Time (s): cpu = 00:00:09 ; elapsed = 00:00:10 . Memory (MB): peak = 1884.527 ; gain = 508.316 ; free physical = 8076 ; free virtual = 12748
---------------------------------------------------------------------------------
INFO: [Synth 8-5544] ROM "mem_addr0" won't be mapped to Block RAM because address size (2) smaller than threshold (5)
INFO: [Synth 8-802] inferred FSM for state register 'state_reg' in module 'top'
INFO: [Synth 8-802] inferred FSM for state register 'memory_state_reg' in module 'top'
---------------------------------------------------------------------------------------------------
                   State |                     New Encoding |                Previous Encoding 
---------------------------------------------------------------------------------------------------
                   ready |                             0001 |                               11
                   reset |                             0010 |                               00
                   setup |                             0100 |                               01
                   latch |                             1000 |                               10
---------------------------------------------------------------------------------------------------
INFO: [Synth 8-3354] encoded FSM with state register 'memory_state_reg' using encoding 'one-hot' in module 'top'
---------------------------------------------------------------------------------------------------
                   State |                     New Encoding |                Previous Encoding 
---------------------------------------------------------------------------------------------------
                   shift |                               00 |                               00
                     get |                               01 |                               01
                 waiting |                               10 |                               10
                   ready |                               11 |                               11
---------------------------------------------------------------------------------------------------
INFO: [Synth 8-3354] encoded FSM with state register 'state_reg' using encoding 'sequential' in module 'top'
---------------------------------------------------------------------------------
Finished RTL Optimization Phase 2 : Time (s): cpu = 00:00:09 ; elapsed = 00:00:10 . Memory (MB): peak = 1884.527 ; gain = 508.316 ; free physical = 8067 ; free virtual = 12740
---------------------------------------------------------------------------------

Report RTL Partitions: 
+-+--------------+------------+----------+
| |RTL Partition |Replication |Instances |
+-+--------------+------------+----------+
+-+--------------+------------+----------+
---------------------------------------------------------------------------------
Start RTL Component Statistics 
---------------------------------------------------------------------------------
Detailed RTL Component Info : 
+---Adders : 
	   2 Input      3 Bit       Adders := 1     
+---Registers : 
	               64 Bit    Registers := 9     
	                3 Bit    Registers := 2     
	                1 Bit    Registers := 2     
+---Muxes : 
	   8 Input      8 Bit        Muxes := 1     
	   4 Input      4 Bit        Muxes := 1     
	   2 Input      4 Bit        Muxes := 1     
	   4 Input      2 Bit        Muxes := 1     
	   2 Input      2 Bit        Muxes := 2     
	   4 Input      1 Bit        Muxes := 7     
	   3 Input      1 Bit        Muxes := 1     
---------------------------------------------------------------------------------
Finished RTL Component Statistics 
---------------------------------------------------------------------------------
---------------------------------------------------------------------------------
Start RTL Hierarchical Component Statistics 
---------------------------------------------------------------------------------
Hierarchical RTL Component report 
Module top 
Detailed RTL Component Info : 
+---Adders : 
	   2 Input      3 Bit       Adders := 1     
+---Registers : 
	               64 Bit    Registers := 9     
	                3 Bit    Registers := 2     
	                1 Bit    Registers := 2     
+---Muxes : 
	   8 Input      8 Bit        Muxes := 1     
	   4 Input      4 Bit        Muxes := 1     
	   2 Input      4 Bit        Muxes := 1     
	   4 Input      2 Bit        Muxes := 1     
	   2 Input      2 Bit        Muxes := 2     
	   4 Input      1 Bit        Muxes := 7     
	   3 Input      1 Bit        Muxes := 1     
---------------------------------------------------------------------------------
Finished RTL Hierarchical Component Statistics
---------------------------------------------------------------------------------
---------------------------------------------------------------------------------
Start Part Resource Summary
---------------------------------------------------------------------------------
Part Resources:
DSPs: 80 (col length:40)
BRAMs: 120 (col length: RAMB18 40 RAMB36 20)
---------------------------------------------------------------------------------
Finished Part Resource Summary
---------------------------------------------------------------------------------
---------------------------------------------------------------------------------
Start Cross Boundary and Area Optimization
---------------------------------------------------------------------------------
Warning: Parallel synthesis criteria is not met 
INFO: [Synth 8-4471] merging register 'row_addr_shift_reg[2:0]' into 'row_addr_shift_reg[2:0]' [/home/sebastian/Desktop/Git/EmbeddedSystems/SpaceInvaders/SpaceInvaders.srcs/sources_1/imports/new/top.vhd:161]
INFO: [Synth 8-3886] merging instance 'bram_addr_reg[0]' (FDE) to 'bram_addr_reg[1]'
INFO: [Synth 8-3333] propagating constant 0 across sequential element (\bram_addr_reg[1] )
---------------------------------------------------------------------------------
Finished Cross Boundary and Area Optimization : Time (s): cpu = 00:00:10 ; elapsed = 00:00:11 . Memory (MB): peak = 1884.527 ; gain = 508.316 ; free physical = 8048 ; free virtual = 12724
---------------------------------------------------------------------------------

Report RTL Partitions: 
+-+--------------+------------+----------+
| |RTL Partition |Replication |Instances |
+-+--------------+------------+----------+
+-+--------------+------------+----------+
---------------------------------------------------------------------------------
Start Applying XDC Timing Constraints
---------------------------------------------------------------------------------
INFO: [Synth 8-5578] Moved timing constraint from pin 'mem1/SpaceInvaders_i/axi_bram_ctrl_0/bram_clk_a' to pin 'mem1/SpaceInvaders_i/axi_bram_ctrl_0/bbstub_bram_clk_a/O'
INFO: [Synth 8-5578] Moved timing constraint from pin 'mem1/SpaceInvaders_i/axi_bram_ctrl_1/bram_clk_a' to pin 'mem1/SpaceInvaders_i/axi_bram_ctrl_1/bbstub_bram_clk_a/O'
INFO: [Synth 8-5578] Moved timing constraint from pin 'mem1/SpaceInvaders_i/processing_system7_0/FCLK_CLK0' to pin 'mem1/SpaceInvaders_i/processing_system7_0/bbstub_FCLK_CLK0/O'
INFO: [Synth 8-5578] Moved timing constraint from pin 'mem1/SpaceInvaders_i/mdm_1/Dbg_Clk_0' to pin 'mem1/SpaceInvaders_i/mdm_1/bbstub_Dbg_Clk_0/O'
INFO: [Synth 8-5578] Moved timing constraint from pin 'mem1/SpaceInvaders_i/mdm_1/Dbg_Update_0' to pin 'mem1/SpaceInvaders_i/mdm_1/bbstub_Dbg_Update_0/O'
INFO: [Synth 8-5578] Moved timing constraint from pin 'mem1/SpaceInvaders_i/axi_bram_ctrl_2/bram_clk_a' to pin 'mem1/SpaceInvaders_i/axi_bram_ctrl_2/bbstub_bram_clk_a/O'
INFO: [Synth 8-5578] Moved timing constraint from pin 'mem1/SpaceInvaders_i/microblaze_0_local_memory/dlmb_bram_if_cntlr/BRAM_Clk_A' to pin 'mem1/SpaceInvaders_i/microblaze_0_local_memory/dlmb_bram_if_cntlr/bbstub_BRAM_Clk_A/O'
INFO: [Synth 8-5578] Moved timing constraint from pin 'mem1/SpaceInvaders_i/microblaze_0_local_memory/ilmb_bram_if_cntlr/BRAM_Clk_A' to pin 'mem1/SpaceInvaders_i/microblaze_0_local_memory/ilmb_bram_if_cntlr/bbstub_BRAM_Clk_A/O'
INFO: [Synth 8-5819] Moved 8 constraints on hierarchical pins to their respective driving/loading pins
---------------------------------------------------------------------------------
Finished Applying XDC Timing Constraints : Time (s): cpu = 00:00:15 ; elapsed = 00:00:16 . Memory (MB): peak = 1884.527 ; gain = 508.316 ; free physical = 7923 ; free virtual = 12598
---------------------------------------------------------------------------------
---------------------------------------------------------------------------------
Start Timing Optimization
---------------------------------------------------------------------------------
---------------------------------------------------------------------------------
Finished Timing Optimization : Time (s): cpu = 00:00:16 ; elapsed = 00:00:17 . Memory (MB): peak = 1884.527 ; gain = 508.316 ; free physical = 7912 ; free virtual = 12587
---------------------------------------------------------------------------------

Report RTL Partitions: 
+-+--------------+------------+----------+
| |RTL Partition |Replication |Instances |
+-+--------------+------------+----------+
+-+--------------+------------+----------+
---------------------------------------------------------------------------------
Start Technology Mapping
---------------------------------------------------------------------------------
---------------------------------------------------------------------------------
Finished Technology Mapping : Time (s): cpu = 00:00:16 ; elapsed = 00:00:18 . Memory (MB): peak = 1884.527 ; gain = 508.316 ; free physical = 7910 ; free virtual = 12586
---------------------------------------------------------------------------------

Report RTL Partitions: 
+-+--------------+------------+----------+
| |RTL Partition |Replication |Instances |
+-+--------------+------------+----------+
+-+--------------+------------+----------+
---------------------------------------------------------------------------------
Start IO Insertion
---------------------------------------------------------------------------------
---------------------------------------------------------------------------------
Start Flattening Before IO Insertion
---------------------------------------------------------------------------------
---------------------------------------------------------------------------------
Finished Flattening Before IO Insertion
---------------------------------------------------------------------------------
---------------------------------------------------------------------------------
Start Final Netlist Cleanup
---------------------------------------------------------------------------------
---------------------------------------------------------------------------------
Finished Final Netlist Cleanup
---------------------------------------------------------------------------------
---------------------------------------------------------------------------------
Finished IO Insertion : Time (s): cpu = 00:00:17 ; elapsed = 00:00:18 . Memory (MB): peak = 1884.527 ; gain = 508.316 ; free physical = 7910 ; free virtual = 12586
---------------------------------------------------------------------------------

Report Check Netlist: 
+------+------------------+-------+---------+-------+------------------+
|      |Item              |Errors |Warnings |Status |Description       |
+------+------------------+-------+---------+-------+------------------+
|1     |multi_driven_nets |      0|        0|Passed |Multi driven nets |
+------+------------------+-------+---------+-------+------------------+
---------------------------------------------------------------------------------
Start Renaming Generated Instances
---------------------------------------------------------------------------------
---------------------------------------------------------------------------------
Finished Renaming Generated Instances : Time (s): cpu = 00:00:17 ; elapsed = 00:00:18 . Memory (MB): peak = 1884.527 ; gain = 508.316 ; free physical = 7910 ; free virtual = 12586
---------------------------------------------------------------------------------

Report RTL Partitions: 
+-+--------------+------------+----------+
| |RTL Partition |Replication |Instances |
+-+--------------+------------+----------+
+-+--------------+------------+----------+
---------------------------------------------------------------------------------
Start Rebuilding User Hierarchy
---------------------------------------------------------------------------------
---------------------------------------------------------------------------------
Finished Rebuilding User Hierarchy : Time (s): cpu = 00:00:17 ; elapsed = 00:00:18 . Memory (MB): peak = 1884.527 ; gain = 508.316 ; free physical = 7910 ; free virtual = 12586
---------------------------------------------------------------------------------
---------------------------------------------------------------------------------
Start Renaming Generated Ports
---------------------------------------------------------------------------------
---------------------------------------------------------------------------------
Finished Renaming Generated Ports : Time (s): cpu = 00:00:17 ; elapsed = 00:00:18 . Memory (MB): peak = 1884.527 ; gain = 508.316 ; free physical = 7910 ; free virtual = 12586
---------------------------------------------------------------------------------
---------------------------------------------------------------------------------
Start Handling Custom Attributes
---------------------------------------------------------------------------------
---------------------------------------------------------------------------------
Finished Handling Custom Attributes : Time (s): cpu = 00:00:17 ; elapsed = 00:00:18 . Memory (MB): peak = 1884.527 ; gain = 508.316 ; free physical = 7910 ; free virtual = 12586
---------------------------------------------------------------------------------
---------------------------------------------------------------------------------
Start Renaming Generated Nets
---------------------------------------------------------------------------------
---------------------------------------------------------------------------------
Finished Renaming Generated Nets : Time (s): cpu = 00:00:17 ; elapsed = 00:00:18 . Memory (MB): peak = 1884.527 ; gain = 508.316 ; free physical = 7910 ; free virtual = 12586
---------------------------------------------------------------------------------
---------------------------------------------------------------------------------
Start Writing Synthesis Report
---------------------------------------------------------------------------------

Report BlackBoxes: 
+------+--------------------------------------+----------+
|      |BlackBox name                         |Instances |
+------+--------------------------------------+----------+
|1     |SpaceInvaders_xbar_2                  |         1|
|2     |SpaceInvaders_auto_pc_0               |         1|
|3     |SpaceInvaders_auto_pc_1               |         1|
|4     |SpaceInvaders_axi_bram_ctrl_0_0       |         1|
|5     |SpaceInvaders_axi_bram_ctrl_0_1       |         1|
|6     |SpaceInvaders_axi_bram_ctrl_2_1       |         1|
|7     |SpaceInvaders_axi_gpio_0_0            |         1|
|8     |SpaceInvaders_axi_gpio_0_1            |         1|
|9     |SpaceInvaders_axi_smc_1               |         1|
|10    |SpaceInvaders_blk_mem_gen_0_0         |         1|
|11    |SpaceInvaders_blk_mem_gen_0_1         |         1|
|12    |SpaceInvaders_mdm_1_2                 |         1|
|13    |SpaceInvaders_microblaze_0_0          |         1|
|14    |SpaceInvaders_microblaze_0_axi_intc_2 |         1|
|15    |SpaceInvaders_processing_system7_0_0  |         1|
|16    |SpaceInvaders_rst_ps7_0_100M_0        |         1|
|17    |SpaceInvaders_xadc_wiz_0_0            |         1|
|18    |SpaceInvaders_dlmb_bram_if_cntlr_0    |         1|
|19    |SpaceInvaders_dlmb_v10_0              |         1|
|20    |SpaceInvaders_ilmb_bram_if_cntlr_0    |         1|
|21    |SpaceInvaders_ilmb_v10_0              |         1|
|22    |SpaceInvaders_lmb_bram_0              |         1|
+------+--------------------------------------+----------+

Report Cell Usage: 
+------+----------------------------------------------+------+
|      |Cell                                          |Count |
+------+----------------------------------------------+------+
|1     |SpaceInvaders_auto_pc_0_bbox_11               |     1|
|2     |SpaceInvaders_auto_pc_1_bbox_12               |     1|
|3     |SpaceInvaders_axi_bram_ctrl_0_0_bbox_0        |     1|
|4     |SpaceInvaders_axi_bram_ctrl_0_1_bbox_1        |     1|
|5     |SpaceInvaders_axi_bram_ctrl_2_1_bbox_2        |     1|
|6     |SpaceInvaders_axi_gpio_0_0_bbox_3             |     1|
|7     |SpaceInvaders_axi_gpio_0_1_bbox_4             |     1|
|8     |SpaceInvaders_axi_smc_1_bbox_5                |     1|
|9     |SpaceInvaders_blk_mem_gen_0_0_bbox_6          |     1|
|10    |SpaceInvaders_blk_mem_gen_0_1_bbox_7          |     1|
|11    |SpaceInvaders_dlmb_bram_if_cntlr_0_bbox_14    |     1|
|12    |SpaceInvaders_dlmb_v10_0_bbox_15              |     1|
|13    |SpaceInvaders_ilmb_bram_if_cntlr_0_bbox_16    |     1|
|14    |SpaceInvaders_ilmb_v10_0_bbox_17              |     1|
|15    |SpaceInvaders_lmb_bram_0_bbox_18              |     1|
|16    |SpaceInvaders_mdm_1_2_bbox_8                  |     1|
|17    |SpaceInvaders_microblaze_0_0_bbox_9           |     1|
|18    |SpaceInvaders_microblaze_0_axi_intc_2_bbox_10 |     1|
|19    |SpaceInvaders_processing_system7_0_0_bbox_19  |     1|
|20    |SpaceInvaders_rst_ps7_0_100M_0_bbox_20        |     1|
|21    |SpaceInvaders_xadc_wiz_0_0_bbox_21            |     1|
|22    |SpaceInvaders_xbar_2_bbox_13                  |     1|
|23    |BUFG                                          |     1|
|24    |CARRY4                                        |    48|
|25    |LUT1                                          |     3|
|26    |LUT2                                          |     5|
|27    |LUT3                                          |    10|
|28    |LUT4                                          |   199|
|29    |LUT5                                          |     4|
|30    |LUT6                                          |     4|
|31    |FDRE                                          |   682|
|32    |IBUF                                          |     8|
|33    |OBUF                                          |    36|
+------+----------------------------------------------+------+

Report Instance Areas: 
+------+--------------------------------+----------------------------------------+------+
|      |Instance                        |Module                                  |Cells |
+------+--------------------------------+----------------------------------------+------+
|1     |top                             |                                        |  3888|
|2     |  row1                          |rows                                    |    24|
|3     |    \multi_colors[0].COLORS     |color_channel                           |     3|
|4     |      pwm_blue                  |pwm_generator_27                        |     1|
|5     |      pwm_green                 |pwm_generator_28                        |     1|
|6     |      pwm_red                   |pwm_generator_29                        |     1|
|7     |    \multi_colors[1].COLORS     |color_channel_0                         |     3|
|8     |      pwm_blue                  |pwm_generator_24                        |     1|
|9     |      pwm_green                 |pwm_generator_25                        |     1|
|10    |      pwm_red                   |pwm_generator_26                        |     1|
|11    |    \multi_colors[2].COLORS     |color_channel_1                         |     3|
|12    |      pwm_blue                  |pwm_generator_21                        |     1|
|13    |      pwm_green                 |pwm_generator_22                        |     1|
|14    |      pwm_red                   |pwm_generator_23                        |     1|
|15    |    \multi_colors[3].COLORS     |color_channel_2                         |     3|
|16    |      pwm_blue                  |pwm_generator_18                        |     1|
|17    |      pwm_green                 |pwm_generator_19                        |     1|
|18    |      pwm_red                   |pwm_generator_20                        |     1|
|19    |    \multi_colors[4].COLORS     |color_channel_3                         |     3|
|20    |      pwm_blue                  |pwm_generator_15                        |     1|
|21    |      pwm_green                 |pwm_generator_16                        |     1|
|22    |      pwm_red                   |pwm_generator_17                        |     1|
|23    |    \multi_colors[5].COLORS     |color_channel_4                         |     3|
|24    |      pwm_blue                  |pwm_generator_12                        |     1|
|25    |      pwm_green                 |pwm_generator_13                        |     1|
|26    |      pwm_red                   |pwm_generator_14                        |     1|
|27    |    \multi_colors[6].COLORS     |color_channel_5                         |     3|
|28    |      pwm_blue                  |pwm_generator_9                         |     1|
|29    |      pwm_green                 |pwm_generator_10                        |     1|
|30    |      pwm_red                   |pwm_generator_11                        |     1|
|31    |    \multi_colors[7].COLORS     |color_channel_6                         |     3|
|32    |      pwm_blue                  |pwm_generator                           |     1|
|33    |      pwm_green                 |pwm_generator_7                         |     1|
|34    |      pwm_red                   |pwm_generator_8                         |     1|
|35    |  timer1                        |timer                                   |   210|
|36    |  mem1                          |SpaceInvaders_wrapper                   |  2888|
|37    |    SpaceInvaders_i             |SpaceInvaders                           |  2888|
|38    |      microblaze_0_axi_periph   |SpaceInvaders_microblaze_0_axi_periph_2 |  1152|
|39    |        m02_couplers            |m02_couplers_imp_OG5SCM                 |   167|
|40    |        m03_couplers            |m03_couplers_imp_1I83VV6                |   167|
|41    |      microblaze_0_xlconcat     |SpaceInvaders_microblaze_0_xlconcat_2   |     0|
|42    |      microblaze_0_local_memory |microblaze_0_local_memory_imp_SZH1PG    |   496|
+------+--------------------------------+----------------------------------------+------+
---------------------------------------------------------------------------------
Finished Writing Synthesis Report : Time (s): cpu = 00:00:17 ; elapsed = 00:00:18 . Memory (MB): peak = 1884.527 ; gain = 508.316 ; free physical = 7910 ; free virtual = 12586
---------------------------------------------------------------------------------
Synthesis finished with 0 errors, 0 critical warnings and 16 warnings.
Synthesis Optimization Runtime : Time (s): cpu = 00:00:13 ; elapsed = 00:00:14 . Memory (MB): peak = 1884.527 ; gain = 141.645 ; free physical = 7968 ; free virtual = 12644
Synthesis Optimization Complete : Time (s): cpu = 00:00:17 ; elapsed = 00:00:18 . Memory (MB): peak = 1884.527 ; gain = 508.316 ; free physical = 7975 ; free virtual = 12651
INFO: [Project 1-571] Translating synthesized netlist
INFO: [Netlist 29-17] Analyzing 48 Unisim elements for replacement
INFO: [Netlist 29-28] Unisim Transformation completed in 0 CPU seconds
INFO: [Project 1-570] Preparing netlist for logic optimization
INFO: [Opt 31-138] Pushed 0 inverter(s) to 0 load pin(s).
Netlist sorting complete. Time (s): cpu = 00:00:00 ; elapsed = 00:00:00 . Memory (MB): peak = 1884.527 ; gain = 0.000 ; free physical = 7908 ; free virtual = 12584
INFO: [Project 1-111] Unisim Transformation Summary:
No Unisim elements were transformed.

INFO: [Common 17-83] Releasing license: Synthesis
132 Infos, 126 Warnings, 0 Critical Warnings and 0 Errors encountered.
synth_design completed successfully
synth_design: Time (s): cpu = 00:00:18 ; elapsed = 00:00:19 . Memory (MB): peak = 1884.527 ; gain = 519.875 ; free physical = 7964 ; free virtual = 12639
Netlist sorting complete. Time (s): cpu = 00:00:00 ; elapsed = 00:00:00 . Memory (MB): peak = 1884.527 ; gain = 0.000 ; free physical = 7963 ; free virtual = 12639
WARNING: [Constraints 18-5210] No constraints selected for write.
Resolution: This message can indicate that there are no constraints for the design, or it can indicate that the used_in flags are set such that the constraints are ignored. This later case is used when running synth_design to not write synthesis constraints to the resulting checkpoint. Instead, project constraints are read when the synthesized design is opened.
INFO: [Common 17-1381] The checkpoint '/home/sebastian/Desktop/Git/EmbeddedSystems/SpaceInvaders/SpaceInvaders.runs/synth_1/top.dcp' has been generated.
INFO: [runtcl-4] Executing : report_utilization -file top_utilization_synth.rpt -pb top_utilization_synth.pb
INFO: [Common 17-206] Exiting Vivado at Sat Apr 24 19:18:00 2021...
