10:50:35 INFO  : Registering command handlers for SDK TCF services
10:50:36 INFO  : Launching XSCT server: xsct -n -interactive /home/sebastian/Desktop/Git/EmbeddedSystems/Lab5/Lab5.sdk/temp_xsdb_launch_script.tcl
10:50:39 INFO  : XSCT server has started successfully.
10:50:39 INFO  : Successfully done setting XSCT server connection channel  
10:50:39 INFO  : Successfully done setting SDK workspace  
10:50:39 INFO  : Processing command line option -hwspec /home/sebastian/Desktop/Git/EmbeddedSystems/Lab5/Lab5.sdk/top.hdf.
10:51:55 INFO  : 'targets -set -filter {jtag_cable_name =~ "Digilent Zybo 210279785819A" && level==0} -index 1' command is executed.
10:51:55 INFO  : 'fpga -state' command is executed.
10:51:55 INFO  : Connected to target on host '127.0.0.1' and port '3121'.
10:51:55 INFO  : Jtag cable 'Digilent Zybo 210279785819A' is selected.
10:51:55 INFO  : 'jtag frequency' command is executed.
10:51:55 INFO  : Sourcing of '/home/sebastian/Desktop/Git/EmbeddedSystems/Lab5/Lab5.sdk/top_hw_platform_0/ps7_init.tcl' is done.
10:51:55 INFO  : Context for 'APU' is selected.
10:51:55 INFO  : Hardware design information is loaded from '/home/sebastian/Desktop/Git/EmbeddedSystems/Lab5/Lab5.sdk/top_hw_platform_0/system.hdf'.
10:51:55 INFO  : 'configparams force-mem-access 1' command is executed.
10:51:55 INFO  : Context for 'APU' is selected.
10:51:55 INFO  : 'stop' command is executed.
10:51:55 INFO  : 'ps7_init' command is executed.
10:51:55 INFO  : 'ps7_post_config' command is executed.
10:51:55 INFO  : Context for processor 'ps7_cortexa9_0' is selected.
10:51:55 INFO  : Processor reset is completed for 'ps7_cortexa9_0'.
10:51:55 INFO  : Context for processor 'ps7_cortexa9_0' is selected.
10:51:55 INFO  : The application '/home/sebastian/Desktop/Git/EmbeddedSystems/Lab5/Lab5.sdk/Lab5/Debug/Lab5.elf' is downloaded to processor 'ps7_cortexa9_0'.
10:51:55 INFO  : 'configparams force-mem-access 0' command is executed.
10:51:55 INFO  : ----------------XSDB Script----------------
connect -url tcp:127.0.0.1:3121
source /home/sebastian/Desktop/Git/EmbeddedSystems/Lab5/Lab5.sdk/top_hw_platform_0/ps7_init.tcl
targets -set -nocase -filter {name =~"APU*" && jtag_cable_name =~ "Digilent Zybo 210279785819A"} -index 0
loadhw -hw /home/sebastian/Desktop/Git/EmbeddedSystems/Lab5/Lab5.sdk/top_hw_platform_0/system.hdf -mem-ranges [list {0x40000000 0xbfffffff}]
configparams force-mem-access 1
targets -set -nocase -filter {name =~"APU*" && jtag_cable_name =~ "Digilent Zybo 210279785819A"} -index 0
stop
ps7_init
ps7_post_config
targets -set -nocase -filter {name =~ "ARM*#0" && jtag_cable_name =~ "Digilent Zybo 210279785819A"} -index 0
rst -processor
targets -set -nocase -filter {name =~ "ARM*#0" && jtag_cable_name =~ "Digilent Zybo 210279785819A"} -index 0
dow /home/sebastian/Desktop/Git/EmbeddedSystems/Lab5/Lab5.sdk/Lab5/Debug/Lab5.elf
configparams force-mem-access 0
----------------End of Script----------------

10:51:55 INFO  : Memory regions updated for context APU
10:51:56 INFO  : Context for processor 'ps7_cortexa9_0' is selected.
10:51:56 INFO  : 'con' command is executed.
10:51:56 INFO  : ----------------XSDB Script (After Launch)----------------
targets -set -nocase -filter {name =~ "ARM*#0" && jtag_cable_name =~ "Digilent Zybo 210279785819A"} -index 0
con
----------------End of Script----------------

10:51:56 INFO  : Launch script is exported to file '/home/sebastian/Desktop/Git/EmbeddedSystems/Lab5/Lab5.sdk/.sdk/launch_scripts/xilinx_c-c++_application_(system_debugger)/system_debugger_using_debug_lab5.elf_on_local.tcl'
10:52:22 INFO  : Disconnected from the channel tcfchan#1.
10:52:23 INFO  : Connected to target on host '127.0.0.1' and port '3121'.
10:52:23 INFO  : Jtag cable 'Digilent Zybo 210279785819A' is selected.
10:52:23 INFO  : 'jtag frequency' command is executed.
10:52:23 INFO  : Sourcing of '/home/sebastian/Desktop/Git/EmbeddedSystems/Lab5/Lab5.sdk/top_hw_platform_0/ps7_init.tcl' is done.
10:52:23 INFO  : Context for 'APU' is selected.
10:52:23 INFO  : System reset is completed.
10:52:26 INFO  : 'after 3000' command is executed.
10:52:26 INFO  : 'targets -set -filter {jtag_cable_name =~ "Digilent Zybo 210279785819A" && level==0} -index 1' command is executed.
10:52:27 INFO  : FPGA configured successfully with bitstream "/home/sebastian/Desktop/Git/EmbeddedSystems/Lab5/Lab5.sdk/top_hw_platform_0/top.bit"
10:52:27 INFO  : Context for 'APU' is selected.
10:52:29 INFO  : Hardware design information is loaded from '/home/sebastian/Desktop/Git/EmbeddedSystems/Lab5/Lab5.sdk/top_hw_platform_0/system.hdf'.
10:52:29 INFO  : 'configparams force-mem-access 1' command is executed.
10:52:29 INFO  : Context for 'APU' is selected.
10:52:29 INFO  : 'ps7_init' command is executed.
10:52:29 INFO  : 'ps7_post_config' command is executed.
10:52:29 INFO  : Context for processor 'ps7_cortexa9_0' is selected.
10:52:29 INFO  : The application '/home/sebastian/Desktop/Git/EmbeddedSystems/Lab5/Lab5.sdk/Lab5/Debug/Lab5.elf' is downloaded to processor 'ps7_cortexa9_0'.
10:52:29 INFO  : 'configparams force-mem-access 0' command is executed.
10:52:29 INFO  : ----------------XSDB Script----------------
connect -url tcp:127.0.0.1:3121
source /home/sebastian/Desktop/Git/EmbeddedSystems/Lab5/Lab5.sdk/top_hw_platform_0/ps7_init.tcl
targets -set -nocase -filter {name =~"APU*" && jtag_cable_name =~ "Digilent Zybo 210279785819A"} -index 0
rst -system
after 3000
targets -set -filter {jtag_cable_name =~ "Digilent Zybo 210279785819A" && level==0} -index 1
fpga -file /home/sebastian/Desktop/Git/EmbeddedSystems/Lab5/Lab5.sdk/top_hw_platform_0/top.bit
targets -set -nocase -filter {name =~"APU*" && jtag_cable_name =~ "Digilent Zybo 210279785819A"} -index 0
loadhw -hw /home/sebastian/Desktop/Git/EmbeddedSystems/Lab5/Lab5.sdk/top_hw_platform_0/system.hdf -mem-ranges [list {0x40000000 0xbfffffff}]
configparams force-mem-access 1
targets -set -nocase -filter {name =~"APU*" && jtag_cable_name =~ "Digilent Zybo 210279785819A"} -index 0
ps7_init
ps7_post_config
targets -set -nocase -filter {name =~ "ARM*#0" && jtag_cable_name =~ "Digilent Zybo 210279785819A"} -index 0
dow /home/sebastian/Desktop/Git/EmbeddedSystems/Lab5/Lab5.sdk/Lab5/Debug/Lab5.elf
configparams force-mem-access 0
----------------End of Script----------------

10:52:29 INFO  : Memory regions updated for context APU
10:52:29 INFO  : Context for processor 'ps7_cortexa9_0' is selected.
10:52:29 INFO  : 'con' command is executed.
10:52:29 INFO  : ----------------XSDB Script (After Launch)----------------
targets -set -nocase -filter {name =~ "ARM*#0" && jtag_cable_name =~ "Digilent Zybo 210279785819A"} -index 0
con
----------------End of Script----------------

10:52:29 INFO  : Launch script is exported to file '/home/sebastian/Desktop/Git/EmbeddedSystems/Lab5/Lab5.sdk/.sdk/launch_scripts/xilinx_c-c++_application_(system_debugger)/system_debugger_using_debug_lab5.elf_on_local.tcl'
10:52:50 INFO  : Disconnected from the channel tcfchan#2.
10:52:51 INFO  : Connected to target on host '127.0.0.1' and port '3121'.
10:52:51 INFO  : Jtag cable 'Digilent Zybo 210279785819A' is selected.
10:52:51 INFO  : 'jtag frequency' command is executed.
10:52:51 INFO  : Sourcing of '/home/sebastian/Desktop/Git/EmbeddedSystems/Lab5/Lab5.sdk/top_hw_platform_0/ps7_init.tcl' is done.
10:52:51 INFO  : Context for 'APU' is selected.
10:52:51 INFO  : System reset is completed.
10:52:54 INFO  : 'after 3000' command is executed.
10:52:54 INFO  : 'targets -set -filter {jtag_cable_name =~ "Digilent Zybo 210279785819A" && level==0} -index 1' command is executed.
10:52:56 INFO  : FPGA configured successfully with bitstream "/home/sebastian/Desktop/Git/EmbeddedSystems/Lab5/Lab5.sdk/top_hw_platform_0/top.bit"
10:52:56 INFO  : Context for 'APU' is selected.
10:52:57 INFO  : Hardware design information is loaded from '/home/sebastian/Desktop/Git/EmbeddedSystems/Lab5/Lab5.sdk/top_hw_platform_0/system.hdf'.
10:52:57 INFO  : 'configparams force-mem-access 1' command is executed.
10:52:57 INFO  : Context for 'APU' is selected.
10:52:57 INFO  : 'ps7_init' command is executed.
10:52:57 INFO  : 'ps7_post_config' command is executed.
10:52:57 INFO  : Context for processor 'ps7_cortexa9_0' is selected.
10:52:57 INFO  : The application '/home/sebastian/Desktop/Git/EmbeddedSystems/Lab5/Lab5.sdk/Lab5/Debug/Lab5.elf' is downloaded to processor 'ps7_cortexa9_0'.
10:52:57 INFO  : 'configparams force-mem-access 0' command is executed.
10:52:57 INFO  : ----------------XSDB Script----------------
connect -url tcp:127.0.0.1:3121
source /home/sebastian/Desktop/Git/EmbeddedSystems/Lab5/Lab5.sdk/top_hw_platform_0/ps7_init.tcl
targets -set -nocase -filter {name =~"APU*" && jtag_cable_name =~ "Digilent Zybo 210279785819A"} -index 0
rst -system
after 3000
targets -set -filter {jtag_cable_name =~ "Digilent Zybo 210279785819A" && level==0} -index 1
fpga -file /home/sebastian/Desktop/Git/EmbeddedSystems/Lab5/Lab5.sdk/top_hw_platform_0/top.bit
targets -set -nocase -filter {name =~"APU*" && jtag_cable_name =~ "Digilent Zybo 210279785819A"} -index 0
loadhw -hw /home/sebastian/Desktop/Git/EmbeddedSystems/Lab5/Lab5.sdk/top_hw_platform_0/system.hdf -mem-ranges [list {0x40000000 0xbfffffff}]
configparams force-mem-access 1
targets -set -nocase -filter {name =~"APU*" && jtag_cable_name =~ "Digilent Zybo 210279785819A"} -index 0
ps7_init
ps7_post_config
targets -set -nocase -filter {name =~ "ARM*#0" && jtag_cable_name =~ "Digilent Zybo 210279785819A"} -index 0
dow /home/sebastian/Desktop/Git/EmbeddedSystems/Lab5/Lab5.sdk/Lab5/Debug/Lab5.elf
configparams force-mem-access 0
----------------End of Script----------------

10:52:57 INFO  : Memory regions updated for context APU
10:52:58 INFO  : Context for processor 'ps7_cortexa9_0' is selected.
10:52:58 INFO  : 'con' command is executed.
10:52:58 INFO  : ----------------XSDB Script (After Launch)----------------
targets -set -nocase -filter {name =~ "ARM*#0" && jtag_cable_name =~ "Digilent Zybo 210279785819A"} -index 0
con
----------------End of Script----------------

10:52:58 INFO  : Launch script is exported to file '/home/sebastian/Desktop/Git/EmbeddedSystems/Lab5/Lab5.sdk/.sdk/launch_scripts/xilinx_c-c++_application_(system_debugger)/system_debugger_using_debug_lab5.elf_on_local.tcl'
12:37:32 INFO  : Disconnected from the channel tcfchan#3.
12:37:33 INFO  : Connected to target on host '127.0.0.1' and port '3121'.
12:37:33 INFO  : Jtag cable 'Digilent Zybo 210279785819A' is selected.
12:37:33 INFO  : 'jtag frequency' command is executed.
12:37:33 INFO  : Sourcing of '/home/sebastian/Desktop/Git/EmbeddedSystems/Lab5/Lab5.sdk/top_hw_platform_0/ps7_init.tcl' is done.
12:37:33 INFO  : Context for 'APU' is selected.
12:37:34 INFO  : System reset is completed.
12:37:37 INFO  : 'after 3000' command is executed.
12:37:37 INFO  : 'targets -set -filter {jtag_cable_name =~ "Digilent Zybo 210279785819A" && level==0} -index 1' command is executed.
12:37:38 INFO  : FPGA configured successfully with bitstream "/home/sebastian/Desktop/Git/EmbeddedSystems/Lab5/Lab5.sdk/top_hw_platform_0/top.bit"
12:37:38 INFO  : Context for 'APU' is selected.
12:37:39 INFO  : Hardware design information is loaded from '/home/sebastian/Desktop/Git/EmbeddedSystems/Lab5/Lab5.sdk/top_hw_platform_0/system.hdf'.
12:37:39 INFO  : 'configparams force-mem-access 1' command is executed.
12:37:39 INFO  : Context for 'APU' is selected.
12:37:40 INFO  : 'ps7_init' command is executed.
12:37:40 INFO  : 'ps7_post_config' command is executed.
12:37:40 INFO  : Context for processor 'ps7_cortexa9_0' is selected.
12:37:40 INFO  : The application '/home/sebastian/Desktop/Git/EmbeddedSystems/Lab5/Lab5.sdk/Lab5/Debug/Lab5.elf' is downloaded to processor 'ps7_cortexa9_0'.
12:37:40 INFO  : 'configparams force-mem-access 0' command is executed.
12:37:40 INFO  : ----------------XSDB Script----------------
connect -url tcp:127.0.0.1:3121
source /home/sebastian/Desktop/Git/EmbeddedSystems/Lab5/Lab5.sdk/top_hw_platform_0/ps7_init.tcl
targets -set -nocase -filter {name =~"APU*" && jtag_cable_name =~ "Digilent Zybo 210279785819A"} -index 0
rst -system
after 3000
targets -set -filter {jtag_cable_name =~ "Digilent Zybo 210279785819A" && level==0} -index 1
fpga -file /home/sebastian/Desktop/Git/EmbeddedSystems/Lab5/Lab5.sdk/top_hw_platform_0/top.bit
targets -set -nocase -filter {name =~"APU*" && jtag_cable_name =~ "Digilent Zybo 210279785819A"} -index 0
loadhw -hw /home/sebastian/Desktop/Git/EmbeddedSystems/Lab5/Lab5.sdk/top_hw_platform_0/system.hdf -mem-ranges [list {0x40000000 0xbfffffff}]
configparams force-mem-access 1
targets -set -nocase -filter {name =~"APU*" && jtag_cable_name =~ "Digilent Zybo 210279785819A"} -index 0
ps7_init
ps7_post_config
targets -set -nocase -filter {name =~ "ARM*#0" && jtag_cable_name =~ "Digilent Zybo 210279785819A"} -index 0
dow /home/sebastian/Desktop/Git/EmbeddedSystems/Lab5/Lab5.sdk/Lab5/Debug/Lab5.elf
configparams force-mem-access 0
----------------End of Script----------------

12:37:40 INFO  : Memory regions updated for context APU
12:37:40 INFO  : Context for processor 'ps7_cortexa9_0' is selected.
12:37:40 INFO  : 'con' command is executed.
12:37:40 INFO  : ----------------XSDB Script (After Launch)----------------
targets -set -nocase -filter {name =~ "ARM*#0" && jtag_cable_name =~ "Digilent Zybo 210279785819A"} -index 0
con
----------------End of Script----------------

12:37:40 INFO  : Launch script is exported to file '/home/sebastian/Desktop/Git/EmbeddedSystems/Lab5/Lab5.sdk/.sdk/launch_scripts/xilinx_c-c++_application_(system_debugger)/system_debugger_using_debug_lab5.elf_on_local.tcl'
12:38:49 INFO  : Disconnected from the channel tcfchan#4.
12:38:50 INFO  : Connected to target on host '127.0.0.1' and port '3121'.
12:38:50 INFO  : Jtag cable 'Digilent Zybo 210279785819A' is selected.
12:38:50 INFO  : 'jtag frequency' command is executed.
12:38:50 INFO  : Sourcing of '/home/sebastian/Desktop/Git/EmbeddedSystems/Lab5/Lab5.sdk/top_hw_platform_0/ps7_init.tcl' is done.
12:38:50 INFO  : Context for 'APU' is selected.
12:38:50 INFO  : System reset is completed.
12:38:53 INFO  : 'after 3000' command is executed.
12:38:53 INFO  : 'targets -set -filter {jtag_cable_name =~ "Digilent Zybo 210279785819A" && level==0} -index 1' command is executed.
12:38:54 INFO  : FPGA configured successfully with bitstream "/home/sebastian/Desktop/Git/EmbeddedSystems/Lab5/Lab5.sdk/top_hw_platform_0/top.bit"
12:38:54 INFO  : Context for 'APU' is selected.
12:38:56 INFO  : Hardware design information is loaded from '/home/sebastian/Desktop/Git/EmbeddedSystems/Lab5/Lab5.sdk/top_hw_platform_0/system.hdf'.
12:38:56 INFO  : 'configparams force-mem-access 1' command is executed.
12:38:56 INFO  : Context for 'APU' is selected.
12:38:56 INFO  : 'ps7_init' command is executed.
12:38:56 INFO  : 'ps7_post_config' command is executed.
12:38:56 INFO  : Context for processor 'ps7_cortexa9_0' is selected.
12:38:56 INFO  : The application '/home/sebastian/Desktop/Git/EmbeddedSystems/Lab5/Lab5.sdk/Lab5/Debug/Lab5.elf' is downloaded to processor 'ps7_cortexa9_0'.
12:38:56 INFO  : 'configparams force-mem-access 0' command is executed.
12:38:56 INFO  : ----------------XSDB Script----------------
connect -url tcp:127.0.0.1:3121
source /home/sebastian/Desktop/Git/EmbeddedSystems/Lab5/Lab5.sdk/top_hw_platform_0/ps7_init.tcl
targets -set -nocase -filter {name =~"APU*" && jtag_cable_name =~ "Digilent Zybo 210279785819A"} -index 0
rst -system
after 3000
targets -set -filter {jtag_cable_name =~ "Digilent Zybo 210279785819A" && level==0} -index 1
fpga -file /home/sebastian/Desktop/Git/EmbeddedSystems/Lab5/Lab5.sdk/top_hw_platform_0/top.bit
targets -set -nocase -filter {name =~"APU*" && jtag_cable_name =~ "Digilent Zybo 210279785819A"} -index 0
loadhw -hw /home/sebastian/Desktop/Git/EmbeddedSystems/Lab5/Lab5.sdk/top_hw_platform_0/system.hdf -mem-ranges [list {0x40000000 0xbfffffff}]
configparams force-mem-access 1
targets -set -nocase -filter {name =~"APU*" && jtag_cable_name =~ "Digilent Zybo 210279785819A"} -index 0
ps7_init
ps7_post_config
targets -set -nocase -filter {name =~ "ARM*#0" && jtag_cable_name =~ "Digilent Zybo 210279785819A"} -index 0
dow /home/sebastian/Desktop/Git/EmbeddedSystems/Lab5/Lab5.sdk/Lab5/Debug/Lab5.elf
configparams force-mem-access 0
----------------End of Script----------------

12:38:56 INFO  : Memory regions updated for context APU
12:38:56 INFO  : Context for processor 'ps7_cortexa9_0' is selected.
12:38:56 INFO  : 'con' command is executed.
12:38:56 INFO  : ----------------XSDB Script (After Launch)----------------
targets -set -nocase -filter {name =~ "ARM*#0" && jtag_cable_name =~ "Digilent Zybo 210279785819A"} -index 0
con
----------------End of Script----------------

12:38:56 INFO  : Launch script is exported to file '/home/sebastian/Desktop/Git/EmbeddedSystems/Lab5/Lab5.sdk/.sdk/launch_scripts/xilinx_c-c++_application_(system_debugger)/system_debugger_using_debug_lab5.elf_on_local.tcl'
12:40:09 INFO  : Disconnected from the channel tcfchan#5.
12:40:10 INFO  : Connected to target on host '127.0.0.1' and port '3121'.
12:40:10 INFO  : Jtag cable 'Digilent Zybo 210279785819A' is selected.
12:40:10 INFO  : 'jtag frequency' command is executed.
12:40:10 INFO  : Sourcing of '/home/sebastian/Desktop/Git/EmbeddedSystems/Lab5/Lab5.sdk/top_hw_platform_0/ps7_init.tcl' is done.
12:40:10 INFO  : Context for 'APU' is selected.
12:40:10 INFO  : System reset is completed.
12:40:13 INFO  : 'after 3000' command is executed.
12:40:13 INFO  : 'targets -set -filter {jtag_cable_name =~ "Digilent Zybo 210279785819A" && level==0} -index 1' command is executed.
12:40:15 INFO  : FPGA configured successfully with bitstream "/home/sebastian/Desktop/Git/EmbeddedSystems/Lab5/Lab5.sdk/top_hw_platform_0/top.bit"
12:40:15 INFO  : Context for 'APU' is selected.
12:40:16 INFO  : Hardware design information is loaded from '/home/sebastian/Desktop/Git/EmbeddedSystems/Lab5/Lab5.sdk/top_hw_platform_0/system.hdf'.
12:40:16 INFO  : 'configparams force-mem-access 1' command is executed.
12:40:16 INFO  : Context for 'APU' is selected.
12:40:16 INFO  : 'ps7_init' command is executed.
12:40:16 INFO  : 'ps7_post_config' command is executed.
12:40:16 INFO  : Context for processor 'ps7_cortexa9_0' is selected.
12:40:16 INFO  : The application '/home/sebastian/Desktop/Git/EmbeddedSystems/Lab5/Lab5.sdk/Lab5/Debug/Lab5.elf' is downloaded to processor 'ps7_cortexa9_0'.
12:40:16 INFO  : 'configparams force-mem-access 0' command is executed.
12:40:16 INFO  : ----------------XSDB Script----------------
connect -url tcp:127.0.0.1:3121
source /home/sebastian/Desktop/Git/EmbeddedSystems/Lab5/Lab5.sdk/top_hw_platform_0/ps7_init.tcl
targets -set -nocase -filter {name =~"APU*" && jtag_cable_name =~ "Digilent Zybo 210279785819A"} -index 0
rst -system
after 3000
targets -set -filter {jtag_cable_name =~ "Digilent Zybo 210279785819A" && level==0} -index 1
fpga -file /home/sebastian/Desktop/Git/EmbeddedSystems/Lab5/Lab5.sdk/top_hw_platform_0/top.bit
targets -set -nocase -filter {name =~"APU*" && jtag_cable_name =~ "Digilent Zybo 210279785819A"} -index 0
loadhw -hw /home/sebastian/Desktop/Git/EmbeddedSystems/Lab5/Lab5.sdk/top_hw_platform_0/system.hdf -mem-ranges [list {0x40000000 0xbfffffff}]
configparams force-mem-access 1
targets -set -nocase -filter {name =~"APU*" && jtag_cable_name =~ "Digilent Zybo 210279785819A"} -index 0
ps7_init
ps7_post_config
targets -set -nocase -filter {name =~ "ARM*#0" && jtag_cable_name =~ "Digilent Zybo 210279785819A"} -index 0
dow /home/sebastian/Desktop/Git/EmbeddedSystems/Lab5/Lab5.sdk/Lab5/Debug/Lab5.elf
configparams force-mem-access 0
----------------End of Script----------------

12:40:16 INFO  : Memory regions updated for context APU
12:40:16 INFO  : Context for processor 'ps7_cortexa9_0' is selected.
12:40:16 INFO  : 'con' command is executed.
12:40:16 INFO  : ----------------XSDB Script (After Launch)----------------
targets -set -nocase -filter {name =~ "ARM*#0" && jtag_cable_name =~ "Digilent Zybo 210279785819A"} -index 0
con
----------------End of Script----------------

12:40:16 INFO  : Launch script is exported to file '/home/sebastian/Desktop/Git/EmbeddedSystems/Lab5/Lab5.sdk/.sdk/launch_scripts/xilinx_c-c++_application_(system_debugger)/system_debugger_using_debug_lab5.elf_on_local.tcl'
12:40:38 INFO  : Disconnected from the channel tcfchan#6.
12:40:39 INFO  : 'targets -set -filter {jtag_cable_name =~ "Digilent Zybo 210279785819A" && level==0} -index 1' command is executed.
12:40:39 INFO  : 'fpga -state' command is executed.
12:40:39 INFO  : Connected to target on host '127.0.0.1' and port '3121'.
12:40:39 INFO  : Jtag cable 'Digilent Zybo 210279785819A' is selected.
12:40:39 INFO  : 'jtag frequency' command is executed.
12:40:39 INFO  : Sourcing of '/home/sebastian/Desktop/Git/EmbeddedSystems/Lab5/Lab5.sdk/top_hw_platform_0/ps7_init.tcl' is done.
12:40:39 INFO  : Context for 'APU' is selected.
12:40:40 INFO  : Hardware design information is loaded from '/home/sebastian/Desktop/Git/EmbeddedSystems/Lab5/Lab5.sdk/top_hw_platform_0/system.hdf'.
12:40:40 INFO  : 'configparams force-mem-access 1' command is executed.
12:40:40 INFO  : Context for 'APU' is selected.
12:40:40 INFO  : 'stop' command is executed.
12:40:41 INFO  : 'ps7_init' command is executed.
12:40:41 INFO  : 'ps7_post_config' command is executed.
12:40:41 INFO  : Context for processor 'ps7_cortexa9_0' is selected.
12:40:41 INFO  : Processor reset is completed for 'ps7_cortexa9_0'.
12:40:41 INFO  : Context for processor 'ps7_cortexa9_0' is selected.
12:40:41 INFO  : The application '/home/sebastian/Desktop/Git/EmbeddedSystems/Lab5/Lab5.sdk/Lab5/Debug/Lab5.elf' is downloaded to processor 'ps7_cortexa9_0'.
12:40:41 INFO  : 'configparams force-mem-access 0' command is executed.
12:40:41 INFO  : ----------------XSDB Script----------------
connect -url tcp:127.0.0.1:3121
source /home/sebastian/Desktop/Git/EmbeddedSystems/Lab5/Lab5.sdk/top_hw_platform_0/ps7_init.tcl
targets -set -nocase -filter {name =~"APU*" && jtag_cable_name =~ "Digilent Zybo 210279785819A"} -index 0
loadhw -hw /home/sebastian/Desktop/Git/EmbeddedSystems/Lab5/Lab5.sdk/top_hw_platform_0/system.hdf -mem-ranges [list {0x40000000 0xbfffffff}]
configparams force-mem-access 1
targets -set -nocase -filter {name =~"APU*" && jtag_cable_name =~ "Digilent Zybo 210279785819A"} -index 0
stop
ps7_init
ps7_post_config
targets -set -nocase -filter {name =~ "ARM*#0" && jtag_cable_name =~ "Digilent Zybo 210279785819A"} -index 0
rst -processor
targets -set -nocase -filter {name =~ "ARM*#0" && jtag_cable_name =~ "Digilent Zybo 210279785819A"} -index 0
dow /home/sebastian/Desktop/Git/EmbeddedSystems/Lab5/Lab5.sdk/Lab5/Debug/Lab5.elf
configparams force-mem-access 0
----------------End of Script----------------

12:40:41 INFO  : Memory regions updated for context APU
12:40:41 INFO  : Context for processor 'ps7_cortexa9_0' is selected.
12:40:41 INFO  : 'con' command is executed.
12:40:41 INFO  : ----------------XSDB Script (After Launch)----------------
targets -set -nocase -filter {name =~ "ARM*#0" && jtag_cable_name =~ "Digilent Zybo 210279785819A"} -index 0
con
----------------End of Script----------------

12:40:41 INFO  : Launch script is exported to file '/home/sebastian/Desktop/Git/EmbeddedSystems/Lab5/Lab5.sdk/.sdk/launch_scripts/xilinx_c-c++_application_(system_debugger)/system_debugger_using_debug_lab5.elf_on_local.tcl'
12:40:41 INFO  : 'targets -set -filter {jtag_cable_name =~ "Digilent Zybo 210279785819A" && level==0} -index 1' command is executed.
12:40:41 INFO  : 'fpga -state' command is executed.
12:40:41 INFO  : Connected to target on host '127.0.0.1' and port '3121'.
12:40:41 INFO  : Jtag cable 'Digilent Zybo 210279785819A' is selected.
12:40:41 INFO  : 'jtag frequency' command is executed.
12:40:41 INFO  : Sourcing of '/home/sebastian/Desktop/Git/EmbeddedSystems/Lab5/Lab5.sdk/top_hw_platform_0/ps7_init.tcl' is done.
12:40:41 INFO  : Context for 'APU' is selected.
12:40:41 INFO  : Hardware design information is loaded from '/home/sebastian/Desktop/Git/EmbeddedSystems/Lab5/Lab5.sdk/top_hw_platform_0/system.hdf'.
12:40:41 INFO  : 'configparams force-mem-access 1' command is executed.
12:40:41 INFO  : Context for 'APU' is selected.
12:40:41 INFO  : 'stop' command is executed.
12:40:41 INFO  : 'ps7_init' command is executed.
12:40:41 INFO  : 'ps7_post_config' command is executed.
12:40:41 INFO  : Context for processor 'ps7_cortexa9_0' is selected.
12:40:42 INFO  : Processor reset is completed for 'ps7_cortexa9_0'.
12:40:42 INFO  : Context for processor 'ps7_cortexa9_0' is selected.
12:40:42 INFO  : The application '/home/sebastian/Desktop/Git/EmbeddedSystems/Lab5/Lab5.sdk/Lab5/Debug/Lab5.elf' is downloaded to processor 'ps7_cortexa9_0'.
12:40:42 INFO  : 'configparams force-mem-access 0' command is executed.
12:40:42 INFO  : ----------------XSDB Script----------------
connect -url tcp:127.0.0.1:3121
source /home/sebastian/Desktop/Git/EmbeddedSystems/Lab5/Lab5.sdk/top_hw_platform_0/ps7_init.tcl
targets -set -nocase -filter {name =~"APU*" && jtag_cable_name =~ "Digilent Zybo 210279785819A"} -index 0
loadhw -hw /home/sebastian/Desktop/Git/EmbeddedSystems/Lab5/Lab5.sdk/top_hw_platform_0/system.hdf -mem-ranges [list {0x40000000 0xbfffffff}]
configparams force-mem-access 1
targets -set -nocase -filter {name =~"APU*" && jtag_cable_name =~ "Digilent Zybo 210279785819A"} -index 0
stop
ps7_init
ps7_post_config
targets -set -nocase -filter {name =~ "ARM*#0" && jtag_cable_name =~ "Digilent Zybo 210279785819A"} -index 0
rst -processor
targets -set -nocase -filter {name =~ "ARM*#0" && jtag_cable_name =~ "Digilent Zybo 210279785819A"} -index 0
dow /home/sebastian/Desktop/Git/EmbeddedSystems/Lab5/Lab5.sdk/Lab5/Debug/Lab5.elf
configparams force-mem-access 0
----------------End of Script----------------

12:40:42 INFO  : Memory regions updated for context APU
12:40:42 INFO  : Context for processor 'ps7_cortexa9_0' is selected.
12:40:42 INFO  : 'con' command is executed.
12:40:42 INFO  : ----------------XSDB Script (After Launch)----------------
targets -set -nocase -filter {name =~ "ARM*#0" && jtag_cable_name =~ "Digilent Zybo 210279785819A"} -index 0
con
----------------End of Script----------------

12:40:42 INFO  : Launch script is exported to file '/home/sebastian/Desktop/Git/EmbeddedSystems/Lab5/Lab5.sdk/.sdk/launch_scripts/xilinx_c-c++_application_(system_debugger)/system_debugger_using_debug_lab5.elf_on_local.tcl'
12:40:52 INFO  : Disconnected from the channel tcfchan#7.
12:40:53 INFO  : 'targets -set -filter {jtag_cable_name =~ "Digilent Zybo 210279785819A" && level==0} -index 1' command is executed.
12:40:53 INFO  : 'fpga -state' command is executed.
12:40:53 INFO  : Connected to target on host '127.0.0.1' and port '3121'.
12:40:53 INFO  : Jtag cable 'Digilent Zybo 210279785819A' is selected.
12:40:53 INFO  : 'jtag frequency' command is executed.
12:40:53 INFO  : Sourcing of '/home/sebastian/Desktop/Git/EmbeddedSystems/Lab5/Lab5.sdk/top_hw_platform_0/ps7_init.tcl' is done.
12:40:53 INFO  : Context for 'APU' is selected.
12:40:54 INFO  : Hardware design information is loaded from '/home/sebastian/Desktop/Git/EmbeddedSystems/Lab5/Lab5.sdk/top_hw_platform_0/system.hdf'.
12:40:54 INFO  : 'configparams force-mem-access 1' command is executed.
12:40:54 INFO  : Context for 'APU' is selected.
12:40:54 INFO  : 'stop' command is executed.
12:40:55 INFO  : 'ps7_init' command is executed.
12:40:55 INFO  : 'ps7_post_config' command is executed.
12:40:55 INFO  : Context for processor 'ps7_cortexa9_0' is selected.
12:40:55 INFO  : Processor reset is completed for 'ps7_cortexa9_0'.
12:40:55 INFO  : Context for processor 'ps7_cortexa9_0' is selected.
12:40:55 INFO  : The application '/home/sebastian/Desktop/Git/EmbeddedSystems/Lab5/Lab5.sdk/Lab5/Debug/Lab5.elf' is downloaded to processor 'ps7_cortexa9_0'.
12:40:55 INFO  : 'configparams force-mem-access 0' command is executed.
12:40:55 INFO  : ----------------XSDB Script----------------
connect -url tcp:127.0.0.1:3121
source /home/sebastian/Desktop/Git/EmbeddedSystems/Lab5/Lab5.sdk/top_hw_platform_0/ps7_init.tcl
targets -set -nocase -filter {name =~"APU*" && jtag_cable_name =~ "Digilent Zybo 210279785819A"} -index 0
loadhw -hw /home/sebastian/Desktop/Git/EmbeddedSystems/Lab5/Lab5.sdk/top_hw_platform_0/system.hdf -mem-ranges [list {0x40000000 0xbfffffff}]
configparams force-mem-access 1
targets -set -nocase -filter {name =~"APU*" && jtag_cable_name =~ "Digilent Zybo 210279785819A"} -index 0
stop
ps7_init
ps7_post_config
targets -set -nocase -filter {name =~ "ARM*#0" && jtag_cable_name =~ "Digilent Zybo 210279785819A"} -index 0
rst -processor
targets -set -nocase -filter {name =~ "ARM*#0" && jtag_cable_name =~ "Digilent Zybo 210279785819A"} -index 0
dow /home/sebastian/Desktop/Git/EmbeddedSystems/Lab5/Lab5.sdk/Lab5/Debug/Lab5.elf
configparams force-mem-access 0
----------------End of Script----------------

12:40:55 INFO  : Memory regions updated for context APU
12:40:55 INFO  : Context for processor 'ps7_cortexa9_0' is selected.
12:40:55 INFO  : 'con' command is executed.
12:40:55 INFO  : ----------------XSDB Script (After Launch)----------------
targets -set -nocase -filter {name =~ "ARM*#0" && jtag_cable_name =~ "Digilent Zybo 210279785819A"} -index 0
con
----------------End of Script----------------

12:40:55 INFO  : Launch script is exported to file '/home/sebastian/Desktop/Git/EmbeddedSystems/Lab5/Lab5.sdk/.sdk/launch_scripts/xilinx_c-c++_application_(system_debugger)/system_debugger_using_debug_lab5.elf_on_local.tcl'
12:41:13 INFO  : Disconnected from the channel tcfchan#8.
12:41:14 INFO  : Connected to target on host '127.0.0.1' and port '3121'.
12:41:14 INFO  : Jtag cable 'Digilent Zybo 210279785819A' is selected.
12:41:14 INFO  : 'jtag frequency' command is executed.
12:41:14 INFO  : Sourcing of '/home/sebastian/Desktop/Git/EmbeddedSystems/Lab5/Lab5.sdk/top_hw_platform_0/ps7_init.tcl' is done.
12:41:14 INFO  : Context for 'APU' is selected.
12:41:14 INFO  : System reset is completed.
12:41:17 INFO  : 'after 3000' command is executed.
12:41:17 INFO  : 'targets -set -filter {jtag_cable_name =~ "Digilent Zybo 210279785819A" && level==0} -index 1' command is executed.
12:41:18 INFO  : FPGA configured successfully with bitstream "/home/sebastian/Desktop/Git/EmbeddedSystems/Lab5/Lab5.sdk/top_hw_platform_0/top.bit"
12:41:18 INFO  : Context for 'APU' is selected.
12:41:20 INFO  : Hardware design information is loaded from '/home/sebastian/Desktop/Git/EmbeddedSystems/Lab5/Lab5.sdk/top_hw_platform_0/system.hdf'.
12:41:20 INFO  : 'configparams force-mem-access 1' command is executed.
12:41:20 INFO  : Context for 'APU' is selected.
12:41:20 INFO  : 'ps7_init' command is executed.
12:41:20 INFO  : 'ps7_post_config' command is executed.
12:41:20 INFO  : Context for processor 'ps7_cortexa9_0' is selected.
12:41:20 INFO  : The application '/home/sebastian/Desktop/Git/EmbeddedSystems/Lab5/Lab5.sdk/Lab5/Debug/Lab5.elf' is downloaded to processor 'ps7_cortexa9_0'.
12:41:20 INFO  : 'configparams force-mem-access 0' command is executed.
12:41:20 INFO  : ----------------XSDB Script----------------
connect -url tcp:127.0.0.1:3121
source /home/sebastian/Desktop/Git/EmbeddedSystems/Lab5/Lab5.sdk/top_hw_platform_0/ps7_init.tcl
targets -set -nocase -filter {name =~"APU*" && jtag_cable_name =~ "Digilent Zybo 210279785819A"} -index 0
rst -system
after 3000
targets -set -filter {jtag_cable_name =~ "Digilent Zybo 210279785819A" && level==0} -index 1
fpga -file /home/sebastian/Desktop/Git/EmbeddedSystems/Lab5/Lab5.sdk/top_hw_platform_0/top.bit
targets -set -nocase -filter {name =~"APU*" && jtag_cable_name =~ "Digilent Zybo 210279785819A"} -index 0
loadhw -hw /home/sebastian/Desktop/Git/EmbeddedSystems/Lab5/Lab5.sdk/top_hw_platform_0/system.hdf -mem-ranges [list {0x40000000 0xbfffffff}]
configparams force-mem-access 1
targets -set -nocase -filter {name =~"APU*" && jtag_cable_name =~ "Digilent Zybo 210279785819A"} -index 0
ps7_init
ps7_post_config
targets -set -nocase -filter {name =~ "ARM*#0" && jtag_cable_name =~ "Digilent Zybo 210279785819A"} -index 0
dow /home/sebastian/Desktop/Git/EmbeddedSystems/Lab5/Lab5.sdk/Lab5/Debug/Lab5.elf
configparams force-mem-access 0
----------------End of Script----------------

12:41:20 INFO  : Memory regions updated for context APU
12:41:20 INFO  : Context for processor 'ps7_cortexa9_0' is selected.
12:41:20 INFO  : 'con' command is executed.
12:41:20 INFO  : ----------------XSDB Script (After Launch)----------------
targets -set -nocase -filter {name =~ "ARM*#0" && jtag_cable_name =~ "Digilent Zybo 210279785819A"} -index 0
con
----------------End of Script----------------

12:41:20 INFO  : Launch script is exported to file '/home/sebastian/Desktop/Git/EmbeddedSystems/Lab5/Lab5.sdk/.sdk/launch_scripts/xilinx_c-c++_application_(system_debugger)/system_debugger_using_debug_lab5.elf_on_local.tcl'
12:41:29 INFO  : Disconnected from the channel tcfchan#9.
12:41:30 INFO  : Connected to target on host '127.0.0.1' and port '3121'.
12:41:30 INFO  : Jtag cable 'Digilent Zybo 210279785819A' is selected.
12:41:30 INFO  : 'jtag frequency' command is executed.
12:41:30 INFO  : Sourcing of '/home/sebastian/Desktop/Git/EmbeddedSystems/Lab5/Lab5.sdk/top_hw_platform_0/ps7_init.tcl' is done.
12:41:30 INFO  : Context for 'APU' is selected.
12:41:30 INFO  : System reset is completed.
12:41:33 INFO  : 'after 3000' command is executed.
12:41:33 INFO  : 'targets -set -filter {jtag_cable_name =~ "Digilent Zybo 210279785819A" && level==0} -index 1' command is executed.
12:41:34 INFO  : FPGA configured successfully with bitstream "/home/sebastian/Desktop/Git/EmbeddedSystems/Lab5/Lab5.sdk/top_hw_platform_0/top.bit"
12:41:34 INFO  : Context for 'APU' is selected.
12:41:36 INFO  : Hardware design information is loaded from '/home/sebastian/Desktop/Git/EmbeddedSystems/Lab5/Lab5.sdk/top_hw_platform_0/system.hdf'.
12:41:36 INFO  : 'configparams force-mem-access 1' command is executed.
12:41:36 INFO  : Context for 'APU' is selected.
12:41:36 INFO  : 'ps7_init' command is executed.
12:41:36 INFO  : 'ps7_post_config' command is executed.
12:41:36 INFO  : Context for processor 'ps7_cortexa9_0' is selected.
12:41:36 INFO  : The application '/home/sebastian/Desktop/Git/EmbeddedSystems/Lab5/Lab5.sdk/Lab5/Debug/Lab5.elf' is downloaded to processor 'ps7_cortexa9_0'.
12:41:36 INFO  : 'configparams force-mem-access 0' command is executed.
12:41:36 INFO  : ----------------XSDB Script----------------
connect -url tcp:127.0.0.1:3121
source /home/sebastian/Desktop/Git/EmbeddedSystems/Lab5/Lab5.sdk/top_hw_platform_0/ps7_init.tcl
targets -set -nocase -filter {name =~"APU*" && jtag_cable_name =~ "Digilent Zybo 210279785819A"} -index 0
rst -system
after 3000
targets -set -filter {jtag_cable_name =~ "Digilent Zybo 210279785819A" && level==0} -index 1
fpga -file /home/sebastian/Desktop/Git/EmbeddedSystems/Lab5/Lab5.sdk/top_hw_platform_0/top.bit
targets -set -nocase -filter {name =~"APU*" && jtag_cable_name =~ "Digilent Zybo 210279785819A"} -index 0
loadhw -hw /home/sebastian/Desktop/Git/EmbeddedSystems/Lab5/Lab5.sdk/top_hw_platform_0/system.hdf -mem-ranges [list {0x40000000 0xbfffffff}]
configparams force-mem-access 1
targets -set -nocase -filter {name =~"APU*" && jtag_cable_name =~ "Digilent Zybo 210279785819A"} -index 0
ps7_init
ps7_post_config
targets -set -nocase -filter {name =~ "ARM*#0" && jtag_cable_name =~ "Digilent Zybo 210279785819A"} -index 0
dow /home/sebastian/Desktop/Git/EmbeddedSystems/Lab5/Lab5.sdk/Lab5/Debug/Lab5.elf
configparams force-mem-access 0
----------------End of Script----------------

12:41:36 INFO  : Memory regions updated for context APU
12:41:36 INFO  : Context for processor 'ps7_cortexa9_0' is selected.
12:41:36 INFO  : 'con' command is executed.
12:41:36 INFO  : ----------------XSDB Script (After Launch)----------------
targets -set -nocase -filter {name =~ "ARM*#0" && jtag_cable_name =~ "Digilent Zybo 210279785819A"} -index 0
con
----------------End of Script----------------

12:41:36 INFO  : Launch script is exported to file '/home/sebastian/Desktop/Git/EmbeddedSystems/Lab5/Lab5.sdk/.sdk/launch_scripts/xilinx_c-c++_application_(system_debugger)/system_debugger_using_debug_lab5.elf_on_local.tcl'
12:41:45 INFO  : Disconnected from the channel tcfchan#10.
12:41:46 INFO  : Connected to target on host '127.0.0.1' and port '3121'.
12:41:46 INFO  : Jtag cable 'Digilent Zybo 210279785819A' is selected.
12:41:46 INFO  : 'jtag frequency' command is executed.
12:41:46 INFO  : Sourcing of '/home/sebastian/Desktop/Git/EmbeddedSystems/Lab5/Lab5.sdk/top_hw_platform_0/ps7_init.tcl' is done.
12:41:46 INFO  : Context for 'APU' is selected.
12:41:46 INFO  : System reset is completed.
12:41:49 INFO  : 'after 3000' command is executed.
12:41:49 INFO  : 'targets -set -filter {jtag_cable_name =~ "Digilent Zybo 210279785819A" && level==0} -index 1' command is executed.
12:41:50 INFO  : FPGA configured successfully with bitstream "/home/sebastian/Desktop/Git/EmbeddedSystems/Lab5/Lab5.sdk/top_hw_platform_0/top.bit"
12:41:50 INFO  : Context for 'APU' is selected.
12:41:52 INFO  : Hardware design information is loaded from '/home/sebastian/Desktop/Git/EmbeddedSystems/Lab5/Lab5.sdk/top_hw_platform_0/system.hdf'.
12:41:52 INFO  : 'configparams force-mem-access 1' command is executed.
12:41:52 INFO  : Context for 'APU' is selected.
12:41:52 INFO  : 'ps7_init' command is executed.
12:41:52 INFO  : 'ps7_post_config' command is executed.
12:41:52 INFO  : Context for processor 'ps7_cortexa9_0' is selected.
12:41:52 INFO  : The application '/home/sebastian/Desktop/Git/EmbeddedSystems/Lab5/Lab5.sdk/Lab5/Debug/Lab5.elf' is downloaded to processor 'ps7_cortexa9_0'.
12:41:52 INFO  : 'configparams force-mem-access 0' command is executed.
12:41:52 INFO  : ----------------XSDB Script----------------
connect -url tcp:127.0.0.1:3121
source /home/sebastian/Desktop/Git/EmbeddedSystems/Lab5/Lab5.sdk/top_hw_platform_0/ps7_init.tcl
targets -set -nocase -filter {name =~"APU*" && jtag_cable_name =~ "Digilent Zybo 210279785819A"} -index 0
rst -system
after 3000
targets -set -filter {jtag_cable_name =~ "Digilent Zybo 210279785819A" && level==0} -index 1
fpga -file /home/sebastian/Desktop/Git/EmbeddedSystems/Lab5/Lab5.sdk/top_hw_platform_0/top.bit
targets -set -nocase -filter {name =~"APU*" && jtag_cable_name =~ "Digilent Zybo 210279785819A"} -index 0
loadhw -hw /home/sebastian/Desktop/Git/EmbeddedSystems/Lab5/Lab5.sdk/top_hw_platform_0/system.hdf -mem-ranges [list {0x40000000 0xbfffffff}]
configparams force-mem-access 1
targets -set -nocase -filter {name =~"APU*" && jtag_cable_name =~ "Digilent Zybo 210279785819A"} -index 0
ps7_init
ps7_post_config
targets -set -nocase -filter {name =~ "ARM*#0" && jtag_cable_name =~ "Digilent Zybo 210279785819A"} -index 0
dow /home/sebastian/Desktop/Git/EmbeddedSystems/Lab5/Lab5.sdk/Lab5/Debug/Lab5.elf
configparams force-mem-access 0
----------------End of Script----------------

12:41:52 INFO  : Memory regions updated for context APU
12:41:52 INFO  : Context for processor 'ps7_cortexa9_0' is selected.
12:41:52 INFO  : 'con' command is executed.
12:41:52 INFO  : ----------------XSDB Script (After Launch)----------------
targets -set -nocase -filter {name =~ "ARM*#0" && jtag_cable_name =~ "Digilent Zybo 210279785819A"} -index 0
con
----------------End of Script----------------

12:41:52 INFO  : Launch script is exported to file '/home/sebastian/Desktop/Git/EmbeddedSystems/Lab5/Lab5.sdk/.sdk/launch_scripts/xilinx_c-c++_application_(system_debugger)/system_debugger_using_debug_lab5.elf_on_local.tcl'
12:42:42 INFO  : Disconnected from the channel tcfchan#11.
12:42:43 INFO  : Connected to target on host '127.0.0.1' and port '3121'.
12:42:44 INFO  : Jtag cable 'Digilent Zybo 210279785819A' is selected.
12:42:44 INFO  : 'jtag frequency' command is executed.
12:42:44 INFO  : Sourcing of '/home/sebastian/Desktop/Git/EmbeddedSystems/Lab5/Lab5.sdk/top_hw_platform_0/ps7_init.tcl' is done.
12:42:44 INFO  : Context for 'APU' is selected.
12:42:44 INFO  : System reset is completed.
12:42:47 INFO  : 'after 3000' command is executed.
12:42:47 INFO  : 'targets -set -filter {jtag_cable_name =~ "Digilent Zybo 210279785819A" && level==0} -index 1' command is executed.
12:42:48 INFO  : FPGA configured successfully with bitstream "/home/sebastian/Desktop/Git/EmbeddedSystems/Lab5/Lab5.sdk/top_hw_platform_0/top.bit"
12:42:48 INFO  : Context for 'APU' is selected.
12:42:50 INFO  : Hardware design information is loaded from '/home/sebastian/Desktop/Git/EmbeddedSystems/Lab5/Lab5.sdk/top_hw_platform_0/system.hdf'.
12:42:50 INFO  : 'configparams force-mem-access 1' command is executed.
12:42:50 INFO  : Context for 'APU' is selected.
12:42:50 INFO  : 'ps7_init' command is executed.
12:42:50 INFO  : 'ps7_post_config' command is executed.
12:42:50 INFO  : Context for processor 'ps7_cortexa9_0' is selected.
12:42:50 INFO  : The application '/home/sebastian/Desktop/Git/EmbeddedSystems/Lab5/Lab5.sdk/Lab5/Debug/Lab5.elf' is downloaded to processor 'ps7_cortexa9_0'.
12:42:50 INFO  : 'configparams force-mem-access 0' command is executed.
12:42:50 INFO  : ----------------XSDB Script----------------
connect -url tcp:127.0.0.1:3121
source /home/sebastian/Desktop/Git/EmbeddedSystems/Lab5/Lab5.sdk/top_hw_platform_0/ps7_init.tcl
targets -set -nocase -filter {name =~"APU*" && jtag_cable_name =~ "Digilent Zybo 210279785819A"} -index 0
rst -system
after 3000
targets -set -filter {jtag_cable_name =~ "Digilent Zybo 210279785819A" && level==0} -index 1
fpga -file /home/sebastian/Desktop/Git/EmbeddedSystems/Lab5/Lab5.sdk/top_hw_platform_0/top.bit
targets -set -nocase -filter {name =~"APU*" && jtag_cable_name =~ "Digilent Zybo 210279785819A"} -index 0
loadhw -hw /home/sebastian/Desktop/Git/EmbeddedSystems/Lab5/Lab5.sdk/top_hw_platform_0/system.hdf -mem-ranges [list {0x40000000 0xbfffffff}]
configparams force-mem-access 1
targets -set -nocase -filter {name =~"APU*" && jtag_cable_name =~ "Digilent Zybo 210279785819A"} -index 0
ps7_init
ps7_post_config
targets -set -nocase -filter {name =~ "ARM*#0" && jtag_cable_name =~ "Digilent Zybo 210279785819A"} -index 0
dow /home/sebastian/Desktop/Git/EmbeddedSystems/Lab5/Lab5.sdk/Lab5/Debug/Lab5.elf
configparams force-mem-access 0
----------------End of Script----------------

12:42:50 INFO  : Memory regions updated for context APU
12:42:50 INFO  : Context for processor 'ps7_cortexa9_0' is selected.
12:42:50 INFO  : 'con' command is executed.
12:42:50 INFO  : ----------------XSDB Script (After Launch)----------------
targets -set -nocase -filter {name =~ "ARM*#0" && jtag_cable_name =~ "Digilent Zybo 210279785819A"} -index 0
con
----------------End of Script----------------

12:42:50 INFO  : Launch script is exported to file '/home/sebastian/Desktop/Git/EmbeddedSystems/Lab5/Lab5.sdk/.sdk/launch_scripts/xilinx_c-c++_application_(system_debugger)/system_debugger_using_debug_lab5.elf_on_local.tcl'
12:43:49 INFO  : Disconnected from the channel tcfchan#12.
12:43:50 INFO  : Connected to target on host '127.0.0.1' and port '3121'.
12:43:51 INFO  : Jtag cable 'Digilent Zybo 210279785819A' is selected.
12:43:51 INFO  : 'jtag frequency' command is executed.
12:43:51 INFO  : Sourcing of '/home/sebastian/Desktop/Git/EmbeddedSystems/Lab5/Lab5.sdk/top_hw_platform_0/ps7_init.tcl' is done.
12:43:51 INFO  : Context for 'APU' is selected.
12:43:51 INFO  : System reset is completed.
12:43:54 INFO  : 'after 3000' command is executed.
12:43:54 INFO  : 'targets -set -filter {jtag_cable_name =~ "Digilent Zybo 210279785819A" && level==0} -index 1' command is executed.
12:43:55 INFO  : FPGA configured successfully with bitstream "/home/sebastian/Desktop/Git/EmbeddedSystems/Lab5/Lab5.sdk/top_hw_platform_0/top.bit"
12:43:55 INFO  : Context for 'APU' is selected.
12:43:56 INFO  : Hardware design information is loaded from '/home/sebastian/Desktop/Git/EmbeddedSystems/Lab5/Lab5.sdk/top_hw_platform_0/system.hdf'.
12:43:56 INFO  : 'configparams force-mem-access 1' command is executed.
12:43:56 INFO  : Context for 'APU' is selected.
12:43:57 INFO  : 'ps7_init' command is executed.
12:43:57 INFO  : 'ps7_post_config' command is executed.
12:43:57 INFO  : Context for processor 'ps7_cortexa9_0' is selected.
12:43:57 INFO  : The application '/home/sebastian/Desktop/Git/EmbeddedSystems/Lab5/Lab5.sdk/Lab5/Debug/Lab5.elf' is downloaded to processor 'ps7_cortexa9_0'.
12:43:57 INFO  : 'configparams force-mem-access 0' command is executed.
12:43:57 INFO  : ----------------XSDB Script----------------
connect -url tcp:127.0.0.1:3121
source /home/sebastian/Desktop/Git/EmbeddedSystems/Lab5/Lab5.sdk/top_hw_platform_0/ps7_init.tcl
targets -set -nocase -filter {name =~"APU*" && jtag_cable_name =~ "Digilent Zybo 210279785819A"} -index 0
rst -system
after 3000
targets -set -filter {jtag_cable_name =~ "Digilent Zybo 210279785819A" && level==0} -index 1
fpga -file /home/sebastian/Desktop/Git/EmbeddedSystems/Lab5/Lab5.sdk/top_hw_platform_0/top.bit
targets -set -nocase -filter {name =~"APU*" && jtag_cable_name =~ "Digilent Zybo 210279785819A"} -index 0
loadhw -hw /home/sebastian/Desktop/Git/EmbeddedSystems/Lab5/Lab5.sdk/top_hw_platform_0/system.hdf -mem-ranges [list {0x40000000 0xbfffffff}]
configparams force-mem-access 1
targets -set -nocase -filter {name =~"APU*" && jtag_cable_name =~ "Digilent Zybo 210279785819A"} -index 0
ps7_init
ps7_post_config
targets -set -nocase -filter {name =~ "ARM*#0" && jtag_cable_name =~ "Digilent Zybo 210279785819A"} -index 0
dow /home/sebastian/Desktop/Git/EmbeddedSystems/Lab5/Lab5.sdk/Lab5/Debug/Lab5.elf
configparams force-mem-access 0
----------------End of Script----------------

12:43:57 INFO  : Memory regions updated for context APU
12:43:57 INFO  : Context for processor 'ps7_cortexa9_0' is selected.
12:43:57 INFO  : 'con' command is executed.
12:43:57 INFO  : ----------------XSDB Script (After Launch)----------------
targets -set -nocase -filter {name =~ "ARM*#0" && jtag_cable_name =~ "Digilent Zybo 210279785819A"} -index 0
con
----------------End of Script----------------

12:43:57 INFO  : Launch script is exported to file '/home/sebastian/Desktop/Git/EmbeddedSystems/Lab5/Lab5.sdk/.sdk/launch_scripts/xilinx_c-c++_application_(system_debugger)/system_debugger_using_debug_lab5.elf_on_local.tcl'
12:44:42 INFO  : Disconnected from the channel tcfchan#13.
12:44:43 INFO  : Connected to target on host '127.0.0.1' and port '3121'.
12:44:43 INFO  : Jtag cable 'Digilent Zybo 210279785819A' is selected.
12:44:43 INFO  : 'jtag frequency' command is executed.
12:44:43 INFO  : Sourcing of '/home/sebastian/Desktop/Git/EmbeddedSystems/Lab5/Lab5.sdk/top_hw_platform_0/ps7_init.tcl' is done.
12:44:44 INFO  : Context for 'APU' is selected.
12:44:44 INFO  : System reset is completed.
12:44:47 INFO  : 'after 3000' command is executed.
12:44:47 INFO  : 'targets -set -filter {jtag_cable_name =~ "Digilent Zybo 210279785819A" && level==0} -index 1' command is executed.
12:44:48 INFO  : FPGA configured successfully with bitstream "/home/sebastian/Desktop/Git/EmbeddedSystems/Lab5/Lab5.sdk/top_hw_platform_0/top.bit"
12:44:48 INFO  : Context for 'APU' is selected.
12:44:49 INFO  : Hardware design information is loaded from '/home/sebastian/Desktop/Git/EmbeddedSystems/Lab5/Lab5.sdk/top_hw_platform_0/system.hdf'.
12:44:49 INFO  : 'configparams force-mem-access 1' command is executed.
12:44:49 INFO  : Context for 'APU' is selected.
12:44:50 INFO  : 'ps7_init' command is executed.
12:44:50 INFO  : 'ps7_post_config' command is executed.
12:44:50 INFO  : Context for processor 'ps7_cortexa9_0' is selected.
12:44:50 INFO  : The application '/home/sebastian/Desktop/Git/EmbeddedSystems/Lab5/Lab5.sdk/Lab5/Debug/Lab5.elf' is downloaded to processor 'ps7_cortexa9_0'.
12:44:50 INFO  : 'configparams force-mem-access 0' command is executed.
12:44:50 INFO  : ----------------XSDB Script----------------
connect -url tcp:127.0.0.1:3121
source /home/sebastian/Desktop/Git/EmbeddedSystems/Lab5/Lab5.sdk/top_hw_platform_0/ps7_init.tcl
targets -set -nocase -filter {name =~"APU*" && jtag_cable_name =~ "Digilent Zybo 210279785819A"} -index 0
rst -system
after 3000
targets -set -filter {jtag_cable_name =~ "Digilent Zybo 210279785819A" && level==0} -index 1
fpga -file /home/sebastian/Desktop/Git/EmbeddedSystems/Lab5/Lab5.sdk/top_hw_platform_0/top.bit
targets -set -nocase -filter {name =~"APU*" && jtag_cable_name =~ "Digilent Zybo 210279785819A"} -index 0
loadhw -hw /home/sebastian/Desktop/Git/EmbeddedSystems/Lab5/Lab5.sdk/top_hw_platform_0/system.hdf -mem-ranges [list {0x40000000 0xbfffffff}]
configparams force-mem-access 1
targets -set -nocase -filter {name =~"APU*" && jtag_cable_name =~ "Digilent Zybo 210279785819A"} -index 0
ps7_init
ps7_post_config
targets -set -nocase -filter {name =~ "ARM*#0" && jtag_cable_name =~ "Digilent Zybo 210279785819A"} -index 0
dow /home/sebastian/Desktop/Git/EmbeddedSystems/Lab5/Lab5.sdk/Lab5/Debug/Lab5.elf
configparams force-mem-access 0
----------------End of Script----------------

12:44:50 INFO  : Memory regions updated for context APU
12:44:50 INFO  : Context for processor 'ps7_cortexa9_0' is selected.
12:44:50 INFO  : 'con' command is executed.
12:44:50 INFO  : ----------------XSDB Script (After Launch)----------------
targets -set -nocase -filter {name =~ "ARM*#0" && jtag_cable_name =~ "Digilent Zybo 210279785819A"} -index 0
con
----------------End of Script----------------

12:44:50 INFO  : Launch script is exported to file '/home/sebastian/Desktop/Git/EmbeddedSystems/Lab5/Lab5.sdk/.sdk/launch_scripts/xilinx_c-c++_application_(system_debugger)/system_debugger_using_debug_lab5.elf_on_local.tcl'
12:45:51 INFO  : Disconnected from the channel tcfchan#14.
12:45:52 INFO  : Connected to target on host '127.0.0.1' and port '3121'.
12:45:52 INFO  : Jtag cable 'Digilent Zybo 210279785819A' is selected.
12:45:52 INFO  : 'jtag frequency' command is executed.
12:45:52 INFO  : Sourcing of '/home/sebastian/Desktop/Git/EmbeddedSystems/Lab5/Lab5.sdk/top_hw_platform_0/ps7_init.tcl' is done.
12:45:52 INFO  : Context for 'APU' is selected.
12:45:52 INFO  : System reset is completed.
12:45:55 INFO  : 'after 3000' command is executed.
12:45:55 INFO  : 'targets -set -filter {jtag_cable_name =~ "Digilent Zybo 210279785819A" && level==0} -index 1' command is executed.
12:45:56 INFO  : FPGA configured successfully with bitstream "/home/sebastian/Desktop/Git/EmbeddedSystems/Lab5/Lab5.sdk/top_hw_platform_0/top.bit"
12:45:56 INFO  : Context for 'APU' is selected.
12:45:58 INFO  : Hardware design information is loaded from '/home/sebastian/Desktop/Git/EmbeddedSystems/Lab5/Lab5.sdk/top_hw_platform_0/system.hdf'.
12:45:58 INFO  : 'configparams force-mem-access 1' command is executed.
12:45:58 INFO  : Context for 'APU' is selected.
12:45:58 INFO  : 'ps7_init' command is executed.
12:45:58 INFO  : 'ps7_post_config' command is executed.
12:45:58 INFO  : Context for processor 'ps7_cortexa9_0' is selected.
12:45:58 INFO  : The application '/home/sebastian/Desktop/Git/EmbeddedSystems/Lab5/Lab5.sdk/Lab5/Debug/Lab5.elf' is downloaded to processor 'ps7_cortexa9_0'.
12:45:58 INFO  : 'configparams force-mem-access 0' command is executed.
12:45:58 INFO  : ----------------XSDB Script----------------
connect -url tcp:127.0.0.1:3121
source /home/sebastian/Desktop/Git/EmbeddedSystems/Lab5/Lab5.sdk/top_hw_platform_0/ps7_init.tcl
targets -set -nocase -filter {name =~"APU*" && jtag_cable_name =~ "Digilent Zybo 210279785819A"} -index 0
rst -system
after 3000
targets -set -filter {jtag_cable_name =~ "Digilent Zybo 210279785819A" && level==0} -index 1
fpga -file /home/sebastian/Desktop/Git/EmbeddedSystems/Lab5/Lab5.sdk/top_hw_platform_0/top.bit
targets -set -nocase -filter {name =~"APU*" && jtag_cable_name =~ "Digilent Zybo 210279785819A"} -index 0
loadhw -hw /home/sebastian/Desktop/Git/EmbeddedSystems/Lab5/Lab5.sdk/top_hw_platform_0/system.hdf -mem-ranges [list {0x40000000 0xbfffffff}]
configparams force-mem-access 1
targets -set -nocase -filter {name =~"APU*" && jtag_cable_name =~ "Digilent Zybo 210279785819A"} -index 0
ps7_init
ps7_post_config
targets -set -nocase -filter {name =~ "ARM*#0" && jtag_cable_name =~ "Digilent Zybo 210279785819A"} -index 0
dow /home/sebastian/Desktop/Git/EmbeddedSystems/Lab5/Lab5.sdk/Lab5/Debug/Lab5.elf
configparams force-mem-access 0
----------------End of Script----------------

12:45:58 INFO  : Memory regions updated for context APU
12:45:58 INFO  : Context for processor 'ps7_cortexa9_0' is selected.
12:45:58 INFO  : 'con' command is executed.
12:45:58 INFO  : ----------------XSDB Script (After Launch)----------------
targets -set -nocase -filter {name =~ "ARM*#0" && jtag_cable_name =~ "Digilent Zybo 210279785819A"} -index 0
con
----------------End of Script----------------

12:45:58 INFO  : Launch script is exported to file '/home/sebastian/Desktop/Git/EmbeddedSystems/Lab5/Lab5.sdk/.sdk/launch_scripts/xilinx_c-c++_application_(system_debugger)/system_debugger_using_debug_lab5.elf_on_local.tcl'
12:46:13 INFO  : Disconnected from the channel tcfchan#15.
12:46:14 INFO  : Connected to target on host '127.0.0.1' and port '3121'.
12:46:14 INFO  : Jtag cable 'Digilent Zybo 210279785819A' is selected.
12:46:14 INFO  : 'jtag frequency' command is executed.
12:46:14 INFO  : Sourcing of '/home/sebastian/Desktop/Git/EmbeddedSystems/Lab5/Lab5.sdk/top_hw_platform_0/ps7_init.tcl' is done.
12:46:14 INFO  : Context for 'APU' is selected.
12:46:14 INFO  : System reset is completed.
12:46:17 INFO  : 'after 3000' command is executed.
12:46:17 INFO  : 'targets -set -filter {jtag_cable_name =~ "Digilent Zybo 210279785819A" && level==0} -index 1' command is executed.
12:46:19 INFO  : FPGA configured successfully with bitstream "/home/sebastian/Desktop/Git/EmbeddedSystems/Lab5/Lab5.sdk/top_hw_platform_0/top.bit"
12:46:19 INFO  : Context for 'APU' is selected.
12:46:20 INFO  : Hardware design information is loaded from '/home/sebastian/Desktop/Git/EmbeddedSystems/Lab5/Lab5.sdk/top_hw_platform_0/system.hdf'.
12:46:20 INFO  : 'configparams force-mem-access 1' command is executed.
12:46:20 INFO  : Context for 'APU' is selected.
12:46:21 INFO  : 'ps7_init' command is executed.
12:46:21 INFO  : 'ps7_post_config' command is executed.
12:46:21 INFO  : Context for processor 'ps7_cortexa9_0' is selected.
12:46:21 INFO  : The application '/home/sebastian/Desktop/Git/EmbeddedSystems/Lab5/Lab5.sdk/Lab5/Debug/Lab5.elf' is downloaded to processor 'ps7_cortexa9_0'.
12:46:21 INFO  : 'configparams force-mem-access 0' command is executed.
12:46:21 INFO  : ----------------XSDB Script----------------
connect -url tcp:127.0.0.1:3121
source /home/sebastian/Desktop/Git/EmbeddedSystems/Lab5/Lab5.sdk/top_hw_platform_0/ps7_init.tcl
targets -set -nocase -filter {name =~"APU*" && jtag_cable_name =~ "Digilent Zybo 210279785819A"} -index 0
rst -system
after 3000
targets -set -filter {jtag_cable_name =~ "Digilent Zybo 210279785819A" && level==0} -index 1
fpga -file /home/sebastian/Desktop/Git/EmbeddedSystems/Lab5/Lab5.sdk/top_hw_platform_0/top.bit
targets -set -nocase -filter {name =~"APU*" && jtag_cable_name =~ "Digilent Zybo 210279785819A"} -index 0
loadhw -hw /home/sebastian/Desktop/Git/EmbeddedSystems/Lab5/Lab5.sdk/top_hw_platform_0/system.hdf -mem-ranges [list {0x40000000 0xbfffffff}]
configparams force-mem-access 1
targets -set -nocase -filter {name =~"APU*" && jtag_cable_name =~ "Digilent Zybo 210279785819A"} -index 0
ps7_init
ps7_post_config
targets -set -nocase -filter {name =~ "ARM*#0" && jtag_cable_name =~ "Digilent Zybo 210279785819A"} -index 0
dow /home/sebastian/Desktop/Git/EmbeddedSystems/Lab5/Lab5.sdk/Lab5/Debug/Lab5.elf
configparams force-mem-access 0
----------------End of Script----------------

12:46:21 INFO  : Memory regions updated for context APU
12:46:21 INFO  : Context for processor 'ps7_cortexa9_0' is selected.
12:46:21 INFO  : 'con' command is executed.
12:46:21 INFO  : ----------------XSDB Script (After Launch)----------------
targets -set -nocase -filter {name =~ "ARM*#0" && jtag_cable_name =~ "Digilent Zybo 210279785819A"} -index 0
con
----------------End of Script----------------

12:46:21 INFO  : Launch script is exported to file '/home/sebastian/Desktop/Git/EmbeddedSystems/Lab5/Lab5.sdk/.sdk/launch_scripts/xilinx_c-c++_application_(system_debugger)/system_debugger_using_debug_lab5.elf_on_local.tcl'
12:46:57 INFO  : Disconnected from the channel tcfchan#16.
12:46:58 INFO  : Connected to target on host '127.0.0.1' and port '3121'.
12:46:58 INFO  : Jtag cable 'Digilent Zybo 210279785819A' is selected.
12:46:58 INFO  : 'jtag frequency' command is executed.
12:46:58 INFO  : Sourcing of '/home/sebastian/Desktop/Git/EmbeddedSystems/Lab5/Lab5.sdk/top_hw_platform_0/ps7_init.tcl' is done.
12:46:58 INFO  : Context for 'APU' is selected.
12:46:58 INFO  : System reset is completed.
12:47:01 INFO  : 'after 3000' command is executed.
12:47:01 INFO  : 'targets -set -filter {jtag_cable_name =~ "Digilent Zybo 210279785819A" && level==0} -index 1' command is executed.
12:47:02 INFO  : FPGA configured successfully with bitstream "/home/sebastian/Desktop/Git/EmbeddedSystems/Lab5/Lab5.sdk/top_hw_platform_0/top.bit"
12:47:02 INFO  : Context for 'APU' is selected.
12:47:03 INFO  : Hardware design information is loaded from '/home/sebastian/Desktop/Git/EmbeddedSystems/Lab5/Lab5.sdk/top_hw_platform_0/system.hdf'.
12:47:03 INFO  : 'configparams force-mem-access 1' command is executed.
12:47:03 INFO  : Context for 'APU' is selected.
12:47:04 INFO  : 'ps7_init' command is executed.
12:47:04 INFO  : 'ps7_post_config' command is executed.
12:47:04 INFO  : Context for processor 'ps7_cortexa9_0' is selected.
12:47:04 INFO  : The application '/home/sebastian/Desktop/Git/EmbeddedSystems/Lab5/Lab5.sdk/Lab5/Debug/Lab5.elf' is downloaded to processor 'ps7_cortexa9_0'.
12:47:04 INFO  : 'configparams force-mem-access 0' command is executed.
12:47:04 INFO  : ----------------XSDB Script----------------
connect -url tcp:127.0.0.1:3121
source /home/sebastian/Desktop/Git/EmbeddedSystems/Lab5/Lab5.sdk/top_hw_platform_0/ps7_init.tcl
targets -set -nocase -filter {name =~"APU*" && jtag_cable_name =~ "Digilent Zybo 210279785819A"} -index 0
rst -system
after 3000
targets -set -filter {jtag_cable_name =~ "Digilent Zybo 210279785819A" && level==0} -index 1
fpga -file /home/sebastian/Desktop/Git/EmbeddedSystems/Lab5/Lab5.sdk/top_hw_platform_0/top.bit
targets -set -nocase -filter {name =~"APU*" && jtag_cable_name =~ "Digilent Zybo 210279785819A"} -index 0
loadhw -hw /home/sebastian/Desktop/Git/EmbeddedSystems/Lab5/Lab5.sdk/top_hw_platform_0/system.hdf -mem-ranges [list {0x40000000 0xbfffffff}]
configparams force-mem-access 1
targets -set -nocase -filter {name =~"APU*" && jtag_cable_name =~ "Digilent Zybo 210279785819A"} -index 0
ps7_init
ps7_post_config
targets -set -nocase -filter {name =~ "ARM*#0" && jtag_cable_name =~ "Digilent Zybo 210279785819A"} -index 0
dow /home/sebastian/Desktop/Git/EmbeddedSystems/Lab5/Lab5.sdk/Lab5/Debug/Lab5.elf
configparams force-mem-access 0
----------------End of Script----------------

12:47:04 INFO  : Memory regions updated for context APU
12:47:04 INFO  : Context for processor 'ps7_cortexa9_0' is selected.
12:47:04 INFO  : 'con' command is executed.
12:47:04 INFO  : ----------------XSDB Script (After Launch)----------------
targets -set -nocase -filter {name =~ "ARM*#0" && jtag_cable_name =~ "Digilent Zybo 210279785819A"} -index 0
con
----------------End of Script----------------

12:47:04 INFO  : Launch script is exported to file '/home/sebastian/Desktop/Git/EmbeddedSystems/Lab5/Lab5.sdk/.sdk/launch_scripts/xilinx_c-c++_application_(system_debugger)/system_debugger_using_debug_lab5.elf_on_local.tcl'
12:47:30 INFO  : Disconnected from the channel tcfchan#17.
12:47:31 INFO  : Connected to target on host '127.0.0.1' and port '3121'.
12:47:31 INFO  : Jtag cable 'Digilent Zybo 210279785819A' is selected.
12:47:31 INFO  : 'jtag frequency' command is executed.
12:47:31 INFO  : Sourcing of '/home/sebastian/Desktop/Git/EmbeddedSystems/Lab5/Lab5.sdk/top_hw_platform_0/ps7_init.tcl' is done.
12:47:31 INFO  : Context for 'APU' is selected.
12:47:31 INFO  : System reset is completed.
12:47:34 INFO  : 'after 3000' command is executed.
12:47:34 INFO  : 'targets -set -filter {jtag_cable_name =~ "Digilent Zybo 210279785819A" && level==0} -index 1' command is executed.
12:47:35 INFO  : FPGA configured successfully with bitstream "/home/sebastian/Desktop/Git/EmbeddedSystems/Lab5/Lab5.sdk/top_hw_platform_0/top.bit"
12:47:36 INFO  : Context for 'APU' is selected.
12:47:37 INFO  : Hardware design information is loaded from '/home/sebastian/Desktop/Git/EmbeddedSystems/Lab5/Lab5.sdk/top_hw_platform_0/system.hdf'.
12:47:37 INFO  : 'configparams force-mem-access 1' command is executed.
12:47:37 INFO  : Context for 'APU' is selected.
12:47:37 INFO  : 'ps7_init' command is executed.
12:47:37 INFO  : 'ps7_post_config' command is executed.
12:47:37 INFO  : Context for processor 'ps7_cortexa9_0' is selected.
12:47:37 INFO  : The application '/home/sebastian/Desktop/Git/EmbeddedSystems/Lab5/Lab5.sdk/Lab5/Debug/Lab5.elf' is downloaded to processor 'ps7_cortexa9_0'.
12:47:37 INFO  : 'configparams force-mem-access 0' command is executed.
12:47:37 INFO  : ----------------XSDB Script----------------
connect -url tcp:127.0.0.1:3121
source /home/sebastian/Desktop/Git/EmbeddedSystems/Lab5/Lab5.sdk/top_hw_platform_0/ps7_init.tcl
targets -set -nocase -filter {name =~"APU*" && jtag_cable_name =~ "Digilent Zybo 210279785819A"} -index 0
rst -system
after 3000
targets -set -filter {jtag_cable_name =~ "Digilent Zybo 210279785819A" && level==0} -index 1
fpga -file /home/sebastian/Desktop/Git/EmbeddedSystems/Lab5/Lab5.sdk/top_hw_platform_0/top.bit
targets -set -nocase -filter {name =~"APU*" && jtag_cable_name =~ "Digilent Zybo 210279785819A"} -index 0
loadhw -hw /home/sebastian/Desktop/Git/EmbeddedSystems/Lab5/Lab5.sdk/top_hw_platform_0/system.hdf -mem-ranges [list {0x40000000 0xbfffffff}]
configparams force-mem-access 1
targets -set -nocase -filter {name =~"APU*" && jtag_cable_name =~ "Digilent Zybo 210279785819A"} -index 0
ps7_init
ps7_post_config
targets -set -nocase -filter {name =~ "ARM*#0" && jtag_cable_name =~ "Digilent Zybo 210279785819A"} -index 0
dow /home/sebastian/Desktop/Git/EmbeddedSystems/Lab5/Lab5.sdk/Lab5/Debug/Lab5.elf
configparams force-mem-access 0
----------------End of Script----------------

12:47:37 INFO  : Memory regions updated for context APU
12:47:37 INFO  : Context for processor 'ps7_cortexa9_0' is selected.
12:47:37 INFO  : 'con' command is executed.
12:47:37 INFO  : ----------------XSDB Script (After Launch)----------------
targets -set -nocase -filter {name =~ "ARM*#0" && jtag_cable_name =~ "Digilent Zybo 210279785819A"} -index 0
con
----------------End of Script----------------

12:47:37 INFO  : Launch script is exported to file '/home/sebastian/Desktop/Git/EmbeddedSystems/Lab5/Lab5.sdk/.sdk/launch_scripts/xilinx_c-c++_application_(system_debugger)/system_debugger_using_debug_lab5.elf_on_local.tcl'
12:49:54 INFO  : Disconnected from the channel tcfchan#18.
12:49:55 INFO  : Connected to target on host '127.0.0.1' and port '3121'.
12:49:55 INFO  : Jtag cable 'Digilent Zybo 210279785819A' is selected.
12:49:55 INFO  : 'jtag frequency' command is executed.
12:49:55 INFO  : Sourcing of '/home/sebastian/Desktop/Git/EmbeddedSystems/Lab5/Lab5.sdk/top_hw_platform_0/ps7_init.tcl' is done.
12:49:55 INFO  : Context for 'APU' is selected.
12:49:55 INFO  : System reset is completed.
12:49:58 INFO  : 'after 3000' command is executed.
12:49:59 INFO  : 'targets -set -filter {jtag_cable_name =~ "Digilent Zybo 210279785819A" && level==0} -index 1' command is executed.
12:50:00 INFO  : FPGA configured successfully with bitstream "/home/sebastian/Desktop/Git/EmbeddedSystems/Lab5/Lab5.sdk/top_hw_platform_0/top.bit"
12:50:00 INFO  : Context for 'APU' is selected.
12:50:01 INFO  : Hardware design information is loaded from '/home/sebastian/Desktop/Git/EmbeddedSystems/Lab5/Lab5.sdk/top_hw_platform_0/system.hdf'.
12:50:01 INFO  : 'configparams force-mem-access 1' command is executed.
12:50:01 INFO  : Context for 'APU' is selected.
12:50:01 INFO  : 'ps7_init' command is executed.
12:50:01 INFO  : 'ps7_post_config' command is executed.
12:50:01 INFO  : Context for processor 'ps7_cortexa9_0' is selected.
12:50:02 INFO  : The application '/home/sebastian/Desktop/Git/EmbeddedSystems/Lab5/Lab5.sdk/Lab5/Debug/Lab5.elf' is downloaded to processor 'ps7_cortexa9_0'.
12:50:02 INFO  : 'configparams force-mem-access 0' command is executed.
12:50:02 INFO  : ----------------XSDB Script----------------
connect -url tcp:127.0.0.1:3121
source /home/sebastian/Desktop/Git/EmbeddedSystems/Lab5/Lab5.sdk/top_hw_platform_0/ps7_init.tcl
targets -set -nocase -filter {name =~"APU*" && jtag_cable_name =~ "Digilent Zybo 210279785819A"} -index 0
rst -system
after 3000
targets -set -filter {jtag_cable_name =~ "Digilent Zybo 210279785819A" && level==0} -index 1
fpga -file /home/sebastian/Desktop/Git/EmbeddedSystems/Lab5/Lab5.sdk/top_hw_platform_0/top.bit
targets -set -nocase -filter {name =~"APU*" && jtag_cable_name =~ "Digilent Zybo 210279785819A"} -index 0
loadhw -hw /home/sebastian/Desktop/Git/EmbeddedSystems/Lab5/Lab5.sdk/top_hw_platform_0/system.hdf -mem-ranges [list {0x40000000 0xbfffffff}]
configparams force-mem-access 1
targets -set -nocase -filter {name =~"APU*" && jtag_cable_name =~ "Digilent Zybo 210279785819A"} -index 0
ps7_init
ps7_post_config
targets -set -nocase -filter {name =~ "ARM*#0" && jtag_cable_name =~ "Digilent Zybo 210279785819A"} -index 0
dow /home/sebastian/Desktop/Git/EmbeddedSystems/Lab5/Lab5.sdk/Lab5/Debug/Lab5.elf
configparams force-mem-access 0
----------------End of Script----------------

12:50:02 INFO  : Memory regions updated for context APU
12:50:02 INFO  : Context for processor 'ps7_cortexa9_0' is selected.
12:50:02 INFO  : 'con' command is executed.
12:50:02 INFO  : ----------------XSDB Script (After Launch)----------------
targets -set -nocase -filter {name =~ "ARM*#0" && jtag_cable_name =~ "Digilent Zybo 210279785819A"} -index 0
con
----------------End of Script----------------

12:50:02 INFO  : Launch script is exported to file '/home/sebastian/Desktop/Git/EmbeddedSystems/Lab5/Lab5.sdk/.sdk/launch_scripts/xilinx_c-c++_application_(system_debugger)/system_debugger_using_debug_lab5.elf_on_local.tcl'
12:50:21 INFO  : Disconnected from the channel tcfchan#19.
