08:31:50 INFO  : Registering command handlers for SDK TCF services
08:31:54 INFO  : Launching XSCT server: xsct -n -interactive /home/sebastian/Desktop/Git/EmbeddedSystems/SpaceInvaders/SpaceInvaders.sdk/temp_xsdb_launch_script.tcl
08:31:59 INFO  : XSCT server has started successfully.
08:32:07 INFO  : Successfully done setting XSCT server connection channel  
08:32:07 INFO  : Successfully done setting SDK workspace  
08:32:07 INFO  : Processing command line option -hwspec /home/sebastian/Desktop/Git/EmbeddedSystems/SpaceInvaders/SpaceInvaders.sdk/top.hdf.
17:35:56 INFO  : Launching XSCT server: xsct -n -interactive /home/sebastian/Desktop/Git/EmbeddedSystems/SpaceInvaders/SpaceInvaders.sdk/temp_xsdb_launch_script.tcl
17:35:59 INFO  : XSCT server has started successfully.
17:38:57 ERROR : (XSDB Server)Terminated

17:39:11 INFO  : Launching XSCT server: xsct -n -interactive /home/sebastian/Desktop/Git/EmbeddedSystems/SpaceInvaders/SpaceInvaders.sdk/temp_xsdb_launch_script.tcl
17:39:13 INFO  : XSCT server has started successfully.
17:39:21 INFO  : Successfully done setting XSCT server connection channel  
17:39:21 INFO  : Successfully done setting SDK workspace  
17:39:27 INFO  : Registering command handlers for SDK TCF services
17:39:28 INFO  : Processing command line option -hwspec /home/sebastian/Desktop/Git/EmbeddedSystems/SpaceInvaders/SpaceInvaders.sdk/top.hdf.
17:39:28 INFO  : Checking for hwspec changes in the project top_hw_platform_0.
17:47:59 INFO  : Example project SpaceInvaders_bsp_xbram_example_1 has been created successfully.
18:04:55 INFO  : Example project SpaceInvaders_bsp_xsysmon_polled_example_1 has been created successfully.
18:21:34 INFO  : SDK has detected change in the last modified timestamps for source hardware specification file Source:1619281278000,  Project:1618986031000
18:21:34 INFO  : Project top_hw_platform_0's source hardware specification located at /home/sebastian/Desktop/Git/EmbeddedSystems/SpaceInvaders/SpaceInvaders.sdk/top.hdf is now different from the local copy.
		 The local copy will be replaced with the source specification and your workspace will be updated.
18:21:39 INFO  : Copied contents of /home/sebastian/Desktop/Git/EmbeddedSystems/SpaceInvaders/SpaceInvaders.sdk/top.hdf into /top_hw_platform_0/system.hdf.
18:21:41 INFO  : Synchronizing projects in the workspace with the hardware platform specification changes.
18:21:42 INFO  : 
18:21:43 INFO  : Updating hardware inferred compiler options for SpaceInvaders.
18:21:43 INFO  : Clearing existing target manager status.
18:21:43 INFO  : Closing and re-opening the MSS file of ther project SpaceInvaders_bsp
18:21:44 INFO  : Workspace synchronized with the new hardware specification file. Cleaning dependent projects...
18:21:47 WARN  : Linker script will not be updated automatically. Users need to update it manually.
19:00:36 INFO  : SDK has detected change in the last modified timestamps for source hardware specification file Source:1619281604000,  Project:1619281278000
19:00:36 INFO  : Project top_hw_platform_0's source hardware specification located at /home/sebastian/Desktop/Git/EmbeddedSystems/SpaceInvaders/SpaceInvaders.sdk/top.hdf is now different from the local copy.
		 The local copy will be replaced with the source specification and your workspace will be updated.
19:00:38 INFO  : Copied contents of /home/sebastian/Desktop/Git/EmbeddedSystems/SpaceInvaders/SpaceInvaders.sdk/top.hdf into /top_hw_platform_0/system.hdf.
19:00:40 INFO  : Synchronizing projects in the workspace with the hardware platform specification changes.
19:00:41 INFO  : 
19:00:42 INFO  : Updating hardware inferred compiler options for SpaceInvaders.
19:00:42 INFO  : Clearing existing target manager status.
19:00:42 INFO  : Closing and re-opening the MSS file of ther project SpaceInvaders_bsp
19:00:42 INFO  : Workspace synchronized with the new hardware specification file. Cleaning dependent projects...
19:00:43 WARN  : Linker script will not be updated automatically. Users need to update it manually.
19:05:50 INFO  : SDK has detected change in the last modified timestamps for source hardware specification file Source:1619283872000,  Project:1619281604000
19:05:50 INFO  : Project top_hw_platform_0's source hardware specification located at /home/sebastian/Desktop/Git/EmbeddedSystems/SpaceInvaders/SpaceInvaders.sdk/top.hdf is now different from the local copy.
		 The local copy will be replaced with the source specification and your workspace will be updated.
19:05:53 INFO  : Copied contents of /home/sebastian/Desktop/Git/EmbeddedSystems/SpaceInvaders/SpaceInvaders.sdk/top.hdf into /top_hw_platform_0/system.hdf.
19:05:55 INFO  : Synchronizing projects in the workspace with the hardware platform specification changes.
19:05:56 INFO  : 
19:05:57 INFO  : Updating hardware inferred compiler options for SpaceInvaders.
19:05:57 INFO  : Clearing existing target manager status.
19:05:57 INFO  : Closing and re-opening the MSS file of ther project SpaceInvaders_bsp
19:05:57 INFO  : Workspace synchronized with the new hardware specification file. Cleaning dependent projects...
19:05:58 WARN  : Linker script will not be updated automatically. Users need to update it manually.
19:09:25 INFO  : SDK has detected change in the last modified timestamps for source hardware specification file Source:1619284134000,  Project:1619283872000
19:09:25 INFO  : Project top_hw_platform_0's source hardware specification located at /home/sebastian/Desktop/Git/EmbeddedSystems/SpaceInvaders/SpaceInvaders.sdk/top.hdf is now different from the local copy.
		 The local copy will be replaced with the source specification and your workspace will be updated.
19:09:33 INFO  : Copied contents of /home/sebastian/Desktop/Git/EmbeddedSystems/SpaceInvaders/SpaceInvaders.sdk/top.hdf into /top_hw_platform_0/system.hdf.
19:09:36 INFO  : Synchronizing projects in the workspace with the hardware platform specification changes.
19:09:37 INFO  : 
19:09:38 INFO  : Updating hardware inferred compiler options for SpaceInvaders.
19:09:38 INFO  : Clearing existing target manager status.
19:09:38 INFO  : Closing and re-opening the MSS file of ther project SpaceInvaders_bsp
19:09:38 INFO  : Workspace synchronized with the new hardware specification file. Cleaning dependent projects...
19:09:39 WARN  : Linker script will not be updated automatically. Users need to update it manually.
19:20:04 INFO  : SDK has detected change in the last modified timestamps for source hardware specification file Source:1619284793000,  Project:1619284134000
19:20:04 INFO  : Project top_hw_platform_0's source hardware specification located at /home/sebastian/Desktop/Git/EmbeddedSystems/SpaceInvaders/SpaceInvaders.sdk/top.hdf is now different from the local copy.
		 The local copy will be replaced with the source specification and your workspace will be updated.
19:20:05 INFO  : Copied contents of /home/sebastian/Desktop/Git/EmbeddedSystems/SpaceInvaders/SpaceInvaders.sdk/top.hdf into /top_hw_platform_0/system.hdf.
19:20:08 INFO  : Synchronizing projects in the workspace with the hardware platform specification changes.
19:20:09 INFO  : 
19:20:09 INFO  : Updating hardware inferred compiler options for SpaceInvaders.
19:20:09 INFO  : Clearing existing target manager status.
19:20:09 INFO  : Closing and re-opening the MSS file of ther project SpaceInvaders_bsp
19:20:10 INFO  : Workspace synchronized with the new hardware specification file. Cleaning dependent projects...
19:20:11 WARN  : Linker script will not be updated automatically. Users need to update it manually.
19:23:30 INFO  : Successfully generated /home/sebastian/Desktop/Git/EmbeddedSystems/SpaceInvaders/SpaceInvaders.sdk/SpaceInvaders/src/lscript.ld.
19:23:30 INFO  : Applying linker script to all configurations of project SpaceInvaders.
19:23:30 INFO  : Setting rebuild state to true for all configurations of project SpaceInvaders.
19:24:54 INFO  : 'targets -set -filter {jtag_cable_name =~ "Digilent Zybo 210279785819A" && level==0} -index 1' command is executed.
19:24:54 INFO  : 'fpga -state' command is executed.
19:24:57 INFO  : Memory regions updated for context APU
19:25:09 INFO  : Connected to target on host '127.0.0.1' and port '3121'.
19:25:09 INFO  : Jtag cable 'Digilent Zybo 210279785819A' is selected.
19:25:09 INFO  : 'jtag frequency' command is executed.
19:25:09 INFO  : Sourcing of '/home/sebastian/Desktop/Git/EmbeddedSystems/SpaceInvaders/SpaceInvaders.sdk/top_hw_platform_0/ps7_init.tcl' is done.
19:25:09 INFO  : Context for 'APU' is selected.
19:25:10 INFO  : System reset is completed.
19:25:13 INFO  : 'after 3000' command is executed.
19:25:13 INFO  : 'targets -set -filter {jtag_cable_name =~ "Digilent Zybo 210279785819A" && level==0} -index 1' command is executed.
19:25:14 INFO  : FPGA configured successfully with bitstream "/home/sebastian/Desktop/Git/EmbeddedSystems/SpaceInvaders/SpaceInvaders.sdk/top_hw_platform_0/top.bit"
19:25:14 INFO  : Context for 'APU' is selected.
19:25:14 INFO  : Hardware design information is loaded from '/home/sebastian/Desktop/Git/EmbeddedSystems/SpaceInvaders/SpaceInvaders.sdk/top_hw_platform_0/system.hdf'.
19:25:14 INFO  : 'configparams force-mem-access 1' command is executed.
19:25:14 INFO  : Context for 'APU' is selected.
19:25:14 INFO  : 'ps7_init' command is executed.
19:25:14 INFO  : 'ps7_post_config' command is executed.
19:25:14 INFO  : 'configparams mdm-detect-bscan-mask 2' command is executed.
19:25:14 INFO  : Context for processor 'microblaze_0' is selected.
19:25:14 INFO  : The application '/home/sebastian/Desktop/Git/EmbeddedSystems/SpaceInvaders/SpaceInvaders.sdk/SpaceInvaders/Debug/SpaceInvaders.elf' is downloaded to processor 'microblaze_0'.
19:25:15 INFO  : 'configparams force-mem-access 0' command is executed.
19:25:15 INFO  : ----------------XSDB Script----------------
connect -url tcp:127.0.0.1:3121
source /home/sebastian/Desktop/Git/EmbeddedSystems/SpaceInvaders/SpaceInvaders.sdk/top_hw_platform_0/ps7_init.tcl
targets -set -nocase -filter {name =~"APU*" && jtag_cable_name =~ "Digilent Zybo 210279785819A"} -index 0
rst -system
after 3000
targets -set -filter {jtag_cable_name =~ "Digilent Zybo 210279785819A" && level==0} -index 1
fpga -file /home/sebastian/Desktop/Git/EmbeddedSystems/SpaceInvaders/SpaceInvaders.sdk/top_hw_platform_0/top.bit
targets -set -nocase -filter {name =~"APU*" && jtag_cable_name =~ "Digilent Zybo 210279785819A"} -index 0
loadhw -hw /home/sebastian/Desktop/Git/EmbeddedSystems/SpaceInvaders/SpaceInvaders.sdk/top_hw_platform_0/system.hdf -mem-ranges [list {0x40000000 0xbfffffff}]
configparams force-mem-access 1
targets -set -nocase -filter {name =~"APU*" && jtag_cable_name =~ "Digilent Zybo 210279785819A"} -index 0
ps7_init
ps7_post_config
configparams mdm-detect-bscan-mask 2
targets -set -nocase -filter {name =~ "microblaze*#0" && bscan=="USER2"  && jtag_cable_name =~ "Digilent Zybo 210279785819A"} -index 1
dow /home/sebastian/Desktop/Git/EmbeddedSystems/SpaceInvaders/SpaceInvaders.sdk/SpaceInvaders/Debug/SpaceInvaders.elf
configparams force-mem-access 0
----------------End of Script----------------

19:25:15 INFO  : Memory regions updated for context APU
19:25:15 INFO  : Memory regions updated for context PA
19:25:15 INFO  : Memory regions updated for context PA
19:25:15 INFO  : Context for processor 'microblaze_0' is selected.
19:25:15 INFO  : 'con' command is executed.
19:25:15 INFO  : ----------------XSDB Script (After Launch)----------------
targets -set -nocase -filter {name =~ "microblaze*#0" && bscan=="USER2"  && jtag_cable_name =~ "Digilent Zybo 210279785819A"} -index 1
con
----------------End of Script----------------

19:25:15 INFO  : Launch script is exported to file '/home/sebastian/Desktop/Git/EmbeddedSystems/SpaceInvaders/SpaceInvaders.sdk/.sdk/launch_scripts/xilinx_c-c++_application_(system_debugger)/system_debugger_using_debug_spaceinvaders.elf_on_local.tcl'
20:13:21 INFO  : Disconnected from the channel tcfchan#1.
11:19:36 INFO  : Registering command handlers for SDK TCF services
11:19:37 INFO  : Launching XSCT server: xsct -n -interactive /home/sebastian/Desktop/Git/EmbeddedSystems/SpaceInvaders/SpaceInvaders.sdk/temp_xsdb_launch_script.tcl
11:19:39 INFO  : XSCT server has started successfully.
11:19:39 INFO  : Successfully done setting XSCT server connection channel  
11:19:39 INFO  : Successfully done setting SDK workspace  
11:19:39 INFO  : Processing command line option -hwspec /home/sebastian/Desktop/Git/EmbeddedSystems/SpaceInvaders/SpaceInvaders.sdk/top.hdf.
11:19:39 INFO  : Checking for hwspec changes in the project top_hw_platform_0.
11:19:42 INFO  : SDK has detected change in the last modified timestamps for source hardware specification file Source:1619342228000,  Project:1619284793000
11:19:42 INFO  : The hardware specification for project 'top_hw_platform_0' is different from /home/sebastian/Desktop/Git/EmbeddedSystems/SpaceInvaders/SpaceInvaders.sdk/top.hdf.
11:19:42 INFO  : Copied contents of /home/sebastian/Desktop/Git/EmbeddedSystems/SpaceInvaders/SpaceInvaders.sdk/top.hdf into /top_hw_platform_0/system.hdf.
11:19:45 INFO  : Synchronizing projects in the workspace with the hardware platform specification changes.
11:19:46 INFO  : 
11:19:47 INFO  : Updating hardware inferred compiler options for SpaceInvaders.
11:19:47 INFO  : Clearing existing target manager status.
08:36:12 INFO  : Registering command handlers for SDK TCF services
08:36:14 INFO  : Launching XSCT server: xsct -n -interactive /home/sebastian/Desktop/Git/EmbeddedSystems/SpaceInvaders/SpaceInvaders.sdk/temp_xsdb_launch_script.tcl
08:36:21 INFO  : XSCT server has started successfully.
08:36:41 INFO  : Successfully done setting XSCT server connection channel  
08:36:41 INFO  : Successfully done setting SDK workspace  
08:36:41 INFO  : Processing command line option -hwspec /home/sebastian/Desktop/Git/EmbeddedSystems/SpaceInvaders/SpaceInvaders.sdk/top.hdf.
08:36:42 INFO  : Checking for hwspec changes in the project top_hw_platform_0.
08:36:48 INFO  : SDK has detected change in the last modified timestamps for source hardware specification file Source:1619342708000,  Project:1619342228000
08:36:48 INFO  : The hardware specification for project 'top_hw_platform_0' is different from /home/sebastian/Desktop/Git/EmbeddedSystems/SpaceInvaders/SpaceInvaders.sdk/top.hdf.
08:36:48 INFO  : Copied contents of /home/sebastian/Desktop/Git/EmbeddedSystems/SpaceInvaders/SpaceInvaders.sdk/top.hdf into /top_hw_platform_0/system.hdf.
08:36:51 INFO  : Synchronizing projects in the workspace with the hardware platform specification changes.
08:36:53 INFO  : 
08:36:53 INFO  : Updating hardware inferred compiler options for SpaceInvaders.
08:36:54 INFO  : Clearing existing target manager status.
08:51:19 INFO  : Registering command handlers for SDK TCF services
08:51:21 INFO  : Launching XSCT server: xsct -n -interactive /home/sebastian/Desktop/Git/EmbeddedSystems/SpaceInvaders/SpaceInvaders.sdk/temp_xsdb_launch_script.tcl
08:51:23 INFO  : XSCT server has started successfully.
08:51:23 INFO  : Successfully done setting XSCT server connection channel  
08:51:23 INFO  : Successfully done setting SDK workspace  
08:51:23 INFO  : Processing command line option -hwspec /home/sebastian/Desktop/Git/EmbeddedSystems/SpaceInvaders/SpaceInvaders.sdk/top.hdf.
08:51:23 INFO  : Checking for hwspec changes in the project top_hw_platform_0.
12:37:37 INFO  : Registering command handlers for SDK TCF services
12:37:39 INFO  : Launching XSCT server: xsct -n -interactive /home/sebastian/Desktop/Git/EmbeddedSystems/SpaceInvaders/SpaceInvaders.sdk/temp_xsdb_launch_script.tcl
12:37:43 INFO  : XSCT server has started successfully.
12:37:43 INFO  : Successfully done setting XSCT server connection channel  
12:37:43 INFO  : Successfully done setting SDK workspace  
12:37:43 INFO  : Processing command line option -hwspec /home/sebastian/Desktop/Git/EmbeddedSystems/SpaceInvaders/SpaceInvaders.sdk/top.hdf.
12:37:43 INFO  : Checking for hwspec changes in the project top_hw_platform_0.
12:37:46 INFO  : SDK has detected change in the last modified timestamps for source hardware specification file Source:1619425903000,  Project:1619342708000
12:37:46 INFO  : The hardware specification for project 'top_hw_platform_0' is different from /home/sebastian/Desktop/Git/EmbeddedSystems/SpaceInvaders/SpaceInvaders.sdk/top.hdf.
12:37:47 INFO  : Copied contents of /home/sebastian/Desktop/Git/EmbeddedSystems/SpaceInvaders/SpaceInvaders.sdk/top.hdf into /top_hw_platform_0/system.hdf.
12:37:53 INFO  : Synchronizing projects in the workspace with the hardware platform specification changes.
12:37:54 INFO  : 
12:37:55 INFO  : Updating hardware inferred compiler options for SpaceInvaders.
12:37:56 INFO  : Clearing existing target manager status.
12:46:31 INFO  : SDK has detected change in the last modified timestamps for source hardware specification file Source:1622716991000,  Project:1619425903000
12:46:31 INFO  : Project top_hw_platform_0's source hardware specification located at /home/sebastian/Desktop/Git/EmbeddedSystems/SpaceInvaders/SpaceInvaders.sdk/top.hdf is now different from the local copy.
		 The local copy will be replaced with the source specification and your workspace will be updated.
12:46:33 INFO  : Copied contents of /home/sebastian/Desktop/Git/EmbeddedSystems/SpaceInvaders/SpaceInvaders.sdk/top.hdf into /top_hw_platform_0/system.hdf.
12:46:36 INFO  : Synchronizing projects in the workspace with the hardware platform specification changes.
12:46:37 INFO  : 
12:46:38 INFO  : Updating hardware inferred compiler options for SpaceInvaders.
12:46:38 INFO  : Clearing existing target manager status.
12:46:38 INFO  : Closing and re-opening the MSS file of ther project SpaceInvaders_bsp
12:46:39 INFO  : Workspace synchronized with the new hardware specification file. Cleaning dependent projects...
12:46:40 WARN  : Linker script will not be updated automatically. Users need to update it manually.
12:49:08 INFO  : Invoking Bootgen: bootgen -image fsbl.bif -arch zynq -o /home/sebastian/Desktop/Git/EmbeddedSystems/SpaceInvaders/SpaceInvaders.sdk/fsbl/bootimage/BOOT.bin
12:49:08 INFO  : Creating new bif file /home/sebastian/Desktop/Git/EmbeddedSystems/SpaceInvaders/SpaceInvaders.sdk/fsbl/bootimage/fsbl.bif
12:49:10 INFO  : Bootgen command execution is done.
12:50:48 INFO  : Saving repository preferences.
12:50:48 INFO  : Reading in cores from local repositories: 
		 /home/sebastian/Desktop/Embedded_Linux/EK-ES/device-tree-xlnx-master
12:50:48 INFO  : Cleaning BSP projects in the workspace.
13:23:21 INFO  : Connected to target on host '127.0.0.1' and port '3121'.
13:23:21 INFO  : Jtag cable 'Digilent Zybo 210279785819A' is selected.
13:23:21 INFO  : 'jtag frequency' command is executed.
13:23:21 INFO  : Sourcing of '/home/sebastian/Desktop/Git/EmbeddedSystems/SpaceInvaders/SpaceInvaders.sdk/top_hw_platform_0/ps7_init.tcl' is done.
13:23:21 INFO  : Context for 'APU' is selected.
13:23:21 INFO  : System reset is completed.
13:23:24 INFO  : 'after 3000' command is executed.
13:23:24 INFO  : 'targets -set -filter {jtag_cable_name =~ "Digilent Zybo 210279785819A" && level==0} -index 1' command is executed.
13:23:26 INFO  : FPGA configured successfully with bitstream "/home/sebastian/Desktop/Git/EmbeddedSystems/SpaceInvaders/SpaceInvaders.sdk/top_hw_platform_0/top.bit"
13:23:26 INFO  : Context for 'APU' is selected.
13:23:26 INFO  : Hardware design information is loaded from '/home/sebastian/Desktop/Git/EmbeddedSystems/SpaceInvaders/SpaceInvaders.sdk/top_hw_platform_0/system.hdf'.
13:23:26 INFO  : 'configparams force-mem-access 1' command is executed.
13:23:26 INFO  : Context for 'APU' is selected.
13:23:27 INFO  : 'ps7_init' command is executed.
13:23:27 INFO  : 'ps7_post_config' command is executed.
13:23:27 INFO  : 'configparams mdm-detect-bscan-mask 2' command is executed.
13:23:27 INFO  : Context for processor 'microblaze_0' is selected.
13:23:27 INFO  : The application '/home/sebastian/Desktop/Git/EmbeddedSystems/SpaceInvaders/SpaceInvaders.sdk/SpaceInvaders/Debug/SpaceInvaders.elf' is downloaded to processor 'microblaze_0'.
13:23:27 INFO  : 'configparams force-mem-access 0' command is executed.
13:23:27 INFO  : ----------------XSDB Script----------------
connect -url tcp:127.0.0.1:3121
source /home/sebastian/Desktop/Git/EmbeddedSystems/SpaceInvaders/SpaceInvaders.sdk/top_hw_platform_0/ps7_init.tcl
targets -set -nocase -filter {name =~"APU*" && jtag_cable_name =~ "Digilent Zybo 210279785819A"} -index 0
rst -system
after 3000
targets -set -filter {jtag_cable_name =~ "Digilent Zybo 210279785819A" && level==0} -index 1
fpga -file /home/sebastian/Desktop/Git/EmbeddedSystems/SpaceInvaders/SpaceInvaders.sdk/top_hw_platform_0/top.bit
targets -set -nocase -filter {name =~"APU*" && jtag_cable_name =~ "Digilent Zybo 210279785819A"} -index 0
loadhw -hw /home/sebastian/Desktop/Git/EmbeddedSystems/SpaceInvaders/SpaceInvaders.sdk/top_hw_platform_0/system.hdf -mem-ranges [list {0x40000000 0xbfffffff}]
configparams force-mem-access 1
targets -set -nocase -filter {name =~"APU*" && jtag_cable_name =~ "Digilent Zybo 210279785819A"} -index 0
ps7_init
ps7_post_config
configparams mdm-detect-bscan-mask 2
targets -set -nocase -filter {name =~ "microblaze*#0" && bscan=="USER2"  && jtag_cable_name =~ "Digilent Zybo 210279785819A"} -index 1
dow /home/sebastian/Desktop/Git/EmbeddedSystems/SpaceInvaders/SpaceInvaders.sdk/SpaceInvaders/Debug/SpaceInvaders.elf
configparams force-mem-access 0
----------------End of Script----------------

13:23:27 INFO  : Memory regions updated for context APU
13:23:27 INFO  : Memory regions updated for context PA
13:23:27 INFO  : Memory regions updated for context PA
13:23:27 INFO  : Context for processor 'microblaze_0' is selected.
13:23:27 INFO  : 'con' command is executed.
13:23:27 INFO  : ----------------XSDB Script (After Launch)----------------
targets -set -nocase -filter {name =~ "microblaze*#0" && bscan=="USER2"  && jtag_cable_name =~ "Digilent Zybo 210279785819A"} -index 1
con
----------------End of Script----------------

13:23:27 INFO  : Launch script is exported to file '/home/sebastian/Desktop/Git/EmbeddedSystems/SpaceInvaders/SpaceInvaders.sdk/.sdk/launch_scripts/xilinx_c-c++_application_(system_debugger)/system_debugger_using_debug_spaceinvaders.elf_on_local.tcl'
13:30:41 INFO  : SDK has detected change in the last modified timestamps for source hardware specification file Source:1622719802000,  Project:1622716991000
13:30:41 INFO  : Project top_hw_platform_0's source hardware specification located at /home/sebastian/Desktop/Git/EmbeddedSystems/SpaceInvaders/SpaceInvaders.sdk/top.hdf is now different from the local copy.
		 The local copy will be replaced with the source specification and your workspace will be updated.
13:30:48 INFO  : Copied contents of /home/sebastian/Desktop/Git/EmbeddedSystems/SpaceInvaders/SpaceInvaders.sdk/top.hdf into /top_hw_platform_0/system.hdf.
13:30:50 ERROR : Interrupted exception while waiting for the completion of command '::hsi::utils::openhw /tmp/system1108463263679680761.hdf'
13:30:50 ERROR : Failed to openhw "/tmp/system1108463263679680761.hdf"
java.lang.InterruptedException
	at java.lang.Object.wait(Native Method)
	at java.lang.Object.wait(Object.java:502)
	at com.xilinx.sdk.xsdb.XsdbCommandWaitHandler.waitForCompletion(XsdbCommandWaitHandler.java:51)
	at com.xilinx.sdk.xsdb.XSDBCommandManager.issueAndWait(XSDBCommandManager.java:401)
	at com.xilinx.sdk.xsdb.XsdbCommandUtils.executeAndRespond(XsdbCommandUtils.java:307)
	at com.xilinx.sdk.hw.internal.HwPlatform.openHw(HwPlatform.java:367)
	at com.xilinx.sdk.hw.internal.HwPlatform.<init>(HwPlatform.java:354)
	at com.xilinx.sdk.hw.internal.HwSpecFactory.createHwSpec(HwSpecFactory.java:55)
	at com.xilinx.sdk.hw.sync.HwSpecChangeUtil.performChange(HwSpecChangeUtil.java:124)
	at com.xilinx.sdk.hw.sync.HwPlatformMonitor.doMonitorTask(HwPlatformMonitor.java:78)
	at com.xilinx.sdk.hw.sync.HwPlatformMonitor.access$0(HwPlatformMonitor.java:41)
	at com.xilinx.sdk.hw.sync.HwPlatformMonitor$1.run(HwPlatformMonitor.java:33)
	at org.eclipse.swt.widgets.RunnableLock.run(RunnableLock.java:35)
	at org.eclipse.swt.widgets.Synchronizer.runAsyncMessages(Synchronizer.java:182)
	at org.eclipse.swt.widgets.Display.runAsyncMessages(Display.java:4528)
	at org.eclipse.swt.widgets.Display.readAndDispatch(Display.java:4146)
	at org.eclipse.e4.ui.internal.workbench.swt.PartRenderingEngine$4.run(PartRenderingEngine.java:1121)
	at org.eclipse.core.databinding.observable.Realm.runWithDefault(Realm.java:336)
	at org.eclipse.e4.ui.internal.workbench.swt.PartRenderingEngine.run(PartRenderingEngine.java:1022)
	at org.eclipse.e4.ui.internal.workbench.E4Workbench.createAndRunUI(E4Workbench.java:150)
	at org.eclipse.ui.internal.Workbench$5.run(Workbench.java:687)
	at org.eclipse.core.databinding.observable.Realm.runWithDefault(Realm.java:336)
	at org.eclipse.ui.internal.Workbench.createAndRunWorkbench(Workbench.java:604)
	at org.eclipse.ui.PlatformUI.createAndRunWorkbench(PlatformUI.java:148)
	at org.eclipse.ui.internal.ide.application.IDEApplication.start(IDEApplication.java:138)
	at org.eclipse.equinox.internal.app.EclipseAppHandle.run(EclipseAppHandle.java:196)
	at org.eclipse.core.runtime.internal.adaptor.EclipseAppLauncher.runApplication(EclipseAppLauncher.java:134)
	at org.eclipse.core.runtime.internal.adaptor.EclipseAppLauncher.start(EclipseAppLauncher.java:104)
	at org.eclipse.core.runtime.adaptor.EclipseStarter.run(EclipseStarter.java:388)
	at org.eclipse.core.runtime.adaptor.EclipseStarter.run(EclipseStarter.java:243)
	at sun.reflect.NativeMethodAccessorImpl.invoke0(Native Method)
	at sun.reflect.NativeMethodAccessorImpl.invoke(NativeMethodAccessorImpl.java:62)
	at sun.reflect.DelegatingMethodAccessorImpl.invoke(DelegatingMethodAccessorImpl.java:43)
	at java.lang.reflect.Method.invoke(Method.java:498)
	at org.eclipse.equinox.launcher.Main.invokeFramework(Main.java:673)
	at org.eclipse.equinox.launcher.Main.basicRun(Main.java:610)
	at org.eclipse.equinox.launcher.Main.run(Main.java:1519)
	at org.eclipse.equinox.launcher.Main.main(Main.java:1492)
13:30:50 INFO  : Synchronizing projects in the workspace with the hardware platform specification changes.
13:31:24 INFO  : Invoking Bootgen: bootgen -image fsbl.bif -arch zynq -o /home/sebastian/Desktop/Git/EmbeddedSystems/SpaceInvaders/SpaceInvaders.sdk/fsbl/bootimage/BOOT.bin -w on
13:31:26 INFO  : Bootgen command execution is done.
13:52:11 INFO  : SDK has detected change in the last modified timestamps for source hardware specification file Source:1622721082000,  Project:1622719802000
13:52:11 INFO  : Project top_hw_platform_0's source hardware specification located at /home/sebastian/Desktop/Git/EmbeddedSystems/SpaceInvaders/SpaceInvaders.sdk/top.hdf is now different from the local copy.
		 The local copy will be replaced with the source specification and your workspace will be updated.
13:52:20 INFO  : Copied contents of /home/sebastian/Desktop/Git/EmbeddedSystems/SpaceInvaders/SpaceInvaders.sdk/top.hdf into /top_hw_platform_0/system.hdf.
13:52:22 ERROR : Interrupted exception while waiting for the completion of command '::hsi::utils::openhw /tmp/system1813976917576662088.hdf'
13:52:22 ERROR : Failed to openhw "/tmp/system1813976917576662088.hdf"
java.lang.InterruptedException
	at java.lang.Object.wait(Native Method)
	at java.lang.Object.wait(Object.java:502)
	at com.xilinx.sdk.xsdb.XsdbCommandWaitHandler.waitForCompletion(XsdbCommandWaitHandler.java:51)
	at com.xilinx.sdk.xsdb.XSDBCommandManager.issueAndWait(XSDBCommandManager.java:401)
	at com.xilinx.sdk.xsdb.XsdbCommandUtils.executeAndRespond(XsdbCommandUtils.java:307)
	at com.xilinx.sdk.hw.internal.HwPlatform.openHw(HwPlatform.java:367)
	at com.xilinx.sdk.hw.internal.HwPlatform.<init>(HwPlatform.java:354)
	at com.xilinx.sdk.hw.internal.HwSpecFactory.createHwSpec(HwSpecFactory.java:55)
	at com.xilinx.sdk.hw.sync.HwSpecChangeUtil.performChange(HwSpecChangeUtil.java:124)
	at com.xilinx.sdk.hw.sync.HwPlatformMonitor.doMonitorTask(HwPlatformMonitor.java:78)
	at com.xilinx.sdk.hw.sync.HwPlatformMonitor.access$0(HwPlatformMonitor.java:41)
	at com.xilinx.sdk.hw.sync.HwPlatformMonitor$1.run(HwPlatformMonitor.java:33)
	at org.eclipse.swt.widgets.RunnableLock.run(RunnableLock.java:35)
	at org.eclipse.swt.widgets.Synchronizer.runAsyncMessages(Synchronizer.java:182)
	at org.eclipse.swt.widgets.Display.runAsyncMessages(Display.java:4528)
	at org.eclipse.swt.widgets.Display.readAndDispatch(Display.java:4146)
	at org.eclipse.e4.ui.internal.workbench.swt.PartRenderingEngine$4.run(PartRenderingEngine.java:1121)
	at org.eclipse.core.databinding.observable.Realm.runWithDefault(Realm.java:336)
	at org.eclipse.e4.ui.internal.workbench.swt.PartRenderingEngine.run(PartRenderingEngine.java:1022)
	at org.eclipse.e4.ui.internal.workbench.E4Workbench.createAndRunUI(E4Workbench.java:150)
	at org.eclipse.ui.internal.Workbench$5.run(Workbench.java:687)
	at org.eclipse.core.databinding.observable.Realm.runWithDefault(Realm.java:336)
	at org.eclipse.ui.internal.Workbench.createAndRunWorkbench(Workbench.java:604)
	at org.eclipse.ui.PlatformUI.createAndRunWorkbench(PlatformUI.java:148)
	at org.eclipse.ui.internal.ide.application.IDEApplication.start(IDEApplication.java:138)
	at org.eclipse.equinox.internal.app.EclipseAppHandle.run(EclipseAppHandle.java:196)
	at org.eclipse.core.runtime.internal.adaptor.EclipseAppLauncher.runApplication(EclipseAppLauncher.java:134)
	at org.eclipse.core.runtime.internal.adaptor.EclipseAppLauncher.start(EclipseAppLauncher.java:104)
	at org.eclipse.core.runtime.adaptor.EclipseStarter.run(EclipseStarter.java:388)
	at org.eclipse.core.runtime.adaptor.EclipseStarter.run(EclipseStarter.java:243)
	at sun.reflect.NativeMethodAccessorImpl.invoke0(Native Method)
	at sun.reflect.NativeMethodAccessorImpl.invoke(NativeMethodAccessorImpl.java:62)
	at sun.reflect.DelegatingMethodAccessorImpl.invoke(DelegatingMethodAccessorImpl.java:43)
	at java.lang.reflect.Method.invoke(Method.java:498)
	at org.eclipse.equinox.launcher.Main.invokeFramework(Main.java:673)
	at org.eclipse.equinox.launcher.Main.basicRun(Main.java:610)
	at org.eclipse.equinox.launcher.Main.run(Main.java:1519)
	at org.eclipse.equinox.launcher.Main.main(Main.java:1492)
13:52:22 INFO  : Synchronizing projects in the workspace with the hardware platform specification changes.
13:52:38 INFO  : Invoking Bootgen: bootgen -image fsbl.bif -arch zynq -o /home/sebastian/Desktop/Git/EmbeddedSystems/SpaceInvaders/SpaceInvaders.sdk/fsbl/bootimage/BOOT.bin -w on
13:52:39 INFO  : Bootgen command execution is done.
13:54:20 INFO  : Invoking Bootgen: bootgen -image fsbl.bif -arch zynq -o /home/sebastian/Desktop/Git/EmbeddedSystems/SpaceInvaders/SpaceInvaders.sdk/fsbl/bootimage/BOOT.bin -w on
13:54:22 INFO  : Bootgen command execution is done.
14:10:07 INFO  : SDK has detected change in the last modified timestamps for source hardware specification file Source:1622721587000,  Project:1622721082000
14:10:07 INFO  : Project top_hw_platform_0's source hardware specification located at /home/sebastian/Desktop/Git/EmbeddedSystems/SpaceInvaders/SpaceInvaders.sdk/top.hdf is now different from the local copy.
		 The local copy will be replaced with the source specification and your workspace will be updated.
14:10:32 INFO  : Copied contents of /home/sebastian/Desktop/Git/EmbeddedSystems/SpaceInvaders/SpaceInvaders.sdk/top.hdf into /top_hw_platform_0/system.hdf.
14:10:34 ERROR : Interrupted exception while waiting for the completion of command '::hsi::utils::openhw /tmp/system593414436032881955.hdf'
14:10:34 ERROR : Failed to openhw "/tmp/system593414436032881955.hdf"
java.lang.InterruptedException
	at java.lang.Object.wait(Native Method)
	at java.lang.Object.wait(Object.java:502)
	at com.xilinx.sdk.xsdb.XsdbCommandWaitHandler.waitForCompletion(XsdbCommandWaitHandler.java:51)
	at com.xilinx.sdk.xsdb.XSDBCommandManager.issueAndWait(XSDBCommandManager.java:401)
	at com.xilinx.sdk.xsdb.XsdbCommandUtils.executeAndRespond(XsdbCommandUtils.java:307)
	at com.xilinx.sdk.hw.internal.HwPlatform.openHw(HwPlatform.java:367)
	at com.xilinx.sdk.hw.internal.HwPlatform.<init>(HwPlatform.java:354)
	at com.xilinx.sdk.hw.internal.HwSpecFactory.createHwSpec(HwSpecFactory.java:55)
	at com.xilinx.sdk.hw.sync.HwSpecChangeUtil.performChange(HwSpecChangeUtil.java:124)
	at com.xilinx.sdk.hw.sync.HwPlatformMonitor.doMonitorTask(HwPlatformMonitor.java:78)
	at com.xilinx.sdk.hw.sync.HwPlatformMonitor.access$0(HwPlatformMonitor.java:41)
	at com.xilinx.sdk.hw.sync.HwPlatformMonitor$1.run(HwPlatformMonitor.java:33)
	at org.eclipse.swt.widgets.RunnableLock.run(RunnableLock.java:35)
	at org.eclipse.swt.widgets.Synchronizer.runAsyncMessages(Synchronizer.java:182)
	at org.eclipse.swt.widgets.Display.runAsyncMessages(Display.java:4528)
	at org.eclipse.swt.widgets.Display.readAndDispatch(Display.java:4146)
	at org.eclipse.e4.ui.internal.workbench.swt.PartRenderingEngine$4.run(PartRenderingEngine.java:1121)
	at org.eclipse.core.databinding.observable.Realm.runWithDefault(Realm.java:336)
	at org.eclipse.e4.ui.internal.workbench.swt.PartRenderingEngine.run(PartRenderingEngine.java:1022)
	at org.eclipse.e4.ui.internal.workbench.E4Workbench.createAndRunUI(E4Workbench.java:150)
	at org.eclipse.ui.internal.Workbench$5.run(Workbench.java:687)
	at org.eclipse.core.databinding.observable.Realm.runWithDefault(Realm.java:336)
	at org.eclipse.ui.internal.Workbench.createAndRunWorkbench(Workbench.java:604)
	at org.eclipse.ui.PlatformUI.createAndRunWorkbench(PlatformUI.java:148)
	at org.eclipse.ui.internal.ide.application.IDEApplication.start(IDEApplication.java:138)
	at org.eclipse.equinox.internal.app.EclipseAppHandle.run(EclipseAppHandle.java:196)
	at org.eclipse.core.runtime.internal.adaptor.EclipseAppLauncher.runApplication(EclipseAppLauncher.java:134)
	at org.eclipse.core.runtime.internal.adaptor.EclipseAppLauncher.start(EclipseAppLauncher.java:104)
	at org.eclipse.core.runtime.adaptor.EclipseStarter.run(EclipseStarter.java:388)
	at org.eclipse.core.runtime.adaptor.EclipseStarter.run(EclipseStarter.java:243)
	at sun.reflect.NativeMethodAccessorImpl.invoke0(Native Method)
	at sun.reflect.NativeMethodAccessorImpl.invoke(NativeMethodAccessorImpl.java:62)
	at sun.reflect.DelegatingMethodAccessorImpl.invoke(DelegatingMethodAccessorImpl.java:43)
	at java.lang.reflect.Method.invoke(Method.java:498)
	at org.eclipse.equinox.launcher.Main.invokeFramework(Main.java:673)
	at org.eclipse.equinox.launcher.Main.basicRun(Main.java:610)
	at org.eclipse.equinox.launcher.Main.run(Main.java:1519)
	at org.eclipse.equinox.launcher.Main.main(Main.java:1492)
14:10:34 INFO  : Synchronizing projects in the workspace with the hardware platform specification changes.
14:19:25 INFO  : Disconnected from the channel tcfchan#1.
14:19:26 INFO  : Connected to target on host '127.0.0.1' and port '3121'.
14:19:26 INFO  : Jtag cable 'Digilent Zybo 210279785819A' is selected.
14:19:26 INFO  : 'jtag frequency' command is executed.
14:19:26 INFO  : Sourcing of '/home/sebastian/Desktop/Git/EmbeddedSystems/SpaceInvaders/SpaceInvaders.sdk/top_hw_platform_0/ps7_init.tcl' is done.
14:19:27 INFO  : Context for 'APU' is selected.
14:19:29 INFO  : System reset is completed.
14:19:32 INFO  : 'after 3000' command is executed.
14:19:32 INFO  : 'targets -set -filter {jtag_cable_name =~ "Digilent Zybo 210279785819A" && level==0} -index 1' command is executed.
14:19:34 INFO  : FPGA configured successfully with bitstream "/home/sebastian/Desktop/Git/EmbeddedSystems/SpaceInvaders/SpaceInvaders.sdk/top_hw_platform_0/top.bit"
14:19:34 INFO  : Context for 'APU' is selected.
14:19:34 INFO  : Hardware design information is loaded from '/home/sebastian/Desktop/Git/EmbeddedSystems/SpaceInvaders/SpaceInvaders.sdk/top_hw_platform_0/system.hdf'.
14:19:34 INFO  : 'configparams force-mem-access 1' command is executed.
14:19:34 INFO  : Context for 'APU' is selected.
14:19:34 INFO  : 'ps7_init' command is executed.
14:19:34 INFO  : 'ps7_post_config' command is executed.
14:19:34 INFO  : 'configparams mdm-detect-bscan-mask 2' command is executed.
14:19:34 INFO  : Context for processor 'microblaze_0' is selected.
14:19:35 INFO  : The application '/home/sebastian/Desktop/Git/EmbeddedSystems/SpaceInvaders/SpaceInvaders.sdk/SpaceInvaders/Debug/SpaceInvaders.elf' is downloaded to processor 'microblaze_0'.
14:19:35 INFO  : 'configparams force-mem-access 0' command is executed.
14:19:35 INFO  : ----------------XSDB Script----------------
connect -url tcp:127.0.0.1:3121
source /home/sebastian/Desktop/Git/EmbeddedSystems/SpaceInvaders/SpaceInvaders.sdk/top_hw_platform_0/ps7_init.tcl
targets -set -nocase -filter {name =~"APU*" && jtag_cable_name =~ "Digilent Zybo 210279785819A"} -index 0
rst -system
after 3000
targets -set -filter {jtag_cable_name =~ "Digilent Zybo 210279785819A" && level==0} -index 1
fpga -file /home/sebastian/Desktop/Git/EmbeddedSystems/SpaceInvaders/SpaceInvaders.sdk/top_hw_platform_0/top.bit
targets -set -nocase -filter {name =~"APU*" && jtag_cable_name =~ "Digilent Zybo 210279785819A"} -index 0
loadhw -hw /home/sebastian/Desktop/Git/EmbeddedSystems/SpaceInvaders/SpaceInvaders.sdk/top_hw_platform_0/system.hdf -mem-ranges [list {0x40000000 0xbfffffff}]
configparams force-mem-access 1
targets -set -nocase -filter {name =~"APU*" && jtag_cable_name =~ "Digilent Zybo 210279785819A"} -index 0
ps7_init
ps7_post_config
configparams mdm-detect-bscan-mask 2
targets -set -nocase -filter {name =~ "microblaze*#0" && bscan=="USER2"  && jtag_cable_name =~ "Digilent Zybo 210279785819A"} -index 1
dow /home/sebastian/Desktop/Git/EmbeddedSystems/SpaceInvaders/SpaceInvaders.sdk/SpaceInvaders/Debug/SpaceInvaders.elf
configparams force-mem-access 0
----------------End of Script----------------

14:19:35 INFO  : Memory regions updated for context APU
14:19:35 INFO  : Memory regions updated for context PA
14:19:35 INFO  : Memory regions updated for context PA
14:19:35 INFO  : Context for processor 'microblaze_0' is selected.
14:19:35 INFO  : 'con' command is executed.
14:19:35 INFO  : ----------------XSDB Script (After Launch)----------------
targets -set -nocase -filter {name =~ "microblaze*#0" && bscan=="USER2"  && jtag_cable_name =~ "Digilent Zybo 210279785819A"} -index 1
con
----------------End of Script----------------

14:19:35 INFO  : Launch script is exported to file '/home/sebastian/Desktop/Git/EmbeddedSystems/SpaceInvaders/SpaceInvaders.sdk/.sdk/launch_scripts/xilinx_c-c++_application_(system_debugger)/system_debugger_using_debug_spaceinvaders.elf_on_local.tcl'
14:22:20 INFO  : Disconnected from the channel tcfchan#2.
14:22:21 INFO  : 'targets -set -filter {jtag_cable_name =~ "Digilent Zybo 210279785819A" && level==0} -index 1' command is executed.
14:22:21 INFO  : 'fpga -state' command is executed.
14:22:21 INFO  : Connected to target on host '127.0.0.1' and port '3121'.
14:22:21 INFO  : Jtag cable 'Digilent Zybo 210279785819A' is selected.
14:22:21 INFO  : 'jtag frequency' command is executed.
14:22:21 INFO  : Sourcing of '/home/sebastian/Desktop/Git/EmbeddedSystems/SpaceInvaders/SpaceInvaders.sdk/top_hw_platform_0/ps7_init.tcl' is done.
14:22:21 INFO  : Context for 'APU' is selected.
14:22:21 INFO  : Hardware design information is loaded from '/home/sebastian/Desktop/Git/EmbeddedSystems/SpaceInvaders/SpaceInvaders.sdk/top_hw_platform_0/system.hdf'.
14:22:21 INFO  : 'configparams force-mem-access 1' command is executed.
14:22:21 INFO  : Context for 'APU' is selected.
14:22:22 INFO  : 'stop' command is executed.
14:22:22 INFO  : 'ps7_init' command is executed.
14:22:22 INFO  : 'ps7_post_config' command is executed.
14:22:22 INFO  : 'configparams mdm-detect-bscan-mask 2' command is executed.
14:22:22 INFO  : Context for processor 'microblaze_0' is selected.
14:22:22 INFO  : Processor reset is completed for 'microblaze_0'.
14:22:23 INFO  : Context for processor 'microblaze_0' is selected.
14:22:23 INFO  : The application '/home/sebastian/Desktop/Git/EmbeddedSystems/SpaceInvaders/SpaceInvaders.sdk/SpaceInvaders/Debug/SpaceInvaders.elf' is downloaded to processor 'microblaze_0'.
14:22:23 INFO  : 'configparams force-mem-access 0' command is executed.
14:22:23 INFO  : ----------------XSDB Script----------------
connect -url tcp:127.0.0.1:3121
source /home/sebastian/Desktop/Git/EmbeddedSystems/SpaceInvaders/SpaceInvaders.sdk/top_hw_platform_0/ps7_init.tcl
targets -set -nocase -filter {name =~"APU*" && jtag_cable_name =~ "Digilent Zybo 210279785819A"} -index 0
loadhw -hw /home/sebastian/Desktop/Git/EmbeddedSystems/SpaceInvaders/SpaceInvaders.sdk/top_hw_platform_0/system.hdf -mem-ranges [list {0x40000000 0xbfffffff}]
configparams force-mem-access 1
targets -set -nocase -filter {name =~"APU*" && jtag_cable_name =~ "Digilent Zybo 210279785819A"} -index 0
stop
ps7_init
ps7_post_config
configparams mdm-detect-bscan-mask 2
targets -set -nocase -filter {name =~ "microblaze*#0" && bscan=="USER2"  && jtag_cable_name =~ "Digilent Zybo 210279785819A"} -index 1
rst -processor
targets -set -nocase -filter {name =~ "microblaze*#0" && bscan=="USER2"  && jtag_cable_name =~ "Digilent Zybo 210279785819A"} -index 1
dow /home/sebastian/Desktop/Git/EmbeddedSystems/SpaceInvaders/SpaceInvaders.sdk/SpaceInvaders/Debug/SpaceInvaders.elf
configparams force-mem-access 0
----------------End of Script----------------

14:22:23 INFO  : Memory regions updated for context APU
14:22:23 INFO  : Memory regions updated for context PA
14:22:23 INFO  : Memory regions updated for context PA
14:22:23 INFO  : Context for processor 'microblaze_0' is selected.
14:22:23 INFO  : 'con' command is executed.
14:22:23 INFO  : ----------------XSDB Script (After Launch)----------------
targets -set -nocase -filter {name =~ "microblaze*#0" && bscan=="USER2"  && jtag_cable_name =~ "Digilent Zybo 210279785819A"} -index 1
con
----------------End of Script----------------

14:22:23 INFO  : Launch script is exported to file '/home/sebastian/Desktop/Git/EmbeddedSystems/SpaceInvaders/SpaceInvaders.sdk/.sdk/launch_scripts/xilinx_c-c++_application_(system_debugger)/system_debugger_using_debug_spaceinvaders.elf_on_local.tcl'
14:22:53 INFO  : Disconnected from the channel tcfchan#3.
14:22:54 INFO  : Connected to target on host '127.0.0.1' and port '3121'.
14:22:54 INFO  : Jtag cable 'Digilent Zybo 210279785819A' is selected.
14:22:54 INFO  : 'jtag frequency' command is executed.
14:22:54 INFO  : Sourcing of '/home/sebastian/Desktop/Git/EmbeddedSystems/SpaceInvaders/SpaceInvaders.sdk/top_hw_platform_0/ps7_init.tcl' is done.
14:22:54 INFO  : Context for 'APU' is selected.
14:22:55 INFO  : System reset is completed.
14:22:58 INFO  : 'after 3000' command is executed.
14:22:58 INFO  : 'targets -set -filter {jtag_cable_name =~ "Digilent Zybo 210279785819A" && level==0} -index 1' command is executed.
14:22:59 INFO  : FPGA configured successfully with bitstream "/home/sebastian/Desktop/Git/EmbeddedSystems/SpaceInvaders/SpaceInvaders.sdk/top_hw_platform_0/top.bit"
14:22:59 INFO  : Context for 'APU' is selected.
14:22:59 INFO  : Hardware design information is loaded from '/home/sebastian/Desktop/Git/EmbeddedSystems/SpaceInvaders/SpaceInvaders.sdk/top_hw_platform_0/system.hdf'.
14:22:59 INFO  : 'configparams force-mem-access 1' command is executed.
14:22:59 INFO  : Context for 'APU' is selected.
14:23:00 INFO  : 'ps7_init' command is executed.
14:23:00 INFO  : 'ps7_post_config' command is executed.
14:23:00 INFO  : 'configparams mdm-detect-bscan-mask 2' command is executed.
14:23:00 INFO  : Context for processor 'microblaze_0' is selected.
14:23:00 INFO  : The application '/home/sebastian/Desktop/Git/EmbeddedSystems/SpaceInvaders/SpaceInvaders.sdk/SpaceInvaders/Debug/SpaceInvaders.elf' is downloaded to processor 'microblaze_0'.
14:23:00 INFO  : 'configparams force-mem-access 0' command is executed.
14:23:00 INFO  : ----------------XSDB Script----------------
connect -url tcp:127.0.0.1:3121
source /home/sebastian/Desktop/Git/EmbeddedSystems/SpaceInvaders/SpaceInvaders.sdk/top_hw_platform_0/ps7_init.tcl
targets -set -nocase -filter {name =~"APU*" && jtag_cable_name =~ "Digilent Zybo 210279785819A"} -index 0
rst -system
after 3000
targets -set -filter {jtag_cable_name =~ "Digilent Zybo 210279785819A" && level==0} -index 1
fpga -file /home/sebastian/Desktop/Git/EmbeddedSystems/SpaceInvaders/SpaceInvaders.sdk/top_hw_platform_0/top.bit
targets -set -nocase -filter {name =~"APU*" && jtag_cable_name =~ "Digilent Zybo 210279785819A"} -index 0
loadhw -hw /home/sebastian/Desktop/Git/EmbeddedSystems/SpaceInvaders/SpaceInvaders.sdk/top_hw_platform_0/system.hdf -mem-ranges [list {0x40000000 0xbfffffff}]
configparams force-mem-access 1
targets -set -nocase -filter {name =~"APU*" && jtag_cable_name =~ "Digilent Zybo 210279785819A"} -index 0
ps7_init
ps7_post_config
configparams mdm-detect-bscan-mask 2
targets -set -nocase -filter {name =~ "microblaze*#0" && bscan=="USER2"  && jtag_cable_name =~ "Digilent Zybo 210279785819A"} -index 1
dow /home/sebastian/Desktop/Git/EmbeddedSystems/SpaceInvaders/SpaceInvaders.sdk/SpaceInvaders/Debug/SpaceInvaders.elf
configparams force-mem-access 0
----------------End of Script----------------

14:23:00 INFO  : Memory regions updated for context APU
14:23:00 INFO  : Memory regions updated for context PA
14:23:00 INFO  : Memory regions updated for context PA
14:23:00 INFO  : Context for processor 'microblaze_0' is selected.
14:23:00 INFO  : 'con' command is executed.
14:23:00 INFO  : ----------------XSDB Script (After Launch)----------------
targets -set -nocase -filter {name =~ "microblaze*#0" && bscan=="USER2"  && jtag_cable_name =~ "Digilent Zybo 210279785819A"} -index 1
con
----------------End of Script----------------

14:23:00 INFO  : Launch script is exported to file '/home/sebastian/Desktop/Git/EmbeddedSystems/SpaceInvaders/SpaceInvaders.sdk/.sdk/launch_scripts/xilinx_c-c++_application_(system_debugger)/system_debugger_using_debug_spaceinvaders.elf_on_local.tcl'
14:23:57 INFO  : Disconnected from the channel tcfchan#4.
14:23:58 INFO  : 'targets -set -filter {jtag_cable_name =~ "Digilent Zybo 210279785819A" && level==0} -index 1' command is executed.
14:23:58 INFO  : 'fpga -state' command is executed.
14:23:58 INFO  : Connected to target on host '127.0.0.1' and port '3121'.
14:23:58 INFO  : Jtag cable 'Digilent Zybo 210279785819A' is selected.
14:23:58 INFO  : 'jtag frequency' command is executed.
14:23:58 INFO  : Sourcing of '/home/sebastian/Desktop/Git/EmbeddedSystems/SpaceInvaders/SpaceInvaders.sdk/top_hw_platform_0/ps7_init.tcl' is done.
14:23:58 INFO  : Context for 'APU' is selected.
14:23:58 INFO  : Hardware design information is loaded from '/home/sebastian/Desktop/Git/EmbeddedSystems/SpaceInvaders/SpaceInvaders.sdk/top_hw_platform_0/system.hdf'.
14:23:58 INFO  : 'configparams force-mem-access 1' command is executed.
14:23:58 INFO  : Context for 'APU' is selected.
14:23:58 INFO  : 'stop' command is executed.
14:23:59 INFO  : 'ps7_init' command is executed.
14:23:59 INFO  : 'ps7_post_config' command is executed.
14:23:59 INFO  : 'configparams mdm-detect-bscan-mask 2' command is executed.
14:23:59 INFO  : Context for processor 'microblaze_0' is selected.
14:23:59 INFO  : Processor reset is completed for 'microblaze_0'.
14:23:59 INFO  : Context for processor 'microblaze_0' is selected.
14:23:59 INFO  : The application '/home/sebastian/Desktop/Git/EmbeddedSystems/SpaceInvaders/SpaceInvaders.sdk/SpaceInvaders/Debug/SpaceInvaders.elf' is downloaded to processor 'microblaze_0'.
14:23:59 INFO  : 'configparams force-mem-access 0' command is executed.
14:23:59 INFO  : ----------------XSDB Script----------------
connect -url tcp:127.0.0.1:3121
source /home/sebastian/Desktop/Git/EmbeddedSystems/SpaceInvaders/SpaceInvaders.sdk/top_hw_platform_0/ps7_init.tcl
targets -set -nocase -filter {name =~"APU*" && jtag_cable_name =~ "Digilent Zybo 210279785819A"} -index 0
loadhw -hw /home/sebastian/Desktop/Git/EmbeddedSystems/SpaceInvaders/SpaceInvaders.sdk/top_hw_platform_0/system.hdf -mem-ranges [list {0x40000000 0xbfffffff}]
configparams force-mem-access 1
targets -set -nocase -filter {name =~"APU*" && jtag_cable_name =~ "Digilent Zybo 210279785819A"} -index 0
stop
ps7_init
ps7_post_config
configparams mdm-detect-bscan-mask 2
targets -set -nocase -filter {name =~ "microblaze*#0" && bscan=="USER2"  && jtag_cable_name =~ "Digilent Zybo 210279785819A"} -index 1
rst -processor
targets -set -nocase -filter {name =~ "microblaze*#0" && bscan=="USER2"  && jtag_cable_name =~ "Digilent Zybo 210279785819A"} -index 1
dow /home/sebastian/Desktop/Git/EmbeddedSystems/SpaceInvaders/SpaceInvaders.sdk/SpaceInvaders/Debug/SpaceInvaders.elf
configparams force-mem-access 0
----------------End of Script----------------

14:23:59 INFO  : Memory regions updated for context APU
14:23:59 INFO  : Memory regions updated for context PA
14:23:59 INFO  : Memory regions updated for context PA
14:23:59 INFO  : Context for processor 'microblaze_0' is selected.
14:24:00 INFO  : 'con' command is executed.
14:24:00 INFO  : ----------------XSDB Script (After Launch)----------------
targets -set -nocase -filter {name =~ "microblaze*#0" && bscan=="USER2"  && jtag_cable_name =~ "Digilent Zybo 210279785819A"} -index 1
con
----------------End of Script----------------

14:24:00 INFO  : Launch script is exported to file '/home/sebastian/Desktop/Git/EmbeddedSystems/SpaceInvaders/SpaceInvaders.sdk/.sdk/launch_scripts/xilinx_c-c++_application_(system_debugger)/system_debugger_using_debug_spaceinvaders.elf_on_local.tcl'
17:34:35 INFO  : Disconnected from the channel tcfchan#5.
17:34:37 INFO  : Connected to target on host '127.0.0.1' and port '3121'.
17:34:37 INFO  : Jtag cable 'Digilent Zybo 210279785819A' is selected.
17:34:37 INFO  : 'jtag frequency' command is executed.
17:34:37 INFO  : Sourcing of '/home/sebastian/Desktop/Git/EmbeddedSystems/SpaceInvaders/SpaceInvaders.sdk/top_hw_platform_0/ps7_init.tcl' is done.
17:34:37 INFO  : Context for 'APU' is selected.
17:34:37 INFO  : System reset is completed.
17:34:40 INFO  : 'after 3000' command is executed.
17:34:40 INFO  : 'targets -set -filter {jtag_cable_name =~ "Digilent Zybo 210279785819A" && level==0} -index 1' command is executed.
17:34:41 INFO  : FPGA configured successfully with bitstream "/home/sebastian/Desktop/Git/EmbeddedSystems/SpaceInvaders/SpaceInvaders.sdk/top_hw_platform_0/top.bit"
17:34:41 INFO  : Context for 'APU' is selected.
17:34:41 INFO  : Hardware design information is loaded from '/home/sebastian/Desktop/Git/EmbeddedSystems/SpaceInvaders/SpaceInvaders.sdk/top_hw_platform_0/system.hdf'.
17:34:41 INFO  : 'configparams force-mem-access 1' command is executed.
17:34:42 INFO  : Context for 'APU' is selected.
17:34:42 INFO  : 'ps7_init' command is executed.
17:34:42 INFO  : 'ps7_post_config' command is executed.
17:34:42 INFO  : 'configparams mdm-detect-bscan-mask 2' command is executed.
17:34:42 INFO  : Context for processor 'microblaze_0' is selected.
17:34:42 INFO  : The application '/home/sebastian/Desktop/Git/EmbeddedSystems/SpaceInvaders/SpaceInvaders.sdk/SpaceInvaders/Debug/SpaceInvaders.elf' is downloaded to processor 'microblaze_0'.
17:34:43 INFO  : 'configparams force-mem-access 0' command is executed.
17:34:43 INFO  : ----------------XSDB Script----------------
connect -url tcp:127.0.0.1:3121
source /home/sebastian/Desktop/Git/EmbeddedSystems/SpaceInvaders/SpaceInvaders.sdk/top_hw_platform_0/ps7_init.tcl
targets -set -nocase -filter {name =~"APU*" && jtag_cable_name =~ "Digilent Zybo 210279785819A"} -index 0
rst -system
after 3000
targets -set -filter {jtag_cable_name =~ "Digilent Zybo 210279785819A" && level==0} -index 1
fpga -file /home/sebastian/Desktop/Git/EmbeddedSystems/SpaceInvaders/SpaceInvaders.sdk/top_hw_platform_0/top.bit
targets -set -nocase -filter {name =~"APU*" && jtag_cable_name =~ "Digilent Zybo 210279785819A"} -index 0
loadhw -hw /home/sebastian/Desktop/Git/EmbeddedSystems/SpaceInvaders/SpaceInvaders.sdk/top_hw_platform_0/system.hdf -mem-ranges [list {0x40000000 0xbfffffff}]
configparams force-mem-access 1
targets -set -nocase -filter {name =~"APU*" && jtag_cable_name =~ "Digilent Zybo 210279785819A"} -index 0
ps7_init
ps7_post_config
configparams mdm-detect-bscan-mask 2
targets -set -nocase -filter {name =~ "microblaze*#0" && bscan=="USER2"  && jtag_cable_name =~ "Digilent Zybo 210279785819A"} -index 1
dow /home/sebastian/Desktop/Git/EmbeddedSystems/SpaceInvaders/SpaceInvaders.sdk/SpaceInvaders/Debug/SpaceInvaders.elf
configparams force-mem-access 0
----------------End of Script----------------

17:34:43 INFO  : Memory regions updated for context APU
17:34:43 INFO  : Memory regions updated for context PA
17:34:43 INFO  : Memory regions updated for context PA
17:34:43 INFO  : Context for processor 'microblaze_0' is selected.
17:34:43 INFO  : 'con' command is executed.
17:34:43 INFO  : ----------------XSDB Script (After Launch)----------------
targets -set -nocase -filter {name =~ "microblaze*#0" && bscan=="USER2"  && jtag_cable_name =~ "Digilent Zybo 210279785819A"} -index 1
con
----------------End of Script----------------

17:34:43 INFO  : Launch script is exported to file '/home/sebastian/Desktop/Git/EmbeddedSystems/SpaceInvaders/SpaceInvaders.sdk/.sdk/launch_scripts/xilinx_c-c++_application_(system_debugger)/system_debugger_using_debug_spaceinvaders.elf_on_local.tcl'
17:35:16 INFO  : Disconnected from the channel tcfchan#6.
17:35:17 INFO  : 'targets -set -filter {jtag_cable_name =~ "Digilent Zybo 210279785819A" && level==0} -index 1' command is executed.
17:35:17 INFO  : 'fpga -state' command is executed.
17:35:17 INFO  : Connected to target on host '127.0.0.1' and port '3121'.
17:35:18 INFO  : Jtag cable 'Digilent Zybo 210279785819A' is selected.
17:35:18 INFO  : 'jtag frequency' command is executed.
17:35:18 INFO  : Sourcing of '/home/sebastian/Desktop/Git/EmbeddedSystems/SpaceInvaders/SpaceInvaders.sdk/top_hw_platform_0/ps7_init.tcl' is done.
17:35:18 INFO  : Context for 'APU' is selected.
17:35:18 INFO  : System reset is completed.
17:35:21 INFO  : 'after 3000' command is executed.
17:35:21 INFO  : Context for 'APU' is selected.
17:35:21 INFO  : Hardware design information is loaded from '/home/sebastian/Desktop/Git/EmbeddedSystems/SpaceInvaders/SpaceInvaders.sdk/top_hw_platform_0/system.hdf'.
17:35:21 INFO  : 'configparams force-mem-access 1' command is executed.
17:35:21 INFO  : Context for 'APU' is selected.
17:35:22 INFO  : 'ps7_init' command is executed.
17:35:22 INFO  : 'ps7_post_config' command is executed.
17:35:22 INFO  : 'configparams mdm-detect-bscan-mask 2' command is executed.
17:35:25 ERROR : no targets found with "name =~ "microblaze*#0" && bscan=="USER2"  && jtag_cable_name =~ "Digilent Zybo 210279785819A"". available targets:
  1* APU
     2  ARM Cortex-A9 MPCore #0 (Suspended)
     3  ARM Cortex-A9 MPCore #1 (Suspended)
  4  xc7z010
17:35:25 INFO  : ----------------XSDB Script----------------
connect -url tcp:127.0.0.1:3121
source /home/sebastian/Desktop/Git/EmbeddedSystems/SpaceInvaders/SpaceInvaders.sdk/top_hw_platform_0/ps7_init.tcl
targets -set -nocase -filter {name =~"APU*" && jtag_cable_name =~ "Digilent Zybo 210279785819A"} -index 0
rst -system
after 3000
targets -set -nocase -filter {name =~"APU*" && jtag_cable_name =~ "Digilent Zybo 210279785819A"} -index 0
loadhw -hw /home/sebastian/Desktop/Git/EmbeddedSystems/SpaceInvaders/SpaceInvaders.sdk/top_hw_platform_0/system.hdf -mem-ranges [list {0x40000000 0xbfffffff}]
configparams force-mem-access 1
targets -set -nocase -filter {name =~"APU*" && jtag_cable_name =~ "Digilent Zybo 210279785819A"} -index 0
ps7_init
ps7_post_config
configparams mdm-detect-bscan-mask 2
targets -set -nocase -filter {name =~ "microblaze*#0" && bscan=="USER2"  && jtag_cable_name =~ "Digilent Zybo 210279785819A"} -index 1
----------------End of Script----------------

17:36:04 INFO  : Connected to target on host '127.0.0.1' and port '3121'.
17:36:04 INFO  : Jtag cable 'Digilent Zybo 210279785819A' is selected.
17:36:04 INFO  : 'jtag frequency' command is executed.
17:36:04 INFO  : Sourcing of '/home/sebastian/Desktop/Git/EmbeddedSystems/SpaceInvaders/SpaceInvaders.sdk/top_hw_platform_0/ps7_init.tcl' is done.
17:36:04 INFO  : Context for 'APU' is selected.
17:36:05 INFO  : System reset is completed.
17:36:08 INFO  : 'after 3000' command is executed.
17:36:08 INFO  : 'targets -set -filter {jtag_cable_name =~ "Digilent Zybo 210279785819A" && level==0} -index 1' command is executed.
17:36:09 INFO  : FPGA configured successfully with bitstream "/home/sebastian/Desktop/Git/EmbeddedSystems/SpaceInvaders/SpaceInvaders.sdk/top_hw_platform_0/top.bit"
17:36:09 INFO  : Context for 'APU' is selected.
17:36:09 INFO  : Hardware design information is loaded from '/home/sebastian/Desktop/Git/EmbeddedSystems/SpaceInvaders/SpaceInvaders.sdk/top_hw_platform_0/system.hdf'.
17:36:09 INFO  : 'configparams force-mem-access 1' command is executed.
17:36:09 INFO  : Context for 'APU' is selected.
17:36:10 INFO  : 'ps7_init' command is executed.
17:36:10 INFO  : 'ps7_post_config' command is executed.
17:36:10 INFO  : 'configparams mdm-detect-bscan-mask 2' command is executed.
17:36:10 INFO  : Context for processor 'microblaze_0' is selected.
17:36:10 INFO  : The application '/home/sebastian/Desktop/Git/EmbeddedSystems/SpaceInvaders/SpaceInvaders.sdk/SpaceInvaders/Debug/SpaceInvaders.elf' is downloaded to processor 'microblaze_0'.
17:36:10 INFO  : 'configparams force-mem-access 0' command is executed.
17:36:10 INFO  : ----------------XSDB Script----------------
connect -url tcp:127.0.0.1:3121
source /home/sebastian/Desktop/Git/EmbeddedSystems/SpaceInvaders/SpaceInvaders.sdk/top_hw_platform_0/ps7_init.tcl
targets -set -nocase -filter {name =~"APU*" && jtag_cable_name =~ "Digilent Zybo 210279785819A"} -index 0
rst -system
after 3000
targets -set -filter {jtag_cable_name =~ "Digilent Zybo 210279785819A" && level==0} -index 1
fpga -file /home/sebastian/Desktop/Git/EmbeddedSystems/SpaceInvaders/SpaceInvaders.sdk/top_hw_platform_0/top.bit
targets -set -nocase -filter {name =~"APU*" && jtag_cable_name =~ "Digilent Zybo 210279785819A"} -index 0
loadhw -hw /home/sebastian/Desktop/Git/EmbeddedSystems/SpaceInvaders/SpaceInvaders.sdk/top_hw_platform_0/system.hdf -mem-ranges [list {0x40000000 0xbfffffff}]
configparams force-mem-access 1
targets -set -nocase -filter {name =~"APU*" && jtag_cable_name =~ "Digilent Zybo 210279785819A"} -index 0
ps7_init
ps7_post_config
configparams mdm-detect-bscan-mask 2
targets -set -nocase -filter {name =~ "microblaze*#0" && bscan=="USER2"  && jtag_cable_name =~ "Digilent Zybo 210279785819A"} -index 1
dow /home/sebastian/Desktop/Git/EmbeddedSystems/SpaceInvaders/SpaceInvaders.sdk/SpaceInvaders/Debug/SpaceInvaders.elf
configparams force-mem-access 0
----------------End of Script----------------

17:36:10 INFO  : Memory regions updated for context APU
17:36:10 INFO  : Memory regions updated for context PA
17:36:10 INFO  : Memory regions updated for context PA
17:36:10 INFO  : Context for processor 'microblaze_0' is selected.
17:36:10 INFO  : 'con' command is executed.
17:36:10 INFO  : ----------------XSDB Script (After Launch)----------------
targets -set -nocase -filter {name =~ "microblaze*#0" && bscan=="USER2"  && jtag_cable_name =~ "Digilent Zybo 210279785819A"} -index 1
con
----------------End of Script----------------

17:36:10 INFO  : Launch script is exported to file '/home/sebastian/Desktop/Git/EmbeddedSystems/SpaceInvaders/SpaceInvaders.sdk/.sdk/launch_scripts/xilinx_c-c++_application_(system_debugger)/system_debugger_using_debug_spaceinvaders.elf_on_local.tcl'
17:56:17 INFO  : Disconnected from the channel tcfchan#7.
