13:17:33 **** Auto Build of configuration Debug for project blockram ****
make pre-build main-build 
a9-linaro-pre-build-step
 
Building file: ../src/blockram.c
Invoking: ARM v7 gcc compiler
arm-none-eabi-gcc -Wall -O0 -g3 -I/opt/Xilinx/SDK/2018.3/gnu/aarch32/lin/gcc-arm-linux-gnueabi/arm-linux-gnueabihf/libc/usr/include -c -fmessage-length=0 -MT"src/blockram.o" -mcpu=cortex-a9 -mfpu=vfpv3 -mfloat-abi=hard -I../../blockram_bsp/ps7_cortexa9_0/include -MMD -MP -MF"src/blockram.d" -MT"src/blockram.o" -o "src/blockram.o" "../src/blockram.c"
Finished building: ../src/blockram.c
 
Building file: ../src/helloworld.c
Invoking: ARM v7 gcc compiler
arm-none-eabi-gcc -Wall -O0 -g3 -I/opt/Xilinx/SDK/2018.3/gnu/aarch32/lin/gcc-arm-linux-gnueabi/arm-linux-gnueabihf/libc/usr/include -c -fmessage-length=0 -MT"src/helloworld.o" -mcpu=cortex-a9 -mfpu=vfpv3 -mfloat-abi=hard -I../../blockram_bsp/ps7_cortexa9_0/include -MMD -MP -MF"src/helloworld.d" -MT"src/helloworld.o" -o "src/helloworld.o" "../src/helloworld.c"
../src/helloworld.c: In function 'main':
../src/helloworld.c:79:48: warning: format '%d' expects argument of type 'int', but argument 3 has type 'u32 {aka long int}' [-Wformat=]
     fprintf(html_file, "<tr><td>Level</td><td>%d</td></tr>\n", data[0]);
                                               ~^               ~~~~~~~
                                               %ld
../src/helloworld.c:80:54: warning: format '%d' expects argument of type 'int', but argument 3 has type 'u32 {aka long int}' [-Wformat=]
     fprintf(html_file, "<tr><td>Scout kills</td><td>%d</td></tr>\n", data[1]);
                                                     ~^               ~~~~~~~
                                                     %ld
../src/helloworld.c:81:56: warning: format '%d' expects argument of type 'int', but argument 3 has type 'u32 {aka long int}' [-Wformat=]
     fprintf(html_file, "<tr><td>Fighter kills</td><td>%d</td></tr>\n", data[2]);
                                                       ~^               ~~~~~~~
                                                       %ld
../src/helloworld.c:82:59: warning: format '%d' expects argument of type 'int', but argument 3 has type 'u32 {aka long int}' [-Wformat=]
     fprintf(html_file, "<tr><td>Mothership kills</td><td>%d</td></tr>\n", data[3]);
                                                          ~^               ~~~~~~~
                                                          %ld
../src/helloworld.c:83:59: warning: format '%d' expects argument of type 'int', but argument 3 has type 'u32 {aka long int}' [-Wformat=]
     fprintf(html_file, "<tr><td>Remaining health</td><td>%d</td></tr>\n", data[4]);
                                                          ~^               ~~~~~~~
                                                          %ld
../src/helloworld.c:84:58: warning: format '%d' expects argument of type 'int', but argument 3 has type 'u32 {aka long int}' [-Wformat=]
     fprintf(html_file, "<tr><td>Active Power-Up</td><td>%d</td></tr>\n", data[5]);
                                                         ~^               ~~~~~~~
                                                         %ld
Finished building: ../src/helloworld.c
 
Building file: ../src/platform.c
Invoking: ARM v7 gcc compiler
arm-none-eabi-gcc -Wall -O0 -g3 -I/opt/Xilinx/SDK/2018.3/gnu/aarch32/lin/gcc-arm-linux-gnueabi/arm-linux-gnueabihf/libc/usr/include -c -fmessage-length=0 -MT"src/platform.o" -mcpu=cortex-a9 -mfpu=vfpv3 -mfloat-abi=hard -I../../blockram_bsp/ps7_cortexa9_0/include -MMD -MP -MF"src/platform.d" -MT"src/platform.o" -o "src/platform.o" "../src/platform.c"
Finished building: ../src/platform.c
 
Building target: blockram.elf
Invoking: ARM v7 gcc linker
arm-none-eabi-gcc -mcpu=cortex-a9 -mfpu=vfpv3 -mfloat-abi=hard -Wl,-build-id=none -specs=Xilinx.spec -Wl,-T -Wl,../src/lscript.ld -L../../blockram_bsp/ps7_cortexa9_0/lib -o "blockram.elf"  ./src/blockram.o ./src/helloworld.o ./src/platform.o   -Wl,--start-group,-lxil,-lgcc,-lc,--end-group
./src/blockram.o: In function `open_bram':
/home/sebastian/Desktop/Git/EmbeddedSystems/SpaceInvaders/SpaceInvaders.sdk/blockram/Debug/../src/blockram.c:14: undefined reference to `mmap'
collect2: error: ld returned 1 exit status
make: *** [blockram.elf] Error 1
makefile:39: recipe for target 'blockram.elf' failed

13:17:34 Build Finished (took 672ms)

