10:44:22 INFO  : Registering command handlers for SDK TCF services
10:44:23 INFO  : Launching XSCT server: xsct -n -interactive /home/sebastian/Desktop/Git/EmbeddedSystems/XADC_intr/XADC_intr.sdk/temp_xsdb_launch_script.tcl
10:44:26 INFO  : XSCT server has started successfully.
10:44:26 INFO  : Successfully done setting XSCT server connection channel  
10:44:26 INFO  : Successfully done setting SDK workspace  
10:44:26 INFO  : Processing command line option -hwspec /home/sebastian/Desktop/Git/EmbeddedSystems/XADC_intr/XADC_intr.sdk/XADC_intr_wrapper.hdf.
10:48:53 INFO  : SDK has detected change in the last modified timestamps for source hardware specification file Source:1619686114000,  Project:1619685792000
10:48:53 INFO  : Project XADC_intr_wrapper_hw_platform_0's source hardware specification located at /home/sebastian/Desktop/Git/EmbeddedSystems/XADC_intr/XADC_intr.sdk/XADC_intr_wrapper.hdf is now different from the local copy.
		 The local copy will be replaced with the source specification and your workspace will be updated.
10:48:55 INFO  : Copied contents of /home/sebastian/Desktop/Git/EmbeddedSystems/XADC_intr/XADC_intr.sdk/XADC_intr_wrapper.hdf into /XADC_intr_wrapper_hw_platform_0/system.hdf.
10:48:57 INFO  : Synchronizing projects in the workspace with the hardware platform specification changes.
10:48:57 INFO  : Clearing existing target manager status.
10:48:57 INFO  : Workspace synchronized with the new hardware specification file. Cleaning dependent projects...
10:48:57 WARN  : Linker script will not be updated automatically. Users need to update it manually.
11:10:56 INFO  : 'targets -set -filter {jtag_cable_name =~ "Digilent Zybo 210279785819A" && level==0} -index 1' command is executed.
11:10:56 INFO  : 'fpga -state' command is executed.
11:10:58 INFO  : Memory regions updated for context APU
11:11:07 INFO  : Connected to target on host '127.0.0.1' and port '3121'.
11:11:07 INFO  : Jtag cable 'Digilent Zybo 210279785819A' is selected.
11:11:07 INFO  : 'jtag frequency' command is executed.
11:11:07 INFO  : Sourcing of '/home/sebastian/Desktop/Git/EmbeddedSystems/XADC_intr/XADC_intr.sdk/XADC_intr_wrapper_hw_platform_0/ps7_init.tcl' is done.
11:11:07 INFO  : Context for 'APU' is selected.
11:11:07 INFO  : System reset is completed.
11:11:10 INFO  : 'after 3000' command is executed.
11:11:11 INFO  : 'targets -set -filter {jtag_cable_name =~ "Digilent Zybo 210279785819A" && level==0} -index 1' command is executed.
11:11:12 INFO  : FPGA configured successfully with bitstream "/home/sebastian/Desktop/Git/EmbeddedSystems/XADC_intr/XADC_intr.sdk/XADC_intr_wrapper_hw_platform_0/XADC_intr_wrapper.bit"
11:11:12 INFO  : Context for 'APU' is selected.
11:11:12 INFO  : Hardware design information is loaded from '/home/sebastian/Desktop/Git/EmbeddedSystems/XADC_intr/XADC_intr.sdk/XADC_intr_wrapper_hw_platform_0/system.hdf'.
11:11:12 INFO  : 'configparams force-mem-access 1' command is executed.
11:11:12 INFO  : Context for 'APU' is selected.
11:11:12 INFO  : 'ps7_init' command is executed.
11:11:12 INFO  : 'ps7_post_config' command is executed.
11:11:12 INFO  : Context for processor 'ps7_cortexa9_0' is selected.
11:11:12 INFO  : The application '/home/sebastian/Desktop/Git/EmbeddedSystems/XADC_intr/XADC_intr.sdk/XADC_intr/Debug/XADC_intr.elf' is downloaded to processor 'ps7_cortexa9_0'.
11:11:12 INFO  : 'configparams force-mem-access 0' command is executed.
11:11:12 INFO  : ----------------XSDB Script----------------
connect -url tcp:127.0.0.1:3121
source /home/sebastian/Desktop/Git/EmbeddedSystems/XADC_intr/XADC_intr.sdk/XADC_intr_wrapper_hw_platform_0/ps7_init.tcl
targets -set -nocase -filter {name =~"APU*" && jtag_cable_name =~ "Digilent Zybo 210279785819A"} -index 0
rst -system
after 3000
targets -set -filter {jtag_cable_name =~ "Digilent Zybo 210279785819A" && level==0} -index 1
fpga -file /home/sebastian/Desktop/Git/EmbeddedSystems/XADC_intr/XADC_intr.sdk/XADC_intr_wrapper_hw_platform_0/XADC_intr_wrapper.bit
targets -set -nocase -filter {name =~"APU*" && jtag_cable_name =~ "Digilent Zybo 210279785819A"} -index 0
loadhw -hw /home/sebastian/Desktop/Git/EmbeddedSystems/XADC_intr/XADC_intr.sdk/XADC_intr_wrapper_hw_platform_0/system.hdf -mem-ranges [list {0x40000000 0xbfffffff}]
configparams force-mem-access 1
targets -set -nocase -filter {name =~"APU*" && jtag_cable_name =~ "Digilent Zybo 210279785819A"} -index 0
ps7_init
ps7_post_config
targets -set -nocase -filter {name =~ "ARM*#0" && jtag_cable_name =~ "Digilent Zybo 210279785819A"} -index 0
dow /home/sebastian/Desktop/Git/EmbeddedSystems/XADC_intr/XADC_intr.sdk/XADC_intr/Debug/XADC_intr.elf
configparams force-mem-access 0
----------------End of Script----------------

11:11:12 INFO  : Memory regions updated for context APU
11:11:12 INFO  : Context for processor 'ps7_cortexa9_0' is selected.
11:11:12 INFO  : 'con' command is executed.
11:11:12 INFO  : ----------------XSDB Script (After Launch)----------------
targets -set -nocase -filter {name =~ "ARM*#0" && jtag_cable_name =~ "Digilent Zybo 210279785819A"} -index 0
con
----------------End of Script----------------

11:11:12 INFO  : Launch script is exported to file '/home/sebastian/Desktop/Git/EmbeddedSystems/XADC_intr/XADC_intr.sdk/.sdk/launch_scripts/xilinx_c-c++_application_(system_debugger)/system_debugger_using_debug_xadc_intr.elf_on_local.tcl'
11:15:02 INFO  : SDK has detected change in the last modified timestamps for source hardware specification file Source:1619687671000,  Project:1619686114000
11:15:02 INFO  : Project XADC_intr_wrapper_hw_platform_0's source hardware specification located at /home/sebastian/Desktop/Git/EmbeddedSystems/XADC_intr/XADC_intr.sdk/XADC_intr_wrapper.hdf is now different from the local copy.
		 The local copy will be replaced with the source specification and your workspace will be updated.
11:15:04 INFO  : Copied contents of /home/sebastian/Desktop/Git/EmbeddedSystems/XADC_intr/XADC_intr.sdk/XADC_intr_wrapper.hdf into /XADC_intr_wrapper_hw_platform_0/system.hdf.
11:15:06 INFO  : Synchronizing projects in the workspace with the hardware platform specification changes.
11:15:07 INFO  : 
11:15:08 INFO  : Updating hardware inferred compiler options for XADC_intr.
11:15:08 INFO  : Clearing existing target manager status.
11:15:08 INFO  : Closing and re-opening the MSS file of ther project XADC_intr_bsp
11:15:08 INFO  : Closing and re-opening the MSS file of ther project XADC_intr_bsp
11:15:09 INFO  : Closing and re-opening the MSS file of ther project XADC_intr_bsp
11:15:09 INFO  : Workspace synchronized with the new hardware specification file. Cleaning dependent projects...
11:15:10 WARN  : Linker script will not be updated automatically. Users need to update it manually.
11:15:32 INFO  : Disconnected from the channel tcfchan#1.
11:15:34 INFO  : Connected to target on host '127.0.0.1' and port '3121'.
11:15:34 INFO  : Jtag cable 'Digilent Zybo 210279785819A' is selected.
11:15:34 INFO  : 'jtag frequency' command is executed.
11:15:34 INFO  : Sourcing of '/home/sebastian/Desktop/Git/EmbeddedSystems/XADC_intr/XADC_intr.sdk/XADC_intr_wrapper_hw_platform_0/ps7_init.tcl' is done.
11:15:34 INFO  : Context for 'APU' is selected.
11:15:34 INFO  : System reset is completed.
11:15:37 INFO  : 'after 3000' command is executed.
11:15:37 INFO  : 'targets -set -filter {jtag_cable_name =~ "Digilent Zybo 210279785819A" && level==0} -index 1' command is executed.
11:15:38 INFO  : FPGA configured successfully with bitstream "/home/sebastian/Desktop/Git/EmbeddedSystems/XADC_intr/XADC_intr.sdk/XADC_intr_wrapper_hw_platform_0/XADC_intr_wrapper.bit"
11:15:38 INFO  : Context for 'APU' is selected.
11:15:38 INFO  : Hardware design information is loaded from '/home/sebastian/Desktop/Git/EmbeddedSystems/XADC_intr/XADC_intr.sdk/XADC_intr_wrapper_hw_platform_0/system.hdf'.
11:15:38 INFO  : 'configparams force-mem-access 1' command is executed.
11:15:38 INFO  : Context for 'APU' is selected.
11:15:38 INFO  : 'ps7_init' command is executed.
11:15:38 INFO  : 'ps7_post_config' command is executed.
11:15:38 INFO  : Context for processor 'ps7_cortexa9_0' is selected.
11:15:39 INFO  : The application '/home/sebastian/Desktop/Git/EmbeddedSystems/XADC_intr/XADC_intr.sdk/XADC_intr/Debug/XADC_intr.elf' is downloaded to processor 'ps7_cortexa9_0'.
11:15:39 INFO  : 'configparams force-mem-access 0' command is executed.
11:15:39 INFO  : ----------------XSDB Script----------------
connect -url tcp:127.0.0.1:3121
source /home/sebastian/Desktop/Git/EmbeddedSystems/XADC_intr/XADC_intr.sdk/XADC_intr_wrapper_hw_platform_0/ps7_init.tcl
targets -set -nocase -filter {name =~"APU*" && jtag_cable_name =~ "Digilent Zybo 210279785819A"} -index 0
rst -system
after 3000
targets -set -filter {jtag_cable_name =~ "Digilent Zybo 210279785819A" && level==0} -index 1
fpga -file /home/sebastian/Desktop/Git/EmbeddedSystems/XADC_intr/XADC_intr.sdk/XADC_intr_wrapper_hw_platform_0/XADC_intr_wrapper.bit
targets -set -nocase -filter {name =~"APU*" && jtag_cable_name =~ "Digilent Zybo 210279785819A"} -index 0
loadhw -hw /home/sebastian/Desktop/Git/EmbeddedSystems/XADC_intr/XADC_intr.sdk/XADC_intr_wrapper_hw_platform_0/system.hdf -mem-ranges [list {0x40000000 0xbfffffff}]
configparams force-mem-access 1
targets -set -nocase -filter {name =~"APU*" && jtag_cable_name =~ "Digilent Zybo 210279785819A"} -index 0
ps7_init
ps7_post_config
targets -set -nocase -filter {name =~ "ARM*#0" && jtag_cable_name =~ "Digilent Zybo 210279785819A"} -index 0
dow /home/sebastian/Desktop/Git/EmbeddedSystems/XADC_intr/XADC_intr.sdk/XADC_intr/Debug/XADC_intr.elf
configparams force-mem-access 0
----------------End of Script----------------

11:15:39 INFO  : Memory regions updated for context APU
11:15:39 INFO  : Context for processor 'ps7_cortexa9_0' is selected.
11:15:39 INFO  : 'con' command is executed.
11:15:39 INFO  : ----------------XSDB Script (After Launch)----------------
targets -set -nocase -filter {name =~ "ARM*#0" && jtag_cable_name =~ "Digilent Zybo 210279785819A"} -index 0
con
----------------End of Script----------------

11:15:39 INFO  : Launch script is exported to file '/home/sebastian/Desktop/Git/EmbeddedSystems/XADC_intr/XADC_intr.sdk/.sdk/launch_scripts/xilinx_c-c++_application_(system_debugger)/system_debugger_using_debug_xadc_intr.elf_on_local.tcl'
11:17:35 INFO  : Disconnected from the channel tcfchan#2.
11:17:36 INFO  : Connected to target on host '127.0.0.1' and port '3121'.
11:17:36 INFO  : Jtag cable 'Digilent Zybo 210279785819A' is selected.
11:17:36 INFO  : 'jtag frequency' command is executed.
11:17:36 INFO  : Sourcing of '/home/sebastian/Desktop/Git/EmbeddedSystems/XADC_intr/XADC_intr.sdk/XADC_intr_wrapper_hw_platform_0/ps7_init.tcl' is done.
11:17:36 INFO  : Context for 'APU' is selected.
11:17:36 INFO  : System reset is completed.
11:17:39 INFO  : 'after 3000' command is executed.
11:17:40 INFO  : 'targets -set -filter {jtag_cable_name =~ "Digilent Zybo 210279785819A" && level==0} -index 1' command is executed.
11:17:41 INFO  : FPGA configured successfully with bitstream "/home/sebastian/Desktop/Git/EmbeddedSystems/XADC_intr/XADC_intr.sdk/XADC_intr_wrapper_hw_platform_0/XADC_intr_wrapper.bit"
11:17:41 INFO  : Context for 'APU' is selected.
11:17:41 INFO  : Hardware design information is loaded from '/home/sebastian/Desktop/Git/EmbeddedSystems/XADC_intr/XADC_intr.sdk/XADC_intr_wrapper_hw_platform_0/system.hdf'.
11:17:41 INFO  : 'configparams force-mem-access 1' command is executed.
11:17:41 INFO  : Context for 'APU' is selected.
11:17:41 INFO  : 'ps7_init' command is executed.
11:17:41 INFO  : 'ps7_post_config' command is executed.
11:17:41 INFO  : Context for processor 'ps7_cortexa9_0' is selected.
11:17:41 INFO  : The application '/home/sebastian/Desktop/Git/EmbeddedSystems/XADC_intr/XADC_intr.sdk/XADC_intr/Debug/XADC_intr.elf' is downloaded to processor 'ps7_cortexa9_0'.
11:17:41 INFO  : 'configparams force-mem-access 0' command is executed.
11:17:41 INFO  : ----------------XSDB Script----------------
connect -url tcp:127.0.0.1:3121
source /home/sebastian/Desktop/Git/EmbeddedSystems/XADC_intr/XADC_intr.sdk/XADC_intr_wrapper_hw_platform_0/ps7_init.tcl
targets -set -nocase -filter {name =~"APU*" && jtag_cable_name =~ "Digilent Zybo 210279785819A"} -index 0
rst -system
after 3000
targets -set -filter {jtag_cable_name =~ "Digilent Zybo 210279785819A" && level==0} -index 1
fpga -file /home/sebastian/Desktop/Git/EmbeddedSystems/XADC_intr/XADC_intr.sdk/XADC_intr_wrapper_hw_platform_0/XADC_intr_wrapper.bit
targets -set -nocase -filter {name =~"APU*" && jtag_cable_name =~ "Digilent Zybo 210279785819A"} -index 0
loadhw -hw /home/sebastian/Desktop/Git/EmbeddedSystems/XADC_intr/XADC_intr.sdk/XADC_intr_wrapper_hw_platform_0/system.hdf -mem-ranges [list {0x40000000 0xbfffffff}]
configparams force-mem-access 1
targets -set -nocase -filter {name =~"APU*" && jtag_cable_name =~ "Digilent Zybo 210279785819A"} -index 0
ps7_init
ps7_post_config
targets -set -nocase -filter {name =~ "ARM*#0" && jtag_cable_name =~ "Digilent Zybo 210279785819A"} -index 0
dow /home/sebastian/Desktop/Git/EmbeddedSystems/XADC_intr/XADC_intr.sdk/XADC_intr/Debug/XADC_intr.elf
configparams force-mem-access 0
----------------End of Script----------------

11:17:41 INFO  : Memory regions updated for context APU
11:17:41 INFO  : Context for processor 'ps7_cortexa9_0' is selected.
11:17:41 INFO  : 'con' command is executed.
11:17:41 INFO  : ----------------XSDB Script (After Launch)----------------
targets -set -nocase -filter {name =~ "ARM*#0" && jtag_cable_name =~ "Digilent Zybo 210279785819A"} -index 0
con
----------------End of Script----------------

11:17:41 INFO  : Launch script is exported to file '/home/sebastian/Desktop/Git/EmbeddedSystems/XADC_intr/XADC_intr.sdk/.sdk/launch_scripts/xilinx_c-c++_application_(system_debugger)/system_debugger_using_debug_xadc_intr.elf_on_local.tcl'
11:17:53 INFO  : Disconnected from the channel tcfchan#3.
11:17:54 INFO  : Connected to target on host '127.0.0.1' and port '3121'.
11:17:55 INFO  : Jtag cable 'Digilent Zybo 210279785819A' is selected.
11:17:55 INFO  : 'jtag frequency' command is executed.
11:17:55 INFO  : Sourcing of '/home/sebastian/Desktop/Git/EmbeddedSystems/XADC_intr/XADC_intr.sdk/XADC_intr_wrapper_hw_platform_0/ps7_init.tcl' is done.
11:17:55 INFO  : Context for 'APU' is selected.
11:17:55 INFO  : System reset is completed.
11:17:58 INFO  : 'after 3000' command is executed.
11:17:58 INFO  : 'targets -set -filter {jtag_cable_name =~ "Digilent Zybo 210279785819A" && level==0} -index 1' command is executed.
11:17:59 INFO  : FPGA configured successfully with bitstream "/home/sebastian/Desktop/Git/EmbeddedSystems/XADC_intr/XADC_intr.sdk/XADC_intr_wrapper_hw_platform_0/XADC_intr_wrapper.bit"
11:17:59 INFO  : Context for 'APU' is selected.
11:17:59 INFO  : Hardware design information is loaded from '/home/sebastian/Desktop/Git/EmbeddedSystems/XADC_intr/XADC_intr.sdk/XADC_intr_wrapper_hw_platform_0/system.hdf'.
11:17:59 INFO  : 'configparams force-mem-access 1' command is executed.
11:17:59 INFO  : Context for 'APU' is selected.
11:17:59 INFO  : 'ps7_init' command is executed.
11:17:59 INFO  : 'ps7_post_config' command is executed.
11:17:59 INFO  : Context for processor 'ps7_cortexa9_0' is selected.
11:17:59 INFO  : The application '/home/sebastian/Desktop/Git/EmbeddedSystems/XADC_intr/XADC_intr.sdk/XADC_intr/Debug/XADC_intr.elf' is downloaded to processor 'ps7_cortexa9_0'.
11:17:59 INFO  : 'configparams force-mem-access 0' command is executed.
11:17:59 INFO  : ----------------XSDB Script----------------
connect -url tcp:127.0.0.1:3121
source /home/sebastian/Desktop/Git/EmbeddedSystems/XADC_intr/XADC_intr.sdk/XADC_intr_wrapper_hw_platform_0/ps7_init.tcl
targets -set -nocase -filter {name =~"APU*" && jtag_cable_name =~ "Digilent Zybo 210279785819A"} -index 0
rst -system
after 3000
targets -set -filter {jtag_cable_name =~ "Digilent Zybo 210279785819A" && level==0} -index 1
fpga -file /home/sebastian/Desktop/Git/EmbeddedSystems/XADC_intr/XADC_intr.sdk/XADC_intr_wrapper_hw_platform_0/XADC_intr_wrapper.bit
targets -set -nocase -filter {name =~"APU*" && jtag_cable_name =~ "Digilent Zybo 210279785819A"} -index 0
loadhw -hw /home/sebastian/Desktop/Git/EmbeddedSystems/XADC_intr/XADC_intr.sdk/XADC_intr_wrapper_hw_platform_0/system.hdf -mem-ranges [list {0x40000000 0xbfffffff}]
configparams force-mem-access 1
targets -set -nocase -filter {name =~"APU*" && jtag_cable_name =~ "Digilent Zybo 210279785819A"} -index 0
ps7_init
ps7_post_config
targets -set -nocase -filter {name =~ "ARM*#0" && jtag_cable_name =~ "Digilent Zybo 210279785819A"} -index 0
dow /home/sebastian/Desktop/Git/EmbeddedSystems/XADC_intr/XADC_intr.sdk/XADC_intr/Debug/XADC_intr.elf
configparams force-mem-access 0
----------------End of Script----------------

11:17:59 INFO  : Memory regions updated for context APU
11:17:59 INFO  : Context for processor 'ps7_cortexa9_0' is selected.
11:17:59 INFO  : 'con' command is executed.
11:17:59 INFO  : ----------------XSDB Script (After Launch)----------------
targets -set -nocase -filter {name =~ "ARM*#0" && jtag_cable_name =~ "Digilent Zybo 210279785819A"} -index 0
con
----------------End of Script----------------

11:17:59 INFO  : Launch script is exported to file '/home/sebastian/Desktop/Git/EmbeddedSystems/XADC_intr/XADC_intr.sdk/.sdk/launch_scripts/xilinx_c-c++_application_(system_debugger)/system_debugger_using_debug_xadc_intr.elf_on_local.tcl'
11:18:18 INFO  : Disconnected from the channel tcfchan#4.
11:18:19 INFO  : Connected to target on host '127.0.0.1' and port '3121'.
11:18:19 INFO  : Jtag cable 'Digilent Zybo 210279785819A' is selected.
11:18:19 INFO  : 'jtag frequency' command is executed.
11:18:19 INFO  : Sourcing of '/home/sebastian/Desktop/Git/EmbeddedSystems/XADC_intr/XADC_intr.sdk/XADC_intr_wrapper_hw_platform_0/ps7_init.tcl' is done.
11:18:19 INFO  : Context for 'APU' is selected.
11:18:19 INFO  : System reset is completed.
11:18:22 INFO  : 'after 3000' command is executed.
11:18:22 INFO  : 'targets -set -filter {jtag_cable_name =~ "Digilent Zybo 210279785819A" && level==0} -index 1' command is executed.
11:18:24 INFO  : FPGA configured successfully with bitstream "/home/sebastian/Desktop/Git/EmbeddedSystems/XADC_intr/XADC_intr.sdk/XADC_intr_wrapper_hw_platform_0/XADC_intr_wrapper.bit"
11:18:24 INFO  : Context for 'APU' is selected.
11:18:24 INFO  : Hardware design information is loaded from '/home/sebastian/Desktop/Git/EmbeddedSystems/XADC_intr/XADC_intr.sdk/XADC_intr_wrapper_hw_platform_0/system.hdf'.
11:18:24 INFO  : 'configparams force-mem-access 1' command is executed.
11:18:24 INFO  : Context for 'APU' is selected.
11:18:24 INFO  : 'ps7_init' command is executed.
11:18:24 INFO  : 'ps7_post_config' command is executed.
11:18:24 INFO  : Context for processor 'ps7_cortexa9_0' is selected.
11:18:24 INFO  : The application '/home/sebastian/Desktop/Git/EmbeddedSystems/XADC_intr/XADC_intr.sdk/XADC_intr/Debug/XADC_intr.elf' is downloaded to processor 'ps7_cortexa9_0'.
11:18:24 INFO  : 'configparams force-mem-access 0' command is executed.
11:18:24 INFO  : ----------------XSDB Script----------------
connect -url tcp:127.0.0.1:3121
source /home/sebastian/Desktop/Git/EmbeddedSystems/XADC_intr/XADC_intr.sdk/XADC_intr_wrapper_hw_platform_0/ps7_init.tcl
targets -set -nocase -filter {name =~"APU*" && jtag_cable_name =~ "Digilent Zybo 210279785819A"} -index 0
rst -system
after 3000
targets -set -filter {jtag_cable_name =~ "Digilent Zybo 210279785819A" && level==0} -index 1
fpga -file /home/sebastian/Desktop/Git/EmbeddedSystems/XADC_intr/XADC_intr.sdk/XADC_intr_wrapper_hw_platform_0/XADC_intr_wrapper.bit
targets -set -nocase -filter {name =~"APU*" && jtag_cable_name =~ "Digilent Zybo 210279785819A"} -index 0
loadhw -hw /home/sebastian/Desktop/Git/EmbeddedSystems/XADC_intr/XADC_intr.sdk/XADC_intr_wrapper_hw_platform_0/system.hdf -mem-ranges [list {0x40000000 0xbfffffff}]
configparams force-mem-access 1
targets -set -nocase -filter {name =~"APU*" && jtag_cable_name =~ "Digilent Zybo 210279785819A"} -index 0
ps7_init
ps7_post_config
targets -set -nocase -filter {name =~ "ARM*#0" && jtag_cable_name =~ "Digilent Zybo 210279785819A"} -index 0
dow /home/sebastian/Desktop/Git/EmbeddedSystems/XADC_intr/XADC_intr.sdk/XADC_intr/Debug/XADC_intr.elf
configparams force-mem-access 0
----------------End of Script----------------

11:18:24 INFO  : Memory regions updated for context APU
11:18:24 INFO  : Context for processor 'ps7_cortexa9_0' is selected.
11:18:24 INFO  : 'con' command is executed.
11:18:24 INFO  : ----------------XSDB Script (After Launch)----------------
targets -set -nocase -filter {name =~ "ARM*#0" && jtag_cable_name =~ "Digilent Zybo 210279785819A"} -index 0
con
----------------End of Script----------------

11:18:24 INFO  : Launch script is exported to file '/home/sebastian/Desktop/Git/EmbeddedSystems/XADC_intr/XADC_intr.sdk/.sdk/launch_scripts/xilinx_c-c++_application_(system_debugger)/system_debugger_using_debug_xadc_intr.elf_on_local.tcl'
11:18:39 INFO  : Disconnected from the channel tcfchan#5.
11:18:40 INFO  : Connected to target on host '127.0.0.1' and port '3121'.
11:18:40 INFO  : Jtag cable 'Digilent Zybo 210279785819A' is selected.
11:18:40 INFO  : 'jtag frequency' command is executed.
11:18:40 INFO  : Sourcing of '/home/sebastian/Desktop/Git/EmbeddedSystems/XADC_intr/XADC_intr.sdk/XADC_intr_wrapper_hw_platform_0/ps7_init.tcl' is done.
11:18:40 INFO  : Context for 'APU' is selected.
11:18:40 INFO  : System reset is completed.
11:18:43 INFO  : 'after 3000' command is executed.
11:18:43 INFO  : 'targets -set -filter {jtag_cable_name =~ "Digilent Zybo 210279785819A" && level==0} -index 1' command is executed.
11:18:45 INFO  : FPGA configured successfully with bitstream "/home/sebastian/Desktop/Git/EmbeddedSystems/XADC_intr/XADC_intr.sdk/XADC_intr_wrapper_hw_platform_0/XADC_intr_wrapper.bit"
11:18:45 INFO  : Context for 'APU' is selected.
11:18:45 INFO  : Hardware design information is loaded from '/home/sebastian/Desktop/Git/EmbeddedSystems/XADC_intr/XADC_intr.sdk/XADC_intr_wrapper_hw_platform_0/system.hdf'.
11:18:45 INFO  : 'configparams force-mem-access 1' command is executed.
11:18:45 INFO  : Context for 'APU' is selected.
11:18:45 INFO  : 'ps7_init' command is executed.
11:18:45 INFO  : 'ps7_post_config' command is executed.
11:18:45 INFO  : Context for processor 'ps7_cortexa9_0' is selected.
11:18:45 INFO  : The application '/home/sebastian/Desktop/Git/EmbeddedSystems/XADC_intr/XADC_intr.sdk/XADC_intr/Debug/XADC_intr.elf' is downloaded to processor 'ps7_cortexa9_0'.
11:18:45 INFO  : 'configparams force-mem-access 0' command is executed.
11:18:45 INFO  : ----------------XSDB Script----------------
connect -url tcp:127.0.0.1:3121
source /home/sebastian/Desktop/Git/EmbeddedSystems/XADC_intr/XADC_intr.sdk/XADC_intr_wrapper_hw_platform_0/ps7_init.tcl
targets -set -nocase -filter {name =~"APU*" && jtag_cable_name =~ "Digilent Zybo 210279785819A"} -index 0
rst -system
after 3000
targets -set -filter {jtag_cable_name =~ "Digilent Zybo 210279785819A" && level==0} -index 1
fpga -file /home/sebastian/Desktop/Git/EmbeddedSystems/XADC_intr/XADC_intr.sdk/XADC_intr_wrapper_hw_platform_0/XADC_intr_wrapper.bit
targets -set -nocase -filter {name =~"APU*" && jtag_cable_name =~ "Digilent Zybo 210279785819A"} -index 0
loadhw -hw /home/sebastian/Desktop/Git/EmbeddedSystems/XADC_intr/XADC_intr.sdk/XADC_intr_wrapper_hw_platform_0/system.hdf -mem-ranges [list {0x40000000 0xbfffffff}]
configparams force-mem-access 1
targets -set -nocase -filter {name =~"APU*" && jtag_cable_name =~ "Digilent Zybo 210279785819A"} -index 0
ps7_init
ps7_post_config
targets -set -nocase -filter {name =~ "ARM*#0" && jtag_cable_name =~ "Digilent Zybo 210279785819A"} -index 0
dow /home/sebastian/Desktop/Git/EmbeddedSystems/XADC_intr/XADC_intr.sdk/XADC_intr/Debug/XADC_intr.elf
configparams force-mem-access 0
----------------End of Script----------------

11:18:45 INFO  : Memory regions updated for context APU
11:18:45 INFO  : Context for processor 'ps7_cortexa9_0' is selected.
11:18:45 INFO  : 'con' command is executed.
11:18:45 INFO  : ----------------XSDB Script (After Launch)----------------
targets -set -nocase -filter {name =~ "ARM*#0" && jtag_cable_name =~ "Digilent Zybo 210279785819A"} -index 0
con
----------------End of Script----------------

11:18:45 INFO  : Launch script is exported to file '/home/sebastian/Desktop/Git/EmbeddedSystems/XADC_intr/XADC_intr.sdk/.sdk/launch_scripts/xilinx_c-c++_application_(system_debugger)/system_debugger_using_debug_xadc_intr.elf_on_local.tcl'
11:19:12 INFO  : Disconnected from the channel tcfchan#6.
11:19:13 INFO  : Connected to target on host '127.0.0.1' and port '3121'.
11:19:13 INFO  : Jtag cable 'Digilent Zybo 210279785819A' is selected.
11:19:13 INFO  : 'jtag frequency' command is executed.
11:19:13 INFO  : Sourcing of '/home/sebastian/Desktop/Git/EmbeddedSystems/XADC_intr/XADC_intr.sdk/XADC_intr_wrapper_hw_platform_0/ps7_init.tcl' is done.
11:19:13 INFO  : Context for 'APU' is selected.
11:19:13 INFO  : System reset is completed.
11:19:16 INFO  : 'after 3000' command is executed.
11:19:16 INFO  : 'targets -set -filter {jtag_cable_name =~ "Digilent Zybo 210279785819A" && level==0} -index 1' command is executed.
11:19:17 INFO  : FPGA configured successfully with bitstream "/home/sebastian/Desktop/Git/EmbeddedSystems/XADC_intr/XADC_intr.sdk/XADC_intr_wrapper_hw_platform_0/XADC_intr_wrapper.bit"
11:19:18 INFO  : Context for 'APU' is selected.
11:19:18 INFO  : Hardware design information is loaded from '/home/sebastian/Desktop/Git/EmbeddedSystems/XADC_intr/XADC_intr.sdk/XADC_intr_wrapper_hw_platform_0/system.hdf'.
11:19:18 INFO  : 'configparams force-mem-access 1' command is executed.
11:19:18 INFO  : Context for 'APU' is selected.
11:19:18 INFO  : 'ps7_init' command is executed.
11:19:18 INFO  : 'ps7_post_config' command is executed.
11:19:18 INFO  : Context for processor 'ps7_cortexa9_0' is selected.
11:19:18 INFO  : The application '/home/sebastian/Desktop/Git/EmbeddedSystems/XADC_intr/XADC_intr.sdk/XADC_intr/Debug/XADC_intr.elf' is downloaded to processor 'ps7_cortexa9_0'.
11:19:18 INFO  : 'configparams force-mem-access 0' command is executed.
11:19:18 INFO  : ----------------XSDB Script----------------
connect -url tcp:127.0.0.1:3121
source /home/sebastian/Desktop/Git/EmbeddedSystems/XADC_intr/XADC_intr.sdk/XADC_intr_wrapper_hw_platform_0/ps7_init.tcl
targets -set -nocase -filter {name =~"APU*" && jtag_cable_name =~ "Digilent Zybo 210279785819A"} -index 0
rst -system
after 3000
targets -set -filter {jtag_cable_name =~ "Digilent Zybo 210279785819A" && level==0} -index 1
fpga -file /home/sebastian/Desktop/Git/EmbeddedSystems/XADC_intr/XADC_intr.sdk/XADC_intr_wrapper_hw_platform_0/XADC_intr_wrapper.bit
targets -set -nocase -filter {name =~"APU*" && jtag_cable_name =~ "Digilent Zybo 210279785819A"} -index 0
loadhw -hw /home/sebastian/Desktop/Git/EmbeddedSystems/XADC_intr/XADC_intr.sdk/XADC_intr_wrapper_hw_platform_0/system.hdf -mem-ranges [list {0x40000000 0xbfffffff}]
configparams force-mem-access 1
targets -set -nocase -filter {name =~"APU*" && jtag_cable_name =~ "Digilent Zybo 210279785819A"} -index 0
ps7_init
ps7_post_config
targets -set -nocase -filter {name =~ "ARM*#0" && jtag_cable_name =~ "Digilent Zybo 210279785819A"} -index 0
dow /home/sebastian/Desktop/Git/EmbeddedSystems/XADC_intr/XADC_intr.sdk/XADC_intr/Debug/XADC_intr.elf
configparams force-mem-access 0
----------------End of Script----------------

11:19:18 INFO  : Memory regions updated for context APU
11:19:18 INFO  : Context for processor 'ps7_cortexa9_0' is selected.
11:19:18 INFO  : 'con' command is executed.
11:19:18 INFO  : ----------------XSDB Script (After Launch)----------------
targets -set -nocase -filter {name =~ "ARM*#0" && jtag_cable_name =~ "Digilent Zybo 210279785819A"} -index 0
con
----------------End of Script----------------

11:19:18 INFO  : Launch script is exported to file '/home/sebastian/Desktop/Git/EmbeddedSystems/XADC_intr/XADC_intr.sdk/.sdk/launch_scripts/xilinx_c-c++_application_(system_debugger)/system_debugger_using_debug_xadc_intr.elf_on_local.tcl'
11:24:34 INFO  : Disconnected from the channel tcfchan#7.
11:24:35 INFO  : Connected to target on host '127.0.0.1' and port '3121'.
11:24:35 INFO  : Jtag cable 'Digilent Zybo 210279785819A' is selected.
11:24:35 INFO  : 'jtag frequency' command is executed.
11:24:35 INFO  : Sourcing of '/home/sebastian/Desktop/Git/EmbeddedSystems/XADC_intr/XADC_intr.sdk/XADC_intr_wrapper_hw_platform_0/ps7_init.tcl' is done.
11:24:35 INFO  : Context for 'APU' is selected.
11:24:35 INFO  : System reset is completed.
11:24:38 INFO  : 'after 3000' command is executed.
11:24:38 INFO  : 'targets -set -filter {jtag_cable_name =~ "Digilent Zybo 210279785819A" && level==0} -index 1' command is executed.
11:24:40 INFO  : FPGA configured successfully with bitstream "/home/sebastian/Desktop/Git/EmbeddedSystems/XADC_intr/XADC_intr.sdk/XADC_intr_wrapper_hw_platform_0/XADC_intr_wrapper.bit"
11:24:40 INFO  : Context for 'APU' is selected.
11:24:40 INFO  : Hardware design information is loaded from '/home/sebastian/Desktop/Git/EmbeddedSystems/XADC_intr/XADC_intr.sdk/XADC_intr_wrapper_hw_platform_0/system.hdf'.
11:24:40 INFO  : 'configparams force-mem-access 1' command is executed.
11:24:40 INFO  : Context for 'APU' is selected.
11:24:40 INFO  : 'ps7_init' command is executed.
11:24:40 INFO  : 'ps7_post_config' command is executed.
11:24:40 INFO  : Context for processor 'ps7_cortexa9_0' is selected.
11:24:40 INFO  : The application '/home/sebastian/Desktop/Git/EmbeddedSystems/XADC_intr/XADC_intr.sdk/XADC_intr/Debug/XADC_intr.elf' is downloaded to processor 'ps7_cortexa9_0'.
11:24:40 INFO  : 'configparams force-mem-access 0' command is executed.
11:24:40 INFO  : ----------------XSDB Script----------------
connect -url tcp:127.0.0.1:3121
source /home/sebastian/Desktop/Git/EmbeddedSystems/XADC_intr/XADC_intr.sdk/XADC_intr_wrapper_hw_platform_0/ps7_init.tcl
targets -set -nocase -filter {name =~"APU*" && jtag_cable_name =~ "Digilent Zybo 210279785819A"} -index 0
rst -system
after 3000
targets -set -filter {jtag_cable_name =~ "Digilent Zybo 210279785819A" && level==0} -index 1
fpga -file /home/sebastian/Desktop/Git/EmbeddedSystems/XADC_intr/XADC_intr.sdk/XADC_intr_wrapper_hw_platform_0/XADC_intr_wrapper.bit
targets -set -nocase -filter {name =~"APU*" && jtag_cable_name =~ "Digilent Zybo 210279785819A"} -index 0
loadhw -hw /home/sebastian/Desktop/Git/EmbeddedSystems/XADC_intr/XADC_intr.sdk/XADC_intr_wrapper_hw_platform_0/system.hdf -mem-ranges [list {0x40000000 0xbfffffff}]
configparams force-mem-access 1
targets -set -nocase -filter {name =~"APU*" && jtag_cable_name =~ "Digilent Zybo 210279785819A"} -index 0
ps7_init
ps7_post_config
targets -set -nocase -filter {name =~ "ARM*#0" && jtag_cable_name =~ "Digilent Zybo 210279785819A"} -index 0
dow /home/sebastian/Desktop/Git/EmbeddedSystems/XADC_intr/XADC_intr.sdk/XADC_intr/Debug/XADC_intr.elf
configparams force-mem-access 0
----------------End of Script----------------

11:24:40 INFO  : Memory regions updated for context APU
11:24:40 INFO  : Context for processor 'ps7_cortexa9_0' is selected.
11:24:40 INFO  : 'con' command is executed.
11:24:40 INFO  : ----------------XSDB Script (After Launch)----------------
targets -set -nocase -filter {name =~ "ARM*#0" && jtag_cable_name =~ "Digilent Zybo 210279785819A"} -index 0
con
----------------End of Script----------------

11:24:40 INFO  : Launch script is exported to file '/home/sebastian/Desktop/Git/EmbeddedSystems/XADC_intr/XADC_intr.sdk/.sdk/launch_scripts/xilinx_c-c++_application_(system_debugger)/system_debugger_using_debug_xadc_intr.elf_on_local.tcl'
11:34:50 INFO  : Disconnected from the channel tcfchan#8.
11:34:51 INFO  : Connected to target on host '127.0.0.1' and port '3121'.
11:34:51 INFO  : Jtag cable 'Digilent Zybo 210279785819A' is selected.
11:34:51 INFO  : 'jtag frequency' command is executed.
11:34:51 INFO  : Sourcing of '/home/sebastian/Desktop/Git/EmbeddedSystems/XADC_intr/XADC_intr.sdk/XADC_intr_wrapper_hw_platform_0/ps7_init.tcl' is done.
11:34:51 INFO  : Context for 'APU' is selected.
11:34:51 INFO  : System reset is completed.
11:34:54 INFO  : 'after 3000' command is executed.
11:34:54 INFO  : 'targets -set -filter {jtag_cable_name =~ "Digilent Zybo 210279785819A" && level==0} -index 1' command is executed.
11:34:55 INFO  : FPGA configured successfully with bitstream "/home/sebastian/Desktop/Git/EmbeddedSystems/XADC_intr/XADC_intr.sdk/XADC_intr_wrapper_hw_platform_0/XADC_intr_wrapper.bit"
11:34:56 INFO  : Context for 'APU' is selected.
11:34:56 INFO  : Hardware design information is loaded from '/home/sebastian/Desktop/Git/EmbeddedSystems/XADC_intr/XADC_intr.sdk/XADC_intr_wrapper_hw_platform_0/system.hdf'.
11:34:56 INFO  : 'configparams force-mem-access 1' command is executed.
11:34:56 INFO  : Context for 'APU' is selected.
11:34:56 INFO  : 'ps7_init' command is executed.
11:34:56 INFO  : 'ps7_post_config' command is executed.
11:34:56 INFO  : Context for processor 'ps7_cortexa9_0' is selected.
11:34:56 INFO  : The application '/home/sebastian/Desktop/Git/EmbeddedSystems/XADC_intr/XADC_intr.sdk/XADC_intr/Debug/XADC_intr.elf' is downloaded to processor 'ps7_cortexa9_0'.
11:34:56 INFO  : 'configparams force-mem-access 0' command is executed.
11:34:56 INFO  : ----------------XSDB Script----------------
connect -url tcp:127.0.0.1:3121
source /home/sebastian/Desktop/Git/EmbeddedSystems/XADC_intr/XADC_intr.sdk/XADC_intr_wrapper_hw_platform_0/ps7_init.tcl
targets -set -nocase -filter {name =~"APU*" && jtag_cable_name =~ "Digilent Zybo 210279785819A"} -index 0
rst -system
after 3000
targets -set -filter {jtag_cable_name =~ "Digilent Zybo 210279785819A" && level==0} -index 1
fpga -file /home/sebastian/Desktop/Git/EmbeddedSystems/XADC_intr/XADC_intr.sdk/XADC_intr_wrapper_hw_platform_0/XADC_intr_wrapper.bit
targets -set -nocase -filter {name =~"APU*" && jtag_cable_name =~ "Digilent Zybo 210279785819A"} -index 0
loadhw -hw /home/sebastian/Desktop/Git/EmbeddedSystems/XADC_intr/XADC_intr.sdk/XADC_intr_wrapper_hw_platform_0/system.hdf -mem-ranges [list {0x40000000 0xbfffffff}]
configparams force-mem-access 1
targets -set -nocase -filter {name =~"APU*" && jtag_cable_name =~ "Digilent Zybo 210279785819A"} -index 0
ps7_init
ps7_post_config
targets -set -nocase -filter {name =~ "ARM*#0" && jtag_cable_name =~ "Digilent Zybo 210279785819A"} -index 0
dow /home/sebastian/Desktop/Git/EmbeddedSystems/XADC_intr/XADC_intr.sdk/XADC_intr/Debug/XADC_intr.elf
configparams force-mem-access 0
----------------End of Script----------------

11:34:56 INFO  : Memory regions updated for context APU
11:34:56 INFO  : Context for processor 'ps7_cortexa9_0' is selected.
11:34:56 INFO  : 'con' command is executed.
11:34:56 INFO  : ----------------XSDB Script (After Launch)----------------
targets -set -nocase -filter {name =~ "ARM*#0" && jtag_cable_name =~ "Digilent Zybo 210279785819A"} -index 0
con
----------------End of Script----------------

11:34:56 INFO  : Launch script is exported to file '/home/sebastian/Desktop/Git/EmbeddedSystems/XADC_intr/XADC_intr.sdk/.sdk/launch_scripts/xilinx_c-c++_application_(system_debugger)/system_debugger_using_debug_xadc_intr.elf_on_local.tcl'
11:51:27 INFO  : Disconnected from the channel tcfchan#9.
