10:49:26 **** Build of project XADC_intr_bsp ****
make -k all 
Running Make include in ps7_cortexa9_0/libsrc/ddrps_v1_0/src
make -C ps7_cortexa9_0/libsrc/ddrps_v1_0/src -s include  "SHELL=/bin/sh" "COMPILER=arm-none-eabi-gcc" "ARCHIVER=arm-none-eabi-ar" "COMPILER_FLAGS=  -O2 -c" "EXTRA_COMPILER_FLAGS=-mcpu=cortex-a9 -mfpu=vfpv3 -mfloat-abi=hard -nostartfiles -g -Wall -Wextra"
Running Make include in ps7_cortexa9_0/libsrc/standalone_v6_8/src
make -C ps7_cortexa9_0/libsrc/standalone_v6_8/src -s include  "SHELL=/bin/sh" "COMPILER=arm-none-eabi-gcc" "ARCHIVER=arm-none-eabi-ar" "COMPILER_FLAGS=  -O2 -c" "EXTRA_COMPILER_FLAGS=-mcpu=cortex-a9 -mfpu=vfpv3 -mfloat-abi=hard -nostartfiles -g -Wall -Wextra"
Running Make include in ps7_cortexa9_0/libsrc/dmaps_v2_4/src
make -C ps7_cortexa9_0/libsrc/dmaps_v2_4/src -s include  "SHELL=/bin/sh" "COMPILER=arm-none-eabi-gcc" "ARCHIVER=arm-none-eabi-ar" "COMPILER_FLAGS=  -O2 -c" "EXTRA_COMPILER_FLAGS=-mcpu=cortex-a9 -mfpu=vfpv3 -mfloat-abi=hard -nostartfiles -g -Wall -Wextra"
Running Make include in ps7_cortexa9_0/libsrc/cpu_cortexa9_v2_7/src
make -C ps7_cortexa9_0/libsrc/cpu_cortexa9_v2_7/src -s include  "SHELL=/bin/sh" "COMPILER=arm-none-eabi-gcc" "ARCHIVER=arm-none-eabi-ar" "COMPILER_FLAGS=  -O2 -c" "EXTRA_COMPILER_FLAGS=-mcpu=cortex-a9 -mfpu=vfpv3 -mfloat-abi=hard -nostartfiles -g -Wall -Wextra"
Running Make include in ps7_cortexa9_0/libsrc/ttcps_v3_7/src
make -C ps7_cortexa9_0/libsrc/ttcps_v3_7/src -s include  "SHELL=/bin/sh" "COMPILER=arm-none-eabi-gcc" "ARCHIVER=arm-none-eabi-ar" "COMPILER_FLAGS=  -O2 -c" "EXTRA_COMPILER_FLAGS=-mcpu=cortex-a9 -mfpu=vfpv3 -mfloat-abi=hard -nostartfiles -g -Wall -Wextra"
Running Make include in ps7_cortexa9_0/libsrc/scugic_v3_10/src
make -C ps7_cortexa9_0/libsrc/scugic_v3_10/src -s include  "SHELL=/bin/sh" "COMPILER=arm-none-eabi-gcc" "ARCHIVER=arm-none-eabi-ar" "COMPILER_FLAGS=  -O2 -c" "EXTRA_COMPILER_FLAGS=-mcpu=cortex-a9 -mfpu=vfpv3 -mfloat-abi=hard -nostartfiles -g -Wall -Wextra"
Running Make include in ps7_cortexa9_0/libsrc/xadcps_v2_3/src
make -C ps7_cortexa9_0/libsrc/xadcps_v2_3/src -s include  "SHELL=/bin/sh" "COMPILER=arm-none-eabi-gcc" "ARCHIVER=arm-none-eabi-ar" "COMPILER_FLAGS=  -O2 -c" "EXTRA_COMPILER_FLAGS=-mcpu=cortex-a9 -mfpu=vfpv3 -mfloat-abi=hard -nostartfiles -g -Wall -Wextra"
Running Make include in ps7_cortexa9_0/libsrc/devcfg_v3_5/src
make -C ps7_cortexa9_0/libsrc/devcfg_v3_5/src -s include  "SHELL=/bin/sh" "COMPILER=arm-none-eabi-gcc" "ARCHIVER=arm-none-eabi-ar" "COMPILER_FLAGS=  -O2 -c" "EXTRA_COMPILER_FLAGS=-mcpu=cortex-a9 -mfpu=vfpv3 -mfloat-abi=hard -nostartfiles -g -Wall -Wextra"
Running Make include in ps7_cortexa9_0/libsrc/scuwdt_v2_1/src
make -C ps7_cortexa9_0/libsrc/scuwdt_v2_1/src -s include  "SHELL=/bin/sh" "COMPILER=arm-none-eabi-gcc" "ARCHIVER=arm-none-eabi-ar" "COMPILER_FLAGS=  -O2 -c" "EXTRA_COMPILER_FLAGS=-mcpu=cortex-a9 -mfpu=vfpv3 -mfloat-abi=hard -nostartfiles -g -Wall -Wextra"
Running Make include in ps7_cortexa9_0/libsrc/uartps_v3_7/src
make -C ps7_cortexa9_0/libsrc/uartps_v3_7/src -s include  "SHELL=/bin/sh" "COMPILER=arm-none-eabi-gcc" "ARCHIVER=arm-none-eabi-ar" "COMPILER_FLAGS=  -O2 -c" "EXTRA_COMPILER_FLAGS=-mcpu=cortex-a9 -mfpu=vfpv3 -mfloat-abi=hard -nostartfiles -g -Wall -Wextra"
Running Make include in ps7_cortexa9_0/libsrc/sysmon_v7_5/src
make -C ps7_cortexa9_0/libsrc/sysmon_v7_5/src -s include  "SHELL=/bin/sh" "COMPILER=arm-none-eabi-gcc" "ARCHIVER=arm-none-eabi-ar" "COMPILER_FLAGS=  -O2 -c" "EXTRA_COMPILER_FLAGS=-mcpu=cortex-a9 -mfpu=vfpv3 -mfloat-abi=hard -nostartfiles -g -Wall -Wextra"
Running Make include in ps7_cortexa9_0/libsrc/coresightps_dcc_v1_4/src
make -C ps7_cortexa9_0/libsrc/coresightps_dcc_v1_4/src -s include  "SHELL=/bin/sh" "COMPILER=arm-none-eabi-gcc" "ARCHIVER=arm-none-eabi-ar" "COMPILER_FLAGS=  -O2 -c" "EXTRA_COMPILER_FLAGS=-mcpu=cortex-a9 -mfpu=vfpv3 -mfloat-abi=hard -nostartfiles -g -Wall -Wextra"
Running Make include in ps7_cortexa9_0/libsrc/scutimer_v2_1/src
make -C ps7_cortexa9_0/libsrc/scutimer_v2_1/src -s include  "SHELL=/bin/sh" "COMPILER=arm-none-eabi-gcc" "ARCHIVER=arm-none-eabi-ar" "COMPILER_FLAGS=  -O2 -c" "EXTRA_COMPILER_FLAGS=-mcpu=cortex-a9 -mfpu=vfpv3 -mfloat-abi=hard -nostartfiles -g -Wall -Wextra"
Running Make libs in ps7_cortexa9_0/libsrc/ddrps_v1_0/src
make -C ps7_cortexa9_0/libsrc/ddrps_v1_0/src -s libs  "SHELL=/bin/sh" "COMPILER=arm-none-eabi-gcc" "ARCHIVER=arm-none-eabi-ar" "COMPILER_FLAGS=  -O2 -c" "EXTRA_COMPILER_FLAGS=-mcpu=cortex-a9 -mfpu=vfpv3 -mfloat-abi=hard -nostartfiles -g -Wall -Wextra"
Compiling ddrps
arm-none-eabi-ar: creating ../../../lib/libxil.a
Running Make libs in ps7_cortexa9_0/libsrc/standalone_v6_8/src
make -C ps7_cortexa9_0/libsrc/standalone_v6_8/src -s libs  "SHELL=/bin/sh" "COMPILER=arm-none-eabi-gcc" "ARCHIVER=arm-none-eabi-ar" "COMPILER_FLAGS=  -O2 -c" "EXTRA_COMPILER_FLAGS=-mcpu=cortex-a9 -mfpu=vfpv3 -mfloat-abi=hard -nostartfiles -g -Wall -Wextra"
Compiling standalone
In file included from xtime_l.c:49:0:
xtime_l.h:87:9: note: #pragma message: For the sleep routines, Global timer is being used
 #pragma message ("For the sleep routines, Global timer is being used")
         ^~~~~~~
In file included from sleep.c:53:0:
xtime_l.h:87:9: note: #pragma message: For the sleep routines, Global timer is being used
 #pragma message ("For the sleep routines, Global timer is being used")
         ^~~~~~~
In file included from usleep.c:56:0:
xtime_l.h:87:9: note: #pragma message: For the sleep routines, Global timer is being used
 #pragma message ("For the sleep routines, Global timer is being used")
         ^~~~~~~
In file included from xil_sleeptimer.c:51:0:
xtime_l.h:87:9: note: #pragma message: For the sleep routines, Global timer is being used
 #pragma message ("For the sleep routines, Global timer is being used")
         ^~~~~~~
Running Make libs in ps7_cortexa9_0/libsrc/dmaps_v2_4/src
make -C ps7_cortexa9_0/libsrc/dmaps_v2_4/src -s libs  "SHELL=/bin/sh" "COMPILER=arm-none-eabi-gcc" "ARCHIVER=arm-none-eabi-ar" "COMPILER_FLAGS=  -O2 -c" "EXTRA_COMPILER_FLAGS=-mcpu=cortex-a9 -mfpu=vfpv3 -mfloat-abi=hard -nostartfiles -g -Wall -Wextra"
Compiling dmaps
Running Make libs in ps7_cortexa9_0/libsrc/cpu_cortexa9_v2_7/src
make -C ps7_cortexa9_0/libsrc/cpu_cortexa9_v2_7/src -s libs  "SHELL=/bin/sh" "COMPILER=arm-none-eabi-gcc" "ARCHIVER=arm-none-eabi-ar" "COMPILER_FLAGS=  -O2 -c" "EXTRA_COMPILER_FLAGS=-mcpu=cortex-a9 -mfpu=vfpv3 -mfloat-abi=hard -nostartfiles -g -Wall -Wextra"
Compiling cpu_cortexa9
Running Make libs in ps7_cortexa9_0/libsrc/ttcps_v3_7/src
make -C ps7_cortexa9_0/libsrc/ttcps_v3_7/src -s libs  "SHELL=/bin/sh" "COMPILER=arm-none-eabi-gcc" "ARCHIVER=arm-none-eabi-ar" "COMPILER_FLAGS=  -O2 -c" "EXTRA_COMPILER_FLAGS=-mcpu=cortex-a9 -mfpu=vfpv3 -mfloat-abi=hard -nostartfiles -g -Wall -Wextra"
Compiling ttcps
Running Make libs in ps7_cortexa9_0/libsrc/scugic_v3_10/src
make -C ps7_cortexa9_0/libsrc/scugic_v3_10/src -s libs  "SHELL=/bin/sh" "COMPILER=arm-none-eabi-gcc" "ARCHIVER=arm-none-eabi-ar" "COMPILER_FLAGS=  -O2 -c" "EXTRA_COMPILER_FLAGS=-mcpu=cortex-a9 -mfpu=vfpv3 -mfloat-abi=hard -nostartfiles -g -Wall -Wextra"
Compiling scugic
Running Make libs in ps7_cortexa9_0/libsrc/xadcps_v2_3/src
make -C ps7_cortexa9_0/libsrc/xadcps_v2_3/src -s libs  "SHELL=/bin/sh" "COMPILER=arm-none-eabi-gcc" "ARCHIVER=arm-none-eabi-ar" "COMPILER_FLAGS=  -O2 -c" "EXTRA_COMPILER_FLAGS=-mcpu=cortex-a9 -mfpu=vfpv3 -mfloat-abi=hard -nostartfiles -g -Wall -Wextra"
Compiling xadcps
Running Make libs in ps7_cortexa9_0/libsrc/devcfg_v3_5/src
make -C ps7_cortexa9_0/libsrc/devcfg_v3_5/src -s libs  "SHELL=/bin/sh" "COMPILER=arm-none-eabi-gcc" "ARCHIVER=arm-none-eabi-ar" "COMPILER_FLAGS=  -O2 -c" "EXTRA_COMPILER_FLAGS=-mcpu=cortex-a9 -mfpu=vfpv3 -mfloat-abi=hard -nostartfiles -g -Wall -Wextra"
Compiling devcfg
Running Make libs in ps7_cortexa9_0/libsrc/scuwdt_v2_1/src
make -C ps7_cortexa9_0/libsrc/scuwdt_v2_1/src -s libs  "SHELL=/bin/sh" "COMPILER=arm-none-eabi-gcc" "ARCHIVER=arm-none-eabi-ar" "COMPILER_FLAGS=  -O2 -c" "EXTRA_COMPILER_FLAGS=-mcpu=cortex-a9 -mfpu=vfpv3 -mfloat-abi=hard -nostartfiles -g -Wall -Wextra"
Compiling scuwdt
Running Make libs in ps7_cortexa9_0/libsrc/uartps_v3_7/src
make -C ps7_cortexa9_0/libsrc/uartps_v3_7/src -s libs  "SHELL=/bin/sh" "COMPILER=arm-none-eabi-gcc" "ARCHIVER=arm-none-eabi-ar" "COMPILER_FLAGS=  -O2 -c" "EXTRA_COMPILER_FLAGS=-mcpu=cortex-a9 -mfpu=vfpv3 -mfloat-abi=hard -nostartfiles -g -Wall -Wextra"
Compiling uartps
Running Make libs in ps7_cortexa9_0/libsrc/sysmon_v7_5/src
make -C ps7_cortexa9_0/libsrc/sysmon_v7_5/src -s libs  "SHELL=/bin/sh" "COMPILER=arm-none-eabi-gcc" "ARCHIVER=arm-none-eabi-ar" "COMPILER_FLAGS=  -O2 -c" "EXTRA_COMPILER_FLAGS=-mcpu=cortex-a9 -mfpu=vfpv3 -mfloat-abi=hard -nostartfiles -g -Wall -Wextra"
Compiling sysmon
Running Make libs in ps7_cortexa9_0/libsrc/coresightps_dcc_v1_4/src
make -C ps7_cortexa9_0/libsrc/coresightps_dcc_v1_4/src -s libs  "SHELL=/bin/sh" "COMPILER=arm-none-eabi-gcc" "ARCHIVER=arm-none-eabi-ar" "COMPILER_FLAGS=  -O2 -c" "EXTRA_COMPILER_FLAGS=-mcpu=cortex-a9 -mfpu=vfpv3 -mfloat-abi=hard -nostartfiles -g -Wall -Wextra"
Compiling coresightps_dcc
Running Make libs in ps7_cortexa9_0/libsrc/scutimer_v2_1/src
make -C ps7_cortexa9_0/libsrc/scutimer_v2_1/src -s libs  "SHELL=/bin/sh" "COMPILER=arm-none-eabi-gcc" "ARCHIVER=arm-none-eabi-ar" "COMPILER_FLAGS=  -O2 -c" "EXTRA_COMPILER_FLAGS=-mcpu=cortex-a9 -mfpu=vfpv3 -mfloat-abi=hard -nostartfiles -g -Wall -Wextra"
Compiling scutimer
Finished building libraries
10:49:33 **** Build of configuration Debug for project XADC_intr ****
make pre-build main-build 
a9-linaro-pre-build-step
 
Building file: ../src/helloworld.c
Invoking: ARM v7 gcc compiler
arm-none-eabi-gcc -Wall -O0 -g3 -c -fmessage-length=0 -MT"src/helloworld.o" -mcpu=cortex-a9 -mfpu=vfpv3 -mfloat-abi=hard -I../../XADC_intr_bsp/ps7_cortexa9_0/include -MMD -MP -MF"src/helloworld.d" -MT"src/helloworld.o" -o "src/helloworld.o" "../src/helloworld.c"
Finished building: ../src/helloworld.c
 
Building file: ../src/platform.c
Invoking: ARM v7 gcc compiler
arm-none-eabi-gcc -Wall -O0 -g3 -c -fmessage-length=0 -MT"src/platform.o" -mcpu=cortex-a9 -mfpu=vfpv3 -mfloat-abi=hard -I../../XADC_intr_bsp/ps7_cortexa9_0/include -MMD -MP -MF"src/platform.d" -MT"src/platform.o" -o "src/platform.o" "../src/platform.c"
Finished building: ../src/platform.c
 
Building target: XADC_intr.elf
Invoking: ARM v7 gcc linker
arm-none-eabi-gcc -mcpu=cortex-a9 -mfpu=vfpv3 -mfloat-abi=hard -Wl,-build-id=none -specs=Xilinx.spec -Wl,-T -Wl,../src/lscript.ld -L../../XADC_intr_bsp/ps7_cortexa9_0/lib -o "XADC_intr.elf"  ./src/helloworld.o ./src/platform.o   -Wl,--start-group,-lxil,-lgcc,-lc,--end-group
Finished building target: XADC_intr.elf
 
Invoking: ARM v7 Print Size
arm-none-eabi-size XADC_intr.elf  |tee "XADC_intr.elf.size"
   text	   data	    bss	    dec	    hex	filename
  19352	   1144	  22568	  43064	   a838	XADC_intr.elf
Finished building: XADC_intr.elf.size
 
10:49:35 **** Auto Build of configuration Debug for project XADC_intr ****
make pre-build main-build 
a9-linaro-pre-build-step
 
make: Nothing to be done for 'main-build'.
10:50:13 **** Clean-only build of configuration Debug for project XADC_intr ****
make clean 
rm -rf  ./src/helloworld.o ./src/platform.o  ./src/helloworld.d ./src/platform.d  XADC_intr.elf.size  XADC_intr.elf
 
10:50:13 **** Auto Build of configuration Debug for project XADC_intr ****
make pre-build main-build 
a9-linaro-pre-build-step
 
Building file: ../src/main.c
Invoking: ARM v7 gcc compiler
arm-none-eabi-gcc -Wall -O0 -g3 -c -fmessage-length=0 -MT"src/main.o" -mcpu=cortex-a9 -mfpu=vfpv3 -mfloat-abi=hard -I../../XADC_intr_bsp/ps7_cortexa9_0/include -MMD -MP -MF"src/main.d" -MT"src/main.o" -o "src/main.o" "../src/main.c"
../src/main.c:10:10: fatal error: axiinterface.h: No such file or directory
 #include "axiinterface.h"
          ^~~~~~~~~~~~~~~~
compilation terminated.
make: *** [src/subdir.mk:29: src/main.o] Error 1
10:50:23 **** Auto Build of configuration Debug for project XADC_intr ****
make pre-build main-build 
a9-linaro-pre-build-step
 
Building file: ../src/main.c
Invoking: ARM v7 gcc compiler
arm-none-eabi-gcc -Wall -O0 -g3 -c -fmessage-length=0 -MT"src/main.o" -mcpu=cortex-a9 -mfpu=vfpv3 -mfloat-abi=hard -I../../XADC_intr_bsp/ps7_cortexa9_0/include -MMD -MP -MF"src/main.d" -MT"src/main.o" -o "src/main.o" "../src/main.c"
Finished building: ../src/main.c
 
Building file: ../src/platform.c
Invoking: ARM v7 gcc compiler
arm-none-eabi-gcc -Wall -O0 -g3 -c -fmessage-length=0 -MT"src/platform.o" -mcpu=cortex-a9 -mfpu=vfpv3 -mfloat-abi=hard -I../../XADC_intr_bsp/ps7_cortexa9_0/include -MMD -MP -MF"src/platform.d" -MT"src/platform.o" -o "src/platform.o" "../src/platform.c"
Finished building: ../src/platform.c
 
Building file: ../src/xadc.c
Invoking: ARM v7 gcc compiler
arm-none-eabi-gcc -Wall -O0 -g3 -c -fmessage-length=0 -MT"src/xadc.o" -mcpu=cortex-a9 -mfpu=vfpv3 -mfloat-abi=hard -I../../XADC_intr_bsp/ps7_cortexa9_0/include -MMD -MP -MF"src/xadc.d" -MT"src/xadc.o" -o "src/xadc.o" "../src/xadc.c"
Finished building: ../src/xadc.c
 
Building target: XADC_intr.elf
Invoking: ARM v7 gcc linker
arm-none-eabi-gcc -mcpu=cortex-a9 -mfpu=vfpv3 -mfloat-abi=hard -Wl,-build-id=none -specs=Xilinx.spec -Wl,-T -Wl,../src/lscript.ld -L../../XADC_intr_bsp/ps7_cortexa9_0/lib -o "XADC_intr.elf"  ./src/main.o ./src/platform.o ./src/xadc.o   -Wl,--start-group,-lxil,-lgcc,-lc,--end-group
Finished building target: XADC_intr.elf
 
Invoking: ARM v7 Print Size
arm-none-eabi-size XADC_intr.elf  |tee "XADC_intr.elf.size"
   text	   data	    bss	    dec	    hex	filename
  34356	   1928	  22632	  58916	   e624	XADC_intr.elf
Finished building: XADC_intr.elf.size
 
10:52:27 **** Auto Build of configuration Debug for project XADC_intr ****
make pre-build main-build 
a9-linaro-pre-build-step
 
Building file: ../src/main.c
Invoking: ARM v7 gcc compiler
arm-none-eabi-gcc -Wall -O0 -g3 -c -fmessage-length=0 -MT"src/main.o" -mcpu=cortex-a9 -mfpu=vfpv3 -mfloat-abi=hard -I../../XADC_intr_bsp/ps7_cortexa9_0/include -MMD -MP -MF"src/main.d" -MT"src/main.o" -o "src/main.o" "../src/main.c"
Finished building: ../src/main.c
 
Building target: XADC_intr.elf
Invoking: ARM v7 gcc linker
arm-none-eabi-gcc -mcpu=cortex-a9 -mfpu=vfpv3 -mfloat-abi=hard -Wl,-build-id=none -specs=Xilinx.spec -Wl,-T -Wl,../src/lscript.ld -L../../XADC_intr_bsp/ps7_cortexa9_0/lib -o "XADC_intr.elf"  ./src/main.o ./src/platform.o ./src/xadc.o   -Wl,--start-group,-lxil,-lgcc,-lc,--end-group
Finished building target: XADC_intr.elf
 
Invoking: ARM v7 Print Size
arm-none-eabi-size XADC_intr.elf  |tee "XADC_intr.elf.size"
   text	   data	    bss	    dec	    hex	filename
  34356	   1928	  22632	  58916	   e624	XADC_intr.elf
Finished building: XADC_intr.elf.size
 
10:58:35 **** Auto Build of configuration Debug for project XADC_intr ****
make pre-build main-build 
a9-linaro-pre-build-step
 
Building file: ../src/main.c
Invoking: ARM v7 gcc compiler
arm-none-eabi-gcc -Wall -O0 -g3 -c -fmessage-length=0 -MT"src/main.o" -mcpu=cortex-a9 -mfpu=vfpv3 -mfloat-abi=hard -I../../XADC_intr_bsp/ps7_cortexa9_0/include -MMD -MP -MF"src/main.d" -MT"src/main.o" -o "src/main.o" "../src/main.c"
Finished building: ../src/main.c
 
Building target: XADC_intr.elf
Invoking: ARM v7 gcc linker
arm-none-eabi-gcc -mcpu=cortex-a9 -mfpu=vfpv3 -mfloat-abi=hard -Wl,-build-id=none -specs=Xilinx.spec -Wl,-T -Wl,../src/lscript.ld -L../../XADC_intr_bsp/ps7_cortexa9_0/lib -o "XADC_intr.elf"  ./src/main.o ./src/platform.o ./src/xadc.o   -Wl,--start-group,-lxil,-lgcc,-lc,--end-group
Finished building target: XADC_intr.elf
 
Invoking: ARM v7 Print Size
arm-none-eabi-size XADC_intr.elf  |tee "XADC_intr.elf.size"
   text	   data	    bss	    dec	    hex	filename
  34356	   1928	  22632	  58916	   e624	XADC_intr.elf
Finished building: XADC_intr.elf.size
 
11:00:24 **** Auto Build of configuration Debug for project XADC_intr ****
make pre-build main-build 
a9-linaro-pre-build-step
 
Building file: ../src/main.c
Invoking: ARM v7 gcc compiler
arm-none-eabi-gcc -Wall -O0 -g3 -c -fmessage-length=0 -MT"src/main.o" -mcpu=cortex-a9 -mfpu=vfpv3 -mfloat-abi=hard -I../../XADC_intr_bsp/ps7_cortexa9_0/include -MMD -MP -MF"src/main.d" -MT"src/main.o" -o "src/main.o" "../src/main.c"
Finished building: ../src/main.c
 
Building target: XADC_intr.elf
Invoking: ARM v7 gcc linker
arm-none-eabi-gcc -mcpu=cortex-a9 -mfpu=vfpv3 -mfloat-abi=hard -Wl,-build-id=none -specs=Xilinx.spec -Wl,-T -Wl,../src/lscript.ld -L../../XADC_intr_bsp/ps7_cortexa9_0/lib -o "XADC_intr.elf"  ./src/main.o ./src/platform.o ./src/xadc.o   -Wl,--start-group,-lxil,-lgcc,-lc,--end-group
Finished building target: XADC_intr.elf
 
Invoking: ARM v7 Print Size
arm-none-eabi-size XADC_intr.elf  |tee "XADC_intr.elf.size"
   text	   data	    bss	    dec	    hex	filename
  33636	   1928	  22632	  58196	   e354	XADC_intr.elf
Finished building: XADC_intr.elf.size
 
11:00:55 **** Auto Build of configuration Debug for project XADC_intr ****
make pre-build main-build 
a9-linaro-pre-build-step
 
Building file: ../src/main.c
Invoking: ARM v7 gcc compiler
arm-none-eabi-gcc -Wall -O0 -g3 -c -fmessage-length=0 -MT"src/main.o" -mcpu=cortex-a9 -mfpu=vfpv3 -mfloat-abi=hard -I../../XADC_intr_bsp/ps7_cortexa9_0/include -MMD -MP -MF"src/main.d" -MT"src/main.o" -o "src/main.o" "../src/main.c"
Finished building: ../src/main.c
 
Building target: XADC_intr.elf
Invoking: ARM v7 gcc linker
arm-none-eabi-gcc -mcpu=cortex-a9 -mfpu=vfpv3 -mfloat-abi=hard -Wl,-build-id=none -specs=Xilinx.spec -Wl,-T -Wl,../src/lscript.ld -L../../XADC_intr_bsp/ps7_cortexa9_0/lib -o "XADC_intr.elf"  ./src/main.o ./src/platform.o ./src/xadc.o   -Wl,--start-group,-lxil,-lgcc,-lc,--end-group
Finished building target: XADC_intr.elf
 
Invoking: ARM v7 Print Size
arm-none-eabi-size XADC_intr.elf  |tee "XADC_intr.elf.size"
   text	   data	    bss	    dec	    hex	filename
  33636	   1928	  22632	  58196	   e354	XADC_intr.elf
Finished building: XADC_intr.elf.size
 
11:02:48 **** Auto Build of configuration Debug for project XADC_intr ****
make pre-build main-build 
a9-linaro-pre-build-step
 
Building file: ../src/main.c
Invoking: ARM v7 gcc compiler
arm-none-eabi-gcc -Wall -O0 -g3 -c -fmessage-length=0 -MT"src/main.o" -mcpu=cortex-a9 -mfpu=vfpv3 -mfloat-abi=hard -I../../XADC_intr_bsp/ps7_cortexa9_0/include -MMD -MP -MF"src/main.d" -MT"src/main.o" -o "src/main.o" "../src/main.c"
../src/main.c: In function 'main':
../src/main.c:87:80: error: expected expression before ')' token
  XScuGic_SetPriorityTriggerType(&InterruptController, XADC_EOS, HIGH_PRIORITY, )
                                                                                ^
make: *** [src/subdir.mk:29: src/main.o] Error 1
11:02:54 **** Auto Build of configuration Debug for project XADC_intr ****
make pre-build main-build 
a9-linaro-pre-build-step
 
Building file: ../src/main.c
Invoking: ARM v7 gcc compiler
arm-none-eabi-gcc -Wall -O0 -g3 -c -fmessage-length=0 -MT"src/main.o" -mcpu=cortex-a9 -mfpu=vfpv3 -mfloat-abi=hard -I../../XADC_intr_bsp/ps7_cortexa9_0/include -MMD -MP -MF"src/main.d" -MT"src/main.o" -o "src/main.o" "../src/main.c"
Finished building: ../src/main.c
 
Building target: XADC_intr.elf
Invoking: ARM v7 gcc linker
arm-none-eabi-gcc -mcpu=cortex-a9 -mfpu=vfpv3 -mfloat-abi=hard -Wl,-build-id=none -specs=Xilinx.spec -Wl,-T -Wl,../src/lscript.ld -L../../XADC_intr_bsp/ps7_cortexa9_0/lib -o "XADC_intr.elf"  ./src/main.o ./src/platform.o ./src/xadc.o   -Wl,--start-group,-lxil,-lgcc,-lc,--end-group
Finished building target: XADC_intr.elf
 
Invoking: ARM v7 Print Size
arm-none-eabi-size XADC_intr.elf  |tee "XADC_intr.elf.size"
   text	   data	    bss	    dec	    hex	filename
  33636	   1928	  22632	  58196	   e354	XADC_intr.elf
Finished building: XADC_intr.elf.size
 
11:03:04 **** Auto Build of configuration Debug for project XADC_intr ****
make pre-build main-build 
a9-linaro-pre-build-step
 
Building file: ../src/main.c
Invoking: ARM v7 gcc compiler
arm-none-eabi-gcc -Wall -O0 -g3 -c -fmessage-length=0 -MT"src/main.o" -mcpu=cortex-a9 -mfpu=vfpv3 -mfloat-abi=hard -I../../XADC_intr_bsp/ps7_cortexa9_0/include -MMD -MP -MF"src/main.d" -MT"src/main.o" -o "src/main.o" "../src/main.c"
Finished building: ../src/main.c
 
Building target: XADC_intr.elf
Invoking: ARM v7 gcc linker
arm-none-eabi-gcc -mcpu=cortex-a9 -mfpu=vfpv3 -mfloat-abi=hard -Wl,-build-id=none -specs=Xilinx.spec -Wl,-T -Wl,../src/lscript.ld -L../../XADC_intr_bsp/ps7_cortexa9_0/lib -o "XADC_intr.elf"  ./src/main.o ./src/platform.o ./src/xadc.o   -Wl,--start-group,-lxil,-lgcc,-lc,--end-group
Finished building target: XADC_intr.elf
 
Invoking: ARM v7 Print Size
arm-none-eabi-size XADC_intr.elf  |tee "XADC_intr.elf.size"
   text	   data	    bss	    dec	    hex	filename
  33636	   1928	  22632	  58196	   e354	XADC_intr.elf
Finished building: XADC_intr.elf.size
 
11:04:25 **** Auto Build of configuration Debug for project XADC_intr ****
make pre-build main-build 
a9-linaro-pre-build-step
 
Building file: ../src/main.c
Invoking: ARM v7 gcc compiler
arm-none-eabi-gcc -Wall -O0 -g3 -c -fmessage-length=0 -MT"src/main.o" -mcpu=cortex-a9 -mfpu=vfpv3 -mfloat-abi=hard -I../../XADC_intr_bsp/ps7_cortexa9_0/include -MMD -MP -MF"src/main.d" -MT"src/main.o" -o "src/main.o" "../src/main.c"
Finished building: ../src/main.c
 
Building target: XADC_intr.elf
Invoking: ARM v7 gcc linker
arm-none-eabi-gcc -mcpu=cortex-a9 -mfpu=vfpv3 -mfloat-abi=hard -Wl,-build-id=none -specs=Xilinx.spec -Wl,-T -Wl,../src/lscript.ld -L../../XADC_intr_bsp/ps7_cortexa9_0/lib -o "XADC_intr.elf"  ./src/main.o ./src/platform.o ./src/xadc.o   -Wl,--start-group,-lxil,-lgcc,-lc,--end-group
Finished building target: XADC_intr.elf
 
Invoking: ARM v7 Print Size
arm-none-eabi-size XADC_intr.elf  |tee "XADC_intr.elf.size"
   text	   data	    bss	    dec	    hex	filename
  33636	   1928	  22632	  58196	   e354	XADC_intr.elf
Finished building: XADC_intr.elf.size
 
11:05:57 **** Auto Build of configuration Debug for project XADC_intr ****
make pre-build main-build 
a9-linaro-pre-build-step
 
Building file: ../src/main.c
Invoking: ARM v7 gcc compiler
arm-none-eabi-gcc -Wall -O0 -g3 -c -fmessage-length=0 -MT"src/main.o" -mcpu=cortex-a9 -mfpu=vfpv3 -mfloat-abi=hard -I../../XADC_intr_bsp/ps7_cortexa9_0/include -MMD -MP -MF"src/main.d" -MT"src/main.o" -o "src/main.o" "../src/main.c"
../src/main.c:103:13: error: conflicting types for 'XAdcInterruptHandler'
 static void XAdcInterruptHandler(XAdcPs *XAdc) {
             ^~~~~~~~~~~~~~~~~~~~
../src/main.c:19:13: note: previous declaration of 'XAdcInterruptHandler' was here
 static void XAdcInterruptHandler(void *CallBackRef);
             ^~~~~~~~~~~~~~~~~~~~
../src/main.c:19:13: warning: 'XAdcInterruptHandler' used but never defined
../src/main.c:103:13: warning: 'XAdcInterruptHandler' defined but not used [-Wunused-function]
 static void XAdcInterruptHandler(XAdcPs *XAdc) {
             ^~~~~~~~~~~~~~~~~~~~
make: *** [src/subdir.mk:29: src/main.o] Error 1
11:06:08 **** Auto Build of configuration Debug for project XADC_intr ****
make pre-build main-build 
a9-linaro-pre-build-step
 
Building file: ../src/main.c
Invoking: ARM v7 gcc compiler
arm-none-eabi-gcc -Wall -O0 -g3 -c -fmessage-length=0 -MT"src/main.o" -mcpu=cortex-a9 -mfpu=vfpv3 -mfloat-abi=hard -I../../XADC_intr_bsp/ps7_cortexa9_0/include -MMD -MP -MF"src/main.d" -MT"src/main.o" -o "src/main.o" "../src/main.c"
Finished building: ../src/main.c
 
Building target: XADC_intr.elf
Invoking: ARM v7 gcc linker
arm-none-eabi-gcc -mcpu=cortex-a9 -mfpu=vfpv3 -mfloat-abi=hard -Wl,-build-id=none -specs=Xilinx.spec -Wl,-T -Wl,../src/lscript.ld -L../../XADC_intr_bsp/ps7_cortexa9_0/lib -o "XADC_intr.elf"  ./src/main.o ./src/platform.o ./src/xadc.o   -Wl,--start-group,-lxil,-lgcc,-lc,--end-group
Finished building target: XADC_intr.elf
 
Invoking: ARM v7 Print Size
arm-none-eabi-size XADC_intr.elf  |tee "XADC_intr.elf.size"
   text	   data	    bss	    dec	    hex	filename
  33636	   1928	  22632	  58196	   e354	XADC_intr.elf
Finished building: XADC_intr.elf.size
 
11:06:42 **** Auto Build of configuration Debug for project XADC_intr ****
make pre-build main-build 
a9-linaro-pre-build-step
 
Building file: ../src/main.c
Invoking: ARM v7 gcc compiler
arm-none-eabi-gcc -Wall -O0 -g3 -c -fmessage-length=0 -MT"src/main.o" -mcpu=cortex-a9 -mfpu=vfpv3 -mfloat-abi=hard -I../../XADC_intr_bsp/ps7_cortexa9_0/include -MMD -MP -MF"src/main.d" -MT"src/main.o" -o "src/main.o" "../src/main.c"
Finished building: ../src/main.c
 
Building target: XADC_intr.elf
Invoking: ARM v7 gcc linker
arm-none-eabi-gcc -mcpu=cortex-a9 -mfpu=vfpv3 -mfloat-abi=hard -Wl,-build-id=none -specs=Xilinx.spec -Wl,-T -Wl,../src/lscript.ld -L../../XADC_intr_bsp/ps7_cortexa9_0/lib -o "XADC_intr.elf"  ./src/main.o ./src/platform.o ./src/xadc.o   -Wl,--start-group,-lxil,-lgcc,-lc,--end-group
Finished building target: XADC_intr.elf
 
Invoking: ARM v7 Print Size
arm-none-eabi-size XADC_intr.elf  |tee "XADC_intr.elf.size"
   text	   data	    bss	    dec	    hex	filename
  33636	   1928	  22632	  58196	   e354	XADC_intr.elf
Finished building: XADC_intr.elf.size
 
11:06:59 **** Auto Build of configuration Debug for project XADC_intr ****
make pre-build main-build 
a9-linaro-pre-build-step
 
Building file: ../src/main.c
Invoking: ARM v7 gcc compiler
arm-none-eabi-gcc -Wall -O0 -g3 -c -fmessage-length=0 -MT"src/main.o" -mcpu=cortex-a9 -mfpu=vfpv3 -mfloat-abi=hard -I../../XADC_intr_bsp/ps7_cortexa9_0/include -MMD -MP -MF"src/main.d" -MT"src/main.o" -o "src/main.o" "../src/main.c"
Finished building: ../src/main.c
 
Building target: XADC_intr.elf
Invoking: ARM v7 gcc linker
arm-none-eabi-gcc -mcpu=cortex-a9 -mfpu=vfpv3 -mfloat-abi=hard -Wl,-build-id=none -specs=Xilinx.spec -Wl,-T -Wl,../src/lscript.ld -L../../XADC_intr_bsp/ps7_cortexa9_0/lib -o "XADC_intr.elf"  ./src/main.o ./src/platform.o ./src/xadc.o   -Wl,--start-group,-lxil,-lgcc,-lc,--end-group
Finished building target: XADC_intr.elf
 
Invoking: ARM v7 Print Size
arm-none-eabi-size XADC_intr.elf  |tee "XADC_intr.elf.size"
   text	   data	    bss	    dec	    hex	filename
  33664	   1928	  22632	  58224	   e370	XADC_intr.elf
Finished building: XADC_intr.elf.size
 
11:07:28 **** Auto Build of configuration Debug for project XADC_intr ****
make pre-build main-build 
a9-linaro-pre-build-step
 
Building file: ../src/main.c
Invoking: ARM v7 gcc compiler
arm-none-eabi-gcc -Wall -O0 -g3 -c -fmessage-length=0 -MT"src/main.o" -mcpu=cortex-a9 -mfpu=vfpv3 -mfloat-abi=hard -I../../XADC_intr_bsp/ps7_cortexa9_0/include -MMD -MP -MF"src/main.d" -MT"src/main.o" -o "src/main.o" "../src/main.c"
Finished building: ../src/main.c
 
Building target: XADC_intr.elf
Invoking: ARM v7 gcc linker
arm-none-eabi-gcc -mcpu=cortex-a9 -mfpu=vfpv3 -mfloat-abi=hard -Wl,-build-id=none -specs=Xilinx.spec -Wl,-T -Wl,../src/lscript.ld -L../../XADC_intr_bsp/ps7_cortexa9_0/lib -o "XADC_intr.elf"  ./src/main.o ./src/platform.o ./src/xadc.o   -Wl,--start-group,-lxil,-lgcc,-lc,--end-group
Finished building target: XADC_intr.elf
 
Invoking: ARM v7 Print Size
arm-none-eabi-size XADC_intr.elf  |tee "XADC_intr.elf.size"
   text	   data	    bss	    dec	    hex	filename
  33784	   1928	  22632	  58344	   e3e8	XADC_intr.elf
Finished building: XADC_intr.elf.size
 
11:10:21 **** Auto Build of configuration Debug for project XADC_intr ****
make pre-build main-build 
a9-linaro-pre-build-step
 
Building file: ../src/main.c
Invoking: ARM v7 gcc compiler
arm-none-eabi-gcc -Wall -O0 -g3 -c -fmessage-length=0 -MT"src/main.o" -mcpu=cortex-a9 -mfpu=vfpv3 -mfloat-abi=hard -I../../XADC_intr_bsp/ps7_cortexa9_0/include -MMD -MP -MF"src/main.d" -MT"src/main.o" -o "src/main.o" "../src/main.c"
Finished building: ../src/main.c
 
Building target: XADC_intr.elf
Invoking: ARM v7 gcc linker
arm-none-eabi-gcc -mcpu=cortex-a9 -mfpu=vfpv3 -mfloat-abi=hard -Wl,-build-id=none -specs=Xilinx.spec -Wl,-T -Wl,../src/lscript.ld -L../../XADC_intr_bsp/ps7_cortexa9_0/lib -o "XADC_intr.elf"  ./src/main.o ./src/platform.o ./src/xadc.o   -Wl,--start-group,-lxil,-lgcc,-lc,--end-group
Finished building target: XADC_intr.elf
 
Invoking: ARM v7 Print Size
arm-none-eabi-size XADC_intr.elf  |tee "XADC_intr.elf.size"
   text	   data	    bss	    dec	    hex	filename
  34192	   1928	  22632	  58752	   e580	XADC_intr.elf
Finished building: XADC_intr.elf.size
 
11:10:53 **** Incremental Build of configuration Debug for project XADC_intr ****
make pre-build main-build 
a9-linaro-pre-build-step
 
make: Nothing to be done for 'main-build'.
11:11:06 **** Incremental Build of configuration Debug for project XADC_intr ****
make pre-build main-build 
a9-linaro-pre-build-step
 
make: Nothing to be done for 'main-build'.
11:15:09 **** Clean-only build of project XADC_intr_bsp ****
make -k clean 
make -C ps7_cortexa9_0/libsrc/ddrps_v1_0/src -s clean 
make -C ps7_cortexa9_0/libsrc/standalone_v6_8/src -s clean 
make -C ps7_cortexa9_0/libsrc/dmaps_v2_4/src -s clean 
make -C ps7_cortexa9_0/libsrc/cpu_cortexa9_v2_7/src -s clean 
make -C ps7_cortexa9_0/libsrc/ttcps_v3_7/src -s clean 
make -C ps7_cortexa9_0/libsrc/scugic_v3_10/src -s clean 
make -C ps7_cortexa9_0/libsrc/xadcps_v2_3/src -s clean 
make -C ps7_cortexa9_0/libsrc/devcfg_v3_5/src -s clean 
make -C ps7_cortexa9_0/libsrc/scuwdt_v2_1/src -s clean 
make -C ps7_cortexa9_0/libsrc/uartps_v3_7/src -s clean 
make -C ps7_cortexa9_0/libsrc/sysmon_v7_5/src -s clean 
make -C ps7_cortexa9_0/libsrc/coresightps_dcc_v1_4/src -s clean 
make -C ps7_cortexa9_0/libsrc/scutimer_v2_1/src -s clean 
rm -f ps7_cortexa9_0/lib/libxil.a
11:15:09 **** Clean-only build of configuration Debug for project XADC_intr ****
make clean 
rm -rf  ./src/main.o ./src/platform.o ./src/xadc.o  ./src/main.d ./src/platform.d ./src/xadc.d  XADC_intr.elf.size  XADC_intr.elf
 
11:15:10 **** Build of project XADC_intr_bsp ****
make -k all 
Running Make include in ps7_cortexa9_0/libsrc/ddrps_v1_0/src
make -C ps7_cortexa9_0/libsrc/ddrps_v1_0/src -s include  "SHELL=/bin/sh" "COMPILER=arm-none-eabi-gcc" "ARCHIVER=arm-none-eabi-ar" "COMPILER_FLAGS=  -O2 -c" "EXTRA_COMPILER_FLAGS=-mcpu=cortex-a9 -mfpu=vfpv3 -mfloat-abi=hard -nostartfiles -g -Wall -Wextra"
Running Make include in ps7_cortexa9_0/libsrc/standalone_v6_8/src
make -C ps7_cortexa9_0/libsrc/standalone_v6_8/src -s include  "SHELL=/bin/sh" "COMPILER=arm-none-eabi-gcc" "ARCHIVER=arm-none-eabi-ar" "COMPILER_FLAGS=  -O2 -c" "EXTRA_COMPILER_FLAGS=-mcpu=cortex-a9 -mfpu=vfpv3 -mfloat-abi=hard -nostartfiles -g -Wall -Wextra"
Running Make include in ps7_cortexa9_0/libsrc/dmaps_v2_4/src
make -C ps7_cortexa9_0/libsrc/dmaps_v2_4/src -s include  "SHELL=/bin/sh" "COMPILER=arm-none-eabi-gcc" "ARCHIVER=arm-none-eabi-ar" "COMPILER_FLAGS=  -O2 -c" "EXTRA_COMPILER_FLAGS=-mcpu=cortex-a9 -mfpu=vfpv3 -mfloat-abi=hard -nostartfiles -g -Wall -Wextra"
Running Make include in ps7_cortexa9_0/libsrc/cpu_cortexa9_v2_7/src
make -C ps7_cortexa9_0/libsrc/cpu_cortexa9_v2_7/src -s include  "SHELL=/bin/sh" "COMPILER=arm-none-eabi-gcc" "ARCHIVER=arm-none-eabi-ar" "COMPILER_FLAGS=  -O2 -c" "EXTRA_COMPILER_FLAGS=-mcpu=cortex-a9 -mfpu=vfpv3 -mfloat-abi=hard -nostartfiles -g -Wall -Wextra"
Running Make include in ps7_cortexa9_0/libsrc/ttcps_v3_7/src
make -C ps7_cortexa9_0/libsrc/ttcps_v3_7/src -s include  "SHELL=/bin/sh" "COMPILER=arm-none-eabi-gcc" "ARCHIVER=arm-none-eabi-ar" "COMPILER_FLAGS=  -O2 -c" "EXTRA_COMPILER_FLAGS=-mcpu=cortex-a9 -mfpu=vfpv3 -mfloat-abi=hard -nostartfiles -g -Wall -Wextra"
Running Make include in ps7_cortexa9_0/libsrc/scugic_v3_10/src
make -C ps7_cortexa9_0/libsrc/scugic_v3_10/src -s include  "SHELL=/bin/sh" "COMPILER=arm-none-eabi-gcc" "ARCHIVER=arm-none-eabi-ar" "COMPILER_FLAGS=  -O2 -c" "EXTRA_COMPILER_FLAGS=-mcpu=cortex-a9 -mfpu=vfpv3 -mfloat-abi=hard -nostartfiles -g -Wall -Wextra"
Running Make include in ps7_cortexa9_0/libsrc/xadcps_v2_3/src
make -C ps7_cortexa9_0/libsrc/xadcps_v2_3/src -s include  "SHELL=/bin/sh" "COMPILER=arm-none-eabi-gcc" "ARCHIVER=arm-none-eabi-ar" "COMPILER_FLAGS=  -O2 -c" "EXTRA_COMPILER_FLAGS=-mcpu=cortex-a9 -mfpu=vfpv3 -mfloat-abi=hard -nostartfiles -g -Wall -Wextra"
Running Make include in ps7_cortexa9_0/libsrc/devcfg_v3_5/src
make -C ps7_cortexa9_0/libsrc/devcfg_v3_5/src -s include  "SHELL=/bin/sh" "COMPILER=arm-none-eabi-gcc" "ARCHIVER=arm-none-eabi-ar" "COMPILER_FLAGS=  -O2 -c" "EXTRA_COMPILER_FLAGS=-mcpu=cortex-a9 -mfpu=vfpv3 -mfloat-abi=hard -nostartfiles -g -Wall -Wextra"
Running Make include in ps7_cortexa9_0/libsrc/scuwdt_v2_1/src
make -C ps7_cortexa9_0/libsrc/scuwdt_v2_1/src -s include  "SHELL=/bin/sh" "COMPILER=arm-none-eabi-gcc" "ARCHIVER=arm-none-eabi-ar" "COMPILER_FLAGS=  -O2 -c" "EXTRA_COMPILER_FLAGS=-mcpu=cortex-a9 -mfpu=vfpv3 -mfloat-abi=hard -nostartfiles -g -Wall -Wextra"
Running Make include in ps7_cortexa9_0/libsrc/uartps_v3_7/src
make -C ps7_cortexa9_0/libsrc/uartps_v3_7/src -s include  "SHELL=/bin/sh" "COMPILER=arm-none-eabi-gcc" "ARCHIVER=arm-none-eabi-ar" "COMPILER_FLAGS=  -O2 -c" "EXTRA_COMPILER_FLAGS=-mcpu=cortex-a9 -mfpu=vfpv3 -mfloat-abi=hard -nostartfiles -g -Wall -Wextra"
Running Make include in ps7_cortexa9_0/libsrc/sysmon_v7_5/src
make -C ps7_cortexa9_0/libsrc/sysmon_v7_5/src -s include  "SHELL=/bin/sh" "COMPILER=arm-none-eabi-gcc" "ARCHIVER=arm-none-eabi-ar" "COMPILER_FLAGS=  -O2 -c" "EXTRA_COMPILER_FLAGS=-mcpu=cortex-a9 -mfpu=vfpv3 -mfloat-abi=hard -nostartfiles -g -Wall -Wextra"
Running Make include in ps7_cortexa9_0/libsrc/coresightps_dcc_v1_4/src
make -C ps7_cortexa9_0/libsrc/coresightps_dcc_v1_4/src -s include  "SHELL=/bin/sh" "COMPILER=arm-none-eabi-gcc" "ARCHIVER=arm-none-eabi-ar" "COMPILER_FLAGS=  -O2 -c" "EXTRA_COMPILER_FLAGS=-mcpu=cortex-a9 -mfpu=vfpv3 -mfloat-abi=hard -nostartfiles -g -Wall -Wextra"
Running Make include in ps7_cortexa9_0/libsrc/scutimer_v2_1/src
make -C ps7_cortexa9_0/libsrc/scutimer_v2_1/src -s include  "SHELL=/bin/sh" "COMPILER=arm-none-eabi-gcc" "ARCHIVER=arm-none-eabi-ar" "COMPILER_FLAGS=  -O2 -c" "EXTRA_COMPILER_FLAGS=-mcpu=cortex-a9 -mfpu=vfpv3 -mfloat-abi=hard -nostartfiles -g -Wall -Wextra"
Running Make libs in ps7_cortexa9_0/libsrc/ddrps_v1_0/src
make -C ps7_cortexa9_0/libsrc/ddrps_v1_0/src -s libs  "SHELL=/bin/sh" "COMPILER=arm-none-eabi-gcc" "ARCHIVER=arm-none-eabi-ar" "COMPILER_FLAGS=  -O2 -c" "EXTRA_COMPILER_FLAGS=-mcpu=cortex-a9 -mfpu=vfpv3 -mfloat-abi=hard -nostartfiles -g -Wall -Wextra"
Compiling ddrps
arm-none-eabi-ar: creating ../../../lib/libxil.a
Running Make libs in ps7_cortexa9_0/libsrc/standalone_v6_8/src
make -C ps7_cortexa9_0/libsrc/standalone_v6_8/src -s libs  "SHELL=/bin/sh" "COMPILER=arm-none-eabi-gcc" "ARCHIVER=arm-none-eabi-ar" "COMPILER_FLAGS=  -O2 -c" "EXTRA_COMPILER_FLAGS=-mcpu=cortex-a9 -mfpu=vfpv3 -mfloat-abi=hard -nostartfiles -g -Wall -Wextra"
Compiling standalone
In file included from xtime_l.c:49:0:
xtime_l.h:87:9: note: #pragma message: For the sleep routines, Global timer is being used
 #pragma message ("For the sleep routines, Global timer is being used")
         ^~~~~~~
In file included from sleep.c:53:0:
xtime_l.h:87:9: note: #pragma message: For the sleep routines, Global timer is being used
 #pragma message ("For the sleep routines, Global timer is being used")
         ^~~~~~~
In file included from usleep.c:56:0:
xtime_l.h:87:9: note: #pragma message: For the sleep routines, Global timer is being used
 #pragma message ("For the sleep routines, Global timer is being used")
         ^~~~~~~
In file included from xil_sleeptimer.c:51:0:
xtime_l.h:87:9: note: #pragma message: For the sleep routines, Global timer is being used
 #pragma message ("For the sleep routines, Global timer is being used")
         ^~~~~~~
Running Make libs in ps7_cortexa9_0/libsrc/dmaps_v2_4/src
make -C ps7_cortexa9_0/libsrc/dmaps_v2_4/src -s libs  "SHELL=/bin/sh" "COMPILER=arm-none-eabi-gcc" "ARCHIVER=arm-none-eabi-ar" "COMPILER_FLAGS=  -O2 -c" "EXTRA_COMPILER_FLAGS=-mcpu=cortex-a9 -mfpu=vfpv3 -mfloat-abi=hard -nostartfiles -g -Wall -Wextra"
Compiling dmaps
Running Make libs in ps7_cortexa9_0/libsrc/cpu_cortexa9_v2_7/src
make -C ps7_cortexa9_0/libsrc/cpu_cortexa9_v2_7/src -s libs  "SHELL=/bin/sh" "COMPILER=arm-none-eabi-gcc" "ARCHIVER=arm-none-eabi-ar" "COMPILER_FLAGS=  -O2 -c" "EXTRA_COMPILER_FLAGS=-mcpu=cortex-a9 -mfpu=vfpv3 -mfloat-abi=hard -nostartfiles -g -Wall -Wextra"
Compiling cpu_cortexa9
Running Make libs in ps7_cortexa9_0/libsrc/ttcps_v3_7/src
make -C ps7_cortexa9_0/libsrc/ttcps_v3_7/src -s libs  "SHELL=/bin/sh" "COMPILER=arm-none-eabi-gcc" "ARCHIVER=arm-none-eabi-ar" "COMPILER_FLAGS=  -O2 -c" "EXTRA_COMPILER_FLAGS=-mcpu=cortex-a9 -mfpu=vfpv3 -mfloat-abi=hard -nostartfiles -g -Wall -Wextra"
Compiling ttcps
Running Make libs in ps7_cortexa9_0/libsrc/scugic_v3_10/src
make -C ps7_cortexa9_0/libsrc/scugic_v3_10/src -s libs  "SHELL=/bin/sh" "COMPILER=arm-none-eabi-gcc" "ARCHIVER=arm-none-eabi-ar" "COMPILER_FLAGS=  -O2 -c" "EXTRA_COMPILER_FLAGS=-mcpu=cortex-a9 -mfpu=vfpv3 -mfloat-abi=hard -nostartfiles -g -Wall -Wextra"
Compiling scugic
Running Make libs in ps7_cortexa9_0/libsrc/xadcps_v2_3/src
make -C ps7_cortexa9_0/libsrc/xadcps_v2_3/src -s libs  "SHELL=/bin/sh" "COMPILER=arm-none-eabi-gcc" "ARCHIVER=arm-none-eabi-ar" "COMPILER_FLAGS=  -O2 -c" "EXTRA_COMPILER_FLAGS=-mcpu=cortex-a9 -mfpu=vfpv3 -mfloat-abi=hard -nostartfiles -g -Wall -Wextra"
Compiling xadcps
Running Make libs in ps7_cortexa9_0/libsrc/devcfg_v3_5/src
make -C ps7_cortexa9_0/libsrc/devcfg_v3_5/src -s libs  "SHELL=/bin/sh" "COMPILER=arm-none-eabi-gcc" "ARCHIVER=arm-none-eabi-ar" "COMPILER_FLAGS=  -O2 -c" "EXTRA_COMPILER_FLAGS=-mcpu=cortex-a9 -mfpu=vfpv3 -mfloat-abi=hard -nostartfiles -g -Wall -Wextra"
Compiling devcfg
Running Make libs in ps7_cortexa9_0/libsrc/scuwdt_v2_1/src
make -C ps7_cortexa9_0/libsrc/scuwdt_v2_1/src -s libs  "SHELL=/bin/sh" "COMPILER=arm-none-eabi-gcc" "ARCHIVER=arm-none-eabi-ar" "COMPILER_FLAGS=  -O2 -c" "EXTRA_COMPILER_FLAGS=-mcpu=cortex-a9 -mfpu=vfpv3 -mfloat-abi=hard -nostartfiles -g -Wall -Wextra"
Compiling scuwdt
Running Make libs in ps7_cortexa9_0/libsrc/uartps_v3_7/src
make -C ps7_cortexa9_0/libsrc/uartps_v3_7/src -s libs  "SHELL=/bin/sh" "COMPILER=arm-none-eabi-gcc" "ARCHIVER=arm-none-eabi-ar" "COMPILER_FLAGS=  -O2 -c" "EXTRA_COMPILER_FLAGS=-mcpu=cortex-a9 -mfpu=vfpv3 -mfloat-abi=hard -nostartfiles -g -Wall -Wextra"
Compiling uartps
Running Make libs in ps7_cortexa9_0/libsrc/sysmon_v7_5/src
make -C ps7_cortexa9_0/libsrc/sysmon_v7_5/src -s libs  "SHELL=/bin/sh" "COMPILER=arm-none-eabi-gcc" "ARCHIVER=arm-none-eabi-ar" "COMPILER_FLAGS=  -O2 -c" "EXTRA_COMPILER_FLAGS=-mcpu=cortex-a9 -mfpu=vfpv3 -mfloat-abi=hard -nostartfiles -g -Wall -Wextra"
Compiling sysmon
Running Make libs in ps7_cortexa9_0/libsrc/coresightps_dcc_v1_4/src
make -C ps7_cortexa9_0/libsrc/coresightps_dcc_v1_4/src -s libs  "SHELL=/bin/sh" "COMPILER=arm-none-eabi-gcc" "ARCHIVER=arm-none-eabi-ar" "COMPILER_FLAGS=  -O2 -c" "EXTRA_COMPILER_FLAGS=-mcpu=cortex-a9 -mfpu=vfpv3 -mfloat-abi=hard -nostartfiles -g -Wall -Wextra"
Compiling coresightps_dcc
Running Make libs in ps7_cortexa9_0/libsrc/scutimer_v2_1/src
make -C ps7_cortexa9_0/libsrc/scutimer_v2_1/src -s libs  "SHELL=/bin/sh" "COMPILER=arm-none-eabi-gcc" "ARCHIVER=arm-none-eabi-ar" "COMPILER_FLAGS=  -O2 -c" "EXTRA_COMPILER_FLAGS=-mcpu=cortex-a9 -mfpu=vfpv3 -mfloat-abi=hard -nostartfiles -g -Wall -Wextra"
Compiling scutimer
Finished building libraries
11:15:17 **** Build of configuration Debug for project XADC_intr ****
make pre-build main-build 
a9-linaro-pre-build-step
 
Building file: ../src/main.c
Invoking: ARM v7 gcc compiler
arm-none-eabi-gcc -Wall -O0 -g3 -c -fmessage-length=0 -MT"src/main.o" -mcpu=cortex-a9 -mfpu=vfpv3 -mfloat-abi=hard -I../../XADC_intr_bsp/ps7_cortexa9_0/include -MMD -MP -MF"src/main.d" -MT"src/main.o" -o "src/main.o" "../src/main.c"
Finished building: ../src/main.c
 
Building file: ../src/platform.c
Invoking: ARM v7 gcc compiler
arm-none-eabi-gcc -Wall -O0 -g3 -c -fmessage-length=0 -MT"src/platform.o" -mcpu=cortex-a9 -mfpu=vfpv3 -mfloat-abi=hard -I../../XADC_intr_bsp/ps7_cortexa9_0/include -MMD -MP -MF"src/platform.d" -MT"src/platform.o" -o "src/platform.o" "../src/platform.c"
Finished building: ../src/platform.c
 
Building file: ../src/xadc.c
Invoking: ARM v7 gcc compiler
arm-none-eabi-gcc -Wall -O0 -g3 -c -fmessage-length=0 -MT"src/xadc.o" -mcpu=cortex-a9 -mfpu=vfpv3 -mfloat-abi=hard -I../../XADC_intr_bsp/ps7_cortexa9_0/include -MMD -MP -MF"src/xadc.d" -MT"src/xadc.o" -o "src/xadc.o" "../src/xadc.c"
Finished building: ../src/xadc.c
 
Building target: XADC_intr.elf
Invoking: ARM v7 gcc linker
arm-none-eabi-gcc -mcpu=cortex-a9 -mfpu=vfpv3 -mfloat-abi=hard -Wl,-build-id=none -specs=Xilinx.spec -Wl,-T -Wl,../src/lscript.ld -L../../XADC_intr_bsp/ps7_cortexa9_0/lib -o "XADC_intr.elf"  ./src/main.o ./src/platform.o ./src/xadc.o   -Wl,--start-group,-lxil,-lgcc,-lc,--end-group
Finished building target: XADC_intr.elf
 
Invoking: ARM v7 Print Size
arm-none-eabi-size XADC_intr.elf  |tee "XADC_intr.elf.size"
   text	   data	    bss	    dec	    hex	filename
  34192	   1928	  22632	  58752	   e580	XADC_intr.elf
Finished building: XADC_intr.elf.size
 
11:15:30 **** Incremental Build of configuration Debug for project XADC_intr ****
make pre-build main-build 
a9-linaro-pre-build-step
 
make: Nothing to be done for 'main-build'.
11:17:31 **** Auto Build of configuration Debug for project XADC_intr ****
make pre-build main-build 
a9-linaro-pre-build-step
 
Building file: ../src/main.c
Invoking: ARM v7 gcc compiler
arm-none-eabi-gcc -Wall -O0 -g3 -c -fmessage-length=0 -MT"src/main.o" -mcpu=cortex-a9 -mfpu=vfpv3 -mfloat-abi=hard -I../../XADC_intr_bsp/ps7_cortexa9_0/include -MMD -MP -MF"src/main.d" -MT"src/main.o" -o "src/main.o" "../src/main.c"
Finished building: ../src/main.c
 
Building target: XADC_intr.elf
Invoking: ARM v7 gcc linker
arm-none-eabi-gcc -mcpu=cortex-a9 -mfpu=vfpv3 -mfloat-abi=hard -Wl,-build-id=none -specs=Xilinx.spec -Wl,-T -Wl,../src/lscript.ld -L../../XADC_intr_bsp/ps7_cortexa9_0/lib -o "XADC_intr.elf"  ./src/main.o ./src/platform.o ./src/xadc.o   -Wl,--start-group,-lxil,-lgcc,-lc,--end-group
Finished building target: XADC_intr.elf
 
Invoking: ARM v7 Print Size
arm-none-eabi-size XADC_intr.elf  |tee "XADC_intr.elf.size"
   text	   data	    bss	    dec	    hex	filename
  34256	   1928	  22632	  58816	   e5c0	XADC_intr.elf
Finished building: XADC_intr.elf.size
 
11:17:33 **** Incremental Build of configuration Debug for project XADC_intr ****
make pre-build main-build 
a9-linaro-pre-build-step
 
make: Nothing to be done for 'main-build'.
11:17:49 **** Auto Build of configuration Debug for project XADC_intr ****
make pre-build main-build 
a9-linaro-pre-build-step
 
Building file: ../src/main.c
Invoking: ARM v7 gcc compiler
arm-none-eabi-gcc -Wall -O0 -g3 -c -fmessage-length=0 -MT"src/main.o" -mcpu=cortex-a9 -mfpu=vfpv3 -mfloat-abi=hard -I../../XADC_intr_bsp/ps7_cortexa9_0/include -MMD -MP -MF"src/main.d" -MT"src/main.o" -o "src/main.o" "../src/main.c"
Finished building: ../src/main.c
 
Building target: XADC_intr.elf
Invoking: ARM v7 gcc linker
arm-none-eabi-gcc -mcpu=cortex-a9 -mfpu=vfpv3 -mfloat-abi=hard -Wl,-build-id=none -specs=Xilinx.spec -Wl,-T -Wl,../src/lscript.ld -L../../XADC_intr_bsp/ps7_cortexa9_0/lib -o "XADC_intr.elf"  ./src/main.o ./src/platform.o ./src/xadc.o   -Wl,--start-group,-lxil,-lgcc,-lc,--end-group
Finished building target: XADC_intr.elf
 
Invoking: ARM v7 Print Size
arm-none-eabi-size XADC_intr.elf  |tee "XADC_intr.elf.size"
   text	   data	    bss	    dec	    hex	filename
  34256	   1928	  22632	  58816	   e5c0	XADC_intr.elf
Finished building: XADC_intr.elf.size
 
11:17:51 **** Incremental Build of configuration Debug for project XADC_intr ****
make pre-build main-build 
a9-linaro-pre-build-step
 
make: Nothing to be done for 'main-build'.
11:18:05 **** Auto Build of configuration Debug for project XADC_intr ****
make pre-build main-build 
a9-linaro-pre-build-step
 
Building file: ../src/main.c
Invoking: ARM v7 gcc compiler
arm-none-eabi-gcc -Wall -O0 -g3 -c -fmessage-length=0 -MT"src/main.o" -mcpu=cortex-a9 -mfpu=vfpv3 -mfloat-abi=hard -I../../XADC_intr_bsp/ps7_cortexa9_0/include -MMD -MP -MF"src/main.d" -MT"src/main.o" -o "src/main.o" "../src/main.c"
Finished building: ../src/main.c
 
Building target: XADC_intr.elf
Invoking: ARM v7 gcc linker
arm-none-eabi-gcc -mcpu=cortex-a9 -mfpu=vfpv3 -mfloat-abi=hard -Wl,-build-id=none -specs=Xilinx.spec -Wl,-T -Wl,../src/lscript.ld -L../../XADC_intr_bsp/ps7_cortexa9_0/lib -o "XADC_intr.elf"  ./src/main.o ./src/platform.o ./src/xadc.o   -Wl,--start-group,-lxil,-lgcc,-lc,--end-group
Finished building target: XADC_intr.elf
 
Invoking: ARM v7 Print Size
arm-none-eabi-size XADC_intr.elf  |tee "XADC_intr.elf.size"
   text	   data	    bss	    dec	    hex	filename
  34256	   1928	  22632	  58816	   e5c0	XADC_intr.elf
Finished building: XADC_intr.elf.size
 
11:18:11 **** Auto Build of configuration Debug for project XADC_intr ****
make pre-build main-build 
a9-linaro-pre-build-step
 
Building file: ../src/main.c
Invoking: ARM v7 gcc compiler
arm-none-eabi-gcc -Wall -O0 -g3 -c -fmessage-length=0 -MT"src/main.o" -mcpu=cortex-a9 -mfpu=vfpv3 -mfloat-abi=hard -I../../XADC_intr_bsp/ps7_cortexa9_0/include -MMD -MP -MF"src/main.d" -MT"src/main.o" -o "src/main.o" "../src/main.c"
Finished building: ../src/main.c
 
Building target: XADC_intr.elf
Invoking: ARM v7 gcc linker
arm-none-eabi-gcc -mcpu=cortex-a9 -mfpu=vfpv3 -mfloat-abi=hard -Wl,-build-id=none -specs=Xilinx.spec -Wl,-T -Wl,../src/lscript.ld -L../../XADC_intr_bsp/ps7_cortexa9_0/lib -o "XADC_intr.elf"  ./src/main.o ./src/platform.o ./src/xadc.o   -Wl,--start-group,-lxil,-lgcc,-lc,--end-group
Finished building target: XADC_intr.elf
 
Invoking: ARM v7 Print Size
arm-none-eabi-size XADC_intr.elf  |tee "XADC_intr.elf.size"
   text	   data	    bss	    dec	    hex	filename
  34256	   1928	  22632	  58816	   e5c0	XADC_intr.elf
Finished building: XADC_intr.elf.size
 
11:18:16 **** Incremental Build of configuration Debug for project XADC_intr ****
make pre-build main-build 
a9-linaro-pre-build-step
 
make: Nothing to be done for 'main-build'.
11:18:28 **** Auto Build of configuration Debug for project XADC_intr ****
make pre-build main-build 
a9-linaro-pre-build-step
 
Building file: ../src/main.c
Invoking: ARM v7 gcc compiler
arm-none-eabi-gcc -Wall -O0 -g3 -c -fmessage-length=0 -MT"src/main.o" -mcpu=cortex-a9 -mfpu=vfpv3 -mfloat-abi=hard -I../../XADC_intr_bsp/ps7_cortexa9_0/include -MMD -MP -MF"src/main.d" -MT"src/main.o" -o "src/main.o" "../src/main.c"
Finished building: ../src/main.c
 
Building target: XADC_intr.elf
Invoking: ARM v7 gcc linker
arm-none-eabi-gcc -mcpu=cortex-a9 -mfpu=vfpv3 -mfloat-abi=hard -Wl,-build-id=none -specs=Xilinx.spec -Wl,-T -Wl,../src/lscript.ld -L../../XADC_intr_bsp/ps7_cortexa9_0/lib -o "XADC_intr.elf"  ./src/main.o ./src/platform.o ./src/xadc.o   -Wl,--start-group,-lxil,-lgcc,-lc,--end-group
Finished building target: XADC_intr.elf
 
Invoking: ARM v7 Print Size
arm-none-eabi-size XADC_intr.elf  |tee "XADC_intr.elf.size"
   text	   data	    bss	    dec	    hex	filename
  34256	   1928	  22632	  58816	   e5c0	XADC_intr.elf
Finished building: XADC_intr.elf.size
 
11:18:34 **** Auto Build of configuration Debug for project XADC_intr ****
make pre-build main-build 
a9-linaro-pre-build-step
 
Building file: ../src/main.c
Invoking: ARM v7 gcc compiler
arm-none-eabi-gcc -Wall -O0 -g3 -c -fmessage-length=0 -MT"src/main.o" -mcpu=cortex-a9 -mfpu=vfpv3 -mfloat-abi=hard -I../../XADC_intr_bsp/ps7_cortexa9_0/include -MMD -MP -MF"src/main.d" -MT"src/main.o" -o "src/main.o" "../src/main.c"
Finished building: ../src/main.c
 
Building target: XADC_intr.elf
Invoking: ARM v7 gcc linker
arm-none-eabi-gcc -mcpu=cortex-a9 -mfpu=vfpv3 -mfloat-abi=hard -Wl,-build-id=none -specs=Xilinx.spec -Wl,-T -Wl,../src/lscript.ld -L../../XADC_intr_bsp/ps7_cortexa9_0/lib -o "XADC_intr.elf"  ./src/main.o ./src/platform.o ./src/xadc.o   -Wl,--start-group,-lxil,-lgcc,-lc,--end-group
Finished building target: XADC_intr.elf
 
Invoking: ARM v7 Print Size
arm-none-eabi-size XADC_intr.elf  |tee "XADC_intr.elf.size"
   text	   data	    bss	    dec	    hex	filename
  34256	   1928	  22632	  58816	   e5c0	XADC_intr.elf
Finished building: XADC_intr.elf.size
 
11:18:36 **** Incremental Build of configuration Debug for project XADC_intr ****
make pre-build main-build 
a9-linaro-pre-build-step
 
make: Nothing to be done for 'main-build'.
11:19:03 **** Auto Build of configuration Debug for project XADC_intr ****
make pre-build main-build 
a9-linaro-pre-build-step
 
Building file: ../src/main.c
Invoking: ARM v7 gcc compiler
arm-none-eabi-gcc -Wall -O0 -g3 -c -fmessage-length=0 -MT"src/main.o" -mcpu=cortex-a9 -mfpu=vfpv3 -mfloat-abi=hard -I../../XADC_intr_bsp/ps7_cortexa9_0/include -MMD -MP -MF"src/main.d" -MT"src/main.o" -o "src/main.o" "../src/main.c"
Finished building: ../src/main.c
 
Building target: XADC_intr.elf
Invoking: ARM v7 gcc linker
arm-none-eabi-gcc -mcpu=cortex-a9 -mfpu=vfpv3 -mfloat-abi=hard -Wl,-build-id=none -specs=Xilinx.spec -Wl,-T -Wl,../src/lscript.ld -L../../XADC_intr_bsp/ps7_cortexa9_0/lib -o "XADC_intr.elf"  ./src/main.o ./src/platform.o ./src/xadc.o   -Wl,--start-group,-lxil,-lgcc,-lc,--end-group
Finished building target: XADC_intr.elf
 
Invoking: ARM v7 Print Size
arm-none-eabi-size XADC_intr.elf  |tee "XADC_intr.elf.size"
   text	   data	    bss	    dec	    hex	filename
  34264	   1928	  22632	  58824	   e5c8	XADC_intr.elf
Finished building: XADC_intr.elf.size
 
11:19:08 **** Auto Build of configuration Debug for project XADC_intr ****
make pre-build main-build 
a9-linaro-pre-build-step
 
Building file: ../src/main.c
Invoking: ARM v7 gcc compiler
arm-none-eabi-gcc -Wall -O0 -g3 -c -fmessage-length=0 -MT"src/main.o" -mcpu=cortex-a9 -mfpu=vfpv3 -mfloat-abi=hard -I../../XADC_intr_bsp/ps7_cortexa9_0/include -MMD -MP -MF"src/main.d" -MT"src/main.o" -o "src/main.o" "../src/main.c"
Finished building: ../src/main.c
 
Building target: XADC_intr.elf
Invoking: ARM v7 gcc linker
arm-none-eabi-gcc -mcpu=cortex-a9 -mfpu=vfpv3 -mfloat-abi=hard -Wl,-build-id=none -specs=Xilinx.spec -Wl,-T -Wl,../src/lscript.ld -L../../XADC_intr_bsp/ps7_cortexa9_0/lib -o "XADC_intr.elf"  ./src/main.o ./src/platform.o ./src/xadc.o   -Wl,--start-group,-lxil,-lgcc,-lc,--end-group
Finished building target: XADC_intr.elf
 
Invoking: ARM v7 Print Size
arm-none-eabi-size XADC_intr.elf  |tee "XADC_intr.elf.size"
   text	   data	    bss	    dec	    hex	filename
  34264	   1928	  22632	  58824	   e5c8	XADC_intr.elf
Finished building: XADC_intr.elf.size
 
11:19:10 **** Incremental Build of configuration Debug for project XADC_intr ****
make pre-build main-build 
a9-linaro-pre-build-step
 
make: Nothing to be done for 'main-build'.
11:21:58 **** Auto Build of configuration Debug for project XADC_intr ****
make pre-build main-build 
a9-linaro-pre-build-step
 
Building file: ../src/main.c
Invoking: ARM v7 gcc compiler
arm-none-eabi-gcc -Wall -O0 -g3 -c -fmessage-length=0 -MT"src/main.o" -mcpu=cortex-a9 -mfpu=vfpv3 -mfloat-abi=hard -I../../XADC_intr_bsp/ps7_cortexa9_0/include -MMD -MP -MF"src/main.d" -MT"src/main.o" -o "src/main.o" "../src/main.c"
Finished building: ../src/main.c
 
Building file: ../src/xadc.c
Invoking: ARM v7 gcc compiler
arm-none-eabi-gcc -Wall -O0 -g3 -c -fmessage-length=0 -MT"src/xadc.o" -mcpu=cortex-a9 -mfpu=vfpv3 -mfloat-abi=hard -I../../XADC_intr_bsp/ps7_cortexa9_0/include -MMD -MP -MF"src/xadc.d" -MT"src/xadc.o" -o "src/xadc.o" "../src/xadc.c"
Finished building: ../src/xadc.c
 
Building target: XADC_intr.elf
Invoking: ARM v7 gcc linker
arm-none-eabi-gcc -mcpu=cortex-a9 -mfpu=vfpv3 -mfloat-abi=hard -Wl,-build-id=none -specs=Xilinx.spec -Wl,-T -Wl,../src/lscript.ld -L../../XADC_intr_bsp/ps7_cortexa9_0/lib -o "XADC_intr.elf"  ./src/main.o ./src/platform.o ./src/xadc.o   -Wl,--start-group,-lxil,-lgcc,-lc,--end-group
Finished building target: XADC_intr.elf
 
Invoking: ARM v7 Print Size
arm-none-eabi-size XADC_intr.elf  |tee "XADC_intr.elf.size"
   text	   data	    bss	    dec	    hex	filename
  34264	   1928	  22632	  58824	   e5c8	XADC_intr.elf
Finished building: XADC_intr.elf.size
 
11:22:33 **** Auto Build of configuration Debug for project XADC_intr ****
make pre-build main-build 
a9-linaro-pre-build-step
 
Building file: ../src/main.c
Invoking: ARM v7 gcc compiler
arm-none-eabi-gcc -Wall -O0 -g3 -c -fmessage-length=0 -MT"src/main.o" -mcpu=cortex-a9 -mfpu=vfpv3 -mfloat-abi=hard -I../../XADC_intr_bsp/ps7_cortexa9_0/include -MMD -MP -MF"src/main.d" -MT"src/main.o" -o "src/main.o" "../src/main.c"
Finished building: ../src/main.c
 
Building file: ../src/xadc.c
Invoking: ARM v7 gcc compiler
arm-none-eabi-gcc -Wall -O0 -g3 -c -fmessage-length=0 -MT"src/xadc.o" -mcpu=cortex-a9 -mfpu=vfpv3 -mfloat-abi=hard -I../../XADC_intr_bsp/ps7_cortexa9_0/include -MMD -MP -MF"src/xadc.d" -MT"src/xadc.o" -o "src/xadc.o" "../src/xadc.c"
In file included from ../src/xadc.c:8:0:
../src/xadc.h:38:12: error: unknown type name 'Xil_InterruptHandler'; did you mean 'XInterruptHandler'?
 u8 initGIC(Xil_InterruptHandler handler);
            ^~~~~~~~~~~~~~~~~~~~
            XInterruptHandler
make: *** [src/subdir.mk:29: src/xadc.o] Error 1
11:22:47 **** Auto Build of configuration Debug for project XADC_intr ****
make pre-build main-build 
a9-linaro-pre-build-step
 
Building file: ../src/main.c
Invoking: ARM v7 gcc compiler
arm-none-eabi-gcc -Wall -O0 -g3 -c -fmessage-length=0 -MT"src/main.o" -mcpu=cortex-a9 -mfpu=vfpv3 -mfloat-abi=hard -I../../XADC_intr_bsp/ps7_cortexa9_0/include -MMD -MP -MF"src/main.d" -MT"src/main.o" -o "src/main.o" "../src/main.c"
Finished building: ../src/main.c
 
Building file: ../src/xadc.c
Invoking: ARM v7 gcc compiler
arm-none-eabi-gcc -Wall -O0 -g3 -c -fmessage-length=0 -MT"src/xadc.o" -mcpu=cortex-a9 -mfpu=vfpv3 -mfloat-abi=hard -I../../XADC_intr_bsp/ps7_cortexa9_0/include -MMD -MP -MF"src/xadc.d" -MT"src/xadc.o" -o "src/xadc.o" "../src/xadc.c"
Finished building: ../src/xadc.c
 
Building target: XADC_intr.elf
Invoking: ARM v7 gcc linker
arm-none-eabi-gcc -mcpu=cortex-a9 -mfpu=vfpv3 -mfloat-abi=hard -Wl,-build-id=none -specs=Xilinx.spec -Wl,-T -Wl,../src/lscript.ld -L../../XADC_intr_bsp/ps7_cortexa9_0/lib -o "XADC_intr.elf"  ./src/main.o ./src/platform.o ./src/xadc.o   -Wl,--start-group,-lxil,-lgcc,-lc,--end-group
Finished building target: XADC_intr.elf
 
Invoking: ARM v7 Print Size
arm-none-eabi-size XADC_intr.elf  |tee "XADC_intr.elf.size"
   text	   data	    bss	    dec	    hex	filename
  34264	   1928	  22632	  58824	   e5c8	XADC_intr.elf
Finished building: XADC_intr.elf.size
 
11:23:26 **** Auto Build of configuration Debug for project XADC_intr ****
make pre-build main-build 
a9-linaro-pre-build-step
 
Building file: ../src/main.c
Invoking: ARM v7 gcc compiler
arm-none-eabi-gcc -Wall -O0 -g3 -c -fmessage-length=0 -MT"src/main.o" -mcpu=cortex-a9 -mfpu=vfpv3 -mfloat-abi=hard -I../../XADC_intr_bsp/ps7_cortexa9_0/include -MMD -MP -MF"src/main.d" -MT"src/main.o" -o "src/main.o" "../src/main.c"
Finished building: ../src/main.c
 
Building file: ../src/xadc.c
Invoking: ARM v7 gcc compiler
arm-none-eabi-gcc -Wall -O0 -g3 -c -fmessage-length=0 -MT"src/xadc.o" -mcpu=cortex-a9 -mfpu=vfpv3 -mfloat-abi=hard -I../../XADC_intr_bsp/ps7_cortexa9_0/include -MMD -MP -MF"src/xadc.d" -MT"src/xadc.o" -o "src/xadc.o" "../src/xadc.c"
Finished building: ../src/xadc.c
 
Building target: XADC_intr.elf
Invoking: ARM v7 gcc linker
arm-none-eabi-gcc -mcpu=cortex-a9 -mfpu=vfpv3 -mfloat-abi=hard -Wl,-build-id=none -specs=Xilinx.spec -Wl,-T -Wl,../src/lscript.ld -L../../XADC_intr_bsp/ps7_cortexa9_0/lib -o "XADC_intr.elf"  ./src/main.o ./src/platform.o ./src/xadc.o   -Wl,--start-group,-lxil,-lgcc,-lc,--end-group
Finished building target: XADC_intr.elf
 
Invoking: ARM v7 Print Size
arm-none-eabi-size XADC_intr.elf  |tee "XADC_intr.elf.size"
   text	   data	    bss	    dec	    hex	filename
  34264	   1928	  22632	  58824	   e5c8	XADC_intr.elf
Finished building: XADC_intr.elf.size
 
11:24:00 **** Auto Build of configuration Debug for project XADC_intr ****
make pre-build main-build 
a9-linaro-pre-build-step
 
Building file: ../src/main.c
Invoking: ARM v7 gcc compiler
arm-none-eabi-gcc -Wall -O0 -g3 -c -fmessage-length=0 -MT"src/main.o" -mcpu=cortex-a9 -mfpu=vfpv3 -mfloat-abi=hard -I../../XADC_intr_bsp/ps7_cortexa9_0/include -MMD -MP -MF"src/main.d" -MT"src/main.o" -o "src/main.o" "../src/main.c"
Finished building: ../src/main.c
 
Building file: ../src/xadc.c
Invoking: ARM v7 gcc compiler
arm-none-eabi-gcc -Wall -O0 -g3 -c -fmessage-length=0 -MT"src/xadc.o" -mcpu=cortex-a9 -mfpu=vfpv3 -mfloat-abi=hard -I../../XADC_intr_bsp/ps7_cortexa9_0/include -MMD -MP -MF"src/xadc.d" -MT"src/xadc.o" -o "src/xadc.o" "../src/xadc.c"
Finished building: ../src/xadc.c
 
Building target: XADC_intr.elf
Invoking: ARM v7 gcc linker
arm-none-eabi-gcc -mcpu=cortex-a9 -mfpu=vfpv3 -mfloat-abi=hard -Wl,-build-id=none -specs=Xilinx.spec -Wl,-T -Wl,../src/lscript.ld -L../../XADC_intr_bsp/ps7_cortexa9_0/lib -o "XADC_intr.elf"  ./src/main.o ./src/platform.o ./src/xadc.o   -Wl,--start-group,-lxil,-lgcc,-lc,--end-group
Finished building target: XADC_intr.elf
 
Invoking: ARM v7 Print Size
arm-none-eabi-size XADC_intr.elf  |tee "XADC_intr.elf.size"
   text	   data	    bss	    dec	    hex	filename
  34264	   1928	  22632	  58824	   e5c8	XADC_intr.elf
Finished building: XADC_intr.elf.size
 
11:24:03 **** Auto Build of configuration Debug for project XADC_intr ****
make pre-build main-build 
a9-linaro-pre-build-step
 
Building file: ../src/xadc.c
Invoking: ARM v7 gcc compiler
arm-none-eabi-gcc -Wall -O0 -g3 -c -fmessage-length=0 -MT"src/xadc.o" -mcpu=cortex-a9 -mfpu=vfpv3 -mfloat-abi=hard -I../../XADC_intr_bsp/ps7_cortexa9_0/include -MMD -MP -MF"src/xadc.d" -MT"src/xadc.o" -o "src/xadc.o" "../src/xadc.c"
../src/xadc.c: In function 'initGic':
../src/xadc.c:53:1: warning: control reaches end of non-void function [-Wreturn-type]
 }
 ^
Finished building: ../src/xadc.c
 
Building target: XADC_intr.elf
Invoking: ARM v7 gcc linker
arm-none-eabi-gcc -mcpu=cortex-a9 -mfpu=vfpv3 -mfloat-abi=hard -Wl,-build-id=none -specs=Xilinx.spec -Wl,-T -Wl,../src/lscript.ld -L../../XADC_intr_bsp/ps7_cortexa9_0/lib -o "XADC_intr.elf"  ./src/main.o ./src/platform.o ./src/xadc.o   -Wl,--start-group,-lxil,-lgcc,-lc,--end-group
Finished building target: XADC_intr.elf
 
Invoking: ARM v7 Print Size
arm-none-eabi-size XADC_intr.elf  |tee "XADC_intr.elf.size"
   text	   data	    bss	    dec	    hex	filename
  34328	   1928	  22632	  58888	   e608	XADC_intr.elf
Finished building: XADC_intr.elf.size
 
11:24:18 **** Auto Build of configuration Debug for project XADC_intr ****
make pre-build main-build 
a9-linaro-pre-build-step
 
Building file: ../src/main.c
Invoking: ARM v7 gcc compiler
arm-none-eabi-gcc -Wall -O0 -g3 -c -fmessage-length=0 -MT"src/main.o" -mcpu=cortex-a9 -mfpu=vfpv3 -mfloat-abi=hard -I../../XADC_intr_bsp/ps7_cortexa9_0/include -MMD -MP -MF"src/main.d" -MT"src/main.o" -o "src/main.o" "../src/main.c"
Finished building: ../src/main.c
 
Building target: XADC_intr.elf
Invoking: ARM v7 gcc linker
arm-none-eabi-gcc -mcpu=cortex-a9 -mfpu=vfpv3 -mfloat-abi=hard -Wl,-build-id=none -specs=Xilinx.spec -Wl,-T -Wl,../src/lscript.ld -L../../XADC_intr_bsp/ps7_cortexa9_0/lib -o "XADC_intr.elf"  ./src/main.o ./src/platform.o ./src/xadc.o   -Wl,--start-group,-lxil,-lgcc,-lc,--end-group
Finished building target: XADC_intr.elf
 
Invoking: ARM v7 Print Size
arm-none-eabi-size XADC_intr.elf  |tee "XADC_intr.elf.size"
   text	   data	    bss	    dec	    hex	filename
  34328	   1928	  22632	  58888	   e608	XADC_intr.elf
Finished building: XADC_intr.elf.size
 
11:24:31 **** Incremental Build of configuration Debug for project XADC_intr ****
make pre-build main-build 
a9-linaro-pre-build-step
 
make: Nothing to be done for 'main-build'.
11:26:36 **** Auto Build of configuration Debug for project XADC_intr ****
make pre-build main-build 
a9-linaro-pre-build-step
 
Building file: ../src/xadc.c
Invoking: ARM v7 gcc compiler
arm-none-eabi-gcc -Wall -O0 -g3 -c -fmessage-length=0 -MT"src/xadc.o" -mcpu=cortex-a9 -mfpu=vfpv3 -mfloat-abi=hard -I../../XADC_intr_bsp/ps7_cortexa9_0/include -MMD -MP -MF"src/xadc.d" -MT"src/xadc.o" -o "src/xadc.o" "../src/xadc.c"
../src/xadc.c: In function 'initGic':
../src/xadc.c:55:2: error: 'IntcConfig' undeclared (first use in this function); did you mean 'XAdcConfigPtr'?
  IntcConfig = XScuGic_LookupConfig(INTC_DEVICE_ID);
  ^~~~~~~~~~
  XAdcConfigPtr
../src/xadc.c:55:2: note: each undeclared identifier is reported only once for each function it appears in
../src/xadc.c:60:34: error: 'InterruptController' undeclared (first use in this function); did you mean 'XInterruptHandler'?
  status = XScuGic_CfgInitialize(&InterruptController, IntcConfig,
                                  ^~~~~~~~~~~~~~~~~~~
                                  XInterruptHandler
../src/xadc.c:88:2: error: 'Status' undeclared (first use in this function); did you mean 'status'?
  Status = XScuGic_Connect(&InterruptController, XADC_EOS,
  ^~~~~~
  status
../src/xadc.c:89:27: error: 'XAdcInterruptHandler' undeclared (first use in this function); did you mean 'Xil_InterruptHandler'?
     (Xil_ExceptionHandler)XAdcInterruptHandler,
                           ^~~~~~~~~~~~~~~~~~~~
                           Xil_InterruptHandler
make: *** [src/subdir.mk:29: src/xadc.o] Error 1
11:26:54 **** Auto Build of configuration Debug for project XADC_intr ****
make pre-build main-build 
a9-linaro-pre-build-step
 
Building file: ../src/main.c
Invoking: ARM v7 gcc compiler
arm-none-eabi-gcc -Wall -O0 -g3 -c -fmessage-length=0 -MT"src/main.o" -mcpu=cortex-a9 -mfpu=vfpv3 -mfloat-abi=hard -I../../XADC_intr_bsp/ps7_cortexa9_0/include -MMD -MP -MF"src/main.d" -MT"src/main.o" -o "src/main.o" "../src/main.c"
Finished building: ../src/main.c
 
Building file: ../src/xadc.c
Invoking: ARM v7 gcc compiler
arm-none-eabi-gcc -Wall -O0 -g3 -c -fmessage-length=0 -MT"src/xadc.o" -mcpu=cortex-a9 -mfpu=vfpv3 -mfloat-abi=hard -I../../XADC_intr_bsp/ps7_cortexa9_0/include -MMD -MP -MF"src/xadc.d" -MT"src/xadc.o" -o "src/xadc.o" "../src/xadc.c"
../src/xadc.c: In function 'initGic':
../src/xadc.c:88:2: error: 'Status' undeclared (first use in this function); did you mean 'status'?
  Status = XScuGic_Connect(&InterruptController, XADC_EOS,
  ^~~~~~
  status
../src/xadc.c:88:2: note: each undeclared identifier is reported only once for each function it appears in
../src/xadc.c:89:27: error: 'XAdcInterruptHandler' undeclared (first use in this function); did you mean 'Xil_InterruptHandler'?
     (Xil_ExceptionHandler)XAdcInterruptHandler,
                           ^~~~~~~~~~~~~~~~~~~~
                           Xil_InterruptHandler
make: *** [src/subdir.mk:29: src/xadc.o] Error 1
11:27:05 **** Auto Build of configuration Debug for project XADC_intr ****
make pre-build main-build 
a9-linaro-pre-build-step
 
Building file: ../src/main.c
Invoking: ARM v7 gcc compiler
arm-none-eabi-gcc -Wall -O0 -g3 -c -fmessage-length=0 -MT"src/main.o" -mcpu=cortex-a9 -mfpu=vfpv3 -mfloat-abi=hard -I../../XADC_intr_bsp/ps7_cortexa9_0/include -MMD -MP -MF"src/main.d" -MT"src/main.o" -o "src/main.o" "../src/main.c"
../src/main.c:40:13: warning: 'XAdcInterruptHandler' defined but not used [-Wunused-function]
 static void XAdcInterruptHandler(XAdcPs *XAdc) {
             ^~~~~~~~~~~~~~~~~~~~
Finished building: ../src/main.c
 
Building file: ../src/xadc.c
Invoking: ARM v7 gcc compiler
arm-none-eabi-gcc -Wall -O0 -g3 -c -fmessage-length=0 -MT"src/xadc.o" -mcpu=cortex-a9 -mfpu=vfpv3 -mfloat-abi=hard -I../../XADC_intr_bsp/ps7_cortexa9_0/include -MMD -MP -MF"src/xadc.d" -MT"src/xadc.o" -o "src/xadc.o" "../src/xadc.c"
../src/xadc.c: In function 'initGic':
../src/xadc.c:88:2: error: 'Status' undeclared (first use in this function); did you mean 'status'?
  Status = XScuGic_Connect(&InterruptController, XADC_EOS,
  ^~~~~~
  status
../src/xadc.c:88:2: note: each undeclared identifier is reported only once for each function it appears in
../src/xadc.c:89:27: error: 'XAdcInterruptHandler' undeclared (first use in this function); did you mean 'Xil_InterruptHandler'?
     (Xil_ExceptionHandler)XAdcInterruptHandler,
                           ^~~~~~~~~~~~~~~~~~~~
                           Xil_InterruptHandler
make: *** [src/subdir.mk:29: src/xadc.o] Error 1
11:27:26 **** Auto Build of configuration Debug for project XADC_intr ****
make pre-build main-build 
a9-linaro-pre-build-step
 
Building file: ../src/xadc.c
Invoking: ARM v7 gcc compiler
arm-none-eabi-gcc -Wall -O0 -g3 -c -fmessage-length=0 -MT"src/xadc.o" -mcpu=cortex-a9 -mfpu=vfpv3 -mfloat-abi=hard -I../../XADC_intr_bsp/ps7_cortexa9_0/include -MMD -MP -MF"src/xadc.d" -MT"src/xadc.o" -o "src/xadc.o" "../src/xadc.c"
../src/xadc.c: In function 'initGic':
../src/xadc.c:88:2: error: 'Status' undeclared (first use in this function); did you mean 'status'?
  Status = XScuGic_Connect(&InterruptController, XADC_EOS,
  ^~~~~~
  status
../src/xadc.c:88:2: note: each undeclared identifier is reported only once for each function it appears in
../src/xadc.c:89:27: error: 'XAdcInterruptHandler' undeclared (first use in this function); did you mean 'Xil_InterruptHandler'?
     (Xil_ExceptionHandler)XAdcInterruptHandler,
                           ^~~~~~~~~~~~~~~~~~~~
                           Xil_InterruptHandler
make: *** [src/subdir.mk:29: src/xadc.o] Error 1
11:27:52 **** Auto Build of configuration Debug for project XADC_intr ****
make pre-build main-build 
a9-linaro-pre-build-step
 
Building file: ../src/xadc.c
Invoking: ARM v7 gcc compiler
arm-none-eabi-gcc -Wall -O0 -g3 -c -fmessage-length=0 -MT"src/xadc.o" -mcpu=cortex-a9 -mfpu=vfpv3 -mfloat-abi=hard -I../../XADC_intr_bsp/ps7_cortexa9_0/include -MMD -MP -MF"src/xadc.d" -MT"src/xadc.o" -o "src/xadc.o" "../src/xadc.c"
../src/xadc.c: In function 'initGic':
../src/xadc.c:81:2: error: 'Status' undeclared (first use in this function); did you mean 'status'?
  Status = XScuGic_Connect(&InterruptController, XADC_EOS,
  ^~~~~~
  status
../src/xadc.c:81:2: note: each undeclared identifier is reported only once for each function it appears in
../src/xadc.c:82:27: error: 'XAdcInterruptHandler' undeclared (first use in this function); did you mean 'Xil_InterruptHandler'?
     (Xil_ExceptionHandler)XAdcInterruptHandler,
                           ^~~~~~~~~~~~~~~~~~~~
                           Xil_InterruptHandler
make: *** [src/subdir.mk:29: src/xadc.o] Error 1
11:28:05 **** Auto Build of configuration Debug for project XADC_intr ****
make pre-build main-build 
a9-linaro-pre-build-step
 
Building file: ../src/xadc.c
Invoking: ARM v7 gcc compiler
arm-none-eabi-gcc -Wall -O0 -g3 -c -fmessage-length=0 -MT"src/xadc.o" -mcpu=cortex-a9 -mfpu=vfpv3 -mfloat-abi=hard -I../../XADC_intr_bsp/ps7_cortexa9_0/include -MMD -MP -MF"src/xadc.d" -MT"src/xadc.o" -o "src/xadc.o" "../src/xadc.c"
../src/xadc.c: In function 'initGic':
../src/xadc.c:81:2: error: 'Status' undeclared (first use in this function); did you mean 'status'?
  Status = XScuGic_Connect(&InterruptController, XADC_EOS,
  ^~~~~~
  status
../src/xadc.c:81:2: note: each undeclared identifier is reported only once for each function it appears in
../src/xadc.c:82:27: error: 'XAdcInterruptHandler' undeclared (first use in this function); did you mean 'Xil_InterruptHandler'?
     (Xil_ExceptionHandler)XAdcInterruptHandler,
                           ^~~~~~~~~~~~~~~~~~~~
                           Xil_InterruptHandler
make: *** [src/subdir.mk:29: src/xadc.o] Error 1
11:29:00 **** Auto Build of configuration Debug for project XADC_intr ****
make pre-build main-build 
a9-linaro-pre-build-step
 
Building file: ../src/xadc.c
Invoking: ARM v7 gcc compiler
arm-none-eabi-gcc -Wall -O0 -g3 -c -fmessage-length=0 -MT"src/xadc.o" -mcpu=cortex-a9 -mfpu=vfpv3 -mfloat-abi=hard -I../../XADC_intr_bsp/ps7_cortexa9_0/include -MMD -MP -MF"src/xadc.d" -MT"src/xadc.o" -o "src/xadc.o" "../src/xadc.c"
../src/xadc.c: In function 'initGic':
../src/xadc.c:77:27: error: 'XAdcInterruptHandler' undeclared (first use in this function); did you mean 'Xil_InterruptHandler'?
     (Xil_ExceptionHandler)XAdcInterruptHandler,
                           ^~~~~~~~~~~~~~~~~~~~
                           Xil_InterruptHandler
../src/xadc.c:77:27: note: each undeclared identifier is reported only once for each function it appears in
make: *** [src/subdir.mk:29: src/xadc.o] Error 1
11:29:09 **** Auto Build of configuration Debug for project XADC_intr ****
make pre-build main-build 
a9-linaro-pre-build-step
 
Building file: ../src/xadc.c
Invoking: ARM v7 gcc compiler
arm-none-eabi-gcc -Wall -O0 -g3 -c -fmessage-length=0 -MT"src/xadc.o" -mcpu=cortex-a9 -mfpu=vfpv3 -mfloat-abi=hard -I../../XADC_intr_bsp/ps7_cortexa9_0/include -MMD -MP -MF"src/xadc.d" -MT"src/xadc.o" -o "src/xadc.o" "../src/xadc.c"
Finished building: ../src/xadc.c
 
Building target: XADC_intr.elf
Invoking: ARM v7 gcc linker
arm-none-eabi-gcc -mcpu=cortex-a9 -mfpu=vfpv3 -mfloat-abi=hard -Wl,-build-id=none -specs=Xilinx.spec -Wl,-T -Wl,../src/lscript.ld -L../../XADC_intr_bsp/ps7_cortexa9_0/lib -o "XADC_intr.elf"  ./src/main.o ./src/platform.o ./src/xadc.o   -Wl,--start-group,-lxil,-lgcc,-lc,--end-group
Finished building target: XADC_intr.elf
 
Invoking: ARM v7 Print Size
arm-none-eabi-size XADC_intr.elf  |tee "XADC_intr.elf.size"
   text	   data	    bss	    dec	    hex	filename
  34020	   1928	  22616	  58564	   e4c4	XADC_intr.elf
Finished building: XADC_intr.elf.size
 
11:30:05 **** Auto Build of configuration Debug for project XADC_intr ****
make pre-build main-build 
a9-linaro-pre-build-step
 
Building file: ../src/xadc.c
Invoking: ARM v7 gcc compiler
arm-none-eabi-gcc -Wall -O0 -g3 -c -fmessage-length=0 -MT"src/xadc.o" -mcpu=cortex-a9 -mfpu=vfpv3 -mfloat-abi=hard -I../../XADC_intr_bsp/ps7_cortexa9_0/include -MMD -MP -MF"src/xadc.d" -MT"src/xadc.o" -o "src/xadc.o" "../src/xadc.c"
Finished building: ../src/xadc.c
 
Building target: XADC_intr.elf
Invoking: ARM v7 gcc linker
arm-none-eabi-gcc -mcpu=cortex-a9 -mfpu=vfpv3 -mfloat-abi=hard -Wl,-build-id=none -specs=Xilinx.spec -Wl,-T -Wl,../src/lscript.ld -L../../XADC_intr_bsp/ps7_cortexa9_0/lib -o "XADC_intr.elf"  ./src/main.o ./src/platform.o ./src/xadc.o   -Wl,--start-group,-lxil,-lgcc,-lc,--end-group
Finished building target: XADC_intr.elf
 
Invoking: ARM v7 Print Size
arm-none-eabi-size XADC_intr.elf  |tee "XADC_intr.elf.size"
   text	   data	    bss	    dec	    hex	filename
  33880	   1928	  22616	  58424	   e438	XADC_intr.elf
Finished building: XADC_intr.elf.size
 
11:30:08 **** Auto Build of configuration Debug for project XADC_intr ****
make pre-build main-build 
a9-linaro-pre-build-step
 
Building file: ../src/xadc.c
Invoking: ARM v7 gcc compiler
arm-none-eabi-gcc -Wall -O0 -g3 -c -fmessage-length=0 -MT"src/xadc.o" -mcpu=cortex-a9 -mfpu=vfpv3 -mfloat-abi=hard -I../../XADC_intr_bsp/ps7_cortexa9_0/include -MMD -MP -MF"src/xadc.d" -MT"src/xadc.o" -o "src/xadc.o" "../src/xadc.c"
Finished building: ../src/xadc.c
 
Building target: XADC_intr.elf
Invoking: ARM v7 gcc linker
arm-none-eabi-gcc -mcpu=cortex-a9 -mfpu=vfpv3 -mfloat-abi=hard -Wl,-build-id=none -specs=Xilinx.spec -Wl,-T -Wl,../src/lscript.ld -L../../XADC_intr_bsp/ps7_cortexa9_0/lib -o "XADC_intr.elf"  ./src/main.o ./src/platform.o ./src/xadc.o   -Wl,--start-group,-lxil,-lgcc,-lc,--end-group
Finished building target: XADC_intr.elf
 
Invoking: ARM v7 Print Size
arm-none-eabi-size XADC_intr.elf  |tee "XADC_intr.elf.size"
   text	   data	    bss	    dec	    hex	filename
  33880	   1928	  22616	  58424	   e438	XADC_intr.elf
Finished building: XADC_intr.elf.size
 
11:30:18 **** Auto Build of configuration Debug for project XADC_intr ****
make pre-build main-build 
a9-linaro-pre-build-step
 
Building file: ../src/main.c
Invoking: ARM v7 gcc compiler
arm-none-eabi-gcc -Wall -O0 -g3 -c -fmessage-length=0 -MT"src/main.o" -mcpu=cortex-a9 -mfpu=vfpv3 -mfloat-abi=hard -I../../XADC_intr_bsp/ps7_cortexa9_0/include -MMD -MP -MF"src/main.d" -MT"src/main.o" -o "src/main.o" "../src/main.c"
../src/main.c: In function 'main':
../src/main.c:28:13: warning: passing argument 1 of 'initGic' from incompatible pointer type [-Wincompatible-pointer-types]
     initGic(XAdcInterruptHandler);
             ^~~~~~~~~~~~~~~~~~~~
In file included from ../src/main.c:9:0:
../src/xadc.h:46:4: note: expected 'Xil_InterruptHandler {aka void (*)(void *)}' but argument is of type 'void (*)(XAdcPs *) {aka void (*)(struct <anonymous> *)}'
 u8 initGic(Xil_InterruptHandler handler);
    ^~~~~~~
Finished building: ../src/main.c
 
Building target: XADC_intr.elf
Invoking: ARM v7 gcc linker
arm-none-eabi-gcc -mcpu=cortex-a9 -mfpu=vfpv3 -mfloat-abi=hard -Wl,-build-id=none -specs=Xilinx.spec -Wl,-T -Wl,../src/lscript.ld -L../../XADC_intr_bsp/ps7_cortexa9_0/lib -o "XADC_intr.elf"  ./src/main.o ./src/platform.o ./src/xadc.o   -Wl,--start-group,-lxil,-lgcc,-lc,--end-group
Finished building target: XADC_intr.elf
 
Invoking: ARM v7 Print Size
arm-none-eabi-size XADC_intr.elf  |tee "XADC_intr.elf.size"
   text	   data	    bss	    dec	    hex	filename
  33880	   1928	  22616	  58424	   e438	XADC_intr.elf
Finished building: XADC_intr.elf.size
 
11:30:38 **** Auto Build of configuration Debug for project XADC_intr ****
make pre-build main-build 
a9-linaro-pre-build-step
 
Building file: ../src/main.c
Invoking: ARM v7 gcc compiler
arm-none-eabi-gcc -Wall -O0 -g3 -c -fmessage-length=0 -MT"src/main.o" -mcpu=cortex-a9 -mfpu=vfpv3 -mfloat-abi=hard -I../../XADC_intr_bsp/ps7_cortexa9_0/include -MMD -MP -MF"src/main.d" -MT"src/main.o" -o "src/main.o" "../src/main.c"
../src/main.c: In function 'main':
../src/main.c:28:13: warning: passing argument 1 of 'initGic' from incompatible pointer type [-Wincompatible-pointer-types]
     initGic((Xil_InterruptHandler*) XAdcInterruptHandler);
             ^
In file included from ../src/main.c:9:0:
../src/xadc.h:46:4: note: expected 'Xil_InterruptHandler {aka void (*)(void *)}' but argument is of type 'void (**)(void *)'
 u8 initGic(Xil_InterruptHandler handler);
    ^~~~~~~
Finished building: ../src/main.c
 
Building target: XADC_intr.elf
Invoking: ARM v7 gcc linker
arm-none-eabi-gcc -mcpu=cortex-a9 -mfpu=vfpv3 -mfloat-abi=hard -Wl,-build-id=none -specs=Xilinx.spec -Wl,-T -Wl,../src/lscript.ld -L../../XADC_intr_bsp/ps7_cortexa9_0/lib -o "XADC_intr.elf"  ./src/main.o ./src/platform.o ./src/xadc.o   -Wl,--start-group,-lxil,-lgcc,-lc,--end-group
Finished building target: XADC_intr.elf
 
Invoking: ARM v7 Print Size
arm-none-eabi-size XADC_intr.elf  |tee "XADC_intr.elf.size"
   text	   data	    bss	    dec	    hex	filename
  33880	   1928	  22616	  58424	   e438	XADC_intr.elf
Finished building: XADC_intr.elf.size
 
11:30:46 **** Auto Build of configuration Debug for project XADC_intr ****
make pre-build main-build 
a9-linaro-pre-build-step
 
Building file: ../src/main.c
Invoking: ARM v7 gcc compiler
arm-none-eabi-gcc -Wall -O0 -g3 -c -fmessage-length=0 -MT"src/main.o" -mcpu=cortex-a9 -mfpu=vfpv3 -mfloat-abi=hard -I../../XADC_intr_bsp/ps7_cortexa9_0/include -MMD -MP -MF"src/main.d" -MT"src/main.o" -o "src/main.o" "../src/main.c"
../src/main.c: In function 'main':
../src/main.c:28:13: warning: passing argument 1 of 'initGic' from incompatible pointer type [-Wincompatible-pointer-types]
     initGic((Xil_ExceptionHandler*) XAdcInterruptHandler);
             ^
In file included from ../src/main.c:9:0:
../src/xadc.h:46:4: note: expected 'Xil_InterruptHandler {aka void (*)(void *)}' but argument is of type 'void (**)(void *)'
 u8 initGic(Xil_InterruptHandler handler);
    ^~~~~~~
Finished building: ../src/main.c
 
Building target: XADC_intr.elf
Invoking: ARM v7 gcc linker
arm-none-eabi-gcc -mcpu=cortex-a9 -mfpu=vfpv3 -mfloat-abi=hard -Wl,-build-id=none -specs=Xilinx.spec -Wl,-T -Wl,../src/lscript.ld -L../../XADC_intr_bsp/ps7_cortexa9_0/lib -o "XADC_intr.elf"  ./src/main.o ./src/platform.o ./src/xadc.o   -Wl,--start-group,-lxil,-lgcc,-lc,--end-group
Finished building target: XADC_intr.elf
 
Invoking: ARM v7 Print Size
arm-none-eabi-size XADC_intr.elf  |tee "XADC_intr.elf.size"
   text	   data	    bss	    dec	    hex	filename
  33880	   1928	  22616	  58424	   e438	XADC_intr.elf
Finished building: XADC_intr.elf.size
 
11:31:02 **** Auto Build of configuration Debug for project XADC_intr ****
make pre-build main-build 
a9-linaro-pre-build-step
 
Building file: ../src/main.c
Invoking: ARM v7 gcc compiler
arm-none-eabi-gcc -Wall -O0 -g3 -c -fmessage-length=0 -MT"src/main.o" -mcpu=cortex-a9 -mfpu=vfpv3 -mfloat-abi=hard -I../../XADC_intr_bsp/ps7_cortexa9_0/include -MMD -MP -MF"src/main.d" -MT"src/main.o" -o "src/main.o" "../src/main.c"
../src/main.c: In function 'main':
../src/main.c:28:13: warning: passing argument 1 of 'initGic' from incompatible pointer type [-Wincompatible-pointer-types]
     initGic(*XAdcInterruptHandler);
             ^
In file included from ../src/main.c:9:0:
../src/xadc.h:46:4: note: expected 'Xil_InterruptHandler {aka void (*)(void *)}' but argument is of type 'void (*)(XAdcPs *) {aka void (*)(struct <anonymous> *)}'
 u8 initGic(Xil_InterruptHandler handler);
    ^~~~~~~
Finished building: ../src/main.c
 
Building target: XADC_intr.elf
Invoking: ARM v7 gcc linker
arm-none-eabi-gcc -mcpu=cortex-a9 -mfpu=vfpv3 -mfloat-abi=hard -Wl,-build-id=none -specs=Xilinx.spec -Wl,-T -Wl,../src/lscript.ld -L../../XADC_intr_bsp/ps7_cortexa9_0/lib -o "XADC_intr.elf"  ./src/main.o ./src/platform.o ./src/xadc.o   -Wl,--start-group,-lxil,-lgcc,-lc,--end-group
Finished building target: XADC_intr.elf
 
Invoking: ARM v7 Print Size
arm-none-eabi-size XADC_intr.elf  |tee "XADC_intr.elf.size"
   text	   data	    bss	    dec	    hex	filename
  33880	   1928	  22616	  58424	   e438	XADC_intr.elf
Finished building: XADC_intr.elf.size
 
11:33:59 **** Auto Build of configuration Debug for project XADC_intr ****
make pre-build main-build 
a9-linaro-pre-build-step
 
Building file: ../src/main.c
Invoking: ARM v7 gcc compiler
arm-none-eabi-gcc -Wall -O0 -g3 -c -fmessage-length=0 -MT"src/main.o" -mcpu=cortex-a9 -mfpu=vfpv3 -mfloat-abi=hard -I../../XADC_intr_bsp/ps7_cortexa9_0/include -MMD -MP -MF"src/main.d" -MT"src/main.o" -o "src/main.o" "../src/main.c"
../src/main.c: In function 'main':
../src/main.c:28:13: warning: passing argument 1 of 'initGic' from incompatible pointer type [-Wincompatible-pointer-types]
     initGic(XAdcInterruptHandler);
             ^~~~~~~~~~~~~~~~~~~~
In file included from ../src/main.c:9:0:
../src/xadc.h:46:4: note: expected 'Xil_InterruptHandler {aka void (*)(void *)}' but argument is of type 'void (*)(XAdcPs *) {aka void (*)(struct <anonymous> *)}'
 u8 initGic(Xil_InterruptHandler handler);
    ^~~~~~~
Finished building: ../src/main.c
 
Building target: XADC_intr.elf
Invoking: ARM v7 gcc linker
arm-none-eabi-gcc -mcpu=cortex-a9 -mfpu=vfpv3 -mfloat-abi=hard -Wl,-build-id=none -specs=Xilinx.spec -Wl,-T -Wl,../src/lscript.ld -L../../XADC_intr_bsp/ps7_cortexa9_0/lib -o "XADC_intr.elf"  ./src/main.o ./src/platform.o ./src/xadc.o   -Wl,--start-group,-lxil,-lgcc,-lc,--end-group
Finished building target: XADC_intr.elf
 
Invoking: ARM v7 Print Size
arm-none-eabi-size XADC_intr.elf  |tee "XADC_intr.elf.size"
   text	   data	    bss	    dec	    hex	filename
  33880	   1928	  22616	  58424	   e438	XADC_intr.elf
Finished building: XADC_intr.elf.size
 
11:34:06 **** Auto Build of configuration Debug for project XADC_intr ****
make pre-build main-build 
a9-linaro-pre-build-step
 
Building file: ../src/main.c
Invoking: ARM v7 gcc compiler
arm-none-eabi-gcc -Wall -O0 -g3 -c -fmessage-length=0 -MT"src/main.o" -mcpu=cortex-a9 -mfpu=vfpv3 -mfloat-abi=hard -I../../XADC_intr_bsp/ps7_cortexa9_0/include -MMD -MP -MF"src/main.d" -MT"src/main.o" -o "src/main.o" "../src/main.c"
Finished building: ../src/main.c
 
Building target: XADC_intr.elf
Invoking: ARM v7 gcc linker
arm-none-eabi-gcc -mcpu=cortex-a9 -mfpu=vfpv3 -mfloat-abi=hard -Wl,-build-id=none -specs=Xilinx.spec -Wl,-T -Wl,../src/lscript.ld -L../../XADC_intr_bsp/ps7_cortexa9_0/lib -o "XADC_intr.elf"  ./src/main.o ./src/platform.o ./src/xadc.o   -Wl,--start-group,-lxil,-lgcc,-lc,--end-group
Finished building target: XADC_intr.elf
 
Invoking: ARM v7 Print Size
arm-none-eabi-size XADC_intr.elf  |tee "XADC_intr.elf.size"
   text	   data	    bss	    dec	    hex	filename
  33880	   1928	  22616	  58424	   e438	XADC_intr.elf
Finished building: XADC_intr.elf.size
 
11:34:18 **** Auto Build of configuration Debug for project XADC_intr ****
make pre-build main-build 
a9-linaro-pre-build-step
 
Building file: ../src/xadc.c
Invoking: ARM v7 gcc compiler
arm-none-eabi-gcc -Wall -O0 -g3 -c -fmessage-length=0 -MT"src/xadc.o" -mcpu=cortex-a9 -mfpu=vfpv3 -mfloat-abi=hard -I../../XADC_intr_bsp/ps7_cortexa9_0/include -MMD -MP -MF"src/xadc.d" -MT"src/xadc.o" -o "src/xadc.o" "../src/xadc.c"
Finished building: ../src/xadc.c
 
Building target: XADC_intr.elf
Invoking: ARM v7 gcc linker
arm-none-eabi-gcc -mcpu=cortex-a9 -mfpu=vfpv3 -mfloat-abi=hard -Wl,-build-id=none -specs=Xilinx.spec -Wl,-T -Wl,../src/lscript.ld -L../../XADC_intr_bsp/ps7_cortexa9_0/lib -o "XADC_intr.elf"  ./src/main.o ./src/platform.o ./src/xadc.o   -Wl,--start-group,-lxil,-lgcc,-lc,--end-group
Finished building target: XADC_intr.elf
 
Invoking: ARM v7 Print Size
arm-none-eabi-size XADC_intr.elf  |tee "XADC_intr.elf.size"
   text	   data	    bss	    dec	    hex	filename
  33880	   1928	  22616	  58424	   e438	XADC_intr.elf
Finished building: XADC_intr.elf.size
 
11:34:32 **** Auto Build of configuration Debug for project XADC_intr ****
make pre-build main-build 
a9-linaro-pre-build-step
 
Building file: ../src/xadc.c
Invoking: ARM v7 gcc compiler
arm-none-eabi-gcc -Wall -O0 -g3 -c -fmessage-length=0 -MT"src/xadc.o" -mcpu=cortex-a9 -mfpu=vfpv3 -mfloat-abi=hard -I../../XADC_intr_bsp/ps7_cortexa9_0/include -MMD -MP -MF"src/xadc.d" -MT"src/xadc.o" -o "src/xadc.o" "../src/xadc.c"
Finished building: ../src/xadc.c
 
Building target: XADC_intr.elf
Invoking: ARM v7 gcc linker
arm-none-eabi-gcc -mcpu=cortex-a9 -mfpu=vfpv3 -mfloat-abi=hard -Wl,-build-id=none -specs=Xilinx.spec -Wl,-T -Wl,../src/lscript.ld -L../../XADC_intr_bsp/ps7_cortexa9_0/lib -o "XADC_intr.elf"  ./src/main.o ./src/platform.o ./src/xadc.o   -Wl,--start-group,-lxil,-lgcc,-lc,--end-group
Finished building target: XADC_intr.elf
 
Invoking: ARM v7 Print Size
arm-none-eabi-size XADC_intr.elf  |tee "XADC_intr.elf.size"
   text	   data	    bss	    dec	    hex	filename
  33880	   1928	  22616	  58424	   e438	XADC_intr.elf
Finished building: XADC_intr.elf.size
 
11:34:38 **** Incremental Build of configuration Debug for project XADC_intr ****
make pre-build main-build 
a9-linaro-pre-build-step
 
make: Nothing to be done for 'main-build'.
11:36:19 **** Auto Build of configuration Debug for project XADC_intr ****
make pre-build main-build 
a9-linaro-pre-build-step
 
Building file: ../src/xadc.c
Invoking: ARM v7 gcc compiler
arm-none-eabi-gcc -Wall -O0 -g3 -c -fmessage-length=0 -MT"src/xadc.o" -mcpu=cortex-a9 -mfpu=vfpv3 -mfloat-abi=hard -I../../XADC_intr_bsp/ps7_cortexa9_0/include -MMD -MP -MF"src/xadc.d" -MT"src/xadc.o" -o "src/xadc.o" "../src/xadc.c"
Finished building: ../src/xadc.c
 
Building target: XADC_intr.elf
Invoking: ARM v7 gcc linker
arm-none-eabi-gcc -mcpu=cortex-a9 -mfpu=vfpv3 -mfloat-abi=hard -Wl,-build-id=none -specs=Xilinx.spec -Wl,-T -Wl,../src/lscript.ld -L../../XADC_intr_bsp/ps7_cortexa9_0/lib -o "XADC_intr.elf"  ./src/main.o ./src/platform.o ./src/xadc.o   -Wl,--start-group,-lxil,-lgcc,-lc,--end-group
./src/main.o: In function `main':
/home/sebastian/Desktop/Git/EmbeddedSystems/XADC_intr/XADC_intr.sdk/XADC_intr/Debug/../src/main.c:28: undefined reference to `initGic'
collect2: error: ld returned 1 exit status
make: *** [makefile:41: XADC_intr.elf] Error 1
11:36:26 **** Auto Build of configuration Debug for project XADC_intr ****
make pre-build main-build 
a9-linaro-pre-build-step
 
Building file: ../src/main.c
Invoking: ARM v7 gcc compiler
arm-none-eabi-gcc -Wall -O0 -g3 -c -fmessage-length=0 -MT"src/main.o" -mcpu=cortex-a9 -mfpu=vfpv3 -mfloat-abi=hard -I../../XADC_intr_bsp/ps7_cortexa9_0/include -MMD -MP -MF"src/main.d" -MT"src/main.o" -o "src/main.o" "../src/main.c"
../src/main.c: In function 'main':
../src/main.c:28:5: warning: implicit declaration of function 'initGic'; did you mean 'initXAdc'? [-Wimplicit-function-declaration]
     initGic((Xil_ExceptionHandler)XAdcInterruptHandler);
     ^~~~~~~
     initXAdc
Finished building: ../src/main.c
 
Building file: ../src/xadc.c
Invoking: ARM v7 gcc compiler
arm-none-eabi-gcc -Wall -O0 -g3 -c -fmessage-length=0 -MT"src/xadc.o" -mcpu=cortex-a9 -mfpu=vfpv3 -mfloat-abi=hard -I../../XADC_intr_bsp/ps7_cortexa9_0/include -MMD -MP -MF"src/xadc.d" -MT"src/xadc.o" -o "src/xadc.o" "../src/xadc.c"
Finished building: ../src/xadc.c
 
Building target: XADC_intr.elf
Invoking: ARM v7 gcc linker
arm-none-eabi-gcc -mcpu=cortex-a9 -mfpu=vfpv3 -mfloat-abi=hard -Wl,-build-id=none -specs=Xilinx.spec -Wl,-T -Wl,../src/lscript.ld -L../../XADC_intr_bsp/ps7_cortexa9_0/lib -o "XADC_intr.elf"  ./src/main.o ./src/platform.o ./src/xadc.o   -Wl,--start-group,-lxil,-lgcc,-lc,--end-group
./src/main.o: In function `main':
/home/sebastian/Desktop/Git/EmbeddedSystems/XADC_intr/XADC_intr.sdk/XADC_intr/Debug/../src/main.c:28: undefined reference to `initGic'
collect2: error: ld returned 1 exit status
make: *** [makefile:41: XADC_intr.elf] Error 1
11:36:30 **** Auto Build of configuration Debug for project XADC_intr ****
make pre-build main-build 
a9-linaro-pre-build-step
 
Building file: ../src/main.c
Invoking: ARM v7 gcc compiler
arm-none-eabi-gcc -Wall -O0 -g3 -c -fmessage-length=0 -MT"src/main.o" -mcpu=cortex-a9 -mfpu=vfpv3 -mfloat-abi=hard -I../../XADC_intr_bsp/ps7_cortexa9_0/include -MMD -MP -MF"src/main.d" -MT"src/main.o" -o "src/main.o" "../src/main.c"
Finished building: ../src/main.c
 
Building target: XADC_intr.elf
Invoking: ARM v7 gcc linker
arm-none-eabi-gcc -mcpu=cortex-a9 -mfpu=vfpv3 -mfloat-abi=hard -Wl,-build-id=none -specs=Xilinx.spec -Wl,-T -Wl,../src/lscript.ld -L../../XADC_intr_bsp/ps7_cortexa9_0/lib -o "XADC_intr.elf"  ./src/main.o ./src/platform.o ./src/xadc.o   -Wl,--start-group,-lxil,-lgcc,-lc,--end-group
Finished building target: XADC_intr.elf
 
Invoking: ARM v7 Print Size
arm-none-eabi-size XADC_intr.elf  |tee "XADC_intr.elf.size"
   text	   data	    bss	    dec	    hex	filename
  33880	   1928	  22616	  58424	   e438	XADC_intr.elf
Finished building: XADC_intr.elf.size
 
