Copyright 1986-2018 Xilinx, Inc. All Rights Reserved.
--------------------------------------------------------------------------------------
| Tool Version : Vivado v.2018.3 (lin64) Build 2405991 Thu Dec  6 23:36:41 MST 2018
| Date         : Wed Mar  3 09:26:52 2021
| Host         : sebastian-ZBook running 64-bit Linux Mint 20
| Command      : report_control_sets -verbose -file stopwatch_control_sets_placed.rpt
| Design       : stopwatch
| Device       : xc7z010
--------------------------------------------------------------------------------------

Control Set Information

Table of Contents
-----------------
1. Summary
2. Histogram
3. Flip-Flop Distribution
4. Detailed Control Set Information

1. Summary
----------

+----------------------------------------------------------+-------+
|                          Status                          | Count |
+----------------------------------------------------------+-------+
| Number of unique control sets                            |     3 |
| Unused register locations in slices containing registers |    11 |
+----------------------------------------------------------+-------+


2. Histogram
------------

+--------+--------------+
| Fanout | Control Sets |
+--------+--------------+
|      4 |            1 |
|      6 |            1 |
|    16+ |            1 |
+--------+--------------+


3. Flip-Flop Distribution
-------------------------

+--------------+-----------------------+------------------------+-----------------+--------------+
| Clock Enable | Synchronous Set/Reset | Asynchronous Set/Reset | Total Registers | Total Slices |
+--------------+-----------------------+------------------------+-----------------+--------------+
| No           | No                    | No                     |               6 |            4 |
| No           | No                    | Yes                    |               0 |            0 |
| No           | Yes                   | No                     |              27 |            7 |
| Yes          | No                    | No                     |               0 |            0 |
| Yes          | No                    | Yes                    |               0 |            0 |
| Yes          | Yes                   | No                     |               4 |            1 |
+--------------+-----------------------+------------------------+-----------------+--------------+


4. Detailed Control Set Information
-----------------------------------

+-----------------------+--------------------+------------------+------------------+----------------+
|      Clock Signal     |    Enable Signal   | Set/Reset Signal | Slice Load Count | Bel Load Count |
+-----------------------+--------------------+------------------+------------------+----------------+
|  clock_125M_IBUF_BUFG | counter[3]_i_1_n_0 | btn_IBUF[1]      |                1 |              4 |
|  clock_125M_IBUF_BUFG |                    |                  |                4 |              6 |
|  clock_125M_IBUF_BUFG |                    | clear            |                7 |             27 |
+-----------------------+--------------------+------------------+------------------+----------------+


