Copyright 1986-2018 Xilinx, Inc. All Rights Reserved.
----------------------------------------------------------------------------------------------
| Tool Version : Vivado v.2018.3 (lin64) Build 2405991 Thu Dec  6 23:36:41 MST 2018
| Date         : Thu Apr 29 11:14:03 2021
| Host         : sebastian-ZBook running 64-bit Linux Mint 20
| Command      : report_control_sets -verbose -file XADC_intr_wrapper_control_sets_placed.rpt
| Design       : XADC_intr_wrapper
| Device       : xc7z010
----------------------------------------------------------------------------------------------

Control Set Information

Table of Contents
-----------------
1. Summary
2. Histogram
3. Flip-Flop Distribution
4. Detailed Control Set Information

1. Summary
----------

+----------------------------------------------------------+-------+
|                          Status                          | Count |
+----------------------------------------------------------+-------+
| Number of unique control sets                            |    37 |
| Unused register locations in slices containing registers |   118 |
+----------------------------------------------------------+-------+


2. Histogram
------------

+--------+--------------+
| Fanout | Control Sets |
+--------+--------------+
|      1 |            1 |
|      2 |            1 |
|      4 |            4 |
|      5 |            3 |
|      6 |            1 |
|      7 |            1 |
|      8 |            1 |
|     10 |            1 |
|     12 |            4 |
|     13 |            1 |
|     14 |            2 |
|    16+ |           17 |
+--------+--------------+


3. Flip-Flop Distribution
-------------------------

+--------------+-----------------------+------------------------+-----------------+--------------+
| Clock Enable | Synchronous Set/Reset | Asynchronous Set/Reset | Total Registers | Total Slices |
+--------------+-----------------------+------------------------+-----------------+--------------+
| No           | No                    | No                     |             116 |           36 |
| No           | No                    | Yes                    |               0 |            0 |
| No           | Yes                   | No                     |             186 |           55 |
| Yes          | No                    | No                     |             316 |           84 |
| Yes          | No                    | Yes                    |               0 |            0 |
| Yes          | Yes                   | No                     |              96 |           37 |
+--------------+-----------------------+------------------------+-----------------+--------------+


4. Detailed Control Set Information
-----------------------------------

+--------------------------------------------------+-----------------------------------------------------------------------------------------------------------------------------------------------------------------+--------------------------------------------------------------------------------------------------------------------------------------------------------+------------------+----------------+
|                   Clock Signal                   |                                                                          Enable Signal                                                                          |                                                                    Set/Reset Signal                                                                    | Slice Load Count | Bel Load Count |
+--------------------------------------------------+-----------------------------------------------------------------------------------------------------------------------------------------------------------------+--------------------------------------------------------------------------------------------------------------------------------------------------------+------------------+----------------+
|  XADC_intr_i/processing_system7_0/inst/FCLK_CLK0 | XADC_intr_i/ps7_0_axi_periph/s00_couplers/auto_pc/inst/gen_axilite.gen_b2s_conv.axilite_b2s/WR.aw_channel_0/aw_cmd_fsm_0/m_axi_awready_1                        | XADC_intr_i/ps7_0_axi_periph/s00_couplers/auto_pc/inst/gen_axilite.gen_b2s_conv.axilite_b2s/WR.aw_channel_0/aw_cmd_fsm_0/m_axi_awready_0               |                1 |              1 |
|  XADC_intr_i/processing_system7_0/inst/FCLK_CLK0 | XADC_intr_i/ps7_0_axi_periph/s00_couplers/auto_pc/inst/gen_axilite.gen_b2s_conv.axilite_b2s/WR.b_channel_0/bid_fifo_0/sel                                       |                                                                                                                                                        |                1 |              2 |
|  XADC_intr_i/processing_system7_0/inst/FCLK_CLK0 |                                                                                                                                                                 | XADC_intr_i/ps7_0_axi_periph/s00_couplers/auto_pc/inst/gen_axilite.gen_b2s_conv.axilite_b2s/SI_REG/ar.ar_pipe/aresetn_d_reg[1]_inv_0                   |                2 |              4 |
|  XADC_intr_i/processing_system7_0/inst/FCLK_CLK0 |                                                                                                                                                                 | XADC_intr_i/rst_ps7_0_100M/U0/EXT_LPF/lpf_int                                                                                                          |                2 |              4 |
|  XADC_intr_i/processing_system7_0/inst/FCLK_CLK0 |                                                                                                                                                                 | XADC_intr_i/ps7_0_axi_periph/s00_couplers/auto_pc/inst/gen_axilite.gen_b2s_conv.axilite_b2s/SI_REG/aw.aw_pipe/aresetn_d_reg[0]_0                       |                3 |              4 |
|  XADC_intr_i/processing_system7_0/inst/FCLK_CLK0 | XADC_intr_i/xadc_wiz_0/inst/AXI_XADC_CORE_I/D[6]                                                                                                                | XADC_intr_i/xadc_wiz_0/inst/AXI_LITE_IPIF_I/I_SLAVE_ATTACHMENT/reset2ip_reset                                                                          |                1 |              4 |
|  XADC_intr_i/processing_system7_0/inst/FCLK_CLK0 | XADC_intr_i/ps7_0_axi_periph/s00_couplers/auto_pc/inst/gen_axilite.gen_b2s_conv.axilite_b2s/RD.ar_channel_0/ar_cmd_fsm_0/m_valid_i_reg                          | XADC_intr_i/ps7_0_axi_periph/s00_couplers/auto_pc/inst/gen_axilite.gen_b2s_conv.axilite_b2s/RD.ar_channel_0/ar_cmd_fsm_0/FSM_sequential_state_reg[0]_0 |                3 |              5 |
|  XADC_intr_i/processing_system7_0/inst/FCLK_CLK0 | XADC_intr_i/ps7_0_axi_periph/s00_couplers/auto_pc/inst/gen_axilite.gen_b2s_conv.axilite_b2s/RD.r_channel_0/rd_data_fifo_0/cnt_read[4]_i_1_n_0                   | XADC_intr_i/ps7_0_axi_periph/s00_couplers/auto_pc/inst/gen_axilite.gen_b2s_conv.axilite_b2s/areset_d1                                                  |                2 |              5 |
|  XADC_intr_i/processing_system7_0/inst/FCLK_CLK0 | XADC_intr_i/ps7_0_axi_periph/s00_couplers/auto_pc/inst/gen_axilite.gen_b2s_conv.axilite_b2s/RD.r_channel_0/rd_data_fifo_0/E[0]                                  | XADC_intr_i/ps7_0_axi_periph/s00_couplers/auto_pc/inst/gen_axilite.gen_b2s_conv.axilite_b2s/areset_d1                                                  |                2 |              5 |
|  XADC_intr_i/processing_system7_0/inst/FCLK_CLK0 | XADC_intr_i/rst_ps7_0_100M/U0/SEQ/seq_cnt_en                                                                                                                    | XADC_intr_i/rst_ps7_0_100M/U0/SEQ/SEQ_COUNTER/clear                                                                                                    |                1 |              6 |
|  XADC_intr_i/processing_system7_0/inst/FCLK_CLK0 |                                                                                                                                                                 | XADC_intr_i/xadc_wiz_0/inst/AXI_LITE_IPIF_I/I_SLAVE_ATTACHMENT/p_2_out                                                                                 |                3 |              7 |
|  XADC_intr_i/processing_system7_0/inst/FCLK_CLK0 | XADC_intr_i/ps7_0_axi_periph/s00_couplers/auto_pc/inst/gen_axilite.gen_b2s_conv.axilite_b2s/WR.b_channel_0/mhandshake_r                                         | XADC_intr_i/ps7_0_axi_periph/s00_couplers/auto_pc/inst/gen_axilite.gen_b2s_conv.axilite_b2s/WR.b_channel_0/bid_fifo_0/SR[0]                            |                3 |              8 |
|  XADC_intr_i/processing_system7_0/inst/FCLK_CLK0 |                                                                                                                                                                 | XADC_intr_i/ps7_0_axi_periph/s00_couplers/auto_pc/inst/gen_axilite.gen_b2s_conv.axilite_b2s/areset_d1                                                  |                3 |             10 |
|  XADC_intr_i/processing_system7_0/inst/FCLK_CLK0 | XADC_intr_i/ps7_0_axi_periph/s00_couplers/auto_pc/inst/gen_axilite.gen_b2s_conv.axilite_b2s/RD.ar_channel_0/ar_cmd_fsm_0/sel_first_reg[0]                       |                                                                                                                                                        |                3 |             12 |
|  XADC_intr_i/processing_system7_0/inst/FCLK_CLK0 | XADC_intr_i/ps7_0_axi_periph/s00_couplers/auto_pc/inst/gen_axilite.gen_b2s_conv.axilite_b2s/RD.ar_channel_0/ar_cmd_fsm_0/E[0]                                   |                                                                                                                                                        |                5 |             12 |
|  XADC_intr_i/processing_system7_0/inst/FCLK_CLK0 | XADC_intr_i/ps7_0_axi_periph/s00_couplers/auto_pc/inst/gen_axilite.gen_b2s_conv.axilite_b2s/WR.aw_channel_0/cmd_translator_0/incr_cmd_0/axaddr_incr[11]_i_1_n_0 |                                                                                                                                                        |                2 |             12 |
|  XADC_intr_i/processing_system7_0/inst/FCLK_CLK0 | XADC_intr_i/ps7_0_axi_periph/s00_couplers/auto_pc/inst/gen_axilite.gen_b2s_conv.axilite_b2s/WR.aw_channel_0/aw_cmd_fsm_0/E[0]                                   |                                                                                                                                                        |                6 |             12 |
|  XADC_intr_i/processing_system7_0/inst/FCLK_CLK0 | XADC_intr_i/ps7_0_axi_periph/s00_couplers/auto_pc/inst/gen_axilite.gen_b2s_conv.axilite_b2s/RD.r_channel_0/r_push_r                                             |                                                                                                                                                        |                4 |             13 |
|  XADC_intr_i/processing_system7_0/inst/FCLK_CLK0 | XADC_intr_i/ps7_0_axi_periph/s00_couplers/auto_pc/inst/gen_axilite.gen_b2s_conv.axilite_b2s/SI_REG/b.b_pipe/p_1_in                                              |                                                                                                                                                        |                3 |             14 |
|  XADC_intr_i/processing_system7_0/inst/FCLK_CLK0 | XADC_intr_i/ps7_0_axi_periph/s00_couplers/auto_pc/inst/gen_axilite.gen_b2s_conv.axilite_b2s/SI_REG/b.b_pipe/s_ready_i_reg_0                                     |                                                                                                                                                        |                4 |             14 |
|  XADC_intr_i/processing_system7_0/inst/FCLK_CLK0 |                                                                                                                                                                 | XADC_intr_i/xadc_wiz_0/inst/AXI_XADC_CORE_I/do_reg[15]_i_1_n_0                                                                                         |                4 |             16 |
|  XADC_intr_i/processing_system7_0/inst/FCLK_CLK0 | XADC_intr_i/ps7_0_axi_periph/s00_couplers/auto_pc/inst/gen_axilite.gen_b2s_conv.axilite_b2s/WR.aw_channel_0/aw_cmd_fsm_0/b_push                                 |                                                                                                                                                        |                3 |             16 |
|  XADC_intr_i/processing_system7_0/inst/FCLK_CLK0 | XADC_intr_i/xadc_wiz_0/inst/AXI_LITE_IPIF_I/I_SLAVE_ATTACHMENT/I_DECODER/E[0]                                                                                   | XADC_intr_i/xadc_wiz_0/inst/AXI_LITE_IPIF_I/I_SLAVE_ATTACHMENT/reset2ip_reset                                                                          |                9 |             17 |
|  XADC_intr_i/processing_system7_0/inst/FCLK_CLK0 | XADC_intr_i/xadc_wiz_0/inst/AXI_LITE_IPIF_I/I_SLAVE_ATTACHMENT/s_axi_rresp_i                                                                                    | XADC_intr_i/xadc_wiz_0/inst/AXI_LITE_IPIF_I/I_SLAVE_ATTACHMENT/SR[0]                                                                                   |                5 |             20 |
|  XADC_intr_i/processing_system7_0/inst/FCLK_CLK0 | XADC_intr_i/ps7_0_axi_periph/s00_couplers/auto_pc/inst/gen_axilite.gen_b2s_conv.axilite_b2s/RD.r_channel_0/rd_data_fifo_0/wr_en0                                |                                                                                                                                                        |                5 |             20 |
|  XADC_intr_i/processing_system7_0/inst/FCLK_CLK0 | XADC_intr_i/ps7_0_axi_periph/s00_couplers/auto_pc/inst/gen_axilite.gen_b2s_conv.axilite_b2s/RD.ar_channel_0/ar_cmd_fsm_0/m_valid_i_reg                          |                                                                                                                                                        |                9 |             21 |
|  XADC_intr_i/processing_system7_0/inst/FCLK_CLK0 | XADC_intr_i/xadc_wiz_0/inst/AXI_LITE_IPIF_I/I_SLAVE_ATTACHMENT/I_DECODER/start                                                                                  | XADC_intr_i/xadc_wiz_0/inst/AXI_LITE_IPIF_I/I_SLAVE_ATTACHMENT/I_DECODER/cs_ce_clr                                                                     |               10 |             25 |
|  XADC_intr_i/processing_system7_0/inst/FCLK_CLK0 | XADC_intr_i/ps7_0_axi_periph/s00_couplers/auto_pc/inst/gen_axilite.gen_b2s_conv.axilite_b2s/WR.aw_channel_0/aw_cmd_fsm_0/m_axi_awready_1                        |                                                                                                                                                        |               12 |             25 |
|  XADC_intr_i/processing_system7_0/inst/FCLK_CLK0 |                                                                                                                                                                 | XADC_intr_i/xadc_wiz_0/inst/AXI_LITE_IPIF_I/I_SLAVE_ATTACHMENT/SR[0]                                                                                   |                6 |             26 |
|  XADC_intr_i/processing_system7_0/inst/FCLK_CLK0 | XADC_intr_i/ps7_0_axi_periph/s00_couplers/auto_pc/inst/gen_axilite.gen_b2s_conv.axilite_b2s/SI_REG/aw.aw_pipe/s_ready_i_reg_0                                   |                                                                                                                                                        |                9 |             32 |
|  XADC_intr_i/processing_system7_0/inst/FCLK_CLK0 | XADC_intr_i/ps7_0_axi_periph/s00_couplers/auto_pc/inst/gen_axilite.gen_b2s_conv.axilite_b2s/SI_REG/ar.ar_pipe/s_ready_i_reg_0                                   |                                                                                                                                                        |                5 |             32 |
|  XADC_intr_i/processing_system7_0/inst/FCLK_CLK0 | XADC_intr_i/ps7_0_axi_periph/s00_couplers/auto_pc/inst/gen_axilite.gen_b2s_conv.axilite_b2s/WR.aw_channel_0/aw_cmd_fsm_0/m_valid_i_reg[0]                       |                                                                                                                                                        |                6 |             32 |
|  XADC_intr_i/processing_system7_0/inst/FCLK_CLK0 | XADC_intr_i/ps7_0_axi_periph/s00_couplers/auto_pc/inst/gen_axilite.gen_b2s_conv.axilite_b2s/RD.ar_channel_0/ar_cmd_fsm_0/FSM_sequential_state_reg[1]_0[0]       |                                                                                                                                                        |                6 |             32 |
|  XADC_intr_i/processing_system7_0/inst/FCLK_CLK0 | XADC_intr_i/ps7_0_axi_periph/s00_couplers/auto_pc/inst/gen_axilite.gen_b2s_conv.axilite_b2s/SI_REG/r.r_pipe/p_1_in                                              |                                                                                                                                                        |                6 |             33 |
|  XADC_intr_i/processing_system7_0/inst/FCLK_CLK0 | XADC_intr_i/ps7_0_axi_periph/s00_couplers/auto_pc/inst/gen_axilite.gen_b2s_conv.axilite_b2s/SI_REG/r.r_pipe/s_ready_i_reg_0                                     |                                                                                                                                                        |                8 |             33 |
|  XADC_intr_i/processing_system7_0/inst/FCLK_CLK0 |                                                                                                                                                                 | XADC_intr_i/xadc_wiz_0/inst/AXI_LITE_IPIF_I/I_SLAVE_ATTACHMENT/reset2ip_reset                                                                          |               32 |            115 |
|  XADC_intr_i/processing_system7_0/inst/FCLK_CLK0 |                                                                                                                                                                 |                                                                                                                                                        |               37 |            117 |
+--------------------------------------------------+-----------------------------------------------------------------------------------------------------------------------------------------------------------------+--------------------------------------------------------------------------------------------------------------------------------------------------------+------------------+----------------+


