10:25:59 INFO  : Registering command handlers for SDK TCF services
10:26:01 INFO  : Launching XSCT server: xsct -n -interactive /home/sebastian/Desktop/Git/EmbeddedSystems/Lab4_V2/Lab4_V2.sdk/temp_xsdb_launch_script.tcl
10:26:04 INFO  : XSCT server has started successfully.
10:26:04 INFO  : Successfully done setting XSCT server connection channel  
10:26:04 INFO  : Successfully done setting SDK workspace  
10:26:04 INFO  : Processing command line option -hwspec /home/sebastian/Desktop/Git/EmbeddedSystems/Lab4_V2/Lab4_V2.sdk/top.hdf.
10:27:32 INFO  : 'targets -set -filter {jtag_cable_name =~ "Digilent Zybo 210279785819A" && level==0} -index 1' command is executed.
10:27:32 INFO  : 'fpga -state' command is executed.
10:27:32 INFO  : Connected to target on host '127.0.0.1' and port '3121'.
10:27:33 INFO  : Jtag cable 'Digilent Zybo 210279785819A' is selected.
10:27:33 INFO  : 'jtag frequency' command is executed.
10:27:33 INFO  : Sourcing of '/home/sebastian/Desktop/Git/EmbeddedSystems/Lab4_V2/Lab4_V2.sdk/top_hw_platform_0/ps7_init.tcl' is done.
10:27:33 INFO  : Context for 'APU' is selected.
10:27:33 INFO  : Hardware design information is loaded from '/home/sebastian/Desktop/Git/EmbeddedSystems/Lab4_V2/Lab4_V2.sdk/top_hw_platform_0/system.hdf'.
10:27:33 INFO  : 'configparams force-mem-access 1' command is executed.
10:27:33 INFO  : Context for 'APU' is selected.
10:27:33 INFO  : 'stop' command is executed.
10:27:33 INFO  : 'ps7_init' command is executed.
10:27:33 INFO  : 'ps7_post_config' command is executed.
10:27:33 INFO  : Context for processor 'ps7_cortexa9_0' is selected.
10:27:33 INFO  : Processor reset is completed for 'ps7_cortexa9_0'.
10:27:33 INFO  : Context for processor 'ps7_cortexa9_0' is selected.
10:27:33 INFO  : The application '/home/sebastian/Desktop/Git/EmbeddedSystems/Lab4_V2/Lab4_V2.sdk/Lab4_V2/Debug/Lab4_V2.elf' is downloaded to processor 'ps7_cortexa9_0'.
10:27:33 INFO  : 'configparams force-mem-access 0' command is executed.
10:27:33 INFO  : ----------------XSDB Script----------------
connect -url tcp:127.0.0.1:3121
source /home/sebastian/Desktop/Git/EmbeddedSystems/Lab4_V2/Lab4_V2.sdk/top_hw_platform_0/ps7_init.tcl
targets -set -nocase -filter {name =~"APU*" && jtag_cable_name =~ "Digilent Zybo 210279785819A"} -index 0
loadhw -hw /home/sebastian/Desktop/Git/EmbeddedSystems/Lab4_V2/Lab4_V2.sdk/top_hw_platform_0/system.hdf -mem-ranges [list {0x40000000 0xbfffffff}]
configparams force-mem-access 1
targets -set -nocase -filter {name =~"APU*" && jtag_cable_name =~ "Digilent Zybo 210279785819A"} -index 0
stop
ps7_init
ps7_post_config
targets -set -nocase -filter {name =~ "ARM*#0" && jtag_cable_name =~ "Digilent Zybo 210279785819A"} -index 0
rst -processor
targets -set -nocase -filter {name =~ "ARM*#0" && jtag_cable_name =~ "Digilent Zybo 210279785819A"} -index 0
dow /home/sebastian/Desktop/Git/EmbeddedSystems/Lab4_V2/Lab4_V2.sdk/Lab4_V2/Debug/Lab4_V2.elf
configparams force-mem-access 0
----------------End of Script----------------

10:27:33 INFO  : Memory regions updated for context APU
10:27:33 INFO  : Context for processor 'ps7_cortexa9_0' is selected.
10:27:33 INFO  : 'con' command is executed.
10:27:33 INFO  : ----------------XSDB Script (After Launch)----------------
targets -set -nocase -filter {name =~ "ARM*#0" && jtag_cable_name =~ "Digilent Zybo 210279785819A"} -index 0
con
----------------End of Script----------------

10:27:33 INFO  : Launch script is exported to file '/home/sebastian/Desktop/Git/EmbeddedSystems/Lab4_V2/Lab4_V2.sdk/.sdk/launch_scripts/xilinx_c-c++_application_(system_debugger)/system_debugger_using_debug_lab4_v2.elf_on_local.tcl'
10:27:55 INFO  : Disconnected from the channel tcfchan#1.
10:27:56 INFO  : Connected to target on host '127.0.0.1' and port '3121'.
10:27:56 INFO  : Jtag cable 'Digilent Zybo 210279785819A' is selected.
10:27:56 INFO  : 'jtag frequency' command is executed.
10:27:56 INFO  : Sourcing of '/home/sebastian/Desktop/Git/EmbeddedSystems/Lab4_V2/Lab4_V2.sdk/top_hw_platform_0/ps7_init.tcl' is done.
10:27:56 INFO  : Context for 'APU' is selected.
10:27:56 INFO  : System reset is completed.
10:27:59 INFO  : 'after 3000' command is executed.
10:27:59 INFO  : 'targets -set -filter {jtag_cable_name =~ "Digilent Zybo 210279785819A" && level==0} -index 1' command is executed.
10:28:00 INFO  : FPGA configured successfully with bitstream "/home/sebastian/Desktop/Git/EmbeddedSystems/Lab4_V2/Lab4_V2.sdk/top_hw_platform_0/top.bit"
10:28:00 INFO  : Context for 'APU' is selected.
10:28:01 INFO  : Hardware design information is loaded from '/home/sebastian/Desktop/Git/EmbeddedSystems/Lab4_V2/Lab4_V2.sdk/top_hw_platform_0/system.hdf'.
10:28:01 INFO  : 'configparams force-mem-access 1' command is executed.
10:28:01 INFO  : Context for 'APU' is selected.
10:28:02 INFO  : 'ps7_init' command is executed.
10:28:02 INFO  : 'ps7_post_config' command is executed.
10:28:02 INFO  : Context for processor 'ps7_cortexa9_0' is selected.
10:28:02 INFO  : The application '/home/sebastian/Desktop/Git/EmbeddedSystems/Lab4_V2/Lab4_V2.sdk/Lab4_V2/Debug/Lab4_V2.elf' is downloaded to processor 'ps7_cortexa9_0'.
10:28:02 INFO  : 'configparams force-mem-access 0' command is executed.
10:28:02 INFO  : ----------------XSDB Script----------------
connect -url tcp:127.0.0.1:3121
source /home/sebastian/Desktop/Git/EmbeddedSystems/Lab4_V2/Lab4_V2.sdk/top_hw_platform_0/ps7_init.tcl
targets -set -nocase -filter {name =~"APU*" && jtag_cable_name =~ "Digilent Zybo 210279785819A"} -index 0
rst -system
after 3000
targets -set -filter {jtag_cable_name =~ "Digilent Zybo 210279785819A" && level==0} -index 1
fpga -file /home/sebastian/Desktop/Git/EmbeddedSystems/Lab4_V2/Lab4_V2.sdk/top_hw_platform_0/top.bit
targets -set -nocase -filter {name =~"APU*" && jtag_cable_name =~ "Digilent Zybo 210279785819A"} -index 0
loadhw -hw /home/sebastian/Desktop/Git/EmbeddedSystems/Lab4_V2/Lab4_V2.sdk/top_hw_platform_0/system.hdf -mem-ranges [list {0x40000000 0xbfffffff}]
configparams force-mem-access 1
targets -set -nocase -filter {name =~"APU*" && jtag_cable_name =~ "Digilent Zybo 210279785819A"} -index 0
ps7_init
ps7_post_config
targets -set -nocase -filter {name =~ "ARM*#0" && jtag_cable_name =~ "Digilent Zybo 210279785819A"} -index 0
dow /home/sebastian/Desktop/Git/EmbeddedSystems/Lab4_V2/Lab4_V2.sdk/Lab4_V2/Debug/Lab4_V2.elf
configparams force-mem-access 0
----------------End of Script----------------

10:28:02 INFO  : Memory regions updated for context APU
10:28:02 INFO  : Context for processor 'ps7_cortexa9_0' is selected.
10:28:02 INFO  : 'con' command is executed.
10:28:02 INFO  : ----------------XSDB Script (After Launch)----------------
targets -set -nocase -filter {name =~ "ARM*#0" && jtag_cable_name =~ "Digilent Zybo 210279785819A"} -index 0
con
----------------End of Script----------------

10:28:02 INFO  : Launch script is exported to file '/home/sebastian/Desktop/Git/EmbeddedSystems/Lab4_V2/Lab4_V2.sdk/.sdk/launch_scripts/xilinx_c-c++_application_(system_debugger)/system_debugger_using_debug_lab4_v2.elf_on_local.tcl'
10:37:29 INFO  : SDK has detected change in the last modified timestamps for source hardware specification file Source:1616578627000,  Project:1616577924000
10:37:29 INFO  : Project top_hw_platform_0's source hardware specification located at /home/sebastian/Desktop/Git/EmbeddedSystems/Lab4_V2/Lab4_V2.sdk/top.hdf is now different from the local copy.
		 The local copy will be replaced with the source specification and your workspace will be updated.
10:37:31 INFO  : Copied contents of /home/sebastian/Desktop/Git/EmbeddedSystems/Lab4_V2/Lab4_V2.sdk/top.hdf into /top_hw_platform_0/system.hdf.
10:37:34 INFO  : Synchronizing projects in the workspace with the hardware platform specification changes.
10:37:35 INFO  : 
10:37:35 INFO  : Updating hardware inferred compiler options for Lab4_V2.
10:37:35 INFO  : Clearing existing target manager status.
10:37:35 INFO  : Closing and re-opening the MSS file of ther project Lab4_V2_bsp
10:37:36 INFO  : Workspace synchronized with the new hardware specification file. Cleaning dependent projects...
10:37:37 WARN  : Linker script will not be updated automatically. Users need to update it manually.
10:37:59 INFO  : Disconnected from the channel tcfchan#2.
10:38:00 INFO  : Connected to target on host '127.0.0.1' and port '3121'.
10:38:00 INFO  : Jtag cable 'Digilent Zybo 210279785819A' is selected.
10:38:00 INFO  : 'jtag frequency' command is executed.
10:38:00 INFO  : Sourcing of '/home/sebastian/Desktop/Git/EmbeddedSystems/Lab4_V2/Lab4_V2.sdk/top_hw_platform_0/ps7_init.tcl' is done.
10:38:00 INFO  : Context for 'APU' is selected.
10:38:00 INFO  : System reset is completed.
10:38:03 INFO  : 'after 3000' command is executed.
10:38:03 INFO  : 'targets -set -filter {jtag_cable_name =~ "Digilent Zybo 210279785819A" && level==0} -index 1' command is executed.
10:38:04 INFO  : FPGA configured successfully with bitstream "/home/sebastian/Desktop/Git/EmbeddedSystems/Lab4_V2/Lab4_V2.sdk/top_hw_platform_0/top.bit"
10:38:04 INFO  : Context for 'APU' is selected.
10:38:04 INFO  : Hardware design information is loaded from '/home/sebastian/Desktop/Git/EmbeddedSystems/Lab4_V2/Lab4_V2.sdk/top_hw_platform_0/system.hdf'.
10:38:04 INFO  : 'configparams force-mem-access 1' command is executed.
10:38:04 INFO  : Context for 'APU' is selected.
10:38:05 INFO  : 'ps7_init' command is executed.
10:38:05 INFO  : 'ps7_post_config' command is executed.
10:38:05 INFO  : Context for processor 'ps7_cortexa9_0' is selected.
10:38:05 INFO  : The application '/home/sebastian/Desktop/Git/EmbeddedSystems/Lab4_V2/Lab4_V2.sdk/Lab4_V2/Debug/Lab4_V2.elf' is downloaded to processor 'ps7_cortexa9_0'.
10:38:05 INFO  : 'configparams force-mem-access 0' command is executed.
10:38:05 INFO  : ----------------XSDB Script----------------
connect -url tcp:127.0.0.1:3121
source /home/sebastian/Desktop/Git/EmbeddedSystems/Lab4_V2/Lab4_V2.sdk/top_hw_platform_0/ps7_init.tcl
targets -set -nocase -filter {name =~"APU*" && jtag_cable_name =~ "Digilent Zybo 210279785819A"} -index 0
rst -system
after 3000
targets -set -filter {jtag_cable_name =~ "Digilent Zybo 210279785819A" && level==0} -index 1
fpga -file /home/sebastian/Desktop/Git/EmbeddedSystems/Lab4_V2/Lab4_V2.sdk/top_hw_platform_0/top.bit
targets -set -nocase -filter {name =~"APU*" && jtag_cable_name =~ "Digilent Zybo 210279785819A"} -index 0
loadhw -hw /home/sebastian/Desktop/Git/EmbeddedSystems/Lab4_V2/Lab4_V2.sdk/top_hw_platform_0/system.hdf -mem-ranges [list {0x40000000 0xbfffffff}]
configparams force-mem-access 1
targets -set -nocase -filter {name =~"APU*" && jtag_cable_name =~ "Digilent Zybo 210279785819A"} -index 0
ps7_init
ps7_post_config
targets -set -nocase -filter {name =~ "ARM*#0" && jtag_cable_name =~ "Digilent Zybo 210279785819A"} -index 0
dow /home/sebastian/Desktop/Git/EmbeddedSystems/Lab4_V2/Lab4_V2.sdk/Lab4_V2/Debug/Lab4_V2.elf
configparams force-mem-access 0
----------------End of Script----------------

10:38:05 INFO  : Memory regions updated for context APU
10:38:05 INFO  : Context for processor 'ps7_cortexa9_0' is selected.
10:38:05 INFO  : 'con' command is executed.
10:38:05 INFO  : ----------------XSDB Script (After Launch)----------------
targets -set -nocase -filter {name =~ "ARM*#0" && jtag_cable_name =~ "Digilent Zybo 210279785819A"} -index 0
con
----------------End of Script----------------

10:38:05 INFO  : Launch script is exported to file '/home/sebastian/Desktop/Git/EmbeddedSystems/Lab4_V2/Lab4_V2.sdk/.sdk/launch_scripts/xilinx_c-c++_application_(system_debugger)/system_debugger_using_debug_lab4_v2.elf_on_local.tcl'
10:39:04 INFO  : Disconnected from the channel tcfchan#3.
10:39:05 INFO  : Connected to target on host '127.0.0.1' and port '3121'.
10:39:05 INFO  : Jtag cable 'Digilent Zybo 210279785819A' is selected.
10:39:05 INFO  : 'jtag frequency' command is executed.
10:39:05 INFO  : Sourcing of '/home/sebastian/Desktop/Git/EmbeddedSystems/Lab4_V2/Lab4_V2.sdk/top_hw_platform_0/ps7_init.tcl' is done.
10:39:05 INFO  : Context for 'APU' is selected.
10:39:05 INFO  : System reset is completed.
10:39:08 INFO  : 'after 3000' command is executed.
10:39:08 INFO  : 'targets -set -filter {jtag_cable_name =~ "Digilent Zybo 210279785819A" && level==0} -index 1' command is executed.
10:39:09 INFO  : FPGA configured successfully with bitstream "/home/sebastian/Desktop/Git/EmbeddedSystems/Lab4_V2/Lab4_V2.sdk/top_hw_platform_0/top.bit"
10:39:09 INFO  : Context for 'APU' is selected.
10:39:11 INFO  : Hardware design information is loaded from '/home/sebastian/Desktop/Git/EmbeddedSystems/Lab4_V2/Lab4_V2.sdk/top_hw_platform_0/system.hdf'.
10:39:11 INFO  : 'configparams force-mem-access 1' command is executed.
10:39:11 INFO  : Context for 'APU' is selected.
10:39:11 INFO  : 'ps7_init' command is executed.
10:39:11 INFO  : 'ps7_post_config' command is executed.
10:39:11 INFO  : Context for processor 'ps7_cortexa9_0' is selected.
10:39:11 INFO  : The application '/home/sebastian/Desktop/Git/EmbeddedSystems/Lab4_V2/Lab4_V2.sdk/Lab4_V2/Debug/Lab4_V2.elf' is downloaded to processor 'ps7_cortexa9_0'.
10:39:11 INFO  : 'configparams force-mem-access 0' command is executed.
10:39:11 INFO  : ----------------XSDB Script----------------
connect -url tcp:127.0.0.1:3121
source /home/sebastian/Desktop/Git/EmbeddedSystems/Lab4_V2/Lab4_V2.sdk/top_hw_platform_0/ps7_init.tcl
targets -set -nocase -filter {name =~"APU*" && jtag_cable_name =~ "Digilent Zybo 210279785819A"} -index 0
rst -system
after 3000
targets -set -filter {jtag_cable_name =~ "Digilent Zybo 210279785819A" && level==0} -index 1
fpga -file /home/sebastian/Desktop/Git/EmbeddedSystems/Lab4_V2/Lab4_V2.sdk/top_hw_platform_0/top.bit
targets -set -nocase -filter {name =~"APU*" && jtag_cable_name =~ "Digilent Zybo 210279785819A"} -index 0
loadhw -hw /home/sebastian/Desktop/Git/EmbeddedSystems/Lab4_V2/Lab4_V2.sdk/top_hw_platform_0/system.hdf -mem-ranges [list {0x40000000 0xbfffffff}]
configparams force-mem-access 1
targets -set -nocase -filter {name =~"APU*" && jtag_cable_name =~ "Digilent Zybo 210279785819A"} -index 0
ps7_init
ps7_post_config
targets -set -nocase -filter {name =~ "ARM*#0" && jtag_cable_name =~ "Digilent Zybo 210279785819A"} -index 0
dow /home/sebastian/Desktop/Git/EmbeddedSystems/Lab4_V2/Lab4_V2.sdk/Lab4_V2/Debug/Lab4_V2.elf
configparams force-mem-access 0
----------------End of Script----------------

10:39:11 INFO  : Memory regions updated for context APU
10:39:11 INFO  : Context for processor 'ps7_cortexa9_0' is selected.
10:39:11 INFO  : 'con' command is executed.
10:39:11 INFO  : ----------------XSDB Script (After Launch)----------------
targets -set -nocase -filter {name =~ "ARM*#0" && jtag_cable_name =~ "Digilent Zybo 210279785819A"} -index 0
con
----------------End of Script----------------

10:39:11 INFO  : Launch script is exported to file '/home/sebastian/Desktop/Git/EmbeddedSystems/Lab4_V2/Lab4_V2.sdk/.sdk/launch_scripts/xilinx_c-c++_application_(system_debugger)/system_debugger_using_debug_lab4_v2.elf_on_local.tcl'
10:39:44 INFO  : Disconnected from the channel tcfchan#4.
10:39:45 INFO  : Connected to target on host '127.0.0.1' and port '3121'.
10:39:45 INFO  : Jtag cable 'Digilent Zybo 210279785819A' is selected.
10:39:45 INFO  : 'jtag frequency' command is executed.
10:39:45 INFO  : Sourcing of '/home/sebastian/Desktop/Git/EmbeddedSystems/Lab4_V2/Lab4_V2.sdk/top_hw_platform_0/ps7_init.tcl' is done.
10:39:45 INFO  : Context for 'APU' is selected.
10:39:45 INFO  : System reset is completed.
10:39:48 INFO  : 'after 3000' command is executed.
10:39:48 INFO  : 'targets -set -filter {jtag_cable_name =~ "Digilent Zybo 210279785819A" && level==0} -index 1' command is executed.
10:39:49 INFO  : FPGA configured successfully with bitstream "/home/sebastian/Desktop/Git/EmbeddedSystems/Lab4_V2/Lab4_V2.sdk/top_hw_platform_0/top.bit"
10:39:49 INFO  : Context for 'APU' is selected.
10:39:49 INFO  : Hardware design information is loaded from '/home/sebastian/Desktop/Git/EmbeddedSystems/Lab4_V2/Lab4_V2.sdk/top_hw_platform_0/system.hdf'.
10:39:49 INFO  : 'configparams force-mem-access 1' command is executed.
10:39:49 INFO  : Context for 'APU' is selected.
10:39:50 INFO  : 'ps7_init' command is executed.
10:39:50 INFO  : 'ps7_post_config' command is executed.
10:39:50 INFO  : Context for processor 'ps7_cortexa9_0' is selected.
10:39:50 INFO  : The application '/home/sebastian/Desktop/Git/EmbeddedSystems/Lab4_V2/Lab4_V2.sdk/Lab4_V2/Debug/Lab4_V2.elf' is downloaded to processor 'ps7_cortexa9_0'.
10:39:50 INFO  : 'configparams force-mem-access 0' command is executed.
10:39:50 INFO  : ----------------XSDB Script----------------
connect -url tcp:127.0.0.1:3121
source /home/sebastian/Desktop/Git/EmbeddedSystems/Lab4_V2/Lab4_V2.sdk/top_hw_platform_0/ps7_init.tcl
targets -set -nocase -filter {name =~"APU*" && jtag_cable_name =~ "Digilent Zybo 210279785819A"} -index 0
rst -system
after 3000
targets -set -filter {jtag_cable_name =~ "Digilent Zybo 210279785819A" && level==0} -index 1
fpga -file /home/sebastian/Desktop/Git/EmbeddedSystems/Lab4_V2/Lab4_V2.sdk/top_hw_platform_0/top.bit
targets -set -nocase -filter {name =~"APU*" && jtag_cable_name =~ "Digilent Zybo 210279785819A"} -index 0
loadhw -hw /home/sebastian/Desktop/Git/EmbeddedSystems/Lab4_V2/Lab4_V2.sdk/top_hw_platform_0/system.hdf -mem-ranges [list {0x40000000 0xbfffffff}]
configparams force-mem-access 1
targets -set -nocase -filter {name =~"APU*" && jtag_cable_name =~ "Digilent Zybo 210279785819A"} -index 0
ps7_init
ps7_post_config
targets -set -nocase -filter {name =~ "ARM*#0" && jtag_cable_name =~ "Digilent Zybo 210279785819A"} -index 0
dow /home/sebastian/Desktop/Git/EmbeddedSystems/Lab4_V2/Lab4_V2.sdk/Lab4_V2/Debug/Lab4_V2.elf
configparams force-mem-access 0
----------------End of Script----------------

10:39:50 INFO  : Memory regions updated for context APU
10:39:50 INFO  : Context for processor 'ps7_cortexa9_0' is selected.
10:39:50 INFO  : 'con' command is executed.
10:39:50 INFO  : ----------------XSDB Script (After Launch)----------------
targets -set -nocase -filter {name =~ "ARM*#0" && jtag_cable_name =~ "Digilent Zybo 210279785819A"} -index 0
con
----------------End of Script----------------

10:39:50 INFO  : Launch script is exported to file '/home/sebastian/Desktop/Git/EmbeddedSystems/Lab4_V2/Lab4_V2.sdk/.sdk/launch_scripts/xilinx_c-c++_application_(system_debugger)/system_debugger_using_debug_lab4_v2.elf_on_local.tcl'
10:40:38 INFO  : Disconnected from the channel tcfchan#5.
10:40:39 INFO  : Connected to target on host '127.0.0.1' and port '3121'.
10:40:39 INFO  : Jtag cable 'Digilent Zybo 210279785819A' is selected.
10:40:39 INFO  : 'jtag frequency' command is executed.
10:40:39 INFO  : Sourcing of '/home/sebastian/Desktop/Git/EmbeddedSystems/Lab4_V2/Lab4_V2.sdk/top_hw_platform_0/ps7_init.tcl' is done.
10:40:39 INFO  : Context for 'APU' is selected.
10:40:39 INFO  : System reset is completed.
10:40:42 INFO  : 'after 3000' command is executed.
10:40:42 INFO  : 'targets -set -filter {jtag_cable_name =~ "Digilent Zybo 210279785819A" && level==0} -index 1' command is executed.
10:40:44 INFO  : FPGA configured successfully with bitstream "/home/sebastian/Desktop/Git/EmbeddedSystems/Lab4_V2/Lab4_V2.sdk/top_hw_platform_0/top.bit"
10:40:44 INFO  : Context for 'APU' is selected.
10:40:44 INFO  : Hardware design information is loaded from '/home/sebastian/Desktop/Git/EmbeddedSystems/Lab4_V2/Lab4_V2.sdk/top_hw_platform_0/system.hdf'.
10:40:44 INFO  : 'configparams force-mem-access 1' command is executed.
10:40:44 INFO  : Context for 'APU' is selected.
10:40:44 INFO  : 'ps7_init' command is executed.
10:40:44 INFO  : 'ps7_post_config' command is executed.
10:40:44 INFO  : Context for processor 'ps7_cortexa9_0' is selected.
10:40:44 INFO  : The application '/home/sebastian/Desktop/Git/EmbeddedSystems/Lab4_V2/Lab4_V2.sdk/Lab4_V2/Debug/Lab4_V2.elf' is downloaded to processor 'ps7_cortexa9_0'.
10:40:44 INFO  : 'configparams force-mem-access 0' command is executed.
10:40:44 INFO  : ----------------XSDB Script----------------
connect -url tcp:127.0.0.1:3121
source /home/sebastian/Desktop/Git/EmbeddedSystems/Lab4_V2/Lab4_V2.sdk/top_hw_platform_0/ps7_init.tcl
targets -set -nocase -filter {name =~"APU*" && jtag_cable_name =~ "Digilent Zybo 210279785819A"} -index 0
rst -system
after 3000
targets -set -filter {jtag_cable_name =~ "Digilent Zybo 210279785819A" && level==0} -index 1
fpga -file /home/sebastian/Desktop/Git/EmbeddedSystems/Lab4_V2/Lab4_V2.sdk/top_hw_platform_0/top.bit
targets -set -nocase -filter {name =~"APU*" && jtag_cable_name =~ "Digilent Zybo 210279785819A"} -index 0
loadhw -hw /home/sebastian/Desktop/Git/EmbeddedSystems/Lab4_V2/Lab4_V2.sdk/top_hw_platform_0/system.hdf -mem-ranges [list {0x40000000 0xbfffffff}]
configparams force-mem-access 1
targets -set -nocase -filter {name =~"APU*" && jtag_cable_name =~ "Digilent Zybo 210279785819A"} -index 0
ps7_init
ps7_post_config
targets -set -nocase -filter {name =~ "ARM*#0" && jtag_cable_name =~ "Digilent Zybo 210279785819A"} -index 0
dow /home/sebastian/Desktop/Git/EmbeddedSystems/Lab4_V2/Lab4_V2.sdk/Lab4_V2/Debug/Lab4_V2.elf
configparams force-mem-access 0
----------------End of Script----------------

10:40:44 INFO  : Memory regions updated for context APU
10:40:44 INFO  : Context for processor 'ps7_cortexa9_0' is selected.
10:40:44 INFO  : 'con' command is executed.
10:40:44 INFO  : ----------------XSDB Script (After Launch)----------------
targets -set -nocase -filter {name =~ "ARM*#0" && jtag_cable_name =~ "Digilent Zybo 210279785819A"} -index 0
con
----------------End of Script----------------

10:40:44 INFO  : Launch script is exported to file '/home/sebastian/Desktop/Git/EmbeddedSystems/Lab4_V2/Lab4_V2.sdk/.sdk/launch_scripts/xilinx_c-c++_application_(system_debugger)/system_debugger_using_debug_lab4_v2.elf_on_local.tcl'
10:40:57 INFO  : Disconnected from the channel tcfchan#6.
10:40:58 INFO  : Connected to target on host '127.0.0.1' and port '3121'.
10:40:58 INFO  : Jtag cable 'Digilent Zybo 210279785819A' is selected.
10:40:58 INFO  : 'jtag frequency' command is executed.
10:40:58 INFO  : Sourcing of '/home/sebastian/Desktop/Git/EmbeddedSystems/Lab4_V2/Lab4_V2.sdk/top_hw_platform_0/ps7_init.tcl' is done.
10:40:58 INFO  : Context for 'APU' is selected.
10:40:58 INFO  : System reset is completed.
10:41:01 INFO  : 'after 3000' command is executed.
10:41:01 INFO  : 'targets -set -filter {jtag_cable_name =~ "Digilent Zybo 210279785819A" && level==0} -index 1' command is executed.
10:41:02 INFO  : FPGA configured successfully with bitstream "/home/sebastian/Desktop/Git/EmbeddedSystems/Lab4_V2/Lab4_V2.sdk/top_hw_platform_0/top.bit"
10:41:02 INFO  : Context for 'APU' is selected.
10:41:02 INFO  : Hardware design information is loaded from '/home/sebastian/Desktop/Git/EmbeddedSystems/Lab4_V2/Lab4_V2.sdk/top_hw_platform_0/system.hdf'.
10:41:02 INFO  : 'configparams force-mem-access 1' command is executed.
10:41:02 INFO  : Context for 'APU' is selected.
10:41:03 INFO  : 'ps7_init' command is executed.
10:41:03 INFO  : 'ps7_post_config' command is executed.
10:41:03 INFO  : Context for processor 'ps7_cortexa9_0' is selected.
10:41:03 INFO  : The application '/home/sebastian/Desktop/Git/EmbeddedSystems/Lab4_V2/Lab4_V2.sdk/Lab4_V2/Debug/Lab4_V2.elf' is downloaded to processor 'ps7_cortexa9_0'.
10:41:03 INFO  : 'configparams force-mem-access 0' command is executed.
10:41:03 INFO  : ----------------XSDB Script----------------
connect -url tcp:127.0.0.1:3121
source /home/sebastian/Desktop/Git/EmbeddedSystems/Lab4_V2/Lab4_V2.sdk/top_hw_platform_0/ps7_init.tcl
targets -set -nocase -filter {name =~"APU*" && jtag_cable_name =~ "Digilent Zybo 210279785819A"} -index 0
rst -system
after 3000
targets -set -filter {jtag_cable_name =~ "Digilent Zybo 210279785819A" && level==0} -index 1
fpga -file /home/sebastian/Desktop/Git/EmbeddedSystems/Lab4_V2/Lab4_V2.sdk/top_hw_platform_0/top.bit
targets -set -nocase -filter {name =~"APU*" && jtag_cable_name =~ "Digilent Zybo 210279785819A"} -index 0
loadhw -hw /home/sebastian/Desktop/Git/EmbeddedSystems/Lab4_V2/Lab4_V2.sdk/top_hw_platform_0/system.hdf -mem-ranges [list {0x40000000 0xbfffffff}]
configparams force-mem-access 1
targets -set -nocase -filter {name =~"APU*" && jtag_cable_name =~ "Digilent Zybo 210279785819A"} -index 0
ps7_init
ps7_post_config
targets -set -nocase -filter {name =~ "ARM*#0" && jtag_cable_name =~ "Digilent Zybo 210279785819A"} -index 0
dow /home/sebastian/Desktop/Git/EmbeddedSystems/Lab4_V2/Lab4_V2.sdk/Lab4_V2/Debug/Lab4_V2.elf
configparams force-mem-access 0
----------------End of Script----------------

10:41:03 INFO  : Memory regions updated for context APU
10:41:03 INFO  : Context for processor 'ps7_cortexa9_0' is selected.
10:41:03 INFO  : 'con' command is executed.
10:41:03 INFO  : ----------------XSDB Script (After Launch)----------------
targets -set -nocase -filter {name =~ "ARM*#0" && jtag_cable_name =~ "Digilent Zybo 210279785819A"} -index 0
con
----------------End of Script----------------

10:41:03 INFO  : Launch script is exported to file '/home/sebastian/Desktop/Git/EmbeddedSystems/Lab4_V2/Lab4_V2.sdk/.sdk/launch_scripts/xilinx_c-c++_application_(system_debugger)/system_debugger_using_debug_lab4_v2.elf_on_local.tcl'
10:41:20 INFO  : Disconnected from the channel tcfchan#7.
10:41:21 INFO  : Connected to target on host '127.0.0.1' and port '3121'.
10:41:21 INFO  : Jtag cable 'Digilent Zybo 210279785819A' is selected.
10:41:21 INFO  : 'jtag frequency' command is executed.
10:41:21 INFO  : Sourcing of '/home/sebastian/Desktop/Git/EmbeddedSystems/Lab4_V2/Lab4_V2.sdk/top_hw_platform_0/ps7_init.tcl' is done.
10:41:21 INFO  : Context for 'APU' is selected.
10:41:22 INFO  : System reset is completed.
10:41:25 INFO  : 'after 3000' command is executed.
10:41:25 INFO  : 'targets -set -filter {jtag_cable_name =~ "Digilent Zybo 210279785819A" && level==0} -index 1' command is executed.
10:41:26 INFO  : FPGA configured successfully with bitstream "/home/sebastian/Desktop/Git/EmbeddedSystems/Lab4_V2/Lab4_V2.sdk/top_hw_platform_0/top.bit"
10:41:26 INFO  : Context for 'APU' is selected.
10:41:26 INFO  : Hardware design information is loaded from '/home/sebastian/Desktop/Git/EmbeddedSystems/Lab4_V2/Lab4_V2.sdk/top_hw_platform_0/system.hdf'.
10:41:26 INFO  : 'configparams force-mem-access 1' command is executed.
10:41:26 INFO  : Context for 'APU' is selected.
10:41:26 INFO  : 'ps7_init' command is executed.
10:41:26 INFO  : 'ps7_post_config' command is executed.
10:41:26 INFO  : Context for processor 'ps7_cortexa9_0' is selected.
10:41:26 INFO  : The application '/home/sebastian/Desktop/Git/EmbeddedSystems/Lab4_V2/Lab4_V2.sdk/Lab4_V2/Debug/Lab4_V2.elf' is downloaded to processor 'ps7_cortexa9_0'.
10:41:26 INFO  : 'configparams force-mem-access 0' command is executed.
10:41:26 INFO  : ----------------XSDB Script----------------
connect -url tcp:127.0.0.1:3121
source /home/sebastian/Desktop/Git/EmbeddedSystems/Lab4_V2/Lab4_V2.sdk/top_hw_platform_0/ps7_init.tcl
targets -set -nocase -filter {name =~"APU*" && jtag_cable_name =~ "Digilent Zybo 210279785819A"} -index 0
rst -system
after 3000
targets -set -filter {jtag_cable_name =~ "Digilent Zybo 210279785819A" && level==0} -index 1
fpga -file /home/sebastian/Desktop/Git/EmbeddedSystems/Lab4_V2/Lab4_V2.sdk/top_hw_platform_0/top.bit
targets -set -nocase -filter {name =~"APU*" && jtag_cable_name =~ "Digilent Zybo 210279785819A"} -index 0
loadhw -hw /home/sebastian/Desktop/Git/EmbeddedSystems/Lab4_V2/Lab4_V2.sdk/top_hw_platform_0/system.hdf -mem-ranges [list {0x40000000 0xbfffffff}]
configparams force-mem-access 1
targets -set -nocase -filter {name =~"APU*" && jtag_cable_name =~ "Digilent Zybo 210279785819A"} -index 0
ps7_init
ps7_post_config
targets -set -nocase -filter {name =~ "ARM*#0" && jtag_cable_name =~ "Digilent Zybo 210279785819A"} -index 0
dow /home/sebastian/Desktop/Git/EmbeddedSystems/Lab4_V2/Lab4_V2.sdk/Lab4_V2/Debug/Lab4_V2.elf
configparams force-mem-access 0
----------------End of Script----------------

10:41:26 INFO  : Memory regions updated for context APU
10:41:26 INFO  : Context for processor 'ps7_cortexa9_0' is selected.
10:41:26 INFO  : 'con' command is executed.
10:41:26 INFO  : ----------------XSDB Script (After Launch)----------------
targets -set -nocase -filter {name =~ "ARM*#0" && jtag_cable_name =~ "Digilent Zybo 210279785819A"} -index 0
con
----------------End of Script----------------

10:41:26 INFO  : Launch script is exported to file '/home/sebastian/Desktop/Git/EmbeddedSystems/Lab4_V2/Lab4_V2.sdk/.sdk/launch_scripts/xilinx_c-c++_application_(system_debugger)/system_debugger_using_debug_lab4_v2.elf_on_local.tcl'
10:51:38 INFO  : Disconnected from the channel tcfchan#8.
