09:43:40 INFO  : Registering command handlers for SDK TCF services
09:43:43 INFO  : Launching XSCT server: xsct -n -interactive /home/sebastian/Desktop/Git/EmbeddedSystems/Lab4/Lab4.sdk/temp_xsdb_launch_script.tcl
09:43:48 INFO  : XSCT server has started successfully.
09:43:58 INFO  : Successfully done setting XSCT server connection channel  
09:43:58 INFO  : Successfully done setting SDK workspace  
09:43:58 INFO  : Processing command line option -hwspec /home/sebastian/Desktop/Git/EmbeddedSystems/Lab4/Lab4.sdk/top.hdf.
09:52:41 INFO  : Example project Lab4_bsp_xbram_example_1 has been created successfully.
10:57:33 INFO  : Registering command handlers for SDK TCF services
10:57:37 INFO  : Launching XSCT server: xsct -n -interactive /home/sebastian/Desktop/Git/EmbeddedSystems/Lab4/Lab4.sdk/temp_xsdb_launch_script.tcl
10:57:42 INFO  : XSCT server has started successfully.
10:57:53 INFO  : Successfully done setting XSCT server connection channel  
10:57:53 INFO  : Successfully done setting SDK workspace  
10:57:53 INFO  : Processing command line option -hwspec /home/sebastian/Desktop/Git/EmbeddedSystems/Lab4/Lab4.sdk/top.hdf.
10:57:53 INFO  : Checking for hwspec changes in the project top_hw_platform_0.
10:58:19 INFO  : Connected to target on host '127.0.0.1' and port '3121'.
10:58:19 INFO  : 'targets -set -filter {jtag_cable_name =~ "Digilent Zybo 210279785819A" && level==0} -index 1' command is executed.
10:58:20 INFO  : FPGA configured successfully with bitstream "/home/sebastian/Desktop/Git/EmbeddedSystems/Lab4/Lab4.sdk/top_hw_platform_0/top.bit"
10:58:39 INFO  : 'targets -set -filter {jtag_cable_name =~ "Digilent Zybo 210279785819A" && level==0} -index 1' command is executed.
10:58:39 INFO  : 'fpga -state' command is executed.
10:58:39 INFO  : Connected to target on host '127.0.0.1' and port '3121'.
10:58:39 INFO  : Jtag cable 'Digilent Zybo 210279785819A' is selected.
10:58:39 INFO  : 'jtag frequency' command is executed.
10:58:39 INFO  : Sourcing of '/home/sebastian/Desktop/Git/EmbeddedSystems/Lab4/Lab4.sdk/top_hw_platform_0/ps7_init.tcl' is done.
10:58:39 INFO  : Context for 'APU' is selected.
10:58:39 INFO  : Hardware design information is loaded from '/home/sebastian/Desktop/Git/EmbeddedSystems/Lab4/Lab4.sdk/top_hw_platform_0/system.hdf'.
10:58:39 INFO  : 'configparams force-mem-access 1' command is executed.
10:58:39 INFO  : Context for 'APU' is selected.
10:58:39 INFO  : 'stop' command is executed.
10:58:39 INFO  : 'ps7_init' command is executed.
10:58:39 INFO  : 'ps7_post_config' command is executed.
10:58:39 INFO  : Context for processor 'ps7_cortexa9_0' is selected.
10:58:39 INFO  : Processor reset is completed for 'ps7_cortexa9_0'.
10:58:39 INFO  : Context for processor 'ps7_cortexa9_0' is selected.
10:58:39 INFO  : The application '/home/sebastian/Desktop/Git/EmbeddedSystems/Lab4/Lab4.sdk/Lab4/Debug/Lab4.elf' is downloaded to processor 'ps7_cortexa9_0'.
10:58:39 INFO  : 'configparams force-mem-access 0' command is executed.
10:58:39 INFO  : ----------------XSDB Script----------------
connect -url tcp:127.0.0.1:3121
source /home/sebastian/Desktop/Git/EmbeddedSystems/Lab4/Lab4.sdk/top_hw_platform_0/ps7_init.tcl
targets -set -nocase -filter {name =~"APU*" && jtag_cable_name =~ "Digilent Zybo 210279785819A"} -index 0
loadhw -hw /home/sebastian/Desktop/Git/EmbeddedSystems/Lab4/Lab4.sdk/top_hw_platform_0/system.hdf -mem-ranges [list {0x40000000 0xbfffffff}]
configparams force-mem-access 1
targets -set -nocase -filter {name =~"APU*" && jtag_cable_name =~ "Digilent Zybo 210279785819A"} -index 0
stop
ps7_init
ps7_post_config
targets -set -nocase -filter {name =~ "ARM*#0" && jtag_cable_name =~ "Digilent Zybo 210279785819A"} -index 0
rst -processor
targets -set -nocase -filter {name =~ "ARM*#0" && jtag_cable_name =~ "Digilent Zybo 210279785819A"} -index 0
dow /home/sebastian/Desktop/Git/EmbeddedSystems/Lab4/Lab4.sdk/Lab4/Debug/Lab4.elf
configparams force-mem-access 0
----------------End of Script----------------

10:58:39 INFO  : Memory regions updated for context APU
10:58:39 INFO  : Context for processor 'ps7_cortexa9_0' is selected.
10:58:40 INFO  : 'con' command is executed.
10:58:40 INFO  : ----------------XSDB Script (After Launch)----------------
targets -set -nocase -filter {name =~ "ARM*#0" && jtag_cable_name =~ "Digilent Zybo 210279785819A"} -index 0
con
----------------End of Script----------------

10:58:40 INFO  : Launch script is exported to file '/home/sebastian/Desktop/Git/EmbeddedSystems/Lab4/Lab4.sdk/.sdk/launch_scripts/xilinx_c-c++_application_(system_debugger)/system_debugger_using_debug_lab4.elf_on_local.tcl'
10:59:30 INFO  : Disconnected from the channel tcfchan#1.
10:59:31 INFO  : 'targets -set -filter {jtag_cable_name =~ "Digilent Zybo 210279785819A" && level==0} -index 1' command is executed.
10:59:31 INFO  : 'fpga -state' command is executed.
10:59:31 INFO  : Connected to target on host '127.0.0.1' and port '3121'.
10:59:31 INFO  : Jtag cable 'Digilent Zybo 210279785819A' is selected.
10:59:31 INFO  : 'jtag frequency' command is executed.
10:59:31 INFO  : Sourcing of '/home/sebastian/Desktop/Git/EmbeddedSystems/Lab4/Lab4.sdk/top_hw_platform_0/ps7_init.tcl' is done.
10:59:31 INFO  : Context for 'APU' is selected.
10:59:33 INFO  : Hardware design information is loaded from '/home/sebastian/Desktop/Git/EmbeddedSystems/Lab4/Lab4.sdk/top_hw_platform_0/system.hdf'.
10:59:33 INFO  : 'configparams force-mem-access 1' command is executed.
10:59:33 INFO  : Context for 'APU' is selected.
10:59:33 INFO  : 'stop' command is executed.
10:59:33 INFO  : 'ps7_init' command is executed.
10:59:33 INFO  : 'ps7_post_config' command is executed.
10:59:33 INFO  : Context for processor 'ps7_cortexa9_0' is selected.
10:59:33 INFO  : Processor reset is completed for 'ps7_cortexa9_0'.
10:59:33 INFO  : Context for processor 'ps7_cortexa9_0' is selected.
10:59:33 INFO  : The application '/home/sebastian/Desktop/Git/EmbeddedSystems/Lab4/Lab4.sdk/Lab4/Debug/Lab4.elf' is downloaded to processor 'ps7_cortexa9_0'.
10:59:33 INFO  : 'configparams force-mem-access 0' command is executed.
10:59:33 INFO  : ----------------XSDB Script----------------
connect -url tcp:127.0.0.1:3121
source /home/sebastian/Desktop/Git/EmbeddedSystems/Lab4/Lab4.sdk/top_hw_platform_0/ps7_init.tcl
targets -set -nocase -filter {name =~"APU*" && jtag_cable_name =~ "Digilent Zybo 210279785819A"} -index 0
loadhw -hw /home/sebastian/Desktop/Git/EmbeddedSystems/Lab4/Lab4.sdk/top_hw_platform_0/system.hdf -mem-ranges [list {0x40000000 0xbfffffff}]
configparams force-mem-access 1
targets -set -nocase -filter {name =~"APU*" && jtag_cable_name =~ "Digilent Zybo 210279785819A"} -index 0
stop
ps7_init
ps7_post_config
targets -set -nocase -filter {name =~ "ARM*#0" && jtag_cable_name =~ "Digilent Zybo 210279785819A"} -index 0
rst -processor
targets -set -nocase -filter {name =~ "ARM*#0" && jtag_cable_name =~ "Digilent Zybo 210279785819A"} -index 0
dow /home/sebastian/Desktop/Git/EmbeddedSystems/Lab4/Lab4.sdk/Lab4/Debug/Lab4.elf
configparams force-mem-access 0
----------------End of Script----------------

10:59:33 INFO  : Memory regions updated for context APU
10:59:33 INFO  : Context for processor 'ps7_cortexa9_0' is selected.
10:59:33 INFO  : 'con' command is executed.
10:59:33 INFO  : ----------------XSDB Script (After Launch)----------------
targets -set -nocase -filter {name =~ "ARM*#0" && jtag_cable_name =~ "Digilent Zybo 210279785819A"} -index 0
con
----------------End of Script----------------

10:59:33 INFO  : Launch script is exported to file '/home/sebastian/Desktop/Git/EmbeddedSystems/Lab4/Lab4.sdk/.sdk/launch_scripts/xilinx_c-c++_application_(system_debugger)/system_debugger_using_debug_lab4.elf_on_local.tcl'
11:00:32 INFO  : Disconnected from the channel tcfchan#2.
11:00:33 INFO  : 'targets -set -filter {jtag_cable_name =~ "Digilent Zybo 210279785819A" && level==0} -index 1' command is executed.
11:00:33 INFO  : 'fpga -state' command is executed.
11:00:33 INFO  : Connected to target on host '127.0.0.1' and port '3121'.
11:00:33 INFO  : Jtag cable 'Digilent Zybo 210279785819A' is selected.
11:00:33 INFO  : 'jtag frequency' command is executed.
11:00:33 INFO  : Sourcing of '/home/sebastian/Desktop/Git/EmbeddedSystems/Lab4/Lab4.sdk/top_hw_platform_0/ps7_init.tcl' is done.
11:00:33 INFO  : Context for 'APU' is selected.
11:00:34 INFO  : Hardware design information is loaded from '/home/sebastian/Desktop/Git/EmbeddedSystems/Lab4/Lab4.sdk/top_hw_platform_0/system.hdf'.
11:00:34 INFO  : 'configparams force-mem-access 1' command is executed.
11:00:34 INFO  : Context for 'APU' is selected.
11:00:34 INFO  : 'stop' command is executed.
11:00:35 INFO  : 'ps7_init' command is executed.
11:00:35 INFO  : 'ps7_post_config' command is executed.
11:00:35 INFO  : Context for processor 'ps7_cortexa9_0' is selected.
11:00:35 INFO  : Processor reset is completed for 'ps7_cortexa9_0'.
11:00:35 INFO  : Context for processor 'ps7_cortexa9_0' is selected.
11:00:35 INFO  : The application '/home/sebastian/Desktop/Git/EmbeddedSystems/Lab4/Lab4.sdk/Lab4/Debug/Lab4.elf' is downloaded to processor 'ps7_cortexa9_0'.
11:00:35 INFO  : 'configparams force-mem-access 0' command is executed.
11:00:35 INFO  : ----------------XSDB Script----------------
connect -url tcp:127.0.0.1:3121
source /home/sebastian/Desktop/Git/EmbeddedSystems/Lab4/Lab4.sdk/top_hw_platform_0/ps7_init.tcl
targets -set -nocase -filter {name =~"APU*" && jtag_cable_name =~ "Digilent Zybo 210279785819A"} -index 0
loadhw -hw /home/sebastian/Desktop/Git/EmbeddedSystems/Lab4/Lab4.sdk/top_hw_platform_0/system.hdf -mem-ranges [list {0x40000000 0xbfffffff}]
configparams force-mem-access 1
targets -set -nocase -filter {name =~"APU*" && jtag_cable_name =~ "Digilent Zybo 210279785819A"} -index 0
stop
ps7_init
ps7_post_config
targets -set -nocase -filter {name =~ "ARM*#0" && jtag_cable_name =~ "Digilent Zybo 210279785819A"} -index 0
rst -processor
targets -set -nocase -filter {name =~ "ARM*#0" && jtag_cable_name =~ "Digilent Zybo 210279785819A"} -index 0
dow /home/sebastian/Desktop/Git/EmbeddedSystems/Lab4/Lab4.sdk/Lab4/Debug/Lab4.elf
configparams force-mem-access 0
----------------End of Script----------------

11:00:35 INFO  : Memory regions updated for context APU
11:00:35 INFO  : Context for processor 'ps7_cortexa9_0' is selected.
11:00:35 INFO  : 'con' command is executed.
11:00:35 INFO  : ----------------XSDB Script (After Launch)----------------
targets -set -nocase -filter {name =~ "ARM*#0" && jtag_cable_name =~ "Digilent Zybo 210279785819A"} -index 0
con
----------------End of Script----------------

11:00:35 INFO  : Launch script is exported to file '/home/sebastian/Desktop/Git/EmbeddedSystems/Lab4/Lab4.sdk/.sdk/launch_scripts/xilinx_c-c++_application_(system_debugger)/system_debugger_using_debug_lab4.elf_on_local.tcl'
11:01:19 INFO  : Disconnected from the channel tcfchan#3.
11:01:20 INFO  : 'targets -set -filter {jtag_cable_name =~ "Digilent Zybo 210279785819A" && level==0} -index 1' command is executed.
11:01:20 INFO  : 'fpga -state' command is executed.
11:01:20 INFO  : Connected to target on host '127.0.0.1' and port '3121'.
11:01:21 INFO  : Jtag cable 'Digilent Zybo 210279785819A' is selected.
11:01:21 INFO  : 'jtag frequency' command is executed.
11:01:21 INFO  : Sourcing of '/home/sebastian/Desktop/Git/EmbeddedSystems/Lab4/Lab4.sdk/top_hw_platform_0/ps7_init.tcl' is done.
11:01:21 INFO  : Context for 'APU' is selected.
11:01:22 INFO  : Hardware design information is loaded from '/home/sebastian/Desktop/Git/EmbeddedSystems/Lab4/Lab4.sdk/top_hw_platform_0/system.hdf'.
11:01:22 INFO  : 'configparams force-mem-access 1' command is executed.
11:01:22 INFO  : Context for 'APU' is selected.
11:01:22 INFO  : 'stop' command is executed.
11:01:22 INFO  : 'ps7_init' command is executed.
11:01:22 INFO  : 'ps7_post_config' command is executed.
11:01:22 INFO  : Context for processor 'ps7_cortexa9_0' is selected.
11:01:22 INFO  : Processor reset is completed for 'ps7_cortexa9_0'.
11:01:22 INFO  : Context for processor 'ps7_cortexa9_0' is selected.
11:01:22 INFO  : The application '/home/sebastian/Desktop/Git/EmbeddedSystems/Lab4/Lab4.sdk/Lab4/Debug/Lab4.elf' is downloaded to processor 'ps7_cortexa9_0'.
11:01:22 INFO  : 'configparams force-mem-access 0' command is executed.
11:01:22 INFO  : ----------------XSDB Script----------------
connect -url tcp:127.0.0.1:3121
source /home/sebastian/Desktop/Git/EmbeddedSystems/Lab4/Lab4.sdk/top_hw_platform_0/ps7_init.tcl
targets -set -nocase -filter {name =~"APU*" && jtag_cable_name =~ "Digilent Zybo 210279785819A"} -index 0
loadhw -hw /home/sebastian/Desktop/Git/EmbeddedSystems/Lab4/Lab4.sdk/top_hw_platform_0/system.hdf -mem-ranges [list {0x40000000 0xbfffffff}]
configparams force-mem-access 1
targets -set -nocase -filter {name =~"APU*" && jtag_cable_name =~ "Digilent Zybo 210279785819A"} -index 0
stop
ps7_init
ps7_post_config
targets -set -nocase -filter {name =~ "ARM*#0" && jtag_cable_name =~ "Digilent Zybo 210279785819A"} -index 0
rst -processor
targets -set -nocase -filter {name =~ "ARM*#0" && jtag_cable_name =~ "Digilent Zybo 210279785819A"} -index 0
dow /home/sebastian/Desktop/Git/EmbeddedSystems/Lab4/Lab4.sdk/Lab4/Debug/Lab4.elf
configparams force-mem-access 0
----------------End of Script----------------

11:01:23 INFO  : Memory regions updated for context APU
11:01:23 INFO  : Context for processor 'ps7_cortexa9_0' is selected.
11:01:23 INFO  : 'con' command is executed.
11:01:23 INFO  : ----------------XSDB Script (After Launch)----------------
targets -set -nocase -filter {name =~ "ARM*#0" && jtag_cable_name =~ "Digilent Zybo 210279785819A"} -index 0
con
----------------End of Script----------------

11:01:23 INFO  : Launch script is exported to file '/home/sebastian/Desktop/Git/EmbeddedSystems/Lab4/Lab4.sdk/.sdk/launch_scripts/xilinx_c-c++_application_(system_debugger)/system_debugger_using_debug_lab4.elf_on_local.tcl'
11:02:27 INFO  : Disconnected from the channel tcfchan#4.
11:02:28 INFO  : 'targets -set -filter {jtag_cable_name =~ "Digilent Zybo 210279785819A" && level==0} -index 1' command is executed.
11:02:28 INFO  : 'fpga -state' command is executed.
11:02:28 INFO  : Connected to target on host '127.0.0.1' and port '3121'.
11:02:28 INFO  : Jtag cable 'Digilent Zybo 210279785819A' is selected.
11:02:28 INFO  : 'jtag frequency' command is executed.
11:02:28 INFO  : Sourcing of '/home/sebastian/Desktop/Git/EmbeddedSystems/Lab4/Lab4.sdk/top_hw_platform_0/ps7_init.tcl' is done.
11:02:28 INFO  : Context for 'APU' is selected.
11:02:29 INFO  : Hardware design information is loaded from '/home/sebastian/Desktop/Git/EmbeddedSystems/Lab4/Lab4.sdk/top_hw_platform_0/system.hdf'.
11:02:29 INFO  : 'configparams force-mem-access 1' command is executed.
11:02:29 INFO  : Context for 'APU' is selected.
11:02:29 INFO  : 'stop' command is executed.
11:02:30 INFO  : 'ps7_init' command is executed.
11:02:30 INFO  : 'ps7_post_config' command is executed.
11:02:30 INFO  : Context for processor 'ps7_cortexa9_0' is selected.
11:02:30 INFO  : Processor reset is completed for 'ps7_cortexa9_0'.
11:02:30 INFO  : Context for processor 'ps7_cortexa9_0' is selected.
11:02:30 INFO  : The application '/home/sebastian/Desktop/Git/EmbeddedSystems/Lab4/Lab4.sdk/Lab4/Debug/Lab4.elf' is downloaded to processor 'ps7_cortexa9_0'.
11:02:30 INFO  : 'configparams force-mem-access 0' command is executed.
11:02:30 INFO  : ----------------XSDB Script----------------
connect -url tcp:127.0.0.1:3121
source /home/sebastian/Desktop/Git/EmbeddedSystems/Lab4/Lab4.sdk/top_hw_platform_0/ps7_init.tcl
targets -set -nocase -filter {name =~"APU*" && jtag_cable_name =~ "Digilent Zybo 210279785819A"} -index 0
loadhw -hw /home/sebastian/Desktop/Git/EmbeddedSystems/Lab4/Lab4.sdk/top_hw_platform_0/system.hdf -mem-ranges [list {0x40000000 0xbfffffff}]
configparams force-mem-access 1
targets -set -nocase -filter {name =~"APU*" && jtag_cable_name =~ "Digilent Zybo 210279785819A"} -index 0
stop
ps7_init
ps7_post_config
targets -set -nocase -filter {name =~ "ARM*#0" && jtag_cable_name =~ "Digilent Zybo 210279785819A"} -index 0
rst -processor
targets -set -nocase -filter {name =~ "ARM*#0" && jtag_cable_name =~ "Digilent Zybo 210279785819A"} -index 0
dow /home/sebastian/Desktop/Git/EmbeddedSystems/Lab4/Lab4.sdk/Lab4/Debug/Lab4.elf
configparams force-mem-access 0
----------------End of Script----------------

11:02:30 INFO  : Memory regions updated for context APU
11:02:30 INFO  : Context for processor 'ps7_cortexa9_0' is selected.
11:02:30 INFO  : 'con' command is executed.
11:02:30 INFO  : ----------------XSDB Script (After Launch)----------------
targets -set -nocase -filter {name =~ "ARM*#0" && jtag_cable_name =~ "Digilent Zybo 210279785819A"} -index 0
con
----------------End of Script----------------

11:02:30 INFO  : Launch script is exported to file '/home/sebastian/Desktop/Git/EmbeddedSystems/Lab4/Lab4.sdk/.sdk/launch_scripts/xilinx_c-c++_application_(system_debugger)/system_debugger_using_debug_lab4.elf_on_local.tcl'
11:02:45 INFO  : Disconnected from the channel tcfchan#5.
11:02:46 INFO  : 'targets -set -filter {jtag_cable_name =~ "Digilent Zybo 210279785819A" && level==0} -index 1' command is executed.
11:02:46 INFO  : 'fpga -state' command is executed.
11:02:46 INFO  : Connected to target on host '127.0.0.1' and port '3121'.
11:02:47 INFO  : Jtag cable 'Digilent Zybo 210279785819A' is selected.
11:02:47 INFO  : 'jtag frequency' command is executed.
11:02:47 INFO  : Sourcing of '/home/sebastian/Desktop/Git/EmbeddedSystems/Lab4/Lab4.sdk/top_hw_platform_0/ps7_init.tcl' is done.
11:02:47 INFO  : Context for 'APU' is selected.
11:02:48 INFO  : Hardware design information is loaded from '/home/sebastian/Desktop/Git/EmbeddedSystems/Lab4/Lab4.sdk/top_hw_platform_0/system.hdf'.
11:02:48 INFO  : 'configparams force-mem-access 1' command is executed.
11:02:48 INFO  : Context for 'APU' is selected.
11:02:48 INFO  : 'stop' command is executed.
11:02:48 INFO  : 'ps7_init' command is executed.
11:02:48 INFO  : 'ps7_post_config' command is executed.
11:02:48 INFO  : Context for processor 'ps7_cortexa9_0' is selected.
11:02:48 INFO  : Processor reset is completed for 'ps7_cortexa9_0'.
11:02:48 INFO  : Context for processor 'ps7_cortexa9_0' is selected.
11:02:49 INFO  : The application '/home/sebastian/Desktop/Git/EmbeddedSystems/Lab4/Lab4.sdk/Lab4/Debug/Lab4.elf' is downloaded to processor 'ps7_cortexa9_0'.
11:02:49 INFO  : 'configparams force-mem-access 0' command is executed.
11:02:49 INFO  : ----------------XSDB Script----------------
connect -url tcp:127.0.0.1:3121
source /home/sebastian/Desktop/Git/EmbeddedSystems/Lab4/Lab4.sdk/top_hw_platform_0/ps7_init.tcl
targets -set -nocase -filter {name =~"APU*" && jtag_cable_name =~ "Digilent Zybo 210279785819A"} -index 0
loadhw -hw /home/sebastian/Desktop/Git/EmbeddedSystems/Lab4/Lab4.sdk/top_hw_platform_0/system.hdf -mem-ranges [list {0x40000000 0xbfffffff}]
configparams force-mem-access 1
targets -set -nocase -filter {name =~"APU*" && jtag_cable_name =~ "Digilent Zybo 210279785819A"} -index 0
stop
ps7_init
ps7_post_config
targets -set -nocase -filter {name =~ "ARM*#0" && jtag_cable_name =~ "Digilent Zybo 210279785819A"} -index 0
rst -processor
targets -set -nocase -filter {name =~ "ARM*#0" && jtag_cable_name =~ "Digilent Zybo 210279785819A"} -index 0
dow /home/sebastian/Desktop/Git/EmbeddedSystems/Lab4/Lab4.sdk/Lab4/Debug/Lab4.elf
configparams force-mem-access 0
----------------End of Script----------------

11:02:49 INFO  : Memory regions updated for context APU
11:02:49 INFO  : Context for processor 'ps7_cortexa9_0' is selected.
11:02:49 INFO  : 'con' command is executed.
11:02:49 INFO  : ----------------XSDB Script (After Launch)----------------
targets -set -nocase -filter {name =~ "ARM*#0" && jtag_cable_name =~ "Digilent Zybo 210279785819A"} -index 0
con
----------------End of Script----------------

11:02:49 INFO  : Launch script is exported to file '/home/sebastian/Desktop/Git/EmbeddedSystems/Lab4/Lab4.sdk/.sdk/launch_scripts/xilinx_c-c++_application_(system_debugger)/system_debugger_using_debug_lab4.elf_on_local.tcl'
11:03:27 INFO  : Disconnected from the channel tcfchan#6.
11:03:29 INFO  : 'targets -set -filter {jtag_cable_name =~ "Digilent Zybo 210279785819A" && level==0} -index 1' command is executed.
11:03:29 INFO  : 'fpga -state' command is executed.
11:03:29 INFO  : Connected to target on host '127.0.0.1' and port '3121'.
11:03:29 INFO  : Jtag cable 'Digilent Zybo 210279785819A' is selected.
11:03:29 INFO  : 'jtag frequency' command is executed.
11:03:29 INFO  : Sourcing of '/home/sebastian/Desktop/Git/EmbeddedSystems/Lab4/Lab4.sdk/top_hw_platform_0/ps7_init.tcl' is done.
11:03:29 INFO  : Context for 'APU' is selected.
11:03:30 INFO  : Hardware design information is loaded from '/home/sebastian/Desktop/Git/EmbeddedSystems/Lab4/Lab4.sdk/top_hw_platform_0/system.hdf'.
11:03:30 INFO  : 'configparams force-mem-access 1' command is executed.
11:03:30 INFO  : Context for 'APU' is selected.
11:03:30 INFO  : 'stop' command is executed.
11:03:30 INFO  : 'ps7_init' command is executed.
11:03:30 INFO  : 'ps7_post_config' command is executed.
11:03:30 INFO  : Context for processor 'ps7_cortexa9_0' is selected.
11:03:30 INFO  : Processor reset is completed for 'ps7_cortexa9_0'.
11:03:30 INFO  : Context for processor 'ps7_cortexa9_0' is selected.
11:03:30 INFO  : The application '/home/sebastian/Desktop/Git/EmbeddedSystems/Lab4/Lab4.sdk/Lab4/Debug/Lab4.elf' is downloaded to processor 'ps7_cortexa9_0'.
11:03:30 INFO  : 'configparams force-mem-access 0' command is executed.
11:03:30 INFO  : ----------------XSDB Script----------------
connect -url tcp:127.0.0.1:3121
source /home/sebastian/Desktop/Git/EmbeddedSystems/Lab4/Lab4.sdk/top_hw_platform_0/ps7_init.tcl
targets -set -nocase -filter {name =~"APU*" && jtag_cable_name =~ "Digilent Zybo 210279785819A"} -index 0
loadhw -hw /home/sebastian/Desktop/Git/EmbeddedSystems/Lab4/Lab4.sdk/top_hw_platform_0/system.hdf -mem-ranges [list {0x40000000 0xbfffffff}]
configparams force-mem-access 1
targets -set -nocase -filter {name =~"APU*" && jtag_cable_name =~ "Digilent Zybo 210279785819A"} -index 0
stop
ps7_init
ps7_post_config
targets -set -nocase -filter {name =~ "ARM*#0" && jtag_cable_name =~ "Digilent Zybo 210279785819A"} -index 0
rst -processor
targets -set -nocase -filter {name =~ "ARM*#0" && jtag_cable_name =~ "Digilent Zybo 210279785819A"} -index 0
dow /home/sebastian/Desktop/Git/EmbeddedSystems/Lab4/Lab4.sdk/Lab4/Debug/Lab4.elf
configparams force-mem-access 0
----------------End of Script----------------

11:03:31 INFO  : Memory regions updated for context APU
11:03:31 INFO  : Context for processor 'ps7_cortexa9_0' is selected.
11:03:31 INFO  : 'con' command is executed.
11:03:31 INFO  : ----------------XSDB Script (After Launch)----------------
targets -set -nocase -filter {name =~ "ARM*#0" && jtag_cable_name =~ "Digilent Zybo 210279785819A"} -index 0
con
----------------End of Script----------------

11:03:31 INFO  : Launch script is exported to file '/home/sebastian/Desktop/Git/EmbeddedSystems/Lab4/Lab4.sdk/.sdk/launch_scripts/xilinx_c-c++_application_(system_debugger)/system_debugger_using_debug_lab4.elf_on_local.tcl'
11:03:56 INFO  : Disconnected from the channel tcfchan#7.
11:03:57 INFO  : 'targets -set -filter {jtag_cable_name =~ "Digilent Zybo 210279785819A" && level==0} -index 1' command is executed.
11:03:57 INFO  : 'fpga -state' command is executed.
11:03:57 INFO  : Connected to target on host '127.0.0.1' and port '3121'.
11:03:57 INFO  : Jtag cable 'Digilent Zybo 210279785819A' is selected.
11:03:57 INFO  : 'jtag frequency' command is executed.
11:03:57 INFO  : Sourcing of '/home/sebastian/Desktop/Git/EmbeddedSystems/Lab4/Lab4.sdk/top_hw_platform_0/ps7_init.tcl' is done.
11:03:57 INFO  : Context for 'APU' is selected.
11:03:59 INFO  : Hardware design information is loaded from '/home/sebastian/Desktop/Git/EmbeddedSystems/Lab4/Lab4.sdk/top_hw_platform_0/system.hdf'.
11:03:59 INFO  : 'configparams force-mem-access 1' command is executed.
11:03:59 INFO  : Context for 'APU' is selected.
11:03:59 INFO  : 'stop' command is executed.
11:03:59 INFO  : 'ps7_init' command is executed.
11:03:59 INFO  : 'ps7_post_config' command is executed.
11:03:59 INFO  : Context for processor 'ps7_cortexa9_0' is selected.
11:03:59 INFO  : Processor reset is completed for 'ps7_cortexa9_0'.
11:03:59 INFO  : Context for processor 'ps7_cortexa9_0' is selected.
11:03:59 INFO  : The application '/home/sebastian/Desktop/Git/EmbeddedSystems/Lab4/Lab4.sdk/Lab4/Debug/Lab4.elf' is downloaded to processor 'ps7_cortexa9_0'.
11:03:59 INFO  : 'configparams force-mem-access 0' command is executed.
11:03:59 INFO  : ----------------XSDB Script----------------
connect -url tcp:127.0.0.1:3121
source /home/sebastian/Desktop/Git/EmbeddedSystems/Lab4/Lab4.sdk/top_hw_platform_0/ps7_init.tcl
targets -set -nocase -filter {name =~"APU*" && jtag_cable_name =~ "Digilent Zybo 210279785819A"} -index 0
loadhw -hw /home/sebastian/Desktop/Git/EmbeddedSystems/Lab4/Lab4.sdk/top_hw_platform_0/system.hdf -mem-ranges [list {0x40000000 0xbfffffff}]
configparams force-mem-access 1
targets -set -nocase -filter {name =~"APU*" && jtag_cable_name =~ "Digilent Zybo 210279785819A"} -index 0
stop
ps7_init
ps7_post_config
targets -set -nocase -filter {name =~ "ARM*#0" && jtag_cable_name =~ "Digilent Zybo 210279785819A"} -index 0
rst -processor
targets -set -nocase -filter {name =~ "ARM*#0" && jtag_cable_name =~ "Digilent Zybo 210279785819A"} -index 0
dow /home/sebastian/Desktop/Git/EmbeddedSystems/Lab4/Lab4.sdk/Lab4/Debug/Lab4.elf
configparams force-mem-access 0
----------------End of Script----------------

11:03:59 INFO  : Memory regions updated for context APU
11:03:59 INFO  : Context for processor 'ps7_cortexa9_0' is selected.
11:03:59 INFO  : 'con' command is executed.
11:03:59 INFO  : ----------------XSDB Script (After Launch)----------------
targets -set -nocase -filter {name =~ "ARM*#0" && jtag_cable_name =~ "Digilent Zybo 210279785819A"} -index 0
con
----------------End of Script----------------

11:03:59 INFO  : Launch script is exported to file '/home/sebastian/Desktop/Git/EmbeddedSystems/Lab4/Lab4.sdk/.sdk/launch_scripts/xilinx_c-c++_application_(system_debugger)/system_debugger_using_debug_lab4.elf_on_local.tcl'
11:04:56 INFO  : Disconnected from the channel tcfchan#8.
11:04:57 INFO  : 'targets -set -filter {jtag_cable_name =~ "Digilent Zybo 210279785819A" && level==0} -index 1' command is executed.
11:04:57 INFO  : 'fpga -state' command is executed.
11:04:57 INFO  : Connected to target on host '127.0.0.1' and port '3121'.
11:04:57 INFO  : Jtag cable 'Digilent Zybo 210279785819A' is selected.
11:04:57 INFO  : 'jtag frequency' command is executed.
11:04:57 INFO  : Sourcing of '/home/sebastian/Desktop/Git/EmbeddedSystems/Lab4/Lab4.sdk/top_hw_platform_0/ps7_init.tcl' is done.
11:04:57 INFO  : Context for 'APU' is selected.
11:04:58 INFO  : Hardware design information is loaded from '/home/sebastian/Desktop/Git/EmbeddedSystems/Lab4/Lab4.sdk/top_hw_platform_0/system.hdf'.
11:04:58 INFO  : 'configparams force-mem-access 1' command is executed.
11:04:58 INFO  : Context for 'APU' is selected.
11:04:58 INFO  : 'stop' command is executed.
11:04:58 INFO  : 'ps7_init' command is executed.
11:04:58 INFO  : 'ps7_post_config' command is executed.
11:04:58 INFO  : Context for processor 'ps7_cortexa9_0' is selected.
11:04:58 INFO  : Processor reset is completed for 'ps7_cortexa9_0'.
11:04:58 INFO  : Context for processor 'ps7_cortexa9_0' is selected.
11:04:59 INFO  : The application '/home/sebastian/Desktop/Git/EmbeddedSystems/Lab4/Lab4.sdk/Lab4/Debug/Lab4.elf' is downloaded to processor 'ps7_cortexa9_0'.
11:04:59 INFO  : 'configparams force-mem-access 0' command is executed.
11:04:59 INFO  : ----------------XSDB Script----------------
connect -url tcp:127.0.0.1:3121
source /home/sebastian/Desktop/Git/EmbeddedSystems/Lab4/Lab4.sdk/top_hw_platform_0/ps7_init.tcl
targets -set -nocase -filter {name =~"APU*" && jtag_cable_name =~ "Digilent Zybo 210279785819A"} -index 0
loadhw -hw /home/sebastian/Desktop/Git/EmbeddedSystems/Lab4/Lab4.sdk/top_hw_platform_0/system.hdf -mem-ranges [list {0x40000000 0xbfffffff}]
configparams force-mem-access 1
targets -set -nocase -filter {name =~"APU*" && jtag_cable_name =~ "Digilent Zybo 210279785819A"} -index 0
stop
ps7_init
ps7_post_config
targets -set -nocase -filter {name =~ "ARM*#0" && jtag_cable_name =~ "Digilent Zybo 210279785819A"} -index 0
rst -processor
targets -set -nocase -filter {name =~ "ARM*#0" && jtag_cable_name =~ "Digilent Zybo 210279785819A"} -index 0
dow /home/sebastian/Desktop/Git/EmbeddedSystems/Lab4/Lab4.sdk/Lab4/Debug/Lab4.elf
configparams force-mem-access 0
----------------End of Script----------------

11:04:59 INFO  : Memory regions updated for context APU
11:04:59 INFO  : Context for processor 'ps7_cortexa9_0' is selected.
11:04:59 INFO  : 'con' command is executed.
11:04:59 INFO  : ----------------XSDB Script (After Launch)----------------
targets -set -nocase -filter {name =~ "ARM*#0" && jtag_cable_name =~ "Digilent Zybo 210279785819A"} -index 0
con
----------------End of Script----------------

11:04:59 INFO  : Launch script is exported to file '/home/sebastian/Desktop/Git/EmbeddedSystems/Lab4/Lab4.sdk/.sdk/launch_scripts/xilinx_c-c++_application_(system_debugger)/system_debugger_using_debug_lab4.elf_on_local.tcl'
11:06:05 INFO  : Disconnected from the channel tcfchan#9.
11:06:07 INFO  : 'targets -set -filter {jtag_cable_name =~ "Digilent Zybo 210279785819A" && level==0} -index 1' command is executed.
11:06:07 INFO  : 'fpga -state' command is executed.
11:06:07 INFO  : Connected to target on host '127.0.0.1' and port '3121'.
11:06:07 INFO  : Jtag cable 'Digilent Zybo 210279785819A' is selected.
11:06:07 INFO  : 'jtag frequency' command is executed.
11:06:07 INFO  : Sourcing of '/home/sebastian/Desktop/Git/EmbeddedSystems/Lab4/Lab4.sdk/top_hw_platform_0/ps7_init.tcl' is done.
11:06:07 INFO  : Context for 'APU' is selected.
11:06:08 INFO  : Hardware design information is loaded from '/home/sebastian/Desktop/Git/EmbeddedSystems/Lab4/Lab4.sdk/top_hw_platform_0/system.hdf'.
11:06:08 INFO  : 'configparams force-mem-access 1' command is executed.
11:06:08 INFO  : Context for 'APU' is selected.
11:06:08 INFO  : 'stop' command is executed.
11:06:08 INFO  : 'ps7_init' command is executed.
11:06:08 INFO  : 'ps7_post_config' command is executed.
11:06:08 INFO  : Context for processor 'ps7_cortexa9_0' is selected.
11:06:08 INFO  : Processor reset is completed for 'ps7_cortexa9_0'.
11:06:08 INFO  : Context for processor 'ps7_cortexa9_0' is selected.
11:06:08 INFO  : The application '/home/sebastian/Desktop/Git/EmbeddedSystems/Lab4/Lab4.sdk/Lab4/Debug/Lab4.elf' is downloaded to processor 'ps7_cortexa9_0'.
11:06:08 INFO  : 'configparams force-mem-access 0' command is executed.
11:06:08 INFO  : ----------------XSDB Script----------------
connect -url tcp:127.0.0.1:3121
source /home/sebastian/Desktop/Git/EmbeddedSystems/Lab4/Lab4.sdk/top_hw_platform_0/ps7_init.tcl
targets -set -nocase -filter {name =~"APU*" && jtag_cable_name =~ "Digilent Zybo 210279785819A"} -index 0
loadhw -hw /home/sebastian/Desktop/Git/EmbeddedSystems/Lab4/Lab4.sdk/top_hw_platform_0/system.hdf -mem-ranges [list {0x40000000 0xbfffffff}]
configparams force-mem-access 1
targets -set -nocase -filter {name =~"APU*" && jtag_cable_name =~ "Digilent Zybo 210279785819A"} -index 0
stop
ps7_init
ps7_post_config
targets -set -nocase -filter {name =~ "ARM*#0" && jtag_cable_name =~ "Digilent Zybo 210279785819A"} -index 0
rst -processor
targets -set -nocase -filter {name =~ "ARM*#0" && jtag_cable_name =~ "Digilent Zybo 210279785819A"} -index 0
dow /home/sebastian/Desktop/Git/EmbeddedSystems/Lab4/Lab4.sdk/Lab4/Debug/Lab4.elf
configparams force-mem-access 0
----------------End of Script----------------

11:06:08 INFO  : Memory regions updated for context APU
11:06:09 INFO  : Context for processor 'ps7_cortexa9_0' is selected.
11:06:09 INFO  : 'con' command is executed.
11:06:09 INFO  : ----------------XSDB Script (After Launch)----------------
targets -set -nocase -filter {name =~ "ARM*#0" && jtag_cable_name =~ "Digilent Zybo 210279785819A"} -index 0
con
----------------End of Script----------------

11:06:09 INFO  : Launch script is exported to file '/home/sebastian/Desktop/Git/EmbeddedSystems/Lab4/Lab4.sdk/.sdk/launch_scripts/xilinx_c-c++_application_(system_debugger)/system_debugger_using_debug_lab4.elf_on_local.tcl'
11:08:30 INFO  : Disconnected from the channel tcfchan#10.
11:08:31 INFO  : 'targets -set -filter {jtag_cable_name =~ "Digilent Zybo 210279785819A" && level==0} -index 1' command is executed.
11:08:31 INFO  : 'fpga -state' command is executed.
11:08:31 INFO  : Connected to target on host '127.0.0.1' and port '3121'.
11:08:31 INFO  : Jtag cable 'Digilent Zybo 210279785819A' is selected.
11:08:31 INFO  : 'jtag frequency' command is executed.
11:08:31 INFO  : Sourcing of '/home/sebastian/Desktop/Git/EmbeddedSystems/Lab4/Lab4.sdk/top_hw_platform_0/ps7_init.tcl' is done.
11:08:31 INFO  : Context for 'APU' is selected.
11:08:33 INFO  : Hardware design information is loaded from '/home/sebastian/Desktop/Git/EmbeddedSystems/Lab4/Lab4.sdk/top_hw_platform_0/system.hdf'.
11:08:33 INFO  : 'configparams force-mem-access 1' command is executed.
11:08:33 INFO  : Context for 'APU' is selected.
11:08:33 INFO  : 'stop' command is executed.
11:08:33 INFO  : 'ps7_init' command is executed.
11:08:33 INFO  : 'ps7_post_config' command is executed.
11:08:33 INFO  : Context for processor 'ps7_cortexa9_0' is selected.
11:08:33 INFO  : Processor reset is completed for 'ps7_cortexa9_0'.
11:08:33 INFO  : Context for processor 'ps7_cortexa9_0' is selected.
11:08:33 INFO  : The application '/home/sebastian/Desktop/Git/EmbeddedSystems/Lab4/Lab4.sdk/Lab4/Debug/Lab4.elf' is downloaded to processor 'ps7_cortexa9_0'.
11:08:33 INFO  : 'configparams force-mem-access 0' command is executed.
11:08:33 INFO  : ----------------XSDB Script----------------
connect -url tcp:127.0.0.1:3121
source /home/sebastian/Desktop/Git/EmbeddedSystems/Lab4/Lab4.sdk/top_hw_platform_0/ps7_init.tcl
targets -set -nocase -filter {name =~"APU*" && jtag_cable_name =~ "Digilent Zybo 210279785819A"} -index 0
loadhw -hw /home/sebastian/Desktop/Git/EmbeddedSystems/Lab4/Lab4.sdk/top_hw_platform_0/system.hdf -mem-ranges [list {0x40000000 0xbfffffff}]
configparams force-mem-access 1
targets -set -nocase -filter {name =~"APU*" && jtag_cable_name =~ "Digilent Zybo 210279785819A"} -index 0
stop
ps7_init
ps7_post_config
targets -set -nocase -filter {name =~ "ARM*#0" && jtag_cable_name =~ "Digilent Zybo 210279785819A"} -index 0
rst -processor
targets -set -nocase -filter {name =~ "ARM*#0" && jtag_cable_name =~ "Digilent Zybo 210279785819A"} -index 0
dow /home/sebastian/Desktop/Git/EmbeddedSystems/Lab4/Lab4.sdk/Lab4/Debug/Lab4.elf
configparams force-mem-access 0
----------------End of Script----------------

11:08:33 INFO  : Memory regions updated for context APU
11:08:33 INFO  : Context for processor 'ps7_cortexa9_0' is selected.
11:08:33 INFO  : 'con' command is executed.
11:08:33 INFO  : ----------------XSDB Script (After Launch)----------------
targets -set -nocase -filter {name =~ "ARM*#0" && jtag_cable_name =~ "Digilent Zybo 210279785819A"} -index 0
con
----------------End of Script----------------

11:08:33 INFO  : Launch script is exported to file '/home/sebastian/Desktop/Git/EmbeddedSystems/Lab4/Lab4.sdk/.sdk/launch_scripts/xilinx_c-c++_application_(system_debugger)/system_debugger_using_debug_lab4.elf_on_local.tcl'
11:11:34 INFO  : Disconnected from the channel tcfchan#11.
11:11:35 INFO  : 'targets -set -filter {jtag_cable_name =~ "Digilent Zybo 210279785819A" && level==0} -index 1' command is executed.
11:11:35 INFO  : 'fpga -state' command is executed.
11:11:35 INFO  : Connected to target on host '127.0.0.1' and port '3121'.
11:11:35 INFO  : Jtag cable 'Digilent Zybo 210279785819A' is selected.
11:11:35 INFO  : 'jtag frequency' command is executed.
11:11:35 INFO  : Sourcing of '/home/sebastian/Desktop/Git/EmbeddedSystems/Lab4/Lab4.sdk/top_hw_platform_0/ps7_init.tcl' is done.
11:11:35 INFO  : Context for 'APU' is selected.
11:11:36 INFO  : Hardware design information is loaded from '/home/sebastian/Desktop/Git/EmbeddedSystems/Lab4/Lab4.sdk/top_hw_platform_0/system.hdf'.
11:11:36 INFO  : 'configparams force-mem-access 1' command is executed.
11:11:36 INFO  : Context for 'APU' is selected.
11:11:36 INFO  : 'stop' command is executed.
11:11:37 INFO  : 'ps7_init' command is executed.
11:11:37 INFO  : 'ps7_post_config' command is executed.
11:11:37 INFO  : Context for processor 'ps7_cortexa9_0' is selected.
11:11:37 INFO  : Processor reset is completed for 'ps7_cortexa9_0'.
11:11:37 INFO  : Context for processor 'ps7_cortexa9_0' is selected.
11:11:37 INFO  : The application '/home/sebastian/Desktop/Git/EmbeddedSystems/Lab4/Lab4.sdk/Lab4/Debug/Lab4.elf' is downloaded to processor 'ps7_cortexa9_0'.
11:11:37 INFO  : 'configparams force-mem-access 0' command is executed.
11:11:37 INFO  : ----------------XSDB Script----------------
connect -url tcp:127.0.0.1:3121
source /home/sebastian/Desktop/Git/EmbeddedSystems/Lab4/Lab4.sdk/top_hw_platform_0/ps7_init.tcl
targets -set -nocase -filter {name =~"APU*" && jtag_cable_name =~ "Digilent Zybo 210279785819A"} -index 0
loadhw -hw /home/sebastian/Desktop/Git/EmbeddedSystems/Lab4/Lab4.sdk/top_hw_platform_0/system.hdf -mem-ranges [list {0x40000000 0xbfffffff}]
configparams force-mem-access 1
targets -set -nocase -filter {name =~"APU*" && jtag_cable_name =~ "Digilent Zybo 210279785819A"} -index 0
stop
ps7_init
ps7_post_config
targets -set -nocase -filter {name =~ "ARM*#0" && jtag_cable_name =~ "Digilent Zybo 210279785819A"} -index 0
rst -processor
targets -set -nocase -filter {name =~ "ARM*#0" && jtag_cable_name =~ "Digilent Zybo 210279785819A"} -index 0
dow /home/sebastian/Desktop/Git/EmbeddedSystems/Lab4/Lab4.sdk/Lab4/Debug/Lab4.elf
configparams force-mem-access 0
----------------End of Script----------------

11:11:37 INFO  : Memory regions updated for context APU
11:11:37 INFO  : Context for processor 'ps7_cortexa9_0' is selected.
11:11:37 INFO  : 'con' command is executed.
11:11:37 INFO  : ----------------XSDB Script (After Launch)----------------
targets -set -nocase -filter {name =~ "ARM*#0" && jtag_cable_name =~ "Digilent Zybo 210279785819A"} -index 0
con
----------------End of Script----------------

11:11:37 INFO  : Launch script is exported to file '/home/sebastian/Desktop/Git/EmbeddedSystems/Lab4/Lab4.sdk/.sdk/launch_scripts/xilinx_c-c++_application_(system_debugger)/system_debugger_using_debug_lab4.elf_on_local.tcl'
11:14:32 INFO  : Disconnected from the channel tcfchan#12.
11:14:33 INFO  : 'targets -set -filter {jtag_cable_name =~ "Digilent Zybo 210279785819A" && level==0} -index 1' command is executed.
11:14:33 INFO  : 'fpga -state' command is executed.
11:14:33 INFO  : Connected to target on host '127.0.0.1' and port '3121'.
11:14:34 INFO  : Jtag cable 'Digilent Zybo 210279785819A' is selected.
11:14:34 INFO  : 'jtag frequency' command is executed.
11:14:34 INFO  : Sourcing of '/home/sebastian/Desktop/Git/EmbeddedSystems/Lab4/Lab4.sdk/top_hw_platform_0/ps7_init.tcl' is done.
11:14:34 INFO  : Context for 'APU' is selected.
11:14:35 INFO  : Hardware design information is loaded from '/home/sebastian/Desktop/Git/EmbeddedSystems/Lab4/Lab4.sdk/top_hw_platform_0/system.hdf'.
11:14:35 INFO  : 'configparams force-mem-access 1' command is executed.
11:14:35 INFO  : Context for 'APU' is selected.
11:14:35 INFO  : 'stop' command is executed.
11:14:35 INFO  : 'ps7_init' command is executed.
11:14:35 INFO  : 'ps7_post_config' command is executed.
11:14:35 INFO  : Context for processor 'ps7_cortexa9_0' is selected.
11:14:35 INFO  : Processor reset is completed for 'ps7_cortexa9_0'.
11:14:35 INFO  : Context for processor 'ps7_cortexa9_0' is selected.
11:14:35 INFO  : The application '/home/sebastian/Desktop/Git/EmbeddedSystems/Lab4/Lab4.sdk/Lab4/Debug/Lab4.elf' is downloaded to processor 'ps7_cortexa9_0'.
11:14:35 INFO  : 'configparams force-mem-access 0' command is executed.
11:14:35 INFO  : ----------------XSDB Script----------------
connect -url tcp:127.0.0.1:3121
source /home/sebastian/Desktop/Git/EmbeddedSystems/Lab4/Lab4.sdk/top_hw_platform_0/ps7_init.tcl
targets -set -nocase -filter {name =~"APU*" && jtag_cable_name =~ "Digilent Zybo 210279785819A"} -index 0
loadhw -hw /home/sebastian/Desktop/Git/EmbeddedSystems/Lab4/Lab4.sdk/top_hw_platform_0/system.hdf -mem-ranges [list {0x40000000 0xbfffffff}]
configparams force-mem-access 1
targets -set -nocase -filter {name =~"APU*" && jtag_cable_name =~ "Digilent Zybo 210279785819A"} -index 0
stop
ps7_init
ps7_post_config
targets -set -nocase -filter {name =~ "ARM*#0" && jtag_cable_name =~ "Digilent Zybo 210279785819A"} -index 0
rst -processor
targets -set -nocase -filter {name =~ "ARM*#0" && jtag_cable_name =~ "Digilent Zybo 210279785819A"} -index 0
dow /home/sebastian/Desktop/Git/EmbeddedSystems/Lab4/Lab4.sdk/Lab4/Debug/Lab4.elf
configparams force-mem-access 0
----------------End of Script----------------

11:14:35 INFO  : Memory regions updated for context APU
11:14:35 INFO  : Context for processor 'ps7_cortexa9_0' is selected.
11:14:35 INFO  : 'con' command is executed.
11:14:35 INFO  : ----------------XSDB Script (After Launch)----------------
targets -set -nocase -filter {name =~ "ARM*#0" && jtag_cable_name =~ "Digilent Zybo 210279785819A"} -index 0
con
----------------End of Script----------------

11:14:35 INFO  : Launch script is exported to file '/home/sebastian/Desktop/Git/EmbeddedSystems/Lab4/Lab4.sdk/.sdk/launch_scripts/xilinx_c-c++_application_(system_debugger)/system_debugger_using_debug_lab4.elf_on_local.tcl'
11:15:32 INFO  : Disconnected from the channel tcfchan#13.
11:15:33 INFO  : 'targets -set -filter {jtag_cable_name =~ "Digilent Zybo 210279785819A" && level==0} -index 1' command is executed.
11:15:33 INFO  : 'fpga -state' command is executed.
11:15:33 INFO  : Connected to target on host '127.0.0.1' and port '3121'.
11:15:33 INFO  : Jtag cable 'Digilent Zybo 210279785819A' is selected.
11:15:33 INFO  : 'jtag frequency' command is executed.
11:15:33 INFO  : Sourcing of '/home/sebastian/Desktop/Git/EmbeddedSystems/Lab4/Lab4.sdk/top_hw_platform_0/ps7_init.tcl' is done.
11:15:33 INFO  : Context for 'APU' is selected.
11:15:35 INFO  : Hardware design information is loaded from '/home/sebastian/Desktop/Git/EmbeddedSystems/Lab4/Lab4.sdk/top_hw_platform_0/system.hdf'.
11:15:35 INFO  : 'configparams force-mem-access 1' command is executed.
11:15:35 INFO  : Context for 'APU' is selected.
11:15:35 INFO  : 'stop' command is executed.
11:15:35 INFO  : 'ps7_init' command is executed.
11:15:35 INFO  : 'ps7_post_config' command is executed.
11:15:35 INFO  : Context for processor 'ps7_cortexa9_0' is selected.
11:15:35 INFO  : Processor reset is completed for 'ps7_cortexa9_0'.
11:15:35 INFO  : Context for processor 'ps7_cortexa9_0' is selected.
11:15:35 INFO  : The application '/home/sebastian/Desktop/Git/EmbeddedSystems/Lab4/Lab4.sdk/Lab4/Debug/Lab4.elf' is downloaded to processor 'ps7_cortexa9_0'.
11:15:35 INFO  : 'configparams force-mem-access 0' command is executed.
11:15:35 INFO  : ----------------XSDB Script----------------
connect -url tcp:127.0.0.1:3121
source /home/sebastian/Desktop/Git/EmbeddedSystems/Lab4/Lab4.sdk/top_hw_platform_0/ps7_init.tcl
targets -set -nocase -filter {name =~"APU*" && jtag_cable_name =~ "Digilent Zybo 210279785819A"} -index 0
loadhw -hw /home/sebastian/Desktop/Git/EmbeddedSystems/Lab4/Lab4.sdk/top_hw_platform_0/system.hdf -mem-ranges [list {0x40000000 0xbfffffff}]
configparams force-mem-access 1
targets -set -nocase -filter {name =~"APU*" && jtag_cable_name =~ "Digilent Zybo 210279785819A"} -index 0
stop
ps7_init
ps7_post_config
targets -set -nocase -filter {name =~ "ARM*#0" && jtag_cable_name =~ "Digilent Zybo 210279785819A"} -index 0
rst -processor
targets -set -nocase -filter {name =~ "ARM*#0" && jtag_cable_name =~ "Digilent Zybo 210279785819A"} -index 0
dow /home/sebastian/Desktop/Git/EmbeddedSystems/Lab4/Lab4.sdk/Lab4/Debug/Lab4.elf
configparams force-mem-access 0
----------------End of Script----------------

11:15:35 INFO  : Memory regions updated for context APU
11:15:35 INFO  : Context for processor 'ps7_cortexa9_0' is selected.
11:15:35 INFO  : 'con' command is executed.
11:15:35 INFO  : ----------------XSDB Script (After Launch)----------------
targets -set -nocase -filter {name =~ "ARM*#0" && jtag_cable_name =~ "Digilent Zybo 210279785819A"} -index 0
con
----------------End of Script----------------

11:15:35 INFO  : Launch script is exported to file '/home/sebastian/Desktop/Git/EmbeddedSystems/Lab4/Lab4.sdk/.sdk/launch_scripts/xilinx_c-c++_application_(system_debugger)/system_debugger_using_debug_lab4.elf_on_local.tcl'
11:19:03 INFO  : Disconnected from the channel tcfchan#14.
11:20:46 INFO  : Registering command handlers for SDK TCF services
11:20:48 INFO  : Launching XSCT server: xsct -n -interactive /home/sebastian/Desktop/Git/EmbeddedSystems/Lab4/Lab4.sdk/temp_xsdb_launch_script.tcl
11:20:50 INFO  : XSCT server has started successfully.
11:20:50 INFO  : Successfully done setting XSCT server connection channel  
11:20:50 INFO  : Successfully done setting SDK workspace  
11:20:50 INFO  : Processing command line option -hwspec /home/sebastian/Desktop/Git/EmbeddedSystems/Lab4/Lab4.sdk/top.hdf.
11:20:50 INFO  : Checking for hwspec changes in the project top_hw_platform_0.
11:20:52 INFO  : SDK has detected change in the last modified timestamps for source hardware specification file Source:1616408411000,  Project:1615970412000
11:20:52 INFO  : The hardware specification for project 'top_hw_platform_0' is different from /home/sebastian/Desktop/Git/EmbeddedSystems/Lab4/Lab4.sdk/top.hdf.
11:20:52 INFO  : Copied contents of /home/sebastian/Desktop/Git/EmbeddedSystems/Lab4/Lab4.sdk/top.hdf into /top_hw_platform_0/system.hdf.
11:20:54 INFO  : Synchronizing projects in the workspace with the hardware platform specification changes.
11:20:56 INFO  : 
11:20:57 INFO  : Updating hardware inferred compiler options for Lab4.
11:20:57 INFO  : Clearing existing target manager status.
11:21:23 INFO  : Connected to target on host '127.0.0.1' and port '3121'.
11:21:23 INFO  : Jtag cable 'Digilent Zybo 210279785819A' is selected.
11:21:23 INFO  : 'jtag frequency' command is executed.
11:21:23 INFO  : Sourcing of '/home/sebastian/Desktop/Git/EmbeddedSystems/Lab4/Lab4.sdk/top_hw_platform_0/ps7_init.tcl' is done.
11:21:23 INFO  : Context for 'APU' is selected.
11:21:23 INFO  : System reset is completed.
11:21:26 INFO  : 'after 3000' command is executed.
11:21:26 INFO  : 'targets -set -filter {jtag_cable_name =~ "Digilent Zybo 210279785819A" && level==0} -index 1' command is executed.
11:21:27 INFO  : FPGA configured successfully with bitstream "/home/sebastian/Desktop/Git/EmbeddedSystems/Lab4/Lab4.sdk/top_hw_platform_0/top.bit"
11:21:28 INFO  : Context for 'APU' is selected.
11:21:28 INFO  : Hardware design information is loaded from '/home/sebastian/Desktop/Git/EmbeddedSystems/Lab4/Lab4.sdk/top_hw_platform_0/system.hdf'.
11:21:28 INFO  : 'configparams force-mem-access 1' command is executed.
11:21:28 INFO  : Context for 'APU' is selected.
11:21:28 INFO  : 'ps7_init' command is executed.
11:21:28 INFO  : 'ps7_post_config' command is executed.
11:21:28 INFO  : Context for processor 'ps7_cortexa9_0' is selected.
11:21:28 INFO  : The application '/home/sebastian/Desktop/Git/EmbeddedSystems/Lab4/Lab4.sdk/Lab4/Debug/Lab4.elf' is downloaded to processor 'ps7_cortexa9_0'.
11:21:28 INFO  : 'configparams force-mem-access 0' command is executed.
11:21:28 INFO  : ----------------XSDB Script----------------
connect -url tcp:127.0.0.1:3121
source /home/sebastian/Desktop/Git/EmbeddedSystems/Lab4/Lab4.sdk/top_hw_platform_0/ps7_init.tcl
targets -set -nocase -filter {name =~"APU*" && jtag_cable_name =~ "Digilent Zybo 210279785819A"} -index 0
rst -system
after 3000
targets -set -filter {jtag_cable_name =~ "Digilent Zybo 210279785819A" && level==0} -index 1
fpga -file /home/sebastian/Desktop/Git/EmbeddedSystems/Lab4/Lab4.sdk/top_hw_platform_0/top.bit
targets -set -nocase -filter {name =~"APU*" && jtag_cable_name =~ "Digilent Zybo 210279785819A"} -index 0
loadhw -hw /home/sebastian/Desktop/Git/EmbeddedSystems/Lab4/Lab4.sdk/top_hw_platform_0/system.hdf -mem-ranges [list {0x40000000 0xbfffffff}]
configparams force-mem-access 1
targets -set -nocase -filter {name =~"APU*" && jtag_cable_name =~ "Digilent Zybo 210279785819A"} -index 0
ps7_init
ps7_post_config
targets -set -nocase -filter {name =~ "ARM*#0" && jtag_cable_name =~ "Digilent Zybo 210279785819A"} -index 0
dow /home/sebastian/Desktop/Git/EmbeddedSystems/Lab4/Lab4.sdk/Lab4/Debug/Lab4.elf
configparams force-mem-access 0
----------------End of Script----------------

11:21:28 INFO  : Memory regions updated for context APU
11:21:28 INFO  : Context for processor 'ps7_cortexa9_0' is selected.
11:21:28 INFO  : 'con' command is executed.
11:21:28 INFO  : ----------------XSDB Script (After Launch)----------------
targets -set -nocase -filter {name =~ "ARM*#0" && jtag_cable_name =~ "Digilent Zybo 210279785819A"} -index 0
con
----------------End of Script----------------

11:21:28 INFO  : Launch script is exported to file '/home/sebastian/Desktop/Git/EmbeddedSystems/Lab4/Lab4.sdk/.sdk/launch_scripts/xilinx_c-c++_application_(system_debugger)/system_debugger_using_debug_lab4.elf_on_local.tcl'
11:23:20 INFO  : Disconnected from the channel tcfchan#1.
11:23:21 INFO  : Connected to target on host '127.0.0.1' and port '3121'.
11:23:22 INFO  : Jtag cable 'Digilent Zybo 210279785819A' is selected.
11:23:22 INFO  : 'jtag frequency' command is executed.
11:23:22 INFO  : Sourcing of '/home/sebastian/Desktop/Git/EmbeddedSystems/Lab4/Lab4.sdk/top_hw_platform_0/ps7_init.tcl' is done.
11:23:22 INFO  : Context for 'APU' is selected.
11:23:22 INFO  : System reset is completed.
11:23:25 INFO  : 'after 3000' command is executed.
11:23:25 INFO  : 'targets -set -filter {jtag_cable_name =~ "Digilent Zybo 210279785819A" && level==0} -index 1' command is executed.
11:23:26 INFO  : FPGA configured successfully with bitstream "/home/sebastian/Desktop/Git/EmbeddedSystems/Lab4/Lab4.sdk/top_hw_platform_0/top.bit"
11:23:26 INFO  : Context for 'APU' is selected.
11:23:27 INFO  : Hardware design information is loaded from '/home/sebastian/Desktop/Git/EmbeddedSystems/Lab4/Lab4.sdk/top_hw_platform_0/system.hdf'.
11:23:27 INFO  : 'configparams force-mem-access 1' command is executed.
11:23:27 INFO  : Context for 'APU' is selected.
11:23:27 INFO  : 'ps7_init' command is executed.
11:23:27 INFO  : 'ps7_post_config' command is executed.
11:23:28 INFO  : Context for processor 'ps7_cortexa9_0' is selected.
11:23:28 INFO  : The application '/home/sebastian/Desktop/Git/EmbeddedSystems/Lab4/Lab4.sdk/Lab4/Debug/Lab4.elf' is downloaded to processor 'ps7_cortexa9_0'.
11:23:28 INFO  : 'configparams force-mem-access 0' command is executed.
11:23:28 INFO  : ----------------XSDB Script----------------
connect -url tcp:127.0.0.1:3121
source /home/sebastian/Desktop/Git/EmbeddedSystems/Lab4/Lab4.sdk/top_hw_platform_0/ps7_init.tcl
targets -set -nocase -filter {name =~"APU*" && jtag_cable_name =~ "Digilent Zybo 210279785819A"} -index 0
rst -system
after 3000
targets -set -filter {jtag_cable_name =~ "Digilent Zybo 210279785819A" && level==0} -index 1
fpga -file /home/sebastian/Desktop/Git/EmbeddedSystems/Lab4/Lab4.sdk/top_hw_platform_0/top.bit
targets -set -nocase -filter {name =~"APU*" && jtag_cable_name =~ "Digilent Zybo 210279785819A"} -index 0
loadhw -hw /home/sebastian/Desktop/Git/EmbeddedSystems/Lab4/Lab4.sdk/top_hw_platform_0/system.hdf -mem-ranges [list {0x40000000 0xbfffffff}]
configparams force-mem-access 1
targets -set -nocase -filter {name =~"APU*" && jtag_cable_name =~ "Digilent Zybo 210279785819A"} -index 0
ps7_init
ps7_post_config
targets -set -nocase -filter {name =~ "ARM*#0" && jtag_cable_name =~ "Digilent Zybo 210279785819A"} -index 0
dow /home/sebastian/Desktop/Git/EmbeddedSystems/Lab4/Lab4.sdk/Lab4/Debug/Lab4.elf
configparams force-mem-access 0
----------------End of Script----------------

11:23:28 INFO  : Memory regions updated for context APU
11:23:28 INFO  : Context for processor 'ps7_cortexa9_0' is selected.
11:23:28 INFO  : 'con' command is executed.
11:23:28 INFO  : ----------------XSDB Script (After Launch)----------------
targets -set -nocase -filter {name =~ "ARM*#0" && jtag_cable_name =~ "Digilent Zybo 210279785819A"} -index 0
con
----------------End of Script----------------

11:23:28 INFO  : Launch script is exported to file '/home/sebastian/Desktop/Git/EmbeddedSystems/Lab4/Lab4.sdk/.sdk/launch_scripts/xilinx_c-c++_application_(system_debugger)/system_debugger_using_debug_lab4.elf_on_local.tcl'
11:23:50 INFO  : Disconnected from the channel tcfchan#2.
11:23:51 INFO  : Connected to target on host '127.0.0.1' and port '3121'.
11:23:51 INFO  : Jtag cable 'Digilent Zybo 210279785819A' is selected.
11:23:51 INFO  : 'jtag frequency' command is executed.
11:23:51 INFO  : Sourcing of '/home/sebastian/Desktop/Git/EmbeddedSystems/Lab4/Lab4.sdk/top_hw_platform_0/ps7_init.tcl' is done.
11:23:51 INFO  : Context for 'APU' is selected.
11:23:52 INFO  : System reset is completed.
11:23:55 INFO  : 'after 3000' command is executed.
11:23:55 INFO  : 'targets -set -filter {jtag_cable_name =~ "Digilent Zybo 210279785819A" && level==0} -index 1' command is executed.
11:23:56 INFO  : FPGA configured successfully with bitstream "/home/sebastian/Desktop/Git/EmbeddedSystems/Lab4/Lab4.sdk/top_hw_platform_0/top.bit"
11:23:56 INFO  : Context for 'APU' is selected.
11:23:56 INFO  : Hardware design information is loaded from '/home/sebastian/Desktop/Git/EmbeddedSystems/Lab4/Lab4.sdk/top_hw_platform_0/system.hdf'.
11:23:56 INFO  : 'configparams force-mem-access 1' command is executed.
11:23:56 INFO  : Context for 'APU' is selected.
11:23:56 INFO  : 'ps7_init' command is executed.
11:23:56 INFO  : 'ps7_post_config' command is executed.
11:23:56 INFO  : Context for processor 'ps7_cortexa9_0' is selected.
11:23:56 INFO  : The application '/home/sebastian/Desktop/Git/EmbeddedSystems/Lab4/Lab4.sdk/Lab4/Debug/Lab4.elf' is downloaded to processor 'ps7_cortexa9_0'.
11:23:56 INFO  : 'configparams force-mem-access 0' command is executed.
11:23:56 INFO  : ----------------XSDB Script----------------
connect -url tcp:127.0.0.1:3121
source /home/sebastian/Desktop/Git/EmbeddedSystems/Lab4/Lab4.sdk/top_hw_platform_0/ps7_init.tcl
targets -set -nocase -filter {name =~"APU*" && jtag_cable_name =~ "Digilent Zybo 210279785819A"} -index 0
rst -system
after 3000
targets -set -filter {jtag_cable_name =~ "Digilent Zybo 210279785819A" && level==0} -index 1
fpga -file /home/sebastian/Desktop/Git/EmbeddedSystems/Lab4/Lab4.sdk/top_hw_platform_0/top.bit
targets -set -nocase -filter {name =~"APU*" && jtag_cable_name =~ "Digilent Zybo 210279785819A"} -index 0
loadhw -hw /home/sebastian/Desktop/Git/EmbeddedSystems/Lab4/Lab4.sdk/top_hw_platform_0/system.hdf -mem-ranges [list {0x40000000 0xbfffffff}]
configparams force-mem-access 1
targets -set -nocase -filter {name =~"APU*" && jtag_cable_name =~ "Digilent Zybo 210279785819A"} -index 0
ps7_init
ps7_post_config
targets -set -nocase -filter {name =~ "ARM*#0" && jtag_cable_name =~ "Digilent Zybo 210279785819A"} -index 0
dow /home/sebastian/Desktop/Git/EmbeddedSystems/Lab4/Lab4.sdk/Lab4/Debug/Lab4.elf
configparams force-mem-access 0
----------------End of Script----------------

11:23:56 INFO  : Memory regions updated for context APU
11:23:56 INFO  : Context for processor 'ps7_cortexa9_0' is selected.
11:23:56 INFO  : 'con' command is executed.
11:23:56 INFO  : ----------------XSDB Script (After Launch)----------------
targets -set -nocase -filter {name =~ "ARM*#0" && jtag_cable_name =~ "Digilent Zybo 210279785819A"} -index 0
con
----------------End of Script----------------

11:23:56 INFO  : Launch script is exported to file '/home/sebastian/Desktop/Git/EmbeddedSystems/Lab4/Lab4.sdk/.sdk/launch_scripts/xilinx_c-c++_application_(system_debugger)/system_debugger_using_debug_lab4.elf_on_local.tcl'
11:25:00 INFO  : Disconnected from the channel tcfchan#3.
11:25:01 INFO  : Connected to target on host '127.0.0.1' and port '3121'.
11:25:01 INFO  : Jtag cable 'Digilent Zybo 210279785819A' is selected.
11:25:01 INFO  : 'jtag frequency' command is executed.
11:25:01 INFO  : Sourcing of '/home/sebastian/Desktop/Git/EmbeddedSystems/Lab4/Lab4.sdk/top_hw_platform_0/ps7_init.tcl' is done.
11:25:01 INFO  : Context for 'APU' is selected.
11:25:01 INFO  : System reset is completed.
11:25:04 INFO  : 'after 3000' command is executed.
11:25:04 INFO  : 'targets -set -filter {jtag_cable_name =~ "Digilent Zybo 210279785819A" && level==0} -index 1' command is executed.
11:25:05 INFO  : FPGA configured successfully with bitstream "/home/sebastian/Desktop/Git/EmbeddedSystems/Lab4/Lab4.sdk/top_hw_platform_0/top.bit"
11:25:05 INFO  : Context for 'APU' is selected.
11:25:05 INFO  : Hardware design information is loaded from '/home/sebastian/Desktop/Git/EmbeddedSystems/Lab4/Lab4.sdk/top_hw_platform_0/system.hdf'.
11:25:05 INFO  : 'configparams force-mem-access 1' command is executed.
11:25:05 INFO  : Context for 'APU' is selected.
11:25:06 INFO  : 'ps7_init' command is executed.
11:25:06 INFO  : 'ps7_post_config' command is executed.
11:25:06 INFO  : Context for processor 'ps7_cortexa9_0' is selected.
11:25:06 INFO  : The application '/home/sebastian/Desktop/Git/EmbeddedSystems/Lab4/Lab4.sdk/Lab4/Debug/Lab4.elf' is downloaded to processor 'ps7_cortexa9_0'.
11:25:06 INFO  : 'configparams force-mem-access 0' command is executed.
11:25:06 INFO  : ----------------XSDB Script----------------
connect -url tcp:127.0.0.1:3121
source /home/sebastian/Desktop/Git/EmbeddedSystems/Lab4/Lab4.sdk/top_hw_platform_0/ps7_init.tcl
targets -set -nocase -filter {name =~"APU*" && jtag_cable_name =~ "Digilent Zybo 210279785819A"} -index 0
rst -system
after 3000
targets -set -filter {jtag_cable_name =~ "Digilent Zybo 210279785819A" && level==0} -index 1
fpga -file /home/sebastian/Desktop/Git/EmbeddedSystems/Lab4/Lab4.sdk/top_hw_platform_0/top.bit
targets -set -nocase -filter {name =~"APU*" && jtag_cable_name =~ "Digilent Zybo 210279785819A"} -index 0
loadhw -hw /home/sebastian/Desktop/Git/EmbeddedSystems/Lab4/Lab4.sdk/top_hw_platform_0/system.hdf -mem-ranges [list {0x40000000 0xbfffffff}]
configparams force-mem-access 1
targets -set -nocase -filter {name =~"APU*" && jtag_cable_name =~ "Digilent Zybo 210279785819A"} -index 0
ps7_init
ps7_post_config
targets -set -nocase -filter {name =~ "ARM*#0" && jtag_cable_name =~ "Digilent Zybo 210279785819A"} -index 0
dow /home/sebastian/Desktop/Git/EmbeddedSystems/Lab4/Lab4.sdk/Lab4/Debug/Lab4.elf
configparams force-mem-access 0
----------------End of Script----------------

11:25:06 INFO  : Memory regions updated for context APU
11:25:06 INFO  : Context for processor 'ps7_cortexa9_0' is selected.
11:25:06 INFO  : 'con' command is executed.
11:25:06 INFO  : ----------------XSDB Script (After Launch)----------------
targets -set -nocase -filter {name =~ "ARM*#0" && jtag_cable_name =~ "Digilent Zybo 210279785819A"} -index 0
con
----------------End of Script----------------

11:25:06 INFO  : Launch script is exported to file '/home/sebastian/Desktop/Git/EmbeddedSystems/Lab4/Lab4.sdk/.sdk/launch_scripts/xilinx_c-c++_application_(system_debugger)/system_debugger_using_debug_lab4.elf_on_local.tcl'
11:30:30 INFO  : SDK has detected change in the last modified timestamps for source hardware specification file Source:1616409016000,  Project:1616408411000
11:30:30 INFO  : Project top_hw_platform_0's source hardware specification located at /home/sebastian/Desktop/Git/EmbeddedSystems/Lab4/Lab4.sdk/top.hdf is now different from the local copy.
		 The local copy will be replaced with the source specification and your workspace will be updated.
11:30:39 INFO  : Copied contents of /home/sebastian/Desktop/Git/EmbeddedSystems/Lab4/Lab4.sdk/top.hdf into /top_hw_platform_0/system.hdf.
11:30:41 INFO  : Synchronizing projects in the workspace with the hardware platform specification changes.
11:30:42 INFO  : 
11:30:43 INFO  : Updating hardware inferred compiler options for Lab4.
11:30:43 INFO  : Clearing existing target manager status.
11:30:43 INFO  : Closing and re-opening the MSS file of ther project Lab4_bsp
11:30:44 INFO  : Workspace synchronized with the new hardware specification file. Cleaning dependent projects...
11:30:46 WARN  : Linker script will not be updated automatically. Users need to update it manually.
11:31:22 INFO  : Disconnected from the channel tcfchan#4.
11:31:23 INFO  : Connected to target on host '127.0.0.1' and port '3121'.
11:31:24 INFO  : Jtag cable 'Digilent Zybo 210279785819A' is selected.
11:31:24 INFO  : 'jtag frequency' command is executed.
11:31:24 INFO  : Sourcing of '/home/sebastian/Desktop/Git/EmbeddedSystems/Lab4/Lab4.sdk/top_hw_platform_0/ps7_init.tcl' is done.
11:31:24 INFO  : Context for 'APU' is selected.
11:31:24 INFO  : System reset is completed.
11:31:27 INFO  : 'after 3000' command is executed.
11:31:27 INFO  : 'targets -set -filter {jtag_cable_name =~ "Digilent Zybo 210279785819A" && level==0} -index 1' command is executed.
11:31:28 INFO  : FPGA configured successfully with bitstream "/home/sebastian/Desktop/Git/EmbeddedSystems/Lab4/Lab4.sdk/top_hw_platform_0/top.bit"
11:31:28 INFO  : Context for 'APU' is selected.
11:31:28 INFO  : Hardware design information is loaded from '/home/sebastian/Desktop/Git/EmbeddedSystems/Lab4/Lab4.sdk/top_hw_platform_0/system.hdf'.
11:31:28 INFO  : 'configparams force-mem-access 1' command is executed.
11:31:28 INFO  : Context for 'APU' is selected.
11:31:28 INFO  : 'ps7_init' command is executed.
11:31:28 INFO  : 'ps7_post_config' command is executed.
11:31:28 INFO  : Context for processor 'ps7_cortexa9_0' is selected.
11:31:29 INFO  : The application '/home/sebastian/Desktop/Git/EmbeddedSystems/Lab4/Lab4.sdk/Lab4/Debug/Lab4.elf' is downloaded to processor 'ps7_cortexa9_0'.
11:31:29 INFO  : 'configparams force-mem-access 0' command is executed.
11:31:29 INFO  : ----------------XSDB Script----------------
connect -url tcp:127.0.0.1:3121
source /home/sebastian/Desktop/Git/EmbeddedSystems/Lab4/Lab4.sdk/top_hw_platform_0/ps7_init.tcl
targets -set -nocase -filter {name =~"APU*" && jtag_cable_name =~ "Digilent Zybo 210279785819A"} -index 0
rst -system
after 3000
targets -set -filter {jtag_cable_name =~ "Digilent Zybo 210279785819A" && level==0} -index 1
fpga -file /home/sebastian/Desktop/Git/EmbeddedSystems/Lab4/Lab4.sdk/top_hw_platform_0/top.bit
targets -set -nocase -filter {name =~"APU*" && jtag_cable_name =~ "Digilent Zybo 210279785819A"} -index 0
loadhw -hw /home/sebastian/Desktop/Git/EmbeddedSystems/Lab4/Lab4.sdk/top_hw_platform_0/system.hdf -mem-ranges [list {0x40000000 0xbfffffff}]
configparams force-mem-access 1
targets -set -nocase -filter {name =~"APU*" && jtag_cable_name =~ "Digilent Zybo 210279785819A"} -index 0
ps7_init
ps7_post_config
targets -set -nocase -filter {name =~ "ARM*#0" && jtag_cable_name =~ "Digilent Zybo 210279785819A"} -index 0
dow /home/sebastian/Desktop/Git/EmbeddedSystems/Lab4/Lab4.sdk/Lab4/Debug/Lab4.elf
configparams force-mem-access 0
----------------End of Script----------------

11:31:29 INFO  : Memory regions updated for context APU
11:31:29 INFO  : Context for processor 'ps7_cortexa9_0' is selected.
11:31:29 INFO  : 'con' command is executed.
11:31:29 INFO  : ----------------XSDB Script (After Launch)----------------
targets -set -nocase -filter {name =~ "ARM*#0" && jtag_cable_name =~ "Digilent Zybo 210279785819A"} -index 0
con
----------------End of Script----------------

11:31:29 INFO  : Launch script is exported to file '/home/sebastian/Desktop/Git/EmbeddedSystems/Lab4/Lab4.sdk/.sdk/launch_scripts/xilinx_c-c++_application_(system_debugger)/system_debugger_using_debug_lab4.elf_on_local.tcl'
11:39:39 INFO  : SDK has detected change in the last modified timestamps for source hardware specification file Source:1616409564000,  Project:1616409016000
11:39:39 INFO  : Project top_hw_platform_0's source hardware specification located at /home/sebastian/Desktop/Git/EmbeddedSystems/Lab4/Lab4.sdk/top.hdf is now different from the local copy.
		 The local copy will be replaced with the source specification and your workspace will be updated.
11:39:41 INFO  : Copied contents of /home/sebastian/Desktop/Git/EmbeddedSystems/Lab4/Lab4.sdk/top.hdf into /top_hw_platform_0/system.hdf.
11:39:43 INFO  : Synchronizing projects in the workspace with the hardware platform specification changes.
11:39:44 INFO  : 
11:39:45 INFO  : Updating hardware inferred compiler options for Lab4.
11:39:45 INFO  : Clearing existing target manager status.
11:39:45 INFO  : Closing and re-opening the MSS file of ther project Lab4_bsp
11:39:45 INFO  : Workspace synchronized with the new hardware specification file. Cleaning dependent projects...
11:39:47 WARN  : Linker script will not be updated automatically. Users need to update it manually.
11:42:59 INFO  : Disconnected from the channel tcfchan#5.
11:43:01 INFO  : 'targets -set -filter {jtag_cable_name =~ "Digilent Zybo 210279785819A" && level==0} -index 1' command is executed.
11:43:01 INFO  : 'fpga -state' command is executed.
11:43:01 INFO  : Connected to target on host '127.0.0.1' and port '3121'.
11:43:01 INFO  : Jtag cable 'Digilent Zybo 210279785819A' is selected.
11:43:01 INFO  : 'jtag frequency' command is executed.
11:43:01 INFO  : Sourcing of '/home/sebastian/Desktop/Git/EmbeddedSystems/Lab4/Lab4.sdk/top_hw_platform_0/ps7_init.tcl' is done.
11:43:01 INFO  : Context for 'APU' is selected.
11:43:01 INFO  : Hardware design information is loaded from '/home/sebastian/Desktop/Git/EmbeddedSystems/Lab4/Lab4.sdk/top_hw_platform_0/system.hdf'.
11:43:01 INFO  : 'configparams force-mem-access 1' command is executed.
11:43:01 INFO  : Context for 'APU' is selected.
11:43:01 INFO  : 'stop' command is executed.
11:43:01 INFO  : 'ps7_init' command is executed.
11:43:01 INFO  : 'ps7_post_config' command is executed.
11:43:01 INFO  : Context for processor 'ps7_cortexa9_0' is selected.
11:43:01 INFO  : Processor reset is completed for 'ps7_cortexa9_0'.
11:43:01 INFO  : Context for processor 'ps7_cortexa9_0' is selected.
11:43:01 INFO  : The application '/home/sebastian/Desktop/Git/EmbeddedSystems/Lab4/Lab4.sdk/Lab4/Debug/Lab4.elf' is downloaded to processor 'ps7_cortexa9_0'.
11:43:01 INFO  : 'configparams force-mem-access 0' command is executed.
11:43:01 INFO  : ----------------XSDB Script----------------
connect -url tcp:127.0.0.1:3121
source /home/sebastian/Desktop/Git/EmbeddedSystems/Lab4/Lab4.sdk/top_hw_platform_0/ps7_init.tcl
targets -set -nocase -filter {name =~"APU*" && jtag_cable_name =~ "Digilent Zybo 210279785819A"} -index 0
loadhw -hw /home/sebastian/Desktop/Git/EmbeddedSystems/Lab4/Lab4.sdk/top_hw_platform_0/system.hdf -mem-ranges [list {0x40000000 0xbfffffff}]
configparams force-mem-access 1
targets -set -nocase -filter {name =~"APU*" && jtag_cable_name =~ "Digilent Zybo 210279785819A"} -index 0
stop
ps7_init
ps7_post_config
targets -set -nocase -filter {name =~ "ARM*#0" && jtag_cable_name =~ "Digilent Zybo 210279785819A"} -index 0
rst -processor
targets -set -nocase -filter {name =~ "ARM*#0" && jtag_cable_name =~ "Digilent Zybo 210279785819A"} -index 0
dow /home/sebastian/Desktop/Git/EmbeddedSystems/Lab4/Lab4.sdk/Lab4/Debug/Lab4.elf
configparams force-mem-access 0
----------------End of Script----------------

11:43:01 INFO  : Memory regions updated for context APU
11:43:01 INFO  : Context for processor 'ps7_cortexa9_0' is selected.
11:43:01 INFO  : 'con' command is executed.
11:43:01 INFO  : ----------------XSDB Script (After Launch)----------------
targets -set -nocase -filter {name =~ "ARM*#0" && jtag_cable_name =~ "Digilent Zybo 210279785819A"} -index 0
con
----------------End of Script----------------

11:43:01 INFO  : Launch script is exported to file '/home/sebastian/Desktop/Git/EmbeddedSystems/Lab4/Lab4.sdk/.sdk/launch_scripts/xilinx_c-c++_application_(system_debugger)/system_debugger_using_debug_lab4.elf_on_local.tcl'
11:43:19 INFO  : Disconnected from the channel tcfchan#6.
11:43:20 INFO  : Connected to target on host '127.0.0.1' and port '3121'.
11:43:20 INFO  : Jtag cable 'Digilent Zybo 210279785819A' is selected.
11:43:20 INFO  : 'jtag frequency' command is executed.
11:43:20 INFO  : Sourcing of '/home/sebastian/Desktop/Git/EmbeddedSystems/Lab4/Lab4.sdk/top_hw_platform_0/ps7_init.tcl' is done.
11:43:20 INFO  : Context for 'APU' is selected.
11:43:20 INFO  : System reset is completed.
11:43:23 INFO  : 'after 3000' command is executed.
11:43:23 INFO  : 'targets -set -filter {jtag_cable_name =~ "Digilent Zybo 210279785819A" && level==0} -index 1' command is executed.
11:43:24 INFO  : FPGA configured successfully with bitstream "/home/sebastian/Desktop/Git/EmbeddedSystems/Lab4/Lab4.sdk/top_hw_platform_0/top.bit"
11:43:24 INFO  : Context for 'APU' is selected.
11:43:24 INFO  : Hardware design information is loaded from '/home/sebastian/Desktop/Git/EmbeddedSystems/Lab4/Lab4.sdk/top_hw_platform_0/system.hdf'.
11:43:24 INFO  : 'configparams force-mem-access 1' command is executed.
11:43:24 INFO  : Context for 'APU' is selected.
11:43:24 INFO  : 'ps7_init' command is executed.
11:43:25 INFO  : 'ps7_post_config' command is executed.
11:43:25 INFO  : Context for processor 'ps7_cortexa9_0' is selected.
11:43:25 INFO  : The application '/home/sebastian/Desktop/Git/EmbeddedSystems/Lab4/Lab4.sdk/Lab4/Debug/Lab4.elf' is downloaded to processor 'ps7_cortexa9_0'.
11:43:25 INFO  : 'configparams force-mem-access 0' command is executed.
11:43:25 INFO  : ----------------XSDB Script----------------
connect -url tcp:127.0.0.1:3121
source /home/sebastian/Desktop/Git/EmbeddedSystems/Lab4/Lab4.sdk/top_hw_platform_0/ps7_init.tcl
targets -set -nocase -filter {name =~"APU*" && jtag_cable_name =~ "Digilent Zybo 210279785819A"} -index 0
rst -system
after 3000
targets -set -filter {jtag_cable_name =~ "Digilent Zybo 210279785819A" && level==0} -index 1
fpga -file /home/sebastian/Desktop/Git/EmbeddedSystems/Lab4/Lab4.sdk/top_hw_platform_0/top.bit
targets -set -nocase -filter {name =~"APU*" && jtag_cable_name =~ "Digilent Zybo 210279785819A"} -index 0
loadhw -hw /home/sebastian/Desktop/Git/EmbeddedSystems/Lab4/Lab4.sdk/top_hw_platform_0/system.hdf -mem-ranges [list {0x40000000 0xbfffffff}]
configparams force-mem-access 1
targets -set -nocase -filter {name =~"APU*" && jtag_cable_name =~ "Digilent Zybo 210279785819A"} -index 0
ps7_init
ps7_post_config
targets -set -nocase -filter {name =~ "ARM*#0" && jtag_cable_name =~ "Digilent Zybo 210279785819A"} -index 0
dow /home/sebastian/Desktop/Git/EmbeddedSystems/Lab4/Lab4.sdk/Lab4/Debug/Lab4.elf
configparams force-mem-access 0
----------------End of Script----------------

11:43:25 INFO  : Memory regions updated for context APU
11:43:25 INFO  : Context for processor 'ps7_cortexa9_0' is selected.
11:43:25 INFO  : 'con' command is executed.
11:43:25 INFO  : ----------------XSDB Script (After Launch)----------------
targets -set -nocase -filter {name =~ "ARM*#0" && jtag_cable_name =~ "Digilent Zybo 210279785819A"} -index 0
con
----------------End of Script----------------

11:43:25 INFO  : Launch script is exported to file '/home/sebastian/Desktop/Git/EmbeddedSystems/Lab4/Lab4.sdk/.sdk/launch_scripts/xilinx_c-c++_application_(system_debugger)/system_debugger_using_debug_lab4.elf_on_local.tcl'
11:43:36 INFO  : Disconnected from the channel tcfchan#7.
11:43:37 INFO  : Connected to target on host '127.0.0.1' and port '3121'.
11:43:37 INFO  : Jtag cable 'Digilent Zybo 210279785819A' is selected.
11:43:37 INFO  : 'jtag frequency' command is executed.
11:43:37 INFO  : Sourcing of '/home/sebastian/Desktop/Git/EmbeddedSystems/Lab4/Lab4.sdk/top_hw_platform_0/ps7_init.tcl' is done.
11:43:37 INFO  : Context for 'APU' is selected.
11:43:37 INFO  : System reset is completed.
11:43:40 INFO  : 'after 3000' command is executed.
11:43:40 INFO  : 'targets -set -filter {jtag_cable_name =~ "Digilent Zybo 210279785819A" && level==0} -index 1' command is executed.
11:43:42 INFO  : FPGA configured successfully with bitstream "/home/sebastian/Desktop/Git/EmbeddedSystems/Lab4/Lab4.sdk/top_hw_platform_0/top.bit"
11:43:42 INFO  : Context for 'APU' is selected.
11:43:42 INFO  : Hardware design information is loaded from '/home/sebastian/Desktop/Git/EmbeddedSystems/Lab4/Lab4.sdk/top_hw_platform_0/system.hdf'.
11:43:42 INFO  : 'configparams force-mem-access 1' command is executed.
11:43:42 INFO  : Context for 'APU' is selected.
11:43:42 INFO  : 'ps7_init' command is executed.
11:43:42 INFO  : 'ps7_post_config' command is executed.
11:43:42 INFO  : Context for processor 'ps7_cortexa9_0' is selected.
11:43:42 INFO  : The application '/home/sebastian/Desktop/Git/EmbeddedSystems/Lab4/Lab4.sdk/Lab4/Debug/Lab4.elf' is downloaded to processor 'ps7_cortexa9_0'.
11:43:42 INFO  : 'configparams force-mem-access 0' command is executed.
11:43:42 INFO  : ----------------XSDB Script----------------
connect -url tcp:127.0.0.1:3121
source /home/sebastian/Desktop/Git/EmbeddedSystems/Lab4/Lab4.sdk/top_hw_platform_0/ps7_init.tcl
targets -set -nocase -filter {name =~"APU*" && jtag_cable_name =~ "Digilent Zybo 210279785819A"} -index 0
rst -system
after 3000
targets -set -filter {jtag_cable_name =~ "Digilent Zybo 210279785819A" && level==0} -index 1
fpga -file /home/sebastian/Desktop/Git/EmbeddedSystems/Lab4/Lab4.sdk/top_hw_platform_0/top.bit
targets -set -nocase -filter {name =~"APU*" && jtag_cable_name =~ "Digilent Zybo 210279785819A"} -index 0
loadhw -hw /home/sebastian/Desktop/Git/EmbeddedSystems/Lab4/Lab4.sdk/top_hw_platform_0/system.hdf -mem-ranges [list {0x40000000 0xbfffffff}]
configparams force-mem-access 1
targets -set -nocase -filter {name =~"APU*" && jtag_cable_name =~ "Digilent Zybo 210279785819A"} -index 0
ps7_init
ps7_post_config
targets -set -nocase -filter {name =~ "ARM*#0" && jtag_cable_name =~ "Digilent Zybo 210279785819A"} -index 0
dow /home/sebastian/Desktop/Git/EmbeddedSystems/Lab4/Lab4.sdk/Lab4/Debug/Lab4.elf
configparams force-mem-access 0
----------------End of Script----------------

11:43:42 INFO  : Memory regions updated for context APU
11:43:42 INFO  : Context for processor 'ps7_cortexa9_0' is selected.
11:43:42 INFO  : 'con' command is executed.
11:43:42 INFO  : ----------------XSDB Script (After Launch)----------------
targets -set -nocase -filter {name =~ "ARM*#0" && jtag_cable_name =~ "Digilent Zybo 210279785819A"} -index 0
con
----------------End of Script----------------

11:43:42 INFO  : Launch script is exported to file '/home/sebastian/Desktop/Git/EmbeddedSystems/Lab4/Lab4.sdk/.sdk/launch_scripts/xilinx_c-c++_application_(system_debugger)/system_debugger_using_debug_lab4.elf_on_local.tcl'
11:44:31 INFO  : Disconnected from the channel tcfchan#8.
11:44:32 INFO  : Connected to target on host '127.0.0.1' and port '3121'.
11:44:32 INFO  : Jtag cable 'Digilent Zybo 210279785819A' is selected.
11:44:32 INFO  : 'jtag frequency' command is executed.
11:44:32 INFO  : Sourcing of '/home/sebastian/Desktop/Git/EmbeddedSystems/Lab4/Lab4.sdk/top_hw_platform_0/ps7_init.tcl' is done.
11:44:32 INFO  : Context for 'APU' is selected.
11:44:32 INFO  : System reset is completed.
11:44:35 INFO  : 'after 3000' command is executed.
11:44:35 INFO  : 'targets -set -filter {jtag_cable_name =~ "Digilent Zybo 210279785819A" && level==0} -index 1' command is executed.
11:44:36 INFO  : FPGA configured successfully with bitstream "/home/sebastian/Desktop/Git/EmbeddedSystems/Lab4/Lab4.sdk/top_hw_platform_0/top.bit"
11:44:36 INFO  : Context for 'APU' is selected.
11:44:36 INFO  : Hardware design information is loaded from '/home/sebastian/Desktop/Git/EmbeddedSystems/Lab4/Lab4.sdk/top_hw_platform_0/system.hdf'.
11:44:36 INFO  : 'configparams force-mem-access 1' command is executed.
11:44:36 INFO  : Context for 'APU' is selected.
11:44:37 INFO  : 'ps7_init' command is executed.
11:44:37 INFO  : 'ps7_post_config' command is executed.
11:44:37 INFO  : Context for processor 'ps7_cortexa9_0' is selected.
11:44:37 INFO  : The application '/home/sebastian/Desktop/Git/EmbeddedSystems/Lab4/Lab4.sdk/Lab4/Debug/Lab4.elf' is downloaded to processor 'ps7_cortexa9_0'.
11:44:37 INFO  : 'configparams force-mem-access 0' command is executed.
11:44:37 INFO  : ----------------XSDB Script----------------
connect -url tcp:127.0.0.1:3121
source /home/sebastian/Desktop/Git/EmbeddedSystems/Lab4/Lab4.sdk/top_hw_platform_0/ps7_init.tcl
targets -set -nocase -filter {name =~"APU*" && jtag_cable_name =~ "Digilent Zybo 210279785819A"} -index 0
rst -system
after 3000
targets -set -filter {jtag_cable_name =~ "Digilent Zybo 210279785819A" && level==0} -index 1
fpga -file /home/sebastian/Desktop/Git/EmbeddedSystems/Lab4/Lab4.sdk/top_hw_platform_0/top.bit
targets -set -nocase -filter {name =~"APU*" && jtag_cable_name =~ "Digilent Zybo 210279785819A"} -index 0
loadhw -hw /home/sebastian/Desktop/Git/EmbeddedSystems/Lab4/Lab4.sdk/top_hw_platform_0/system.hdf -mem-ranges [list {0x40000000 0xbfffffff}]
configparams force-mem-access 1
targets -set -nocase -filter {name =~"APU*" && jtag_cable_name =~ "Digilent Zybo 210279785819A"} -index 0
ps7_init
ps7_post_config
targets -set -nocase -filter {name =~ "ARM*#0" && jtag_cable_name =~ "Digilent Zybo 210279785819A"} -index 0
dow /home/sebastian/Desktop/Git/EmbeddedSystems/Lab4/Lab4.sdk/Lab4/Debug/Lab4.elf
configparams force-mem-access 0
----------------End of Script----------------

11:44:37 INFO  : Memory regions updated for context APU
11:44:37 INFO  : Context for processor 'ps7_cortexa9_0' is selected.
11:44:37 INFO  : 'con' command is executed.
11:44:37 INFO  : ----------------XSDB Script (After Launch)----------------
targets -set -nocase -filter {name =~ "ARM*#0" && jtag_cable_name =~ "Digilent Zybo 210279785819A"} -index 0
con
----------------End of Script----------------

11:44:37 INFO  : Launch script is exported to file '/home/sebastian/Desktop/Git/EmbeddedSystems/Lab4/Lab4.sdk/.sdk/launch_scripts/xilinx_c-c++_application_(system_debugger)/system_debugger_using_debug_lab4.elf_on_local.tcl'
11:45:43 INFO  : Disconnected from the channel tcfchan#9.
11:55:37 INFO  : Connected to target on host '127.0.0.1' and port '3121'.
11:55:38 INFO  : Jtag cable 'Digilent Zybo 210279785819A' is selected.
11:55:38 INFO  : 'jtag frequency' command is executed.
11:55:38 INFO  : Sourcing of '/home/sebastian/Desktop/Git/EmbeddedSystems/Lab4/Lab4.sdk/top_hw_platform_0/ps7_init.tcl' is done.
11:55:38 INFO  : Context for 'APU' is selected.
11:55:38 INFO  : System reset is completed.
11:55:41 INFO  : 'after 3000' command is executed.
11:55:41 INFO  : 'targets -set -filter {jtag_cable_name =~ "Digilent Zybo 210279785819A" && level==0} -index 1' command is executed.
11:55:42 INFO  : FPGA configured successfully with bitstream "/home/sebastian/Desktop/Git/EmbeddedSystems/Lab4/Lab4.sdk/top_hw_platform_0/top.bit"
11:55:42 INFO  : Context for 'APU' is selected.
11:55:42 INFO  : Hardware design information is loaded from '/home/sebastian/Desktop/Git/EmbeddedSystems/Lab4/Lab4.sdk/top_hw_platform_0/system.hdf'.
11:55:42 INFO  : 'configparams force-mem-access 1' command is executed.
11:55:42 INFO  : Context for 'APU' is selected.
11:55:42 INFO  : 'ps7_init' command is executed.
11:55:42 INFO  : 'ps7_post_config' command is executed.
11:55:42 INFO  : Context for processor 'ps7_cortexa9_0' is selected.
11:55:42 INFO  : The application '/home/sebastian/Desktop/Git/EmbeddedSystems/Lab4/Lab4.sdk/Lab4/Debug/Lab4.elf' is downloaded to processor 'ps7_cortexa9_0'.
11:55:42 INFO  : 'configparams force-mem-access 0' command is executed.
11:55:42 INFO  : ----------------XSDB Script----------------
connect -url tcp:127.0.0.1:3121
source /home/sebastian/Desktop/Git/EmbeddedSystems/Lab4/Lab4.sdk/top_hw_platform_0/ps7_init.tcl
targets -set -nocase -filter {name =~"APU*" && jtag_cable_name =~ "Digilent Zybo 210279785819A"} -index 0
rst -system
after 3000
targets -set -filter {jtag_cable_name =~ "Digilent Zybo 210279785819A" && level==0} -index 1
fpga -file /home/sebastian/Desktop/Git/EmbeddedSystems/Lab4/Lab4.sdk/top_hw_platform_0/top.bit
targets -set -nocase -filter {name =~"APU*" && jtag_cable_name =~ "Digilent Zybo 210279785819A"} -index 0
loadhw -hw /home/sebastian/Desktop/Git/EmbeddedSystems/Lab4/Lab4.sdk/top_hw_platform_0/system.hdf -mem-ranges [list {0x40000000 0xbfffffff}]
configparams force-mem-access 1
targets -set -nocase -filter {name =~"APU*" && jtag_cable_name =~ "Digilent Zybo 210279785819A"} -index 0
ps7_init
ps7_post_config
targets -set -nocase -filter {name =~ "ARM*#0" && jtag_cable_name =~ "Digilent Zybo 210279785819A"} -index 0
dow /home/sebastian/Desktop/Git/EmbeddedSystems/Lab4/Lab4.sdk/Lab4/Debug/Lab4.elf
configparams force-mem-access 0
----------------End of Script----------------

11:55:42 INFO  : Memory regions updated for context APU
11:55:42 INFO  : Context for processor 'ps7_cortexa9_0' is selected.
11:55:43 INFO  : 'con' command is executed.
11:55:43 INFO  : ----------------XSDB Script (After Launch)----------------
targets -set -nocase -filter {name =~ "ARM*#0" && jtag_cable_name =~ "Digilent Zybo 210279785819A"} -index 0
con
----------------End of Script----------------

11:55:43 INFO  : Launch script is exported to file '/home/sebastian/Desktop/Git/EmbeddedSystems/Lab4/Lab4.sdk/.sdk/launch_scripts/xilinx_c-c++_application_(system_debugger)/system_debugger_using_debug_lab4.elf_on_local.tcl'
11:55:51 INFO  : Disconnected from the channel tcfchan#10.
11:55:52 INFO  : Connected to target on host '127.0.0.1' and port '3121'.
11:55:52 INFO  : Jtag cable 'Digilent Zybo 210279785819A' is selected.
11:55:52 INFO  : 'jtag frequency' command is executed.
11:55:52 INFO  : Sourcing of '/home/sebastian/Desktop/Git/EmbeddedSystems/Lab4/Lab4.sdk/top_hw_platform_0/ps7_init.tcl' is done.
11:55:52 INFO  : Context for 'APU' is selected.
11:55:52 INFO  : System reset is completed.
11:55:55 INFO  : 'after 3000' command is executed.
11:55:55 INFO  : 'targets -set -filter {jtag_cable_name =~ "Digilent Zybo 210279785819A" && level==0} -index 1' command is executed.
11:55:57 INFO  : FPGA configured successfully with bitstream "/home/sebastian/Desktop/Git/EmbeddedSystems/Lab4/Lab4.sdk/top_hw_platform_0/top.bit"
11:55:57 INFO  : Context for 'APU' is selected.
11:55:57 INFO  : Hardware design information is loaded from '/home/sebastian/Desktop/Git/EmbeddedSystems/Lab4/Lab4.sdk/top_hw_platform_0/system.hdf'.
11:55:57 INFO  : 'configparams force-mem-access 1' command is executed.
11:55:57 INFO  : Context for 'APU' is selected.
11:55:57 INFO  : 'ps7_init' command is executed.
11:55:57 INFO  : 'ps7_post_config' command is executed.
11:55:57 INFO  : Context for processor 'ps7_cortexa9_0' is selected.
11:55:57 INFO  : The application '/home/sebastian/Desktop/Git/EmbeddedSystems/Lab4/Lab4.sdk/Lab4/Debug/Lab4.elf' is downloaded to processor 'ps7_cortexa9_0'.
11:55:57 INFO  : 'configparams force-mem-access 0' command is executed.
11:55:57 INFO  : ----------------XSDB Script----------------
connect -url tcp:127.0.0.1:3121
source /home/sebastian/Desktop/Git/EmbeddedSystems/Lab4/Lab4.sdk/top_hw_platform_0/ps7_init.tcl
targets -set -nocase -filter {name =~"APU*" && jtag_cable_name =~ "Digilent Zybo 210279785819A"} -index 0
rst -system
after 3000
targets -set -filter {jtag_cable_name =~ "Digilent Zybo 210279785819A" && level==0} -index 1
fpga -file /home/sebastian/Desktop/Git/EmbeddedSystems/Lab4/Lab4.sdk/top_hw_platform_0/top.bit
targets -set -nocase -filter {name =~"APU*" && jtag_cable_name =~ "Digilent Zybo 210279785819A"} -index 0
loadhw -hw /home/sebastian/Desktop/Git/EmbeddedSystems/Lab4/Lab4.sdk/top_hw_platform_0/system.hdf -mem-ranges [list {0x40000000 0xbfffffff}]
configparams force-mem-access 1
targets -set -nocase -filter {name =~"APU*" && jtag_cable_name =~ "Digilent Zybo 210279785819A"} -index 0
ps7_init
ps7_post_config
targets -set -nocase -filter {name =~ "ARM*#0" && jtag_cable_name =~ "Digilent Zybo 210279785819A"} -index 0
dow /home/sebastian/Desktop/Git/EmbeddedSystems/Lab4/Lab4.sdk/Lab4/Debug/Lab4.elf
configparams force-mem-access 0
----------------End of Script----------------

11:55:57 INFO  : Memory regions updated for context APU
11:55:57 INFO  : Context for processor 'ps7_cortexa9_0' is selected.
11:55:57 INFO  : 'con' command is executed.
11:55:57 INFO  : ----------------XSDB Script (After Launch)----------------
targets -set -nocase -filter {name =~ "ARM*#0" && jtag_cable_name =~ "Digilent Zybo 210279785819A"} -index 0
con
----------------End of Script----------------

11:55:57 INFO  : Launch script is exported to file '/home/sebastian/Desktop/Git/EmbeddedSystems/Lab4/Lab4.sdk/.sdk/launch_scripts/xilinx_c-c++_application_(system_debugger)/system_debugger_using_debug_lab4.elf_on_local.tcl'
11:56:14 INFO  : Disconnected from the channel tcfchan#11.
11:56:22 INFO  : Connected to target on host '127.0.0.1' and port '3121'.
11:56:22 INFO  : Jtag cable 'Digilent Zybo 210279785819A' is selected.
11:56:22 INFO  : 'jtag frequency' command is executed.
11:56:22 INFO  : Sourcing of '/home/sebastian/Desktop/Git/EmbeddedSystems/Lab4/Lab4.sdk/top_hw_platform_0/ps7_init.tcl' is done.
11:56:22 INFO  : Context for 'APU' is selected.
11:56:22 INFO  : System reset is completed.
11:56:25 INFO  : 'after 3000' command is executed.
11:56:25 INFO  : 'targets -set -filter {jtag_cable_name =~ "Digilent Zybo 210279785819A" && level==0} -index 1' command is executed.
11:56:26 INFO  : FPGA configured successfully with bitstream "/home/sebastian/Desktop/Git/EmbeddedSystems/Lab4/Lab4.sdk/top_hw_platform_0/top.bit"
11:56:26 INFO  : Context for 'APU' is selected.
11:56:26 INFO  : Hardware design information is loaded from '/home/sebastian/Desktop/Git/EmbeddedSystems/Lab4/Lab4.sdk/top_hw_platform_0/system.hdf'.
11:56:26 INFO  : 'configparams force-mem-access 1' command is executed.
11:56:26 INFO  : Context for 'APU' is selected.
11:56:27 INFO  : 'ps7_init' command is executed.
11:56:27 INFO  : 'ps7_post_config' command is executed.
11:56:27 INFO  : Context for processor 'ps7_cortexa9_0' is selected.
11:56:27 INFO  : The application '/home/sebastian/Desktop/Git/EmbeddedSystems/Lab4/Lab4.sdk/Lab4/Debug/Lab4.elf' is downloaded to processor 'ps7_cortexa9_0'.
11:56:27 INFO  : 'configparams force-mem-access 0' command is executed.
11:56:27 INFO  : ----------------XSDB Script----------------
connect -url tcp:127.0.0.1:3121
source /home/sebastian/Desktop/Git/EmbeddedSystems/Lab4/Lab4.sdk/top_hw_platform_0/ps7_init.tcl
targets -set -nocase -filter {name =~"APU*" && jtag_cable_name =~ "Digilent Zybo 210279785819A"} -index 0
rst -system
after 3000
targets -set -filter {jtag_cable_name =~ "Digilent Zybo 210279785819A" && level==0} -index 1
fpga -file /home/sebastian/Desktop/Git/EmbeddedSystems/Lab4/Lab4.sdk/top_hw_platform_0/top.bit
targets -set -nocase -filter {name =~"APU*" && jtag_cable_name =~ "Digilent Zybo 210279785819A"} -index 0
loadhw -hw /home/sebastian/Desktop/Git/EmbeddedSystems/Lab4/Lab4.sdk/top_hw_platform_0/system.hdf -mem-ranges [list {0x40000000 0xbfffffff}]
configparams force-mem-access 1
targets -set -nocase -filter {name =~"APU*" && jtag_cable_name =~ "Digilent Zybo 210279785819A"} -index 0
ps7_init
ps7_post_config
targets -set -nocase -filter {name =~ "ARM*#0" && jtag_cable_name =~ "Digilent Zybo 210279785819A"} -index 0
dow /home/sebastian/Desktop/Git/EmbeddedSystems/Lab4/Lab4.sdk/Lab4/Debug/Lab4.elf
configparams force-mem-access 0
----------------End of Script----------------

11:56:27 INFO  : Memory regions updated for context APU
11:56:27 INFO  : Context for processor 'ps7_cortexa9_0' is selected.
11:56:27 INFO  : 'con' command is executed.
11:56:27 INFO  : ----------------XSDB Script (After Launch)----------------
targets -set -nocase -filter {name =~ "ARM*#0" && jtag_cable_name =~ "Digilent Zybo 210279785819A"} -index 0
con
----------------End of Script----------------

11:56:27 INFO  : Launch script is exported to file '/home/sebastian/Desktop/Git/EmbeddedSystems/Lab4/Lab4.sdk/.sdk/launch_scripts/xilinx_c-c++_application_(system_debugger)/system_debugger_using_debug_lab4.elf_on_local.tcl'
11:56:49 INFO  : Disconnected from the channel tcfchan#12.
12:20:24 INFO  : Registering command handlers for SDK TCF services
12:20:26 INFO  : Launching XSCT server: xsct -n -interactive /home/sebastian/Desktop/Git/EmbeddedSystems/Lab4/Lab4.sdk/temp_xsdb_launch_script.tcl
12:20:29 INFO  : XSCT server has started successfully.
12:20:29 INFO  : Successfully done setting XSCT server connection channel  
12:20:29 INFO  : Successfully done setting SDK workspace  
12:20:29 INFO  : Processing command line option -hwspec /home/sebastian/Desktop/Git/EmbeddedSystems/Lab4/Lab4.sdk/top.hdf.
12:20:29 INFO  : Checking for hwspec changes in the project top_hw_platform_0.
12:20:39 INFO  : SDK has detected change in the last modified timestamps for source hardware specification file Source:1616412006000,  Project:1616409564000
12:20:39 INFO  : Project top_hw_platform_0's source hardware specification located at /home/sebastian/Desktop/Git/EmbeddedSystems/Lab4/Lab4.sdk/top.hdf is now different from the local copy.
		 The local copy will be replaced with the source specification and your workspace will be updated.
12:20:40 INFO  : Copied contents of /home/sebastian/Desktop/Git/EmbeddedSystems/Lab4/Lab4.sdk/top.hdf into /top_hw_platform_0/system.hdf.
12:20:43 INFO  : Synchronizing projects in the workspace with the hardware platform specification changes.
12:20:44 INFO  : 
12:20:45 INFO  : Updating hardware inferred compiler options for Lab4.
12:20:45 INFO  : Clearing existing target manager status.
