Vivado Simulator 2018.3
Copyright 1986-1999, 2001-2018 Xilinx, Inc. All Rights Reserved.
Running: /opt/Xilinx/Vivado/2018.3/bin/unwrapped/lnx64.o/xelab -wto 129b9cb753d849919260d1dc6c4c5fdd --incr --debug typical --relax --mt 8 -L xil_defaultlib -L secureip --snapshot top_behav xil_defaultlib.top -log elaborate.log 
Using 8 slave threads.
Starting static elaboration
Completed static elaboration
Starting simulation data flow analysis
Completed simulation data flow analysis
Time Resolution for simulation is 1ps
Compiling package std.standard
Compiling package std.textio
Compiling package ieee.std_logic_1164
Compiling package ieee.numeric_std
Compiling package ieee.std_logic_arith
Compiling package ieee.std_logic_unsigned
Compiling architecture behavioral of entity xil_defaultlib.timer [timer_default]
Compiling architecture behavioral of entity xil_defaultlib.simple_memory [simple_memory_default]
Compiling architecture behavioral of entity xil_defaultlib.pwm_generator [pwm_generator_default]
Compiling architecture behavioral of entity xil_defaultlib.color_channel [color_channel_default]
Compiling architecture behavioral of entity xil_defaultlib.rows [rows_default]
Compiling architecture behavioral of entity xil_defaultlib.top
Built simulation snapshot top_behav
