
*** Running vivado
    with args -log workshop1.vdi -applog -m64 -product Vivado -messageDb vivado.pb -mode batch -source workshop1.tcl -notrace


****** Vivado v2018.3 (64-bit)
  **** SW Build 2405991 on Thu Dec  6 23:36:41 MST 2018
  **** IP Build 2404404 on Fri Dec  7 01:43:56 MST 2018
    ** Copyright 1986-2018 Xilinx, Inc. All Rights Reserved.

source workshop1.tcl -notrace
Command: link_design -top workshop1 -part xc7z010clg400-1
Design is defaulting to srcset: sources_1
Design is defaulting to constrset: constrs_1
INFO: [Project 1-479] Netlist was created with Vivado 2018.3
INFO: [Device 21-403] Loading part xc7z010clg400-1
INFO: [Project 1-570] Preparing netlist for logic optimization
Parsing XDC File [/home/sebastian/Desktop/Git/EmbeddedSystems/Workshop1/Workshop1.srcs/constrs_1/imports/Desktop/ZYBO_Master.xdc]
Finished Parsing XDC File [/home/sebastian/Desktop/Git/EmbeddedSystems/Workshop1/Workshop1.srcs/constrs_1/imports/Desktop/ZYBO_Master.xdc]
INFO: [Opt 31-138] Pushed 0 inverter(s) to 0 load pin(s).
Netlist sorting complete. Time (s): cpu = 00:00:00 ; elapsed = 00:00:00 . Memory (MB): peak = 1556.930 ; gain = 0.000 ; free physical = 6965 ; free virtual = 13017
INFO: [Project 1-111] Unisim Transformation Summary:
No Unisim elements were transformed.

5 Infos, 0 Warnings, 0 Critical Warnings and 0 Errors encountered.
link_design completed successfully
Command: opt_design
Attempting to get a license for feature 'Implementation' and/or device 'xc7z010'
INFO: [Common 17-349] Got license for feature 'Implementation' and/or device 'xc7z010'
Running DRC as a precondition to command opt_design

Starting DRC Task
INFO: [DRC 23-27] Running DRC with 8 threads
INFO: [Project 1-461] DRC finished with 0 Errors
INFO: [Project 1-462] Please refer to the DRC report (report_drc) for more information.

Time (s): cpu = 00:00:00.16 ; elapsed = 00:00:00.37 . Memory (MB): peak = 1624.961 ; gain = 64.031 ; free physical = 6960 ; free virtual = 13012

Starting Cache Timing Information Task
INFO: [Timing 38-35] Done setting XDC timing constraints.
Ending Cache Timing Information Task | Checksum: 1c9899f9f

Time (s): cpu = 00:00:07 ; elapsed = 00:00:07 . Memory (MB): peak = 2044.523 ; gain = 419.562 ; free physical = 7360 ; free virtual = 13336

Starting Logic Optimization Task

Phase 1 Retarget
INFO: [Opt 31-138] Pushed 0 inverter(s) to 0 load pin(s).
INFO: [Opt 31-49] Retargeted 0 cell(s).
Phase 1 Retarget | Checksum: 1c9899f9f

Time (s): cpu = 00:00:00.01 ; elapsed = 00:00:00.03 . Memory (MB): peak = 2123.523 ; gain = 0.000 ; free physical = 7290 ; free virtual = 13266
INFO: [Opt 31-389] Phase Retarget created 0 cells and removed 0 cells

Phase 2 Constant propagation
INFO: [Opt 31-138] Pushed 0 inverter(s) to 0 load pin(s).
Phase 2 Constant propagation | Checksum: 1c9899f9f

Time (s): cpu = 00:00:00.01 ; elapsed = 00:00:00.03 . Memory (MB): peak = 2123.523 ; gain = 0.000 ; free physical = 7290 ; free virtual = 13266
INFO: [Opt 31-389] Phase Constant propagation created 0 cells and removed 0 cells

Phase 3 Sweep
Phase 3 Sweep | Checksum: 1c9899f9f

Time (s): cpu = 00:00:00.01 ; elapsed = 00:00:00.04 . Memory (MB): peak = 2123.523 ; gain = 0.000 ; free physical = 7290 ; free virtual = 13266
INFO: [Opt 31-389] Phase Sweep created 0 cells and removed 0 cells

Phase 4 BUFG optimization
Phase 4 BUFG optimization | Checksum: 1c9899f9f

Time (s): cpu = 00:00:00.02 ; elapsed = 00:00:00.04 . Memory (MB): peak = 2123.523 ; gain = 0.000 ; free physical = 7290 ; free virtual = 13266
INFO: [Opt 31-662] Phase BUFG optimization created 0 cells of which 0 are BUFGs and removed 0 cells.

Phase 5 Shift Register Optimization
Phase 5 Shift Register Optimization | Checksum: 1c9899f9f

Time (s): cpu = 00:00:00.03 ; elapsed = 00:00:00.07 . Memory (MB): peak = 2123.523 ; gain = 0.000 ; free physical = 7290 ; free virtual = 13266
INFO: [Opt 31-389] Phase Shift Register Optimization created 0 cells and removed 0 cells

Phase 6 Post Processing Netlist
Phase 6 Post Processing Netlist | Checksum: 1c9899f9f

Time (s): cpu = 00:00:00.03 ; elapsed = 00:00:00.07 . Memory (MB): peak = 2123.523 ; gain = 0.000 ; free physical = 7290 ; free virtual = 13266
INFO: [Opt 31-389] Phase Post Processing Netlist created 0 cells and removed 0 cells
Opt_design Change Summary
=========================


-------------------------------------------------------------------------------------------------------------------------
|  Phase                        |  #Cells created  |  #Cells Removed  |  #Constrained objects preventing optimizations  |
-------------------------------------------------------------------------------------------------------------------------
|  Retarget                     |               0  |               0  |                                              0  |
|  Constant propagation         |               0  |               0  |                                              0  |
|  Sweep                        |               0  |               0  |                                              0  |
|  BUFG optimization            |               0  |               0  |                                              0  |
|  Shift Register Optimization  |               0  |               0  |                                              0  |
|  Post Processing Netlist      |               0  |               0  |                                              0  |
-------------------------------------------------------------------------------------------------------------------------



Starting Connectivity Check Task

Time (s): cpu = 00:00:00 ; elapsed = 00:00:00 . Memory (MB): peak = 2123.523 ; gain = 0.000 ; free physical = 7290 ; free virtual = 13266
Ending Logic Optimization Task | Checksum: 1c9899f9f

Time (s): cpu = 00:00:00.03 ; elapsed = 00:00:00.07 . Memory (MB): peak = 2123.523 ; gain = 0.000 ; free physical = 7290 ; free virtual = 13266

Starting Power Optimization Task
INFO: [Pwropt 34-132] Skipping clock gating for clocks with a period < 2.00 ns.
Ending Power Optimization Task | Checksum: 1c9899f9f

Time (s): cpu = 00:00:00.01 ; elapsed = 00:00:00.03 . Memory (MB): peak = 2123.523 ; gain = 0.000 ; free physical = 7289 ; free virtual = 13266

Starting Final Cleanup Task
Ending Final Cleanup Task | Checksum: 1c9899f9f

Time (s): cpu = 00:00:00 ; elapsed = 00:00:00 . Memory (MB): peak = 2123.523 ; gain = 0.000 ; free physical = 7289 ; free virtual = 13266

Starting Netlist Obfuscation Task
Netlist sorting complete. Time (s): cpu = 00:00:00 ; elapsed = 00:00:00 . Memory (MB): peak = 2123.523 ; gain = 0.000 ; free physical = 7289 ; free virtual = 13266
Ending Netlist Obfuscation Task | Checksum: 1c9899f9f

Time (s): cpu = 00:00:00 ; elapsed = 00:00:00 . Memory (MB): peak = 2123.523 ; gain = 0.000 ; free physical = 7289 ; free virtual = 13266
INFO: [Common 17-83] Releasing license: Implementation
21 Infos, 0 Warnings, 0 Critical Warnings and 0 Errors encountered.
opt_design completed successfully
opt_design: Time (s): cpu = 00:00:08 ; elapsed = 00:00:09 . Memory (MB): peak = 2123.523 ; gain = 562.594 ; free physical = 7289 ; free virtual = 13266
Netlist sorting complete. Time (s): cpu = 00:00:00 ; elapsed = 00:00:00 . Memory (MB): peak = 2123.523 ; gain = 0.000 ; free physical = 7289 ; free virtual = 13266
INFO: [Timing 38-480] Writing timing data to binary archive.
Writing placer database...
Writing XDEF routing.
Writing XDEF routing logical nets.
Writing XDEF routing special nets.
Write XDEF Complete: Time (s): cpu = 00:00:00.06 ; elapsed = 00:00:00.05 . Memory (MB): peak = 2155.539 ; gain = 0.000 ; free physical = 7285 ; free virtual = 13262
Netlist sorting complete. Time (s): cpu = 00:00:00 ; elapsed = 00:00:00 . Memory (MB): peak = 2155.539 ; gain = 0.000 ; free physical = 7287 ; free virtual = 13264
INFO: [Common 17-1381] The checkpoint '/home/sebastian/Desktop/Git/EmbeddedSystems/Workshop1/Workshop1.runs/impl_1/workshop1_opt.dcp' has been generated.
INFO: [runtcl-4] Executing : report_drc -file workshop1_drc_opted.rpt -pb workshop1_drc_opted.pb -rpx workshop1_drc_opted.rpx
Command: report_drc -file workshop1_drc_opted.rpt -pb workshop1_drc_opted.pb -rpx workshop1_drc_opted.rpx
INFO: [IP_Flow 19-234] Refreshing IP repositories
INFO: [IP_Flow 19-1704] No user IP repositories specified
INFO: [IP_Flow 19-2313] Loaded Vivado IP repository '/opt/Xilinx/Vivado/2018.3/data/ip'.
INFO: [DRC 23-27] Running DRC with 8 threads
INFO: [Coretcl 2-168] The results of DRC are in file /home/sebastian/Desktop/Git/EmbeddedSystems/Workshop1/Workshop1.runs/impl_1/workshop1_drc_opted.rpt.
report_drc completed successfully
Command: place_design
Attempting to get a license for feature 'Implementation' and/or device 'xc7z010'
INFO: [Common 17-349] Got license for feature 'Implementation' and/or device 'xc7z010'
INFO: [DRC 23-27] Running DRC with 8 threads
INFO: [Vivado_Tcl 4-198] DRC finished with 0 Errors
INFO: [Vivado_Tcl 4-199] Please refer to the DRC report (report_drc) for more information.
Running DRC as a precondition to command place_design
INFO: [DRC 23-27] Running DRC with 8 threads
INFO: [Vivado_Tcl 4-198] DRC finished with 0 Errors
INFO: [Vivado_Tcl 4-199] Please refer to the DRC report (report_drc) for more information.

Starting Placer Task
INFO: [Place 30-611] Multithreading enabled for place_design using a maximum of 8 CPUs

Phase 1 Placer Initialization

Phase 1.1 Placer Initialization Netlist Sorting
Netlist sorting complete. Time (s): cpu = 00:00:00 ; elapsed = 00:00:00 . Memory (MB): peak = 2227.574 ; gain = 0.000 ; free physical = 7248 ; free virtual = 13226
Phase 1.1 Placer Initialization Netlist Sorting | Checksum: 1313d9219

Time (s): cpu = 00:00:00 ; elapsed = 00:00:00.06 . Memory (MB): peak = 2227.574 ; gain = 0.000 ; free physical = 7248 ; free virtual = 13226
Netlist sorting complete. Time (s): cpu = 00:00:00 ; elapsed = 00:00:00 . Memory (MB): peak = 2227.574 ; gain = 0.000 ; free physical = 7248 ; free virtual = 13226

Phase 1.2 IO Placement/ Clock Placement/ Build Placer Device
INFO: [Timing 38-35] Done setting XDC timing constraints.
Phase 1.2 IO Placement/ Clock Placement/ Build Placer Device | Checksum: 1313d9219

Time (s): cpu = 00:00:00.26 ; elapsed = 00:00:00.31 . Memory (MB): peak = 2231.566 ; gain = 3.992 ; free physical = 7238 ; free virtual = 13216

Phase 1.3 Build Placer Netlist Model
Phase 1.3 Build Placer Netlist Model | Checksum: 1dffce769

Time (s): cpu = 00:00:00.29 ; elapsed = 00:00:00.34 . Memory (MB): peak = 2231.566 ; gain = 3.992 ; free physical = 7238 ; free virtual = 13216

Phase 1.4 Constrain Clocks/Macros
Phase 1.4 Constrain Clocks/Macros | Checksum: 1dffce769

Time (s): cpu = 00:00:00.29 ; elapsed = 00:00:00.38 . Memory (MB): peak = 2231.566 ; gain = 3.992 ; free physical = 7237 ; free virtual = 13216
Phase 1 Placer Initialization | Checksum: 1dffce769

Time (s): cpu = 00:00:00.29 ; elapsed = 00:00:00.38 . Memory (MB): peak = 2231.566 ; gain = 3.992 ; free physical = 7237 ; free virtual = 13216

Phase 2 Final Placement Cleanup
Netlist sorting complete. Time (s): cpu = 00:00:00 ; elapsed = 00:00:00 . Memory (MB): peak = 2231.566 ; gain = 0.000 ; free physical = 7237 ; free virtual = 13216
Phase 2 Final Placement Cleanup | Checksum: 1dffce769

Time (s): cpu = 00:00:00.29 ; elapsed = 00:00:00.38 . Memory (MB): peak = 2231.566 ; gain = 3.992 ; free physical = 7237 ; free virtual = 13216
INFO: [Place 30-281] No place-able instance is found; design doesn't contain any instance or all instances are placed
Ending Placer Task | Checksum: 1313d9219

Time (s): cpu = 00:00:00.30 ; elapsed = 00:00:00.38 . Memory (MB): peak = 2231.566 ; gain = 3.992 ; free physical = 7237 ; free virtual = 13216
INFO: [Common 17-83] Releasing license: Implementation
40 Infos, 0 Warnings, 0 Critical Warnings and 0 Errors encountered.
place_design completed successfully
Netlist sorting complete. Time (s): cpu = 00:00:00 ; elapsed = 00:00:00.01 . Memory (MB): peak = 2231.566 ; gain = 0.000 ; free physical = 7237 ; free virtual = 13216
INFO: [Timing 38-480] Writing timing data to binary archive.
Writing placer database...
Writing XDEF routing.
Writing XDEF routing logical nets.
Writing XDEF routing special nets.
Write XDEF Complete: Time (s): cpu = 00:00:00.04 ; elapsed = 00:00:00.02 . Memory (MB): peak = 2231.566 ; gain = 0.000 ; free physical = 7235 ; free virtual = 13216
Netlist sorting complete. Time (s): cpu = 00:00:00 ; elapsed = 00:00:00 . Memory (MB): peak = 2231.566 ; gain = 0.000 ; free physical = 7234 ; free virtual = 13215
INFO: [Common 17-1381] The checkpoint '/home/sebastian/Desktop/Git/EmbeddedSystems/Workshop1/Workshop1.runs/impl_1/workshop1_placed.dcp' has been generated.
INFO: [runtcl-4] Executing : report_io -file workshop1_io_placed.rpt
report_io: Time (s): cpu = 00:00:00.12 ; elapsed = 00:00:00.17 . Memory (MB): peak = 2231.566 ; gain = 0.000 ; free physical = 7223 ; free virtual = 13203
INFO: [runtcl-4] Executing : report_utilization -file workshop1_utilization_placed.rpt -pb workshop1_utilization_placed.pb
INFO: [runtcl-4] Executing : report_control_sets -verbose -file workshop1_control_sets_placed.rpt
report_control_sets: Time (s): cpu = 00:00:00.05 ; elapsed = 00:00:00.09 . Memory (MB): peak = 2231.566 ; gain = 0.000 ; free physical = 7231 ; free virtual = 13210
Command: route_design
Attempting to get a license for feature 'Implementation' and/or device 'xc7z010'
INFO: [Common 17-349] Got license for feature 'Implementation' and/or device 'xc7z010'
Running DRC as a precondition to command route_design
INFO: [DRC 23-27] Running DRC with 8 threads
INFO: [Vivado_Tcl 4-198] DRC finished with 0 Errors
INFO: [Vivado_Tcl 4-199] Please refer to the DRC report (report_drc) for more information.


Starting Routing Task
INFO: [Route 35-254] Multithreading enabled for route_design using a maximum of 8 CPUs
Checksum: PlaceDB: 6d588fc0 ConstDB: 0 ShapeSum: c3e50259 RouteDB: 0

Phase 1 Build RT Design
Phase 1 Build RT Design | Checksum: 7bcd9b15

Time (s): cpu = 00:00:10 ; elapsed = 00:00:09 . Memory (MB): peak = 2263.734 ; gain = 32.168 ; free physical = 7156 ; free virtual = 13136
Post Restoration Checksum: NetGraph: 6d68a101 NumContArr: e64fa14 Constraints: 0 Timing: 0

Phase 2 Router Initialization
INFO: [Route 35-64] No timing constraints were detected. The router will operate in resource-optimization mode.

Phase 2.1 Fix Topology Constraints
Phase 2.1 Fix Topology Constraints | Checksum: 7bcd9b15

Time (s): cpu = 00:00:10 ; elapsed = 00:00:09 . Memory (MB): peak = 2282.730 ; gain = 51.164 ; free physical = 7126 ; free virtual = 13107

Phase 2.2 Pre Route Cleanup
Phase 2.2 Pre Route Cleanup | Checksum: 7bcd9b15

Time (s): cpu = 00:00:10 ; elapsed = 00:00:09 . Memory (MB): peak = 2282.730 ; gain = 51.164 ; free physical = 7126 ; free virtual = 13107
Phase 2 Router Initialization | Checksum: 7bcd9b15

Time (s): cpu = 00:00:10 ; elapsed = 00:00:09 . Memory (MB): peak = 2285.730 ; gain = 54.164 ; free physical = 7121 ; free virtual = 13102

Phase 3 Initial Routing
 Number of Nodes with overlaps = 0
Phase 3 Initial Routing | Checksum: 18090a75c

Time (s): cpu = 00:00:11 ; elapsed = 00:00:09 . Memory (MB): peak = 2293.762 ; gain = 62.195 ; free physical = 7115 ; free virtual = 13096

Phase 4 Rip-up And Reroute

Phase 4.1 Global Iteration 0
Phase 4.1 Global Iteration 0 | Checksum: 18090a75c

Time (s): cpu = 00:00:11 ; elapsed = 00:00:09 . Memory (MB): peak = 2293.762 ; gain = 62.195 ; free physical = 7115 ; free virtual = 13096
Phase 4 Rip-up And Reroute | Checksum: 18090a75c

Time (s): cpu = 00:00:11 ; elapsed = 00:00:09 . Memory (MB): peak = 2293.762 ; gain = 62.195 ; free physical = 7115 ; free virtual = 13096

Phase 5 Delay and Skew Optimization
Phase 5 Delay and Skew Optimization | Checksum: 18090a75c

Time (s): cpu = 00:00:11 ; elapsed = 00:00:09 . Memory (MB): peak = 2293.762 ; gain = 62.195 ; free physical = 7115 ; free virtual = 13096

Phase 6 Post Hold Fix

Phase 6.1 Hold Fix Iter
Phase 6.1 Hold Fix Iter | Checksum: 18090a75c

Time (s): cpu = 00:00:11 ; elapsed = 00:00:09 . Memory (MB): peak = 2293.762 ; gain = 62.195 ; free physical = 7115 ; free virtual = 13096
Phase 6 Post Hold Fix | Checksum: 18090a75c

Time (s): cpu = 00:00:11 ; elapsed = 00:00:09 . Memory (MB): peak = 2293.762 ; gain = 62.195 ; free physical = 7115 ; free virtual = 13096

Phase 7 Route finalize

Router Utilization Summary
  Global Vertical Routing Utilization    = 0.0401182 %
  Global Horizontal Routing Utilization  = 0.000459559 %
  Routable Net Status*
  *Does not include unroutable nets such as driverless and loadless.
  Run report_route_status for detailed report.
  Number of Failed Nets               = 0
  Number of Unrouted Nets             = 0
  Number of Partially Routed Nets     = 0
  Number of Node Overlaps             = 0

Congestion Report
North Dir 1x1 Area, Max Cong = 16.2162%, No Congested Regions.
South Dir 1x1 Area, Max Cong = 16.2162%, No Congested Regions.
East Dir 1x1 Area, Max Cong = 1.47059%, No Congested Regions.
West Dir 1x1 Area, Max Cong = 1.47059%, No Congested Regions.

------------------------------
Reporting congestion hotspots
------------------------------
Direction: North
----------------
Congested clusters found at Level 0
Effective congestion level: 0 Aspect Ratio: 1 Sparse Ratio: 0
Direction: South
----------------
Congested clusters found at Level 0
Effective congestion level: 0 Aspect Ratio: 1 Sparse Ratio: 0
Direction: East
----------------
Congested clusters found at Level 0
Effective congestion level: 0 Aspect Ratio: 1 Sparse Ratio: 0
Direction: West
----------------
Congested clusters found at Level 0
Effective congestion level: 0 Aspect Ratio: 1 Sparse Ratio: 0

Phase 7 Route finalize | Checksum: 18090a75c

Time (s): cpu = 00:00:11 ; elapsed = 00:00:09 . Memory (MB): peak = 2293.762 ; gain = 62.195 ; free physical = 7115 ; free virtual = 13096

Phase 8 Verifying routed nets

 Verification completed successfully
Phase 8 Verifying routed nets | Checksum: 18090a75c

Time (s): cpu = 00:00:11 ; elapsed = 00:00:09 . Memory (MB): peak = 2295.762 ; gain = 64.195 ; free physical = 7113 ; free virtual = 13094

Phase 9 Depositing Routes
Phase 9 Depositing Routes | Checksum: 18090a75c

Time (s): cpu = 00:00:11 ; elapsed = 00:00:09 . Memory (MB): peak = 2295.762 ; gain = 64.195 ; free physical = 7111 ; free virtual = 13092
INFO: [Route 35-16] Router Completed Successfully

Time (s): cpu = 00:00:11 ; elapsed = 00:00:09 . Memory (MB): peak = 2295.762 ; gain = 64.195 ; free physical = 7140 ; free virtual = 13121

Routing Is Done.
INFO: [Common 17-83] Releasing license: Implementation
53 Infos, 0 Warnings, 0 Critical Warnings and 0 Errors encountered.
route_design completed successfully
route_design: Time (s): cpu = 00:00:11 ; elapsed = 00:00:10 . Memory (MB): peak = 2295.762 ; gain = 64.195 ; free physical = 7140 ; free virtual = 13121
Netlist sorting complete. Time (s): cpu = 00:00:00 ; elapsed = 00:00:00 . Memory (MB): peak = 2295.762 ; gain = 0.000 ; free physical = 7140 ; free virtual = 13121
INFO: [Timing 38-480] Writing timing data to binary archive.
Writing placer database...
Writing XDEF routing.
Writing XDEF routing logical nets.
Writing XDEF routing special nets.
Write XDEF Complete: Time (s): cpu = 00:00:00.02 ; elapsed = 00:00:00.01 . Memory (MB): peak = 2295.762 ; gain = 0.000 ; free physical = 7138 ; free virtual = 13120
Netlist sorting complete. Time (s): cpu = 00:00:00 ; elapsed = 00:00:00 . Memory (MB): peak = 2295.762 ; gain = 0.000 ; free physical = 7135 ; free virtual = 13117
INFO: [Common 17-1381] The checkpoint '/home/sebastian/Desktop/Git/EmbeddedSystems/Workshop1/Workshop1.runs/impl_1/workshop1_routed.dcp' has been generated.
INFO: [runtcl-4] Executing : report_drc -file workshop1_drc_routed.rpt -pb workshop1_drc_routed.pb -rpx workshop1_drc_routed.rpx
Command: report_drc -file workshop1_drc_routed.rpt -pb workshop1_drc_routed.pb -rpx workshop1_drc_routed.rpx
INFO: [IP_Flow 19-1839] IP Catalog is up to date.
INFO: [DRC 23-27] Running DRC with 8 threads
INFO: [Coretcl 2-168] The results of DRC are in file /home/sebastian/Desktop/Git/EmbeddedSystems/Workshop1/Workshop1.runs/impl_1/workshop1_drc_routed.rpt.
report_drc completed successfully
INFO: [runtcl-4] Executing : report_methodology -file workshop1_methodology_drc_routed.rpt -pb workshop1_methodology_drc_routed.pb -rpx workshop1_methodology_drc_routed.rpx
Command: report_methodology -file workshop1_methodology_drc_routed.rpt -pb workshop1_methodology_drc_routed.pb -rpx workshop1_methodology_drc_routed.rpx
INFO: [Timing 38-35] Done setting XDC timing constraints.
INFO: [DRC 23-133] Running Methodology with 8 threads
INFO: [Coretcl 2-1520] The results of Report Methodology are in file /home/sebastian/Desktop/Git/EmbeddedSystems/Workshop1/Workshop1.runs/impl_1/workshop1_methodology_drc_routed.rpt.
report_methodology completed successfully
INFO: [runtcl-4] Executing : report_power -file workshop1_power_routed.rpt -pb workshop1_power_summary_routed.pb -rpx workshop1_power_routed.rpx
Command: report_power -file workshop1_power_routed.rpt -pb workshop1_power_summary_routed.pb -rpx workshop1_power_routed.rpx
WARNING: [Power 33-232] No user defined clocks were found in the design!
Resolution: Please specify clocks using create_clock/create_generated_clock for sequential elements. For pure combinatorial circuits, please specify a virtual clock, otherwise the vectorless estimation might be inaccurate
INFO: [Timing 38-35] Done setting XDC timing constraints.
Running Vector-less Activity Propagation...

Finished Running Vector-less Activity Propagation
65 Infos, 1 Warnings, 0 Critical Warnings and 0 Errors encountered.
report_power completed successfully
INFO: [runtcl-4] Executing : report_route_status -file workshop1_route_status.rpt -pb workshop1_route_status.pb
INFO: [runtcl-4] Executing : report_timing_summary -max_paths 10 -file workshop1_timing_summary_routed.rpt -pb workshop1_timing_summary_routed.pb -rpx workshop1_timing_summary_routed.rpx -warn_on_violation 
INFO: [Timing 38-91] UpdateTimingParams: Speed grade: -1, Delay Type: min_max.
INFO: [Timing 38-191] Multithreading enabled for timing update using a maximum of 8 CPUs
WARNING: [Timing 38-313] There are no user specified timing constraints. Timing constraints are needed for proper timing analysis.
INFO: [runtcl-4] Executing : report_incremental_reuse -file workshop1_incremental_reuse_routed.rpt
INFO: [Vivado_Tcl 4-1062] Incremental flow is disabled. No incremental reuse Info to report.
INFO: [runtcl-4] Executing : report_clock_utilization -file workshop1_clock_utilization_routed.rpt
INFO: [runtcl-4] Executing : report_bus_skew -warn_on_violation -file workshop1_bus_skew_routed.rpt -pb workshop1_bus_skew_routed.pb -rpx workshop1_bus_skew_routed.rpx
INFO: [Timing 38-91] UpdateTimingParams: Speed grade: -1, Delay Type: min_max.
INFO: [Timing 38-191] Multithreading enabled for timing update using a maximum of 8 CPUs
Command: write_bitstream -force workshop1.bit
Attempting to get a license for feature 'Implementation' and/or device 'xc7z010'
INFO: [Common 17-349] Got license for feature 'Implementation' and/or device 'xc7z010'
Running DRC as a precondition to command write_bitstream
INFO: [IP_Flow 19-1839] IP Catalog is up to date.
INFO: [DRC 23-27] Running DRC with 8 threads
WARNING: [DRC ZPS7-1] PS7 block required: The PS7 cell must be used in this Zynq design in order to enable correct default configuration.
INFO: [Vivado 12-3199] DRC finished with 0 Errors, 1 Warnings
INFO: [Vivado 12-3200] Please refer to the DRC report (report_drc) for more information.
INFO: [Designutils 20-2272] Running write_bitstream with 8 threads.
Loading data files...
Loading site data...
Loading route data...
Processing options...
Creating bitmap...
Creating bitstream...
Writing bitstream ./workshop1.bit...
INFO: [Vivado 12-1842] Bitgen Completed Successfully.
INFO: [Project 1-120] WebTalk data collection is mandatory when using a WebPACK part without a full Vivado license. To see the specific WebTalk data collected for your design, open the usage_statistics_webtalk.html or usage_statistics_webtalk.xml file in the implementation directory.
INFO: [Common 17-83] Releasing license: Implementation
84 Infos, 3 Warnings, 0 Critical Warnings and 0 Errors encountered.
write_bitstream completed successfully
write_bitstream: Time (s): cpu = 00:00:10 ; elapsed = 00:00:15 . Memory (MB): peak = 2707.273 ; gain = 313.465 ; free physical = 6270 ; free virtual = 12325
INFO: [Common 17-206] Exiting Vivado at Wed Feb  3 10:16:35 2021...
